== Job Start: Sat Dec 13 04:44:00 PM CET 2025 ==
Python: /pfs/work9/workspace/scratch/ma_pkonz-thesis/ForestDiffusion/.venv/bin/python
Imports dauern ~2-3 Minuten, bitte warten...

 Dataset: 5_campaign.npz with model: ForestDiffusion_nt50_dk10 and score: deviation
 
Dataset loaded successfully!
Training data: (18274, 62), Normal: 18274
Test data: (22914, 62), Normal: 18274, Anomalies: 4640
[*] Loading cached forest model from /pfs/work9/workspace/scratch/ma_pkonz-thesis/ForestDiffusion/tests/saved_models/5_campaign.npz/ForestDiffusion_nt50_dk10/223068c8018a8b8127e32c4726ccc505.joblib
[*] Loading cached forest model from /pfs/work9/workspace/scratch/ma_pkonz-thesis/ForestDiffusion/tests/saved_models/5_campaign.npz/ForestDiffusion_nt50_dk10/b4f96384f330f49fd6f629fc39c5c424.joblib
[*] Loading cached forest model from /pfs/work9/workspace/scratch/ma_pkonz-thesis/ForestDiffusion/tests/saved_models/5_campaign.npz/ForestDiffusion_nt50_dk10/989cc977f0f828974a1c746c7a87a918.joblib
[*] Loading cached forest model from /pfs/work9/workspace/scratch/ma_pkonz-thesis/ForestDiffusion/tests/saved_models/5_campaign.npz/ForestDiffusion_nt50_dk10/189c08d7d1ec725180435967e12ccc41.joblib
[*] Loading cached forest model from /pfs/work9/workspace/scratch/ma_pkonz-thesis/ForestDiffusion/tests/saved_models/5_campaign.npz/ForestDiffusion_nt50_dk10/f9fb8766fbf383b71645120b6e527bb1.joblib
[*] Loading cached forest model from /pfs/work9/workspace/scratch/ma_pkonz-thesis/ForestDiffusion/tests/saved_models/5_campaign.npz/ForestDiffusion_nt50_dk10/ec87916c3f0bf82866174dbda90e250e.joblib
[*] Loading cached forest model from /pfs/work9/workspace/scratch/ma_pkonz-thesis/ForestDiffusion/tests/saved_models/5_campaign.npz/ForestDiffusion_nt50_dk10/1fcc73b4b7f7cc6ec7a18959fed1b00e.joblib
[*] Loading cached forest model from /pfs/work9/workspace/scratch/ma_pkonz-thesis/ForestDiffusion/tests/saved_models/5_campaign.npz/ForestDiffusion_nt50_dk10/a4756d08c9d89d539a10bd72b6174b6d.joblib
[*] Loading cached forest model from /pfs/work9/workspace/scratch/ma_pkonz-thesis/ForestDiffusion/tests/saved_models/5_campaign.npz/ForestDiffusion_nt50_dk10/ca9b81f5dd6ab8f7d7eab8c539f9554e.joblib
[*] Loading cached forest model from /pfs/work9/workspace/scratch/ma_pkonz-thesis/ForestDiffusion/tests/saved_models/5_campaign.npz/ForestDiffusion_nt50_dk10/9fb3e41a339221af7055c53ebd3f3633.joblib
[*] Loading cached forest model from /pfs/work9/workspace/scratch/ma_pkonz-thesis/ForestDiffusion/tests/saved_models/5_campaign.npz/ForestDiffusion_nt50_dk10/9cc413653d81c610e99aa9e4604ee276.joblib
[*] Loading cached forest model from /pfs/work9/workspace/scratch/ma_pkonz-thesis/ForestDiffusion/tests/saved_models/5_campaign.npz/ForestDiffusion_nt50_dk10/90d927419fc37e6efe7779fd6b2673f3.joblib
[*] Loading cached forest model from /pfs/work9/workspace/scratch/ma_pkonz-thesis/ForestDiffusion/tests/saved_models/5_campaign.npz/ForestDiffusion_nt50_dk10/b8069e221b16392cd962a9740c666c7e.joblib
[*] Loading cached forest model from /pfs/work9/workspace/scratch/ma_pkonz-thesis/ForestDiffusion/tests/saved_models/5_campaign.npz/ForestDiffusion_nt50_dk10/79f737bc36246eca4b347cdc699bea32.joblib
[*] Loading cached forest model from /pfs/work9/workspace/scratch/ma_pkonz-thesis/ForestDiffusion/tests/saved_models/5_campaign.npz/ForestDiffusion_nt50_dk10/5a4d5b3a70f447f31831289d7ca03b47.joblib
[*] Loading cached forest model from /pfs/work9/workspace/scratch/ma_pkonz-thesis/ForestDiffusion/tests/saved_models/5_campaign.npz/ForestDiffusion_nt50_dk10/9d4efbbd62ed2608cf55699df6ceebc8.joblib
[*] Loading cached forest model from /pfs/work9/workspace/scratch/ma_pkonz-thesis/ForestDiffusion/tests/saved_models/5_campaign.npz/ForestDiffusion_nt50_dk10/d3e6f1db9fee5cdf3dbe6d8d46891d84.joblib
[*] Loading cached forest model from /pfs/work9/workspace/scratch/ma_pkonz-thesis/ForestDiffusion/tests/saved_models/5_campaign.npz/ForestDiffusion_nt50_dk10/5098c7155fdd20eeec5a4859846ec69f.joblib
[*] Loading cached forest model from /pfs/work9/workspace/scratch/ma_pkonz-thesis/ForestDiffusion/tests/saved_models/5_campaign.npz/ForestDiffusion_nt50_dk10/f76c87943ce0504dc349e2f64a0bc71d.joblib
[*] Loading cached forest model from /pfs/work9/workspace/scratch/ma_pkonz-thesis/ForestDiffusion/tests/saved_models/5_campaign.npz/ForestDiffusion_nt50_dk10/876526821fa1aa650252755b72a0585a.joblib
[*] Loading cached forest model from /pfs/work9/workspace/scratch/ma_pkonz-thesis/ForestDiffusion/tests/saved_models/5_campaign.npz/ForestDiffusion_nt50_dk10/dd7a9b246da74c4568ecddd6b460fefc.joblib
[*] Loading cached forest model from /pfs/work9/workspace/scratch/ma_pkonz-thesis/ForestDiffusion/tests/saved_models/5_campaign.npz/ForestDiffusion_nt50_dk10/f830f17238c570167f2db2a7939576f4.joblib
[*] Loading cached forest model from /pfs/work9/workspace/scratch/ma_pkonz-thesis/ForestDiffusion/tests/saved_models/5_campaign.npz/ForestDiffusion_nt50_dk10/ee92ac15157439427ed65b049a8e92f9.joblib
[*] Loading cached forest model from /pfs/work9/workspace/scratch/ma_pkonz-thesis/ForestDiffusion/tests/saved_models/5_campaign.npz/ForestDiffusion_nt50_dk10/e77c3ab1d7a1381f8e774c498f869e7f.joblib
[*] Loading cached forest model from /pfs/work9/workspace/scratch/ma_pkonz-thesis/ForestDiffusion/tests/saved_models/5_campaign.npz/ForestDiffusion_nt50_dk10/f2424f902d0232a7aa77f5fe9ca52369.joblib
[*] Loading cached forest model from /pfs/work9/workspace/scratch/ma_pkonz-thesis/ForestDiffusion/tests/saved_models/5_campaign.npz/ForestDiffusion_nt50_dk10/5f9c24f235ece82e21c559c71b5446af.joblib
[*] Loading cached forest model from /pfs/work9/workspace/scratch/ma_pkonz-thesis/ForestDiffusion/tests/saved_models/5_campaign.npz/ForestDiffusion_nt50_dk10/77c5c1c28f01ed5d2783c91585f6c890.joblib
[*] Loading cached forest model from /pfs/work9/workspace/scratch/ma_pkonz-thesis/ForestDiffusion/tests/saved_models/5_campaign.npz/ForestDiffusion_nt50_dk10/a2bc87a2ab4f01e8f13c5ddc44a3c127.joblib
[*] Loading cached forest model from /pfs/work9/workspace/scratch/ma_pkonz-thesis/ForestDiffusion/tests/saved_models/5_campaign.npz/ForestDiffusion_nt50_dk10/e11a63e64aa762bcef689278b6767e34.joblib
[*] Loading cached forest model from /pfs/work9/workspace/scratch/ma_pkonz-thesis/ForestDiffusion/tests/saved_models/5_campaign.npz/ForestDiffusion_nt50_dk10/1e47ebf838399eca03656bb8aab71444.joblib
[*] Loading cached forest model from /pfs/work9/workspace/scratch/ma_pkonz-thesis/ForestDiffusion/tests/saved_models/5_campaign.npz/ForestDiffusion_nt50_dk10/32081b28ad0d6a823ff2b291c342d189.joblib
[*] Loading cached forest model from /pfs/work9/workspace/scratch/ma_pkonz-thesis/ForestDiffusion/tests/saved_models/5_campaign.npz/ForestDiffusion_nt50_dk10/c1bde0030f3e75006d817146face4be5.joblib
[*] Loading cached forest model from /pfs/work9/workspace/scratch/ma_pkonz-thesis/ForestDiffusion/tests/saved_models/5_campaign.npz/ForestDiffusion_nt50_dk10/a5906f047af4a0fb5abb96b8ba1d1738.joblib
[*] Loading cached forest model from /pfs/work9/workspace/scratch/ma_pkonz-thesis/ForestDiffusion/tests/saved_models/5_campaign.npz/ForestDiffusion_nt50_dk10/7fc4672ea4d5e20dc309c972a46c1a02.joblib
[*] Loading cached forest model from /pfs/work9/workspace/scratch/ma_pkonz-thesis/ForestDiffusion/tests/saved_models/5_campaign.npz/ForestDiffusion_nt50_dk10/9f299d38cdb033a8e84ca00720ea2fdb.joblib
[*] Loading cached forest model from /pfs/work9/workspace/scratch/ma_pkonz-thesis/ForestDiffusion/tests/saved_models/5_campaign.npz/ForestDiffusion_nt50_dk10/24fe2098bd1ce28eb64a866d4afa1e71.joblib
[*] Loading cached forest model from /pfs/work9/workspace/scratch/ma_pkonz-thesis/ForestDiffusion/tests/saved_models/5_campaign.npz/ForestDiffusion_nt50_dk10/46980895963a61bb58627f8c9f52bb26.joblib
[*] Loading cached forest model from /pfs/work9/workspace/scratch/ma_pkonz-thesis/ForestDiffusion/tests/saved_models/5_campaign.npz/ForestDiffusion_nt50_dk10/8c7f2fc05fbcd3ceb79eeb53ddab131e.joblib
[*] Loading cached forest model from /pfs/work9/workspace/scratch/ma_pkonz-thesis/ForestDiffusion/tests/saved_models/5_campaign.npz/ForestDiffusion_nt50_dk10/f6c3624056e9d164f68a53aaf8a84ef0.joblib
[*] Loading cached forest model from /pfs/work9/workspace/scratch/ma_pkonz-thesis/ForestDiffusion/tests/saved_models/5_campaign.npz/ForestDiffusion_nt50_dk10/bcce3111bfab24cc7fcac1a18787ceae.joblib
[*] Loading cached forest model from /pfs/work9/workspace/scratch/ma_pkonz-thesis/ForestDiffusion/tests/saved_models/5_campaign.npz/ForestDiffusion_nt50_dk10/438e3f256be3774911a87b40042853e4.joblib
[*] Loading cached forest model from /pfs/work9/workspace/scratch/ma_pkonz-thesis/ForestDiffusion/tests/saved_models/5_campaign.npz/ForestDiffusion_nt50_dk10/edacab30182d7f95af73645a4db3c57d.joblib
[*] Loading cached forest model from /pfs/work9/workspace/scratch/ma_pkonz-thesis/ForestDiffusion/tests/saved_models/5_campaign.npz/ForestDiffusion_nt50_dk10/2085c67707482ad287590e0436a35de6.joblib
[*] Loading cached forest model from /pfs/work9/workspace/scratch/ma_pkonz-thesis/ForestDiffusion/tests/saved_models/5_campaign.npz/ForestDiffusion_nt50_dk10/e176864df6da8fa3b43be8dd780a6128.joblib
[*] Loading cached forest model from /pfs/work9/workspace/scratch/ma_pkonz-thesis/ForestDiffusion/tests/saved_models/5_campaign.npz/ForestDiffusion_nt50_dk10/446d53dbe2ad83793003e34a1c3cfd9b.joblib
[*] Loading cached forest model from /pfs/work9/workspace/scratch/ma_pkonz-thesis/ForestDiffusion/tests/saved_models/5_campaign.npz/ForestDiffusion_nt50_dk10/7993e54cacdf17b103caa9bdf334b1d4.joblib
[*] Loading cached forest model from /pfs/work9/workspace/scratch/ma_pkonz-thesis/ForestDiffusion/tests/saved_models/5_campaign.npz/ForestDiffusion_nt50_dk10/f268ec415ffe694fb04ab40a7fb7122d.joblib
[*] Loading cached forest model from /pfs/work9/workspace/scratch/ma_pkonz-thesis/ForestDiffusion/tests/saved_models/5_campaign.npz/ForestDiffusion_nt50_dk10/2832517451f3b589c37d99284302e030.joblib
[*] Loading cached forest model from /pfs/work9/workspace/scratch/ma_pkonz-thesis/ForestDiffusion/tests/saved_models/5_campaign.npz/ForestDiffusion_nt50_dk10/1289e573c4e9e2838148abcfc8c6a6dc.joblib
[*] Loading cached forest model from /pfs/work9/workspace/scratch/ma_pkonz-thesis/ForestDiffusion/tests/saved_models/5_campaign.npz/ForestDiffusion_nt50_dk10/25253ce644e6d83edbe143edb0626ad9.joblib

 Dataset: 5_campaign.npz with model: ForestDiffusion_nt50_dk10 and score: reconstruction
 
Dataset loaded successfully!
Training data: (18274, 62), Normal: 18274
Test data: (22914, 62), Normal: 18274, Anomalies: 4640
[*] Loading cached forest model from /pfs/work9/workspace/scratch/ma_pkonz-thesis/ForestDiffusion/tests/saved_models/5_campaign.npz/ForestDiffusion_nt50_dk10/223068c8018a8b8127e32c4726ccc505.joblib
[*] Loading cached forest model from /pfs/work9/workspace/scratch/ma_pkonz-thesis/ForestDiffusion/tests/saved_models/5_campaign.npz/ForestDiffusion_nt50_dk10/b4f96384f330f49fd6f629fc39c5c424.joblib
[*] Loading cached forest model from /pfs/work9/workspace/scratch/ma_pkonz-thesis/ForestDiffusion/tests/saved_models/5_campaign.npz/ForestDiffusion_nt50_dk10/989cc977f0f828974a1c746c7a87a918.joblib
[*] Loading cached forest model from /pfs/work9/workspace/scratch/ma_pkonz-thesis/ForestDiffusion/tests/saved_models/5_campaign.npz/ForestDiffusion_nt50_dk10/189c08d7d1ec725180435967e12ccc41.joblib
[*] Loading cached forest model from /pfs/work9/workspace/scratch/ma_pkonz-thesis/ForestDiffusion/tests/saved_models/5_campaign.npz/ForestDiffusion_nt50_dk10/f9fb8766fbf383b71645120b6e527bb1.joblib
[*] Loading cached forest model from /pfs/work9/workspace/scratch/ma_pkonz-thesis/ForestDiffusion/tests/saved_models/5_campaign.npz/ForestDiffusion_nt50_dk10/ec87916c3f0bf82866174dbda90e250e.joblib
[*] Loading cached forest model from /pfs/work9/workspace/scratch/ma_pkonz-thesis/ForestDiffusion/tests/saved_models/5_campaign.npz/ForestDiffusion_nt50_dk10/1fcc73b4b7f7cc6ec7a18959fed1b00e.joblib
[*] Loading cached forest model from /pfs/work9/workspace/scratch/ma_pkonz-thesis/ForestDiffusion/tests/saved_models/5_campaign.npz/ForestDiffusion_nt50_dk10/a4756d08c9d89d539a10bd72b6174b6d.joblib
[*] Loading cached forest model from /pfs/work9/workspace/scratch/ma_pkonz-thesis/ForestDiffusion/tests/saved_models/5_campaign.npz/ForestDiffusion_nt50_dk10/ca9b81f5dd6ab8f7d7eab8c539f9554e.joblib
[*] Loading cached forest model from /pfs/work9/workspace/scratch/ma_pkonz-thesis/ForestDiffusion/tests/saved_models/5_campaign.npz/ForestDiffusion_nt50_dk10/9fb3e41a339221af7055c53ebd3f3633.joblib
[*] Loading cached forest model from /pfs/work9/workspace/scratch/ma_pkonz-thesis/ForestDiffusion/tests/saved_models/5_campaign.npz/ForestDiffusion_nt50_dk10/9cc413653d81c610e99aa9e4604ee276.joblib
[*] Loading cached forest model from /pfs/work9/workspace/scratch/ma_pkonz-thesis/ForestDiffusion/tests/saved_models/5_campaign.npz/ForestDiffusion_nt50_dk10/90d927419fc37e6efe7779fd6b2673f3.joblib
[*] Loading cached forest model from /pfs/work9/workspace/scratch/ma_pkonz-thesis/ForestDiffusion/tests/saved_models/5_campaign.npz/ForestDiffusion_nt50_dk10/b8069e221b16392cd962a9740c666c7e.joblib
[*] Loading cached forest model from /pfs/work9/workspace/scratch/ma_pkonz-thesis/ForestDiffusion/tests/saved_models/5_campaign.npz/ForestDiffusion_nt50_dk10/79f737bc36246eca4b347cdc699bea32.joblib
[*] Loading cached forest model from /pfs/work9/workspace/scratch/ma_pkonz-thesis/ForestDiffusion/tests/saved_models/5_campaign.npz/ForestDiffusion_nt50_dk10/5a4d5b3a70f447f31831289d7ca03b47.joblib
[*] Loading cached forest model from /pfs/work9/workspace/scratch/ma_pkonz-thesis/ForestDiffusion/tests/saved_models/5_campaign.npz/ForestDiffusion_nt50_dk10/9d4efbbd62ed2608cf55699df6ceebc8.joblib
[*] Loading cached forest model from /pfs/work9/workspace/scratch/ma_pkonz-thesis/ForestDiffusion/tests/saved_models/5_campaign.npz/ForestDiffusion_nt50_dk10/d3e6f1db9fee5cdf3dbe6d8d46891d84.joblib
[*] Loading cached forest model from /pfs/work9/workspace/scratch/ma_pkonz-thesis/ForestDiffusion/tests/saved_models/5_campaign.npz/ForestDiffusion_nt50_dk10/5098c7155fdd20eeec5a4859846ec69f.joblib
[*] Loading cached forest model from /pfs/work9/workspace/scratch/ma_pkonz-thesis/ForestDiffusion/tests/saved_models/5_campaign.npz/ForestDiffusion_nt50_dk10/f76c87943ce0504dc349e2f64a0bc71d.joblib
[*] Loading cached forest model from /pfs/work9/workspace/scratch/ma_pkonz-thesis/ForestDiffusion/tests/saved_models/5_campaign.npz/ForestDiffusion_nt50_dk10/876526821fa1aa650252755b72a0585a.joblib
[*] Loading cached forest model from /pfs/work9/workspace/scratch/ma_pkonz-thesis/ForestDiffusion/tests/saved_models/5_campaign.npz/ForestDiffusion_nt50_dk10/dd7a9b246da74c4568ecddd6b460fefc.joblib
[*] Loading cached forest model from /pfs/work9/workspace/scratch/ma_pkonz-thesis/ForestDiffusion/tests/saved_models/5_campaign.npz/ForestDiffusion_nt50_dk10/f830f17238c570167f2db2a7939576f4.joblib
[*] Loading cached forest model from /pfs/work9/workspace/scratch/ma_pkonz-thesis/ForestDiffusion/tests/saved_models/5_campaign.npz/ForestDiffusion_nt50_dk10/ee92ac15157439427ed65b049a8e92f9.joblib
[*] Loading cached forest model from /pfs/work9/workspace/scratch/ma_pkonz-thesis/ForestDiffusion/tests/saved_models/5_campaign.npz/ForestDiffusion_nt50_dk10/e77c3ab1d7a1381f8e774c498f869e7f.joblib
[*] Loading cached forest model from /pfs/work9/workspace/scratch/ma_pkonz-thesis/ForestDiffusion/tests/saved_models/5_campaign.npz/ForestDiffusion_nt50_dk10/f2424f902d0232a7aa77f5fe9ca52369.joblib
[*] Loading cached forest model from /pfs/work9/workspace/scratch/ma_pkonz-thesis/ForestDiffusion/tests/saved_models/5_campaign.npz/ForestDiffusion_nt50_dk10/5f9c24f235ece82e21c559c71b5446af.joblib
[*] Loading cached forest model from /pfs/work9/workspace/scratch/ma_pkonz-thesis/ForestDiffusion/tests/saved_models/5_campaign.npz/ForestDiffusion_nt50_dk10/77c5c1c28f01ed5d2783c91585f6c890.joblib
[*] Loading cached forest model from /pfs/work9/workspace/scratch/ma_pkonz-thesis/ForestDiffusion/tests/saved_models/5_campaign.npz/ForestDiffusion_nt50_dk10/a2bc87a2ab4f01e8f13c5ddc44a3c127.joblib
[*] Loading cached forest model from /pfs/work9/workspace/scratch/ma_pkonz-thesis/ForestDiffusion/tests/saved_models/5_campaign.npz/ForestDiffusion_nt50_dk10/e11a63e64aa762bcef689278b6767e34.joblib
[*] Loading cached forest model from /pfs/work9/workspace/scratch/ma_pkonz-thesis/ForestDiffusion/tests/saved_models/5_campaign.npz/ForestDiffusion_nt50_dk10/1e47ebf838399eca03656bb8aab71444.joblib
[*] Loading cached forest model from /pfs/work9/workspace/scratch/ma_pkonz-thesis/ForestDiffusion/tests/saved_models/5_campaign.npz/ForestDiffusion_nt50_dk10/32081b28ad0d6a823ff2b291c342d189.joblib
[*] Loading cached forest model from /pfs/work9/workspace/scratch/ma_pkonz-thesis/ForestDiffusion/tests/saved_models/5_campaign.npz/ForestDiffusion_nt50_dk10/c1bde0030f3e75006d817146face4be5.joblib
[*] Loading cached forest model from /pfs/work9/workspace/scratch/ma_pkonz-thesis/ForestDiffusion/tests/saved_models/5_campaign.npz/ForestDiffusion_nt50_dk10/a5906f047af4a0fb5abb96b8ba1d1738.joblib
[*] Loading cached forest model from /pfs/work9/workspace/scratch/ma_pkonz-thesis/ForestDiffusion/tests/saved_models/5_campaign.npz/ForestDiffusion_nt50_dk10/7fc4672ea4d5e20dc309c972a46c1a02.joblib
[*] Loading cached forest model from /pfs/work9/workspace/scratch/ma_pkonz-thesis/ForestDiffusion/tests/saved_models/5_campaign.npz/ForestDiffusion_nt50_dk10/9f299d38cdb033a8e84ca00720ea2fdb.joblib
[*] Loading cached forest model from /pfs/work9/workspace/scratch/ma_pkonz-thesis/ForestDiffusion/tests/saved_models/5_campaign.npz/ForestDiffusion_nt50_dk10/24fe2098bd1ce28eb64a866d4afa1e71.joblib
[*] Loading cached forest model from /pfs/work9/workspace/scratch/ma_pkonz-thesis/ForestDiffusion/tests/saved_models/5_campaign.npz/ForestDiffusion_nt50_dk10/46980895963a61bb58627f8c9f52bb26.joblib
[*] Loading cached forest model from /pfs/work9/workspace/scratch/ma_pkonz-thesis/ForestDiffusion/tests/saved_models/5_campaign.npz/ForestDiffusion_nt50_dk10/8c7f2fc05fbcd3ceb79eeb53ddab131e.joblib
[*] Loading cached forest model from /pfs/work9/workspace/scratch/ma_pkonz-thesis/ForestDiffusion/tests/saved_models/5_campaign.npz/ForestDiffusion_nt50_dk10/f6c3624056e9d164f68a53aaf8a84ef0.joblib
[*] Loading cached forest model from /pfs/work9/workspace/scratch/ma_pkonz-thesis/ForestDiffusion/tests/saved_models/5_campaign.npz/ForestDiffusion_nt50_dk10/bcce3111bfab24cc7fcac1a18787ceae.joblib
[*] Loading cached forest model from /pfs/work9/workspace/scratch/ma_pkonz-thesis/ForestDiffusion/tests/saved_models/5_campaign.npz/ForestDiffusion_nt50_dk10/438e3f256be3774911a87b40042853e4.joblib
[*] Loading cached forest model from /pfs/work9/workspace/scratch/ma_pkonz-thesis/ForestDiffusion/tests/saved_models/5_campaign.npz/ForestDiffusion_nt50_dk10/edacab30182d7f95af73645a4db3c57d.joblib
[*] Loading cached forest model from /pfs/work9/workspace/scratch/ma_pkonz-thesis/ForestDiffusion/tests/saved_models/5_campaign.npz/ForestDiffusion_nt50_dk10/2085c67707482ad287590e0436a35de6.joblib
[*] Loading cached forest model from /pfs/work9/workspace/scratch/ma_pkonz-thesis/ForestDiffusion/tests/saved_models/5_campaign.npz/ForestDiffusion_nt50_dk10/e176864df6da8fa3b43be8dd780a6128.joblib
[*] Loading cached forest model from /pfs/work9/workspace/scratch/ma_pkonz-thesis/ForestDiffusion/tests/saved_models/5_campaign.npz/ForestDiffusion_nt50_dk10/446d53dbe2ad83793003e34a1c3cfd9b.joblib
[*] Loading cached forest model from /pfs/work9/workspace/scratch/ma_pkonz-thesis/ForestDiffusion/tests/saved_models/5_campaign.npz/ForestDiffusion_nt50_dk10/7993e54cacdf17b103caa9bdf334b1d4.joblib
[*] Loading cached forest model from /pfs/work9/workspace/scratch/ma_pkonz-thesis/ForestDiffusion/tests/saved_models/5_campaign.npz/ForestDiffusion_nt50_dk10/f268ec415ffe694fb04ab40a7fb7122d.joblib
[*] Loading cached forest model from /pfs/work9/workspace/scratch/ma_pkonz-thesis/ForestDiffusion/tests/saved_models/5_campaign.npz/ForestDiffusion_nt50_dk10/2832517451f3b589c37d99284302e030.joblib
[*] Loading cached forest model from /pfs/work9/workspace/scratch/ma_pkonz-thesis/ForestDiffusion/tests/saved_models/5_campaign.npz/ForestDiffusion_nt50_dk10/1289e573c4e9e2838148abcfc8c6a6dc.joblib
[*] Loading cached forest model from /pfs/work9/workspace/scratch/ma_pkonz-thesis/ForestDiffusion/tests/saved_models/5_campaign.npz/ForestDiffusion_nt50_dk10/25253ce644e6d83edbe143edb0626ad9.joblib

 Dataset: 5_campaign.npz with model: ForestDiffusion_nt50_dk10 and score: decision
 
Dataset loaded successfully!
Training data: (18274, 62), Normal: 18274
Test data: (22914, 62), Normal: 18274, Anomalies: 4640
[*] Loading cached forest model from /pfs/work9/workspace/scratch/ma_pkonz-thesis/ForestDiffusion/tests/saved_models/5_campaign.npz/ForestDiffusion_nt50_dk10/223068c8018a8b8127e32c4726ccc505.joblib
[*] Loading cached forest model from /pfs/work9/workspace/scratch/ma_pkonz-thesis/ForestDiffusion/tests/saved_models/5_campaign.npz/ForestDiffusion_nt50_dk10/b4f96384f330f49fd6f629fc39c5c424.joblib
[*] Loading cached forest model from /pfs/work9/workspace/scratch/ma_pkonz-thesis/ForestDiffusion/tests/saved_models/5_campaign.npz/ForestDiffusion_nt50_dk10/989cc977f0f828974a1c746c7a87a918.joblib
[*] Loading cached forest model from /pfs/work9/workspace/scratch/ma_pkonz-thesis/ForestDiffusion/tests/saved_models/5_campaign.npz/ForestDiffusion_nt50_dk10/189c08d7d1ec725180435967e12ccc41.joblib
[*] Loading cached forest model from /pfs/work9/workspace/scratch/ma_pkonz-thesis/ForestDiffusion/tests/saved_models/5_campaign.npz/ForestDiffusion_nt50_dk10/f9fb8766fbf383b71645120b6e527bb1.joblib
[*] Loading cached forest model from /pfs/work9/workspace/scratch/ma_pkonz-thesis/ForestDiffusion/tests/saved_models/5_campaign.npz/ForestDiffusion_nt50_dk10/ec87916c3f0bf82866174dbda90e250e.joblib
[*] Loading cached forest model from /pfs/work9/workspace/scratch/ma_pkonz-thesis/ForestDiffusion/tests/saved_models/5_campaign.npz/ForestDiffusion_nt50_dk10/1fcc73b4b7f7cc6ec7a18959fed1b00e.joblib
[*] Loading cached forest model from /pfs/work9/workspace/scratch/ma_pkonz-thesis/ForestDiffusion/tests/saved_models/5_campaign.npz/ForestDiffusion_nt50_dk10/a4756d08c9d89d539a10bd72b6174b6d.joblib
[*] Loading cached forest model from /pfs/work9/workspace/scratch/ma_pkonz-thesis/ForestDiffusion/tests/saved_models/5_campaign.npz/ForestDiffusion_nt50_dk10/ca9b81f5dd6ab8f7d7eab8c539f9554e.joblib
[*] Loading cached forest model from /pfs/work9/workspace/scratch/ma_pkonz-thesis/ForestDiffusion/tests/saved_models/5_campaign.npz/ForestDiffusion_nt50_dk10/9fb3e41a339221af7055c53ebd3f3633.joblib
[*] Loading cached forest model from /pfs/work9/workspace/scratch/ma_pkonz-thesis/ForestDiffusion/tests/saved_models/5_campaign.npz/ForestDiffusion_nt50_dk10/9cc413653d81c610e99aa9e4604ee276.joblib
[*] Loading cached forest model from /pfs/work9/workspace/scratch/ma_pkonz-thesis/ForestDiffusion/tests/saved_models/5_campaign.npz/ForestDiffusion_nt50_dk10/90d927419fc37e6efe7779fd6b2673f3.joblib
[*] Loading cached forest model from /pfs/work9/workspace/scratch/ma_pkonz-thesis/ForestDiffusion/tests/saved_models/5_campaign.npz/ForestDiffusion_nt50_dk10/b8069e221b16392cd962a9740c666c7e.joblib
[*] Loading cached forest model from /pfs/work9/workspace/scratch/ma_pkonz-thesis/ForestDiffusion/tests/saved_models/5_campaign.npz/ForestDiffusion_nt50_dk10/79f737bc36246eca4b347cdc699bea32.joblib
[*] Loading cached forest model from /pfs/work9/workspace/scratch/ma_pkonz-thesis/ForestDiffusion/tests/saved_models/5_campaign.npz/ForestDiffusion_nt50_dk10/5a4d5b3a70f447f31831289d7ca03b47.joblib
[*] Loading cached forest model from /pfs/work9/workspace/scratch/ma_pkonz-thesis/ForestDiffusion/tests/saved_models/5_campaign.npz/ForestDiffusion_nt50_dk10/9d4efbbd62ed2608cf55699df6ceebc8.joblib
[*] Loading cached forest model from /pfs/work9/workspace/scratch/ma_pkonz-thesis/ForestDiffusion/tests/saved_models/5_campaign.npz/ForestDiffusion_nt50_dk10/d3e6f1db9fee5cdf3dbe6d8d46891d84.joblib
[*] Loading cached forest model from /pfs/work9/workspace/scratch/ma_pkonz-thesis/ForestDiffusion/tests/saved_models/5_campaign.npz/ForestDiffusion_nt50_dk10/5098c7155fdd20eeec5a4859846ec69f.joblib
[*] Loading cached forest model from /pfs/work9/workspace/scratch/ma_pkonz-thesis/ForestDiffusion/tests/saved_models/5_campaign.npz/ForestDiffusion_nt50_dk10/f76c87943ce0504dc349e2f64a0bc71d.joblib
[*] Loading cached forest model from /pfs/work9/workspace/scratch/ma_pkonz-thesis/ForestDiffusion/tests/saved_models/5_campaign.npz/ForestDiffusion_nt50_dk10/876526821fa1aa650252755b72a0585a.joblib
[*] Loading cached forest model from /pfs/work9/workspace/scratch/ma_pkonz-thesis/ForestDiffusion/tests/saved_models/5_campaign.npz/ForestDiffusion_nt50_dk10/dd7a9b246da74c4568ecddd6b460fefc.joblib
[*] Loading cached forest model from /pfs/work9/workspace/scratch/ma_pkonz-thesis/ForestDiffusion/tests/saved_models/5_campaign.npz/ForestDiffusion_nt50_dk10/f830f17238c570167f2db2a7939576f4.joblib
[*] Loading cached forest model from /pfs/work9/workspace/scratch/ma_pkonz-thesis/ForestDiffusion/tests/saved_models/5_campaign.npz/ForestDiffusion_nt50_dk10/ee92ac15157439427ed65b049a8e92f9.joblib
[*] Loading cached forest model from /pfs/work9/workspace/scratch/ma_pkonz-thesis/ForestDiffusion/tests/saved_models/5_campaign.npz/ForestDiffusion_nt50_dk10/e77c3ab1d7a1381f8e774c498f869e7f.joblib
[*] Loading cached forest model from /pfs/work9/workspace/scratch/ma_pkonz-thesis/ForestDiffusion/tests/saved_models/5_campaign.npz/ForestDiffusion_nt50_dk10/f2424f902d0232a7aa77f5fe9ca52369.joblib
[*] Loading cached forest model from /pfs/work9/workspace/scratch/ma_pkonz-thesis/ForestDiffusion/tests/saved_models/5_campaign.npz/ForestDiffusion_nt50_dk10/5f9c24f235ece82e21c559c71b5446af.joblib
[*] Loading cached forest model from /pfs/work9/workspace/scratch/ma_pkonz-thesis/ForestDiffusion/tests/saved_models/5_campaign.npz/ForestDiffusion_nt50_dk10/77c5c1c28f01ed5d2783c91585f6c890.joblib
[*] Loading cached forest model from /pfs/work9/workspace/scratch/ma_pkonz-thesis/ForestDiffusion/tests/saved_models/5_campaign.npz/ForestDiffusion_nt50_dk10/a2bc87a2ab4f01e8f13c5ddc44a3c127.joblib
[*] Loading cached forest model from /pfs/work9/workspace/scratch/ma_pkonz-thesis/ForestDiffusion/tests/saved_models/5_campaign.npz/ForestDiffusion_nt50_dk10/e11a63e64aa762bcef689278b6767e34.joblib
[*] Loading cached forest model from /pfs/work9/workspace/scratch/ma_pkonz-thesis/ForestDiffusion/tests/saved_models/5_campaign.npz/ForestDiffusion_nt50_dk10/1e47ebf838399eca03656bb8aab71444.joblib
[*] Loading cached forest model from /pfs/work9/workspace/scratch/ma_pkonz-thesis/ForestDiffusion/tests/saved_models/5_campaign.npz/ForestDiffusion_nt50_dk10/32081b28ad0d6a823ff2b291c342d189.joblib
[*] Loading cached forest model from /pfs/work9/workspace/scratch/ma_pkonz-thesis/ForestDiffusion/tests/saved_models/5_campaign.npz/ForestDiffusion_nt50_dk10/c1bde0030f3e75006d817146face4be5.joblib
[*] Loading cached forest model from /pfs/work9/workspace/scratch/ma_pkonz-thesis/ForestDiffusion/tests/saved_models/5_campaign.npz/ForestDiffusion_nt50_dk10/a5906f047af4a0fb5abb96b8ba1d1738.joblib
[*] Loading cached forest model from /pfs/work9/workspace/scratch/ma_pkonz-thesis/ForestDiffusion/tests/saved_models/5_campaign.npz/ForestDiffusion_nt50_dk10/7fc4672ea4d5e20dc309c972a46c1a02.joblib
[*] Loading cached forest model from /pfs/work9/workspace/scratch/ma_pkonz-thesis/ForestDiffusion/tests/saved_models/5_campaign.npz/ForestDiffusion_nt50_dk10/9f299d38cdb033a8e84ca00720ea2fdb.joblib
[*] Loading cached forest model from /pfs/work9/workspace/scratch/ma_pkonz-thesis/ForestDiffusion/tests/saved_models/5_campaign.npz/ForestDiffusion_nt50_dk10/24fe2098bd1ce28eb64a866d4afa1e71.joblib
[*] Loading cached forest model from /pfs/work9/workspace/scratch/ma_pkonz-thesis/ForestDiffusion/tests/saved_models/5_campaign.npz/ForestDiffusion_nt50_dk10/46980895963a61bb58627f8c9f52bb26.joblib
[*] Loading cached forest model from /pfs/work9/workspace/scratch/ma_pkonz-thesis/ForestDiffusion/tests/saved_models/5_campaign.npz/ForestDiffusion_nt50_dk10/8c7f2fc05fbcd3ceb79eeb53ddab131e.joblib
[*] Loading cached forest model from /pfs/work9/workspace/scratch/ma_pkonz-thesis/ForestDiffusion/tests/saved_models/5_campaign.npz/ForestDiffusion_nt50_dk10/f6c3624056e9d164f68a53aaf8a84ef0.joblib
[*] Loading cached forest model from /pfs/work9/workspace/scratch/ma_pkonz-thesis/ForestDiffusion/tests/saved_models/5_campaign.npz/ForestDiffusion_nt50_dk10/bcce3111bfab24cc7fcac1a18787ceae.joblib
[*] Loading cached forest model from /pfs/work9/workspace/scratch/ma_pkonz-thesis/ForestDiffusion/tests/saved_models/5_campaign.npz/ForestDiffusion_nt50_dk10/438e3f256be3774911a87b40042853e4.joblib
[*] Loading cached forest model from /pfs/work9/workspace/scratch/ma_pkonz-thesis/ForestDiffusion/tests/saved_models/5_campaign.npz/ForestDiffusion_nt50_dk10/edacab30182d7f95af73645a4db3c57d.joblib
[*] Loading cached forest model from /pfs/work9/workspace/scratch/ma_pkonz-thesis/ForestDiffusion/tests/saved_models/5_campaign.npz/ForestDiffusion_nt50_dk10/2085c67707482ad287590e0436a35de6.joblib
[*] Loading cached forest model from /pfs/work9/workspace/scratch/ma_pkonz-thesis/ForestDiffusion/tests/saved_models/5_campaign.npz/ForestDiffusion_nt50_dk10/e176864df6da8fa3b43be8dd780a6128.joblib
[*] Loading cached forest model from /pfs/work9/workspace/scratch/ma_pkonz-thesis/ForestDiffusion/tests/saved_models/5_campaign.npz/ForestDiffusion_nt50_dk10/446d53dbe2ad83793003e34a1c3cfd9b.joblib
[*] Loading cached forest model from /pfs/work9/workspace/scratch/ma_pkonz-thesis/ForestDiffusion/tests/saved_models/5_campaign.npz/ForestDiffusion_nt50_dk10/7993e54cacdf17b103caa9bdf334b1d4.joblib
[*] Loading cached forest model from /pfs/work9/workspace/scratch/ma_pkonz-thesis/ForestDiffusion/tests/saved_models/5_campaign.npz/ForestDiffusion_nt50_dk10/f268ec415ffe694fb04ab40a7fb7122d.joblib
[*] Loading cached forest model from /pfs/work9/workspace/scratch/ma_pkonz-thesis/ForestDiffusion/tests/saved_models/5_campaign.npz/ForestDiffusion_nt50_dk10/2832517451f3b589c37d99284302e030.joblib
[*] Loading cached forest model from /pfs/work9/workspace/scratch/ma_pkonz-thesis/ForestDiffusion/tests/saved_models/5_campaign.npz/ForestDiffusion_nt50_dk10/1289e573c4e9e2838148abcfc8c6a6dc.joblib
[*] Loading cached forest model from /pfs/work9/workspace/scratch/ma_pkonz-thesis/ForestDiffusion/tests/saved_models/5_campaign.npz/ForestDiffusion_nt50_dk10/25253ce644e6d83edbe143edb0626ad9.joblib
Saved: results_diff_einzeln/percentile_curve_ForestDiffusion_nt50_dk10_deviation_5_campaign.pdf
Saved: results_diff_einzeln/percentile_curve_ForestDiffusion_nt50_dk10_reconstruction_5_campaign.pdf
Saved: results_diff_einzeln/percentile_curve_ForestDiffusion_nt50_dk10_decision_5_campaign.pdf
Saved: results_diff_einzeln/f1_comparison_ForestDiffusion_nt50_dk10_5_campaign_no_contamination.pdf
Saved: results_diff_einzeln/f1_comparison_ForestDiffusion_nt50_dk10_5_campaign_full_contamination.pdf

================================================================================
EXTREME CASES SUMMARY
================================================================================

ForestDiffusion_nt50_dk10 - deviation:
  5_campaign.npz [no_contamination]:
    AUC: 0.7011 ± 0.0010
    AUPRC: 0.3047 ± 0.0018

    Threshold Percentile Metrics:
    Percentile   Precision            Recall               F1                  
    ------------------------------------------------------------------------
    20           0.1277 ± 0.0005      0.9067 ± 0.0034      0.2238 ± 0.0008     
    30           0.1379 ± 0.0005      0.8569 ± 0.0028      0.2376 ± 0.0008     
    40           0.1497 ± 0.0004      0.7973 ± 0.0022      0.2521 ± 0.0007     
    50           0.1652 ± 0.0006      0.7334 ± 0.0027      0.2697 ± 0.0010     
    60           0.1848 ± 0.0016      0.6562 ± 0.0058      0.2884 ± 0.0025     
    70           0.2117 ± 0.0022      0.5638 ± 0.0058      0.3078 ± 0.0032     
    80           0.2560 ± 0.0022      0.4546 ± 0.0039      0.3276 ± 0.0028     
    90           0.3523 ± 0.0036      0.3128 ± 0.0032      0.3314 ± 0.0034     
    95           0.4705 ± 0.0076      0.2089 ± 0.0034      0.2893 ± 0.0046     
    97.5         0.5845 ± 0.0157      0.1297 ± 0.0035      0.2123 ± 0.0057     
    99           0.6563 ± 0.0078      0.0583 ± 0.0007      0.1070 ± 0.0013     
    99.9         0.7048 ± 0.0467      0.0064 ± 0.0004      0.0126 ± 0.0008     

    ✓ Best F1: 0.3314 @ 90th percentile
  5_campaign.npz [full_contamination]:
    AUC: 0.6815 ± 0.0008
    AUPRC: 0.2615 ± 0.0020

    Threshold Percentile Metrics:
    Percentile   Precision            Recall               F1                  
    ------------------------------------------------------------------------
    20           0.1269 ± 0.0005      0.9015 ± 0.0037      0.2225 ± 0.0009     
    30           0.1363 ± 0.0007      0.8467 ± 0.0045      0.2348 ± 0.0012     
    40           0.1473 ± 0.0006      0.7844 ± 0.0030      0.2480 ± 0.0009     
    50           0.1608 ± 0.0005      0.7138 ± 0.0022      0.2625 ± 0.0008     
    60           0.1786 ± 0.0008      0.6341 ± 0.0028      0.2787 ± 0.0012     
    70           0.2013 ± 0.0027      0.5359 ± 0.0072      0.2926 ± 0.0039     
    80           0.2395 ± 0.0023      0.4252 ± 0.0041      0.3064 ± 0.0030     
    90           0.3166 ± 0.0045      0.2811 ± 0.0040      0.2978 ± 0.0043     
    95           0.3930 ± 0.0031      0.1745 ± 0.0014      0.2417 ± 0.0019     
    97.5         0.4765 ± 0.0081      0.1058 ± 0.0018      0.1731 ± 0.0029     
    99           0.5417 ± 0.0129      0.0481 ± 0.0011      0.0884 ± 0.0021     
    99.9         0.6762 ± 0.0873      0.0061 ± 0.0008      0.0121 ± 0.0016     

    ✓ Best F1: 0.3064 @ 80th percentile

ForestDiffusion_nt50_dk10 - reconstruction:
  5_campaign.npz [no_contamination]:
    AUC: 0.7378 ± 0.0027
    AUPRC: 0.2548 ± 0.0021

    Threshold Percentile Metrics:
    Percentile   Precision            Recall               F1                  
    ------------------------------------------------------------------------
    20           0.1351 ± 0.0007      0.9594 ± 0.0048      0.2369 ± 0.0012     
    30           0.1471 ± 0.0008      0.9141 ± 0.0048      0.2534 ± 0.0013     
    40           0.1602 ± 0.0015      0.8534 ± 0.0078      0.2698 ± 0.0025     
    50           0.1753 ± 0.0005      0.7782 ± 0.0021      0.2862 ± 0.0008     
    60           0.1962 ± 0.0009      0.6968 ± 0.0033      0.3062 ± 0.0014     
    70           0.2266 ± 0.0015      0.6034 ± 0.0040      0.3294 ± 0.0022     
    80           0.2738 ± 0.0007      0.4860 ± 0.0012      0.3502 ± 0.0009     
    90           0.3586 ± 0.0029      0.3184 ± 0.0025      0.3374 ± 0.0027     
    95           0.3555 ± 0.0050      0.1578 ± 0.0022      0.2186 ± 0.0031     
    97.5         0.2594 ± 0.0079      0.0576 ± 0.0018      0.0943 ± 0.0029     
    99           0.1466 ± 0.0224      0.0130 ± 0.0020      0.0239 ± 0.0037     
    99.9         0.2000 ± 0.0762      0.0018 ± 0.0007      0.0036 ± 0.0014     

    ✓ Best F1: 0.3502 @ 80th percentile
  5_campaign.npz [full_contamination]:
    AUC: 0.7282 ± 0.0024
    AUPRC: 0.2471 ± 0.0030

    Threshold Percentile Metrics:
    Percentile   Precision            Recall               F1                  
    ------------------------------------------------------------------------
    20           0.1338 ± 0.0004      0.9503 ± 0.0032      0.2346 ± 0.0008     
    30           0.1455 ± 0.0006      0.9039 ± 0.0039      0.2506 ± 0.0011     
    40           0.1577 ± 0.0006      0.8398 ± 0.0031      0.2655 ± 0.0010     
    50           0.1727 ± 0.0008      0.7667 ± 0.0038      0.2820 ± 0.0014     
    60           0.1929 ± 0.0018      0.6849 ± 0.0065      0.3010 ± 0.0029     
    70           0.2228 ± 0.0008      0.5934 ± 0.0021      0.3240 ± 0.0011     
    80           0.2715 ± 0.0009      0.4820 ± 0.0016      0.3473 ± 0.0012     
    90           0.3460 ± 0.0063      0.3072 ± 0.0056      0.3255 ± 0.0059     
    95           0.3443 ± 0.0057      0.1528 ± 0.0025      0.2117 ± 0.0035     
    97.5         0.2466 ± 0.0152      0.0547 ± 0.0034      0.0896 ± 0.0055     
    99           0.1369 ± 0.0145      0.0122 ± 0.0013      0.0223 ± 0.0024     
    99.9         0.2190 ± 0.0830      0.0020 ± 0.0008      0.0039 ± 0.0015     

    ✓ Best F1: 0.3473 @ 80th percentile

ForestDiffusion_nt50_dk10 - decision:
  5_campaign.npz [no_contamination]:
    AUC: 0.6751 ± 0.0034
    AUPRC: 0.2574 ± 0.0058

    Threshold Percentile Metrics:
    Percentile   Precision            Recall               F1                  
    ------------------------------------------------------------------------
    20           0.1273 ± 0.0005      0.9038 ± 0.0036      0.2231 ± 0.0009     
    30           0.1363 ± 0.0007      0.8472 ± 0.0045      0.2349 ± 0.0012     
    40           0.1458 ± 0.0012      0.7763 ± 0.0065      0.2454 ± 0.0021     
    50           0.1572 ± 0.0017      0.6977 ± 0.0076      0.2566 ± 0.0028     
    60           0.1725 ± 0.0018      0.6124 ± 0.0064      0.2691 ± 0.0028     
    70           0.1944 ± 0.0024      0.5176 ± 0.0063      0.2826 ± 0.0034     
    80           0.2341 ± 0.0035      0.4156 ± 0.0062      0.2995 ± 0.0045     
    90           0.3249 ± 0.0029      0.2884 ± 0.0026      0.3056 ± 0.0028     
    95           0.4146 ± 0.0051      0.1841 ± 0.0023      0.2549 ± 0.0031     
    97.5         0.4730 ± 0.0185      0.1050 ± 0.0041      0.1719 ± 0.0067     
    99           0.5223 ± 0.0251      0.0464 ± 0.0022      0.0852 ± 0.0041     
    99.9         0.5333 ± 0.0923      0.0048 ± 0.0008      0.0096 ± 0.0017     

    ✓ Best F1: 0.3056 @ 90th percentile
  5_campaign.npz [full_contamination]:
    AUC: 0.6587 ± 0.0041
    AUPRC: 0.2363 ± 0.0045

    Threshold Percentile Metrics:
    Percentile   Precision            Recall               F1                  
    ------------------------------------------------------------------------
    20           0.1263 ± 0.0003      0.8972 ± 0.0019      0.2215 ± 0.0005     
    30           0.1337 ± 0.0011      0.8310 ± 0.0067      0.2304 ± 0.0019     
    40           0.1425 ± 0.0017      0.7591 ± 0.0088      0.2400 ± 0.0028     
    50           0.1521 ± 0.0020      0.6749 ± 0.0089      0.2482 ± 0.0033     
    60           0.1669 ± 0.0012      0.5925 ± 0.0044      0.2604 ± 0.0019     
    70           0.1870 ± 0.0020      0.4980 ± 0.0053      0.2719 ± 0.0029     
    80           0.2246 ± 0.0039      0.3988 ± 0.0069      0.2874 ± 0.0050     
    90           0.3041 ± 0.0057      0.2700 ± 0.0051      0.2860 ± 0.0054     
    95           0.3707 ± 0.0052      0.1646 ± 0.0023      0.2279 ± 0.0032     
    97.5         0.4287 ± 0.0153      0.0952 ± 0.0034      0.1558 ± 0.0055     
    99           0.4874 ± 0.0191      0.0433 ± 0.0017      0.0795 ± 0.0031     
    99.9         0.4571 ± 0.0713      0.0041 ± 0.0006      0.0082 ± 0.0013     

    ✓ Best F1: 0.2874 @ 80th percentile

============================================================
Ergebnisse gespeichert unter: results_diff_einzeln/results_data/extreme_cases_5_campaign_20251214_085059.joblib
============================================================
== Job Ende: Sun Dec 14 08:51:13 AM CET 2025 ==

============================= JOB FEEDBACK =============================

NodeName=uc2n781
Job ID: 2597394
Cluster: uc3
User/Group: ma_pkonz/ma_ma
State: COMPLETED (exit code 0)
Nodes: 1
Cores per node: 16
CPU Utilized: 16:04:10
CPU Efficiency: 6.23% of 10-17:59:12 core-walltime
Job Wall-clock time: 16:07:27
Memory Utilized: 14.09 GB
Memory Efficiency: 44.02% of 32.00 GB (32.00 GB/node)
