== Job Start: Tue Dec 23 09:35:33 AM CET 2025 ==
Python: /pfs/work9/workspace/scratch/ma_pkonz-thesis/ForestDiffusion/.venv/bin/python
Imports dauern ~2-3 Minuten, bitte warten...

 Dataset: 5_campaign.npz with model: TCCM_nt20 and score: deviation
 
Dataset loaded successfully!
Training data: (18274, 62), Normal: 18274
Test data: (22914, 62), Normal: 18274, Anomalies: 4640
[*] Loading cached tccm model from /pfs/work9/workspace/scratch/ma_pkonz-thesis/ForestDiffusion/tests/saved_models/5_campaign.npz/tccm/677ca9f404d82e04084bbce635d40b37.joblib
[*] Loading cached tccm model from /pfs/work9/workspace/scratch/ma_pkonz-thesis/ForestDiffusion/tests/saved_models/5_campaign.npz/tccm/f9db39493dff676f16c80fa2cfba7fd9.joblib
[*] Loading cached tccm model from /pfs/work9/workspace/scratch/ma_pkonz-thesis/ForestDiffusion/tests/saved_models/5_campaign.npz/tccm/aee8bf82e21fa40fb0fa61228a9c641e.joblib
[*] Loading cached tccm model from /pfs/work9/workspace/scratch/ma_pkonz-thesis/ForestDiffusion/tests/saved_models/5_campaign.npz/tccm/b0805671db87a8306f33112771a627b5.joblib
[*] Loading cached tccm model from /pfs/work9/workspace/scratch/ma_pkonz-thesis/ForestDiffusion/tests/saved_models/5_campaign.npz/tccm/732986203268044b4377d05a8b42f5c4.joblib
[*] Loading cached tccm model from /pfs/work9/workspace/scratch/ma_pkonz-thesis/ForestDiffusion/tests/saved_models/5_campaign.npz/tccm/8090bcb16601ca52fd3f4f16a5720306.joblib
[*] Loading cached tccm model from /pfs/work9/workspace/scratch/ma_pkonz-thesis/ForestDiffusion/tests/saved_models/5_campaign.npz/tccm/9cd18656995e806c6be7430e85305577.joblib
[*] Loading cached tccm model from /pfs/work9/workspace/scratch/ma_pkonz-thesis/ForestDiffusion/tests/saved_models/5_campaign.npz/tccm/761272a4613eddd93869c5cd4fa47ed6.joblib
[*] Loading cached tccm model from /pfs/work9/workspace/scratch/ma_pkonz-thesis/ForestDiffusion/tests/saved_models/5_campaign.npz/tccm/58d968812945dcc2ab2046a2c6919d50.joblib
[*] Loading cached tccm model from /pfs/work9/workspace/scratch/ma_pkonz-thesis/ForestDiffusion/tests/saved_models/5_campaign.npz/tccm/9d682486f670b03e8a0cf1ce2a912426.joblib
[*] Loading cached tccm model from /pfs/work9/workspace/scratch/ma_pkonz-thesis/ForestDiffusion/tests/saved_models/5_campaign.npz/tccm/7fe94e126adb4d81a1d3e5225827aae8.joblib
[*] Loading cached tccm model from /pfs/work9/workspace/scratch/ma_pkonz-thesis/ForestDiffusion/tests/saved_models/5_campaign.npz/tccm/3cde777b6bfc6ff705bb1517e9c9ef23.joblib
[*] Loading cached tccm model from /pfs/work9/workspace/scratch/ma_pkonz-thesis/ForestDiffusion/tests/saved_models/5_campaign.npz/tccm/f80e83ee90a02be23fcbfbe23d2b9b70.joblib
[*] Loading cached tccm model from /pfs/work9/workspace/scratch/ma_pkonz-thesis/ForestDiffusion/tests/saved_models/5_campaign.npz/tccm/303f8ceee8a1e76eb1f33e6c84f15cbb.joblib
[*] Loading cached tccm model from /pfs/work9/workspace/scratch/ma_pkonz-thesis/ForestDiffusion/tests/saved_models/5_campaign.npz/tccm/bfc788a74207342beec331fea384270a.joblib
[*] Loading cached tccm model from /pfs/work9/workspace/scratch/ma_pkonz-thesis/ForestDiffusion/tests/saved_models/5_campaign.npz/tccm/55a02641aac31b24de3f0bd068bcaf01.joblib
[*] Loading cached tccm model from /pfs/work9/workspace/scratch/ma_pkonz-thesis/ForestDiffusion/tests/saved_models/5_campaign.npz/tccm/8a174d778de8bbb3ffbe4ebfb511286b.joblib
[*] Loading cached tccm model from /pfs/work9/workspace/scratch/ma_pkonz-thesis/ForestDiffusion/tests/saved_models/5_campaign.npz/tccm/fb03377a22f392bf3ac291618c01c7d7.joblib
[*] Loading cached tccm model from /pfs/work9/workspace/scratch/ma_pkonz-thesis/ForestDiffusion/tests/saved_models/5_campaign.npz/tccm/667e21283cc41c39e3b7de642a3acbd4.joblib
[*] Loading cached tccm model from /pfs/work9/workspace/scratch/ma_pkonz-thesis/ForestDiffusion/tests/saved_models/5_campaign.npz/tccm/27a5e18c173eca1bdf2805a05584f8b9.joblib
[*] Loading cached tccm model from /pfs/work9/workspace/scratch/ma_pkonz-thesis/ForestDiffusion/tests/saved_models/5_campaign.npz/tccm/dec7155d523dffe06a832569ee710081.joblib
[*] Loading cached tccm model from /pfs/work9/workspace/scratch/ma_pkonz-thesis/ForestDiffusion/tests/saved_models/5_campaign.npz/tccm/8fef6399de3c0cc7e1f42fac6e5ecee7.joblib
[*] Loading cached tccm model from /pfs/work9/workspace/scratch/ma_pkonz-thesis/ForestDiffusion/tests/saved_models/5_campaign.npz/tccm/4af1723e12776e377aa984bb3a14b64b.joblib
[*] Loading cached tccm model from /pfs/work9/workspace/scratch/ma_pkonz-thesis/ForestDiffusion/tests/saved_models/5_campaign.npz/tccm/dfca52acf8ad348c77b812e663a1147d.joblib
[*] Loading cached tccm model from /pfs/work9/workspace/scratch/ma_pkonz-thesis/ForestDiffusion/tests/saved_models/5_campaign.npz/tccm/7eaa67118dc7d5c4e264da3b9a07cf2e.joblib
[*] Loading cached tccm model from /pfs/work9/workspace/scratch/ma_pkonz-thesis/ForestDiffusion/tests/saved_models/5_campaign.npz/tccm/42b9a6f13e0662055d733b8fcb8cf038.joblib
[*] Loading cached tccm model from /pfs/work9/workspace/scratch/ma_pkonz-thesis/ForestDiffusion/tests/saved_models/5_campaign.npz/tccm/6a3bbd531ae5dd4a8232f351f84c4c37.joblib
[*] Loading cached tccm model from /pfs/work9/workspace/scratch/ma_pkonz-thesis/ForestDiffusion/tests/saved_models/5_campaign.npz/tccm/8f787864259c723919248d4f173d327c.joblib
[*] Loading cached tccm model from /pfs/work9/workspace/scratch/ma_pkonz-thesis/ForestDiffusion/tests/saved_models/5_campaign.npz/tccm/e8ade6147ea5f757b495c4e889e4609b.joblib
[*] Loading cached tccm model from /pfs/work9/workspace/scratch/ma_pkonz-thesis/ForestDiffusion/tests/saved_models/5_campaign.npz/tccm/28167248ce546bfd92c0f87163d67df5.joblib
[*] Loading cached tccm model from /pfs/work9/workspace/scratch/ma_pkonz-thesis/ForestDiffusion/tests/saved_models/5_campaign.npz/tccm/a85c9620d31feddbbd2e1507e200a7bc.joblib
[*] Loading cached tccm model from /pfs/work9/workspace/scratch/ma_pkonz-thesis/ForestDiffusion/tests/saved_models/5_campaign.npz/tccm/5c0323c24739af1462ce139d723fad1a.joblib
[*] Loading cached tccm model from /pfs/work9/workspace/scratch/ma_pkonz-thesis/ForestDiffusion/tests/saved_models/5_campaign.npz/tccm/00c4015ee2600fbc8b471af4cb86e8bd.joblib
[*] Loading cached tccm model from /pfs/work9/workspace/scratch/ma_pkonz-thesis/ForestDiffusion/tests/saved_models/5_campaign.npz/tccm/84c3b0faf7aa97a6eab5ff221d98adea.joblib
[*] Loading cached tccm model from /pfs/work9/workspace/scratch/ma_pkonz-thesis/ForestDiffusion/tests/saved_models/5_campaign.npz/tccm/646b3fd9b244f3413b64df341133b7bd.joblib
[*] Loading cached tccm model from /pfs/work9/workspace/scratch/ma_pkonz-thesis/ForestDiffusion/tests/saved_models/5_campaign.npz/tccm/9ef54966b15fc05467bfdde4c5ba0d39.joblib
[*] Loading cached tccm model from /pfs/work9/workspace/scratch/ma_pkonz-thesis/ForestDiffusion/tests/saved_models/5_campaign.npz/tccm/c53cd13683d887737cba6088d128bdfc.joblib
[*] Loading cached tccm model from /pfs/work9/workspace/scratch/ma_pkonz-thesis/ForestDiffusion/tests/saved_models/5_campaign.npz/tccm/af1e70289735d33ec476a48d54898164.joblib
[*] Loading cached tccm model from /pfs/work9/workspace/scratch/ma_pkonz-thesis/ForestDiffusion/tests/saved_models/5_campaign.npz/tccm/0021447389864488950bcfef991e4d26.joblib
[*] Loading cached tccm model from /pfs/work9/workspace/scratch/ma_pkonz-thesis/ForestDiffusion/tests/saved_models/5_campaign.npz/tccm/2344dd89066f9a8d2334b65e116b0ced.joblib
[*] Loading cached tccm model from /pfs/work9/workspace/scratch/ma_pkonz-thesis/ForestDiffusion/tests/saved_models/5_campaign.npz/tccm/ce5645fc0d2c530ae3cc1a24787e2f87.joblib
[*] Loading cached tccm model from /pfs/work9/workspace/scratch/ma_pkonz-thesis/ForestDiffusion/tests/saved_models/5_campaign.npz/tccm/41f9eb20b73abdf6db51e7a15ef45cf2.joblib
[*] Loading cached tccm model from /pfs/work9/workspace/scratch/ma_pkonz-thesis/ForestDiffusion/tests/saved_models/5_campaign.npz/tccm/db88f8bf838759d153e0e8d7987e1e50.joblib
[*] Loading cached tccm model from /pfs/work9/workspace/scratch/ma_pkonz-thesis/ForestDiffusion/tests/saved_models/5_campaign.npz/tccm/9e6a9967860d53aad1a5d50198682fd1.joblib
[*] Loading cached tccm model from /pfs/work9/workspace/scratch/ma_pkonz-thesis/ForestDiffusion/tests/saved_models/5_campaign.npz/tccm/1bd9c387e36a5f0aceaf0bb3a974ddb6.joblib
[*] Loading cached tccm model from /pfs/work9/workspace/scratch/ma_pkonz-thesis/ForestDiffusion/tests/saved_models/5_campaign.npz/tccm/05c26d17d839653adcd64b315829e529.joblib
[*] Loading cached tccm model from /pfs/work9/workspace/scratch/ma_pkonz-thesis/ForestDiffusion/tests/saved_models/5_campaign.npz/tccm/928f201ec046864e548f94aa82520a50.joblib
[*] Loading cached tccm model from /pfs/work9/workspace/scratch/ma_pkonz-thesis/ForestDiffusion/tests/saved_models/5_campaign.npz/tccm/0566f952ce357b1f4f0b78ec0a3de010.joblib
[*] Loading cached tccm model from /pfs/work9/workspace/scratch/ma_pkonz-thesis/ForestDiffusion/tests/saved_models/5_campaign.npz/tccm/0bf0ff1003329466afba58448098df7f.joblib
[*] Loading cached tccm model from /pfs/work9/workspace/scratch/ma_pkonz-thesis/ForestDiffusion/tests/saved_models/5_campaign.npz/tccm/a912ba42ed12ca8e12e02f4d6f73f644.joblib

 Dataset: 5_campaign.npz with model: TCCM_nt20 and score: reconstruction
 
Dataset loaded successfully!
Training data: (18274, 62), Normal: 18274
Test data: (22914, 62), Normal: 18274, Anomalies: 4640
[*] Loading cached tccm model from /pfs/work9/workspace/scratch/ma_pkonz-thesis/ForestDiffusion/tests/saved_models/5_campaign.npz/tccm/677ca9f404d82e04084bbce635d40b37.joblib
[*] Loading cached tccm model from /pfs/work9/workspace/scratch/ma_pkonz-thesis/ForestDiffusion/tests/saved_models/5_campaign.npz/tccm/f9db39493dff676f16c80fa2cfba7fd9.joblib
[*] Loading cached tccm model from /pfs/work9/workspace/scratch/ma_pkonz-thesis/ForestDiffusion/tests/saved_models/5_campaign.npz/tccm/aee8bf82e21fa40fb0fa61228a9c641e.joblib
[*] Loading cached tccm model from /pfs/work9/workspace/scratch/ma_pkonz-thesis/ForestDiffusion/tests/saved_models/5_campaign.npz/tccm/b0805671db87a8306f33112771a627b5.joblib
[*] Loading cached tccm model from /pfs/work9/workspace/scratch/ma_pkonz-thesis/ForestDiffusion/tests/saved_models/5_campaign.npz/tccm/732986203268044b4377d05a8b42f5c4.joblib
[*] Loading cached tccm model from /pfs/work9/workspace/scratch/ma_pkonz-thesis/ForestDiffusion/tests/saved_models/5_campaign.npz/tccm/8090bcb16601ca52fd3f4f16a5720306.joblib
[*] Loading cached tccm model from /pfs/work9/workspace/scratch/ma_pkonz-thesis/ForestDiffusion/tests/saved_models/5_campaign.npz/tccm/9cd18656995e806c6be7430e85305577.joblib
[*] Loading cached tccm model from /pfs/work9/workspace/scratch/ma_pkonz-thesis/ForestDiffusion/tests/saved_models/5_campaign.npz/tccm/761272a4613eddd93869c5cd4fa47ed6.joblib
[*] Loading cached tccm model from /pfs/work9/workspace/scratch/ma_pkonz-thesis/ForestDiffusion/tests/saved_models/5_campaign.npz/tccm/58d968812945dcc2ab2046a2c6919d50.joblib
[*] Loading cached tccm model from /pfs/work9/workspace/scratch/ma_pkonz-thesis/ForestDiffusion/tests/saved_models/5_campaign.npz/tccm/9d682486f670b03e8a0cf1ce2a912426.joblib
[*] Loading cached tccm model from /pfs/work9/workspace/scratch/ma_pkonz-thesis/ForestDiffusion/tests/saved_models/5_campaign.npz/tccm/7fe94e126adb4d81a1d3e5225827aae8.joblib
[*] Loading cached tccm model from /pfs/work9/workspace/scratch/ma_pkonz-thesis/ForestDiffusion/tests/saved_models/5_campaign.npz/tccm/3cde777b6bfc6ff705bb1517e9c9ef23.joblib
[*] Loading cached tccm model from /pfs/work9/workspace/scratch/ma_pkonz-thesis/ForestDiffusion/tests/saved_models/5_campaign.npz/tccm/f80e83ee90a02be23fcbfbe23d2b9b70.joblib
[*] Loading cached tccm model from /pfs/work9/workspace/scratch/ma_pkonz-thesis/ForestDiffusion/tests/saved_models/5_campaign.npz/tccm/303f8ceee8a1e76eb1f33e6c84f15cbb.joblib
[*] Loading cached tccm model from /pfs/work9/workspace/scratch/ma_pkonz-thesis/ForestDiffusion/tests/saved_models/5_campaign.npz/tccm/bfc788a74207342beec331fea384270a.joblib
[*] Loading cached tccm model from /pfs/work9/workspace/scratch/ma_pkonz-thesis/ForestDiffusion/tests/saved_models/5_campaign.npz/tccm/55a02641aac31b24de3f0bd068bcaf01.joblib
[*] Loading cached tccm model from /pfs/work9/workspace/scratch/ma_pkonz-thesis/ForestDiffusion/tests/saved_models/5_campaign.npz/tccm/8a174d778de8bbb3ffbe4ebfb511286b.joblib
[*] Loading cached tccm model from /pfs/work9/workspace/scratch/ma_pkonz-thesis/ForestDiffusion/tests/saved_models/5_campaign.npz/tccm/fb03377a22f392bf3ac291618c01c7d7.joblib
[*] Loading cached tccm model from /pfs/work9/workspace/scratch/ma_pkonz-thesis/ForestDiffusion/tests/saved_models/5_campaign.npz/tccm/667e21283cc41c39e3b7de642a3acbd4.joblib
[*] Loading cached tccm model from /pfs/work9/workspace/scratch/ma_pkonz-thesis/ForestDiffusion/tests/saved_models/5_campaign.npz/tccm/27a5e18c173eca1bdf2805a05584f8b9.joblib
[*] Loading cached tccm model from /pfs/work9/workspace/scratch/ma_pkonz-thesis/ForestDiffusion/tests/saved_models/5_campaign.npz/tccm/dec7155d523dffe06a832569ee710081.joblib
[*] Loading cached tccm model from /pfs/work9/workspace/scratch/ma_pkonz-thesis/ForestDiffusion/tests/saved_models/5_campaign.npz/tccm/8fef6399de3c0cc7e1f42fac6e5ecee7.joblib
[*] Loading cached tccm model from /pfs/work9/workspace/scratch/ma_pkonz-thesis/ForestDiffusion/tests/saved_models/5_campaign.npz/tccm/4af1723e12776e377aa984bb3a14b64b.joblib
[*] Loading cached tccm model from /pfs/work9/workspace/scratch/ma_pkonz-thesis/ForestDiffusion/tests/saved_models/5_campaign.npz/tccm/dfca52acf8ad348c77b812e663a1147d.joblib
[*] Loading cached tccm model from /pfs/work9/workspace/scratch/ma_pkonz-thesis/ForestDiffusion/tests/saved_models/5_campaign.npz/tccm/7eaa67118dc7d5c4e264da3b9a07cf2e.joblib
[*] Loading cached tccm model from /pfs/work9/workspace/scratch/ma_pkonz-thesis/ForestDiffusion/tests/saved_models/5_campaign.npz/tccm/42b9a6f13e0662055d733b8fcb8cf038.joblib
[*] Loading cached tccm model from /pfs/work9/workspace/scratch/ma_pkonz-thesis/ForestDiffusion/tests/saved_models/5_campaign.npz/tccm/6a3bbd531ae5dd4a8232f351f84c4c37.joblib
[*] Loading cached tccm model from /pfs/work9/workspace/scratch/ma_pkonz-thesis/ForestDiffusion/tests/saved_models/5_campaign.npz/tccm/8f787864259c723919248d4f173d327c.joblib
[*] Loading cached tccm model from /pfs/work9/workspace/scratch/ma_pkonz-thesis/ForestDiffusion/tests/saved_models/5_campaign.npz/tccm/e8ade6147ea5f757b495c4e889e4609b.joblib
[*] Loading cached tccm model from /pfs/work9/workspace/scratch/ma_pkonz-thesis/ForestDiffusion/tests/saved_models/5_campaign.npz/tccm/28167248ce546bfd92c0f87163d67df5.joblib
[*] Loading cached tccm model from /pfs/work9/workspace/scratch/ma_pkonz-thesis/ForestDiffusion/tests/saved_models/5_campaign.npz/tccm/a85c9620d31feddbbd2e1507e200a7bc.joblib
[*] Loading cached tccm model from /pfs/work9/workspace/scratch/ma_pkonz-thesis/ForestDiffusion/tests/saved_models/5_campaign.npz/tccm/5c0323c24739af1462ce139d723fad1a.joblib
[*] Loading cached tccm model from /pfs/work9/workspace/scratch/ma_pkonz-thesis/ForestDiffusion/tests/saved_models/5_campaign.npz/tccm/00c4015ee2600fbc8b471af4cb86e8bd.joblib
[*] Loading cached tccm model from /pfs/work9/workspace/scratch/ma_pkonz-thesis/ForestDiffusion/tests/saved_models/5_campaign.npz/tccm/84c3b0faf7aa97a6eab5ff221d98adea.joblib
[*] Loading cached tccm model from /pfs/work9/workspace/scratch/ma_pkonz-thesis/ForestDiffusion/tests/saved_models/5_campaign.npz/tccm/646b3fd9b244f3413b64df341133b7bd.joblib
[*] Loading cached tccm model from /pfs/work9/workspace/scratch/ma_pkonz-thesis/ForestDiffusion/tests/saved_models/5_campaign.npz/tccm/9ef54966b15fc05467bfdde4c5ba0d39.joblib
[*] Loading cached tccm model from /pfs/work9/workspace/scratch/ma_pkonz-thesis/ForestDiffusion/tests/saved_models/5_campaign.npz/tccm/c53cd13683d887737cba6088d128bdfc.joblib
[*] Loading cached tccm model from /pfs/work9/workspace/scratch/ma_pkonz-thesis/ForestDiffusion/tests/saved_models/5_campaign.npz/tccm/af1e70289735d33ec476a48d54898164.joblib
[*] Loading cached tccm model from /pfs/work9/workspace/scratch/ma_pkonz-thesis/ForestDiffusion/tests/saved_models/5_campaign.npz/tccm/0021447389864488950bcfef991e4d26.joblib
[*] Loading cached tccm model from /pfs/work9/workspace/scratch/ma_pkonz-thesis/ForestDiffusion/tests/saved_models/5_campaign.npz/tccm/2344dd89066f9a8d2334b65e116b0ced.joblib
[*] Loading cached tccm model from /pfs/work9/workspace/scratch/ma_pkonz-thesis/ForestDiffusion/tests/saved_models/5_campaign.npz/tccm/ce5645fc0d2c530ae3cc1a24787e2f87.joblib
[*] Loading cached tccm model from /pfs/work9/workspace/scratch/ma_pkonz-thesis/ForestDiffusion/tests/saved_models/5_campaign.npz/tccm/41f9eb20b73abdf6db51e7a15ef45cf2.joblib
[*] Loading cached tccm model from /pfs/work9/workspace/scratch/ma_pkonz-thesis/ForestDiffusion/tests/saved_models/5_campaign.npz/tccm/db88f8bf838759d153e0e8d7987e1e50.joblib
[*] Loading cached tccm model from /pfs/work9/workspace/scratch/ma_pkonz-thesis/ForestDiffusion/tests/saved_models/5_campaign.npz/tccm/9e6a9967860d53aad1a5d50198682fd1.joblib
[*] Loading cached tccm model from /pfs/work9/workspace/scratch/ma_pkonz-thesis/ForestDiffusion/tests/saved_models/5_campaign.npz/tccm/1bd9c387e36a5f0aceaf0bb3a974ddb6.joblib
[*] Loading cached tccm model from /pfs/work9/workspace/scratch/ma_pkonz-thesis/ForestDiffusion/tests/saved_models/5_campaign.npz/tccm/05c26d17d839653adcd64b315829e529.joblib
[*] Loading cached tccm model from /pfs/work9/workspace/scratch/ma_pkonz-thesis/ForestDiffusion/tests/saved_models/5_campaign.npz/tccm/928f201ec046864e548f94aa82520a50.joblib
[*] Loading cached tccm model from /pfs/work9/workspace/scratch/ma_pkonz-thesis/ForestDiffusion/tests/saved_models/5_campaign.npz/tccm/0566f952ce357b1f4f0b78ec0a3de010.joblib
[*] Loading cached tccm model from /pfs/work9/workspace/scratch/ma_pkonz-thesis/ForestDiffusion/tests/saved_models/5_campaign.npz/tccm/0bf0ff1003329466afba58448098df7f.joblib
[*] Loading cached tccm model from /pfs/work9/workspace/scratch/ma_pkonz-thesis/ForestDiffusion/tests/saved_models/5_campaign.npz/tccm/a912ba42ed12ca8e12e02f4d6f73f644.joblib

 Dataset: 5_campaign.npz with model: TCCM_nt20 and score: decision
 
Dataset loaded successfully!
Training data: (18274, 62), Normal: 18274
Test data: (22914, 62), Normal: 18274, Anomalies: 4640
[*] Loading cached tccm model from /pfs/work9/workspace/scratch/ma_pkonz-thesis/ForestDiffusion/tests/saved_models/5_campaign.npz/tccm/677ca9f404d82e04084bbce635d40b37.joblib
[*] Loading cached tccm model from /pfs/work9/workspace/scratch/ma_pkonz-thesis/ForestDiffusion/tests/saved_models/5_campaign.npz/tccm/f9db39493dff676f16c80fa2cfba7fd9.joblib
[*] Loading cached tccm model from /pfs/work9/workspace/scratch/ma_pkonz-thesis/ForestDiffusion/tests/saved_models/5_campaign.npz/tccm/aee8bf82e21fa40fb0fa61228a9c641e.joblib
[*] Loading cached tccm model from /pfs/work9/workspace/scratch/ma_pkonz-thesis/ForestDiffusion/tests/saved_models/5_campaign.npz/tccm/b0805671db87a8306f33112771a627b5.joblib
[*] Loading cached tccm model from /pfs/work9/workspace/scratch/ma_pkonz-thesis/ForestDiffusion/tests/saved_models/5_campaign.npz/tccm/732986203268044b4377d05a8b42f5c4.joblib
[*] Loading cached tccm model from /pfs/work9/workspace/scratch/ma_pkonz-thesis/ForestDiffusion/tests/saved_models/5_campaign.npz/tccm/8090bcb16601ca52fd3f4f16a5720306.joblib
[*] Loading cached tccm model from /pfs/work9/workspace/scratch/ma_pkonz-thesis/ForestDiffusion/tests/saved_models/5_campaign.npz/tccm/9cd18656995e806c6be7430e85305577.joblib
[*] Loading cached tccm model from /pfs/work9/workspace/scratch/ma_pkonz-thesis/ForestDiffusion/tests/saved_models/5_campaign.npz/tccm/761272a4613eddd93869c5cd4fa47ed6.joblib
[*] Loading cached tccm model from /pfs/work9/workspace/scratch/ma_pkonz-thesis/ForestDiffusion/tests/saved_models/5_campaign.npz/tccm/58d968812945dcc2ab2046a2c6919d50.joblib
[*] Loading cached tccm model from /pfs/work9/workspace/scratch/ma_pkonz-thesis/ForestDiffusion/tests/saved_models/5_campaign.npz/tccm/9d682486f670b03e8a0cf1ce2a912426.joblib
[*] Loading cached tccm model from /pfs/work9/workspace/scratch/ma_pkonz-thesis/ForestDiffusion/tests/saved_models/5_campaign.npz/tccm/7fe94e126adb4d81a1d3e5225827aae8.joblib
[*] Loading cached tccm model from /pfs/work9/workspace/scratch/ma_pkonz-thesis/ForestDiffusion/tests/saved_models/5_campaign.npz/tccm/3cde777b6bfc6ff705bb1517e9c9ef23.joblib
[*] Loading cached tccm model from /pfs/work9/workspace/scratch/ma_pkonz-thesis/ForestDiffusion/tests/saved_models/5_campaign.npz/tccm/f80e83ee90a02be23fcbfbe23d2b9b70.joblib
[*] Loading cached tccm model from /pfs/work9/workspace/scratch/ma_pkonz-thesis/ForestDiffusion/tests/saved_models/5_campaign.npz/tccm/303f8ceee8a1e76eb1f33e6c84f15cbb.joblib
[*] Loading cached tccm model from /pfs/work9/workspace/scratch/ma_pkonz-thesis/ForestDiffusion/tests/saved_models/5_campaign.npz/tccm/bfc788a74207342beec331fea384270a.joblib
[*] Loading cached tccm model from /pfs/work9/workspace/scratch/ma_pkonz-thesis/ForestDiffusion/tests/saved_models/5_campaign.npz/tccm/55a02641aac31b24de3f0bd068bcaf01.joblib
[*] Loading cached tccm model from /pfs/work9/workspace/scratch/ma_pkonz-thesis/ForestDiffusion/tests/saved_models/5_campaign.npz/tccm/8a174d778de8bbb3ffbe4ebfb511286b.joblib
[*] Loading cached tccm model from /pfs/work9/workspace/scratch/ma_pkonz-thesis/ForestDiffusion/tests/saved_models/5_campaign.npz/tccm/fb03377a22f392bf3ac291618c01c7d7.joblib
[*] Loading cached tccm model from /pfs/work9/workspace/scratch/ma_pkonz-thesis/ForestDiffusion/tests/saved_models/5_campaign.npz/tccm/667e21283cc41c39e3b7de642a3acbd4.joblib
[*] Loading cached tccm model from /pfs/work9/workspace/scratch/ma_pkonz-thesis/ForestDiffusion/tests/saved_models/5_campaign.npz/tccm/27a5e18c173eca1bdf2805a05584f8b9.joblib
[*] Loading cached tccm model from /pfs/work9/workspace/scratch/ma_pkonz-thesis/ForestDiffusion/tests/saved_models/5_campaign.npz/tccm/dec7155d523dffe06a832569ee710081.joblib
[*] Loading cached tccm model from /pfs/work9/workspace/scratch/ma_pkonz-thesis/ForestDiffusion/tests/saved_models/5_campaign.npz/tccm/8fef6399de3c0cc7e1f42fac6e5ecee7.joblib
[*] Loading cached tccm model from /pfs/work9/workspace/scratch/ma_pkonz-thesis/ForestDiffusion/tests/saved_models/5_campaign.npz/tccm/4af1723e12776e377aa984bb3a14b64b.joblib
[*] Loading cached tccm model from /pfs/work9/workspace/scratch/ma_pkonz-thesis/ForestDiffusion/tests/saved_models/5_campaign.npz/tccm/dfca52acf8ad348c77b812e663a1147d.joblib
[*] Loading cached tccm model from /pfs/work9/workspace/scratch/ma_pkonz-thesis/ForestDiffusion/tests/saved_models/5_campaign.npz/tccm/7eaa67118dc7d5c4e264da3b9a07cf2e.joblib
[*] Loading cached tccm model from /pfs/work9/workspace/scratch/ma_pkonz-thesis/ForestDiffusion/tests/saved_models/5_campaign.npz/tccm/42b9a6f13e0662055d733b8fcb8cf038.joblib
[*] Loading cached tccm model from /pfs/work9/workspace/scratch/ma_pkonz-thesis/ForestDiffusion/tests/saved_models/5_campaign.npz/tccm/6a3bbd531ae5dd4a8232f351f84c4c37.joblib
[*] Loading cached tccm model from /pfs/work9/workspace/scratch/ma_pkonz-thesis/ForestDiffusion/tests/saved_models/5_campaign.npz/tccm/8f787864259c723919248d4f173d327c.joblib
[*] Loading cached tccm model from /pfs/work9/workspace/scratch/ma_pkonz-thesis/ForestDiffusion/tests/saved_models/5_campaign.npz/tccm/e8ade6147ea5f757b495c4e889e4609b.joblib
[*] Loading cached tccm model from /pfs/work9/workspace/scratch/ma_pkonz-thesis/ForestDiffusion/tests/saved_models/5_campaign.npz/tccm/28167248ce546bfd92c0f87163d67df5.joblib
[*] Loading cached tccm model from /pfs/work9/workspace/scratch/ma_pkonz-thesis/ForestDiffusion/tests/saved_models/5_campaign.npz/tccm/a85c9620d31feddbbd2e1507e200a7bc.joblib
[*] Loading cached tccm model from /pfs/work9/workspace/scratch/ma_pkonz-thesis/ForestDiffusion/tests/saved_models/5_campaign.npz/tccm/5c0323c24739af1462ce139d723fad1a.joblib
[*] Loading cached tccm model from /pfs/work9/workspace/scratch/ma_pkonz-thesis/ForestDiffusion/tests/saved_models/5_campaign.npz/tccm/00c4015ee2600fbc8b471af4cb86e8bd.joblib
[*] Loading cached tccm model from /pfs/work9/workspace/scratch/ma_pkonz-thesis/ForestDiffusion/tests/saved_models/5_campaign.npz/tccm/84c3b0faf7aa97a6eab5ff221d98adea.joblib
[*] Loading cached tccm model from /pfs/work9/workspace/scratch/ma_pkonz-thesis/ForestDiffusion/tests/saved_models/5_campaign.npz/tccm/646b3fd9b244f3413b64df341133b7bd.joblib
[*] Loading cached tccm model from /pfs/work9/workspace/scratch/ma_pkonz-thesis/ForestDiffusion/tests/saved_models/5_campaign.npz/tccm/9ef54966b15fc05467bfdde4c5ba0d39.joblib
[*] Loading cached tccm model from /pfs/work9/workspace/scratch/ma_pkonz-thesis/ForestDiffusion/tests/saved_models/5_campaign.npz/tccm/c53cd13683d887737cba6088d128bdfc.joblib
[*] Loading cached tccm model from /pfs/work9/workspace/scratch/ma_pkonz-thesis/ForestDiffusion/tests/saved_models/5_campaign.npz/tccm/af1e70289735d33ec476a48d54898164.joblib
[*] Loading cached tccm model from /pfs/work9/workspace/scratch/ma_pkonz-thesis/ForestDiffusion/tests/saved_models/5_campaign.npz/tccm/0021447389864488950bcfef991e4d26.joblib
[*] Loading cached tccm model from /pfs/work9/workspace/scratch/ma_pkonz-thesis/ForestDiffusion/tests/saved_models/5_campaign.npz/tccm/2344dd89066f9a8d2334b65e116b0ced.joblib
[*] Loading cached tccm model from /pfs/work9/workspace/scratch/ma_pkonz-thesis/ForestDiffusion/tests/saved_models/5_campaign.npz/tccm/ce5645fc0d2c530ae3cc1a24787e2f87.joblib
[*] Loading cached tccm model from /pfs/work9/workspace/scratch/ma_pkonz-thesis/ForestDiffusion/tests/saved_models/5_campaign.npz/tccm/41f9eb20b73abdf6db51e7a15ef45cf2.joblib
[*] Loading cached tccm model from /pfs/work9/workspace/scratch/ma_pkonz-thesis/ForestDiffusion/tests/saved_models/5_campaign.npz/tccm/db88f8bf838759d153e0e8d7987e1e50.joblib
[*] Loading cached tccm model from /pfs/work9/workspace/scratch/ma_pkonz-thesis/ForestDiffusion/tests/saved_models/5_campaign.npz/tccm/9e6a9967860d53aad1a5d50198682fd1.joblib
[*] Loading cached tccm model from /pfs/work9/workspace/scratch/ma_pkonz-thesis/ForestDiffusion/tests/saved_models/5_campaign.npz/tccm/1bd9c387e36a5f0aceaf0bb3a974ddb6.joblib
[*] Loading cached tccm model from /pfs/work9/workspace/scratch/ma_pkonz-thesis/ForestDiffusion/tests/saved_models/5_campaign.npz/tccm/05c26d17d839653adcd64b315829e529.joblib
[*] Loading cached tccm model from /pfs/work9/workspace/scratch/ma_pkonz-thesis/ForestDiffusion/tests/saved_models/5_campaign.npz/tccm/928f201ec046864e548f94aa82520a50.joblib
[*] Loading cached tccm model from /pfs/work9/workspace/scratch/ma_pkonz-thesis/ForestDiffusion/tests/saved_models/5_campaign.npz/tccm/0566f952ce357b1f4f0b78ec0a3de010.joblib
[*] Loading cached tccm model from /pfs/work9/workspace/scratch/ma_pkonz-thesis/ForestDiffusion/tests/saved_models/5_campaign.npz/tccm/0bf0ff1003329466afba58448098df7f.joblib
[*] Loading cached tccm model from /pfs/work9/workspace/scratch/ma_pkonz-thesis/ForestDiffusion/tests/saved_models/5_campaign.npz/tccm/a912ba42ed12ca8e12e02f4d6f73f644.joblib

 Dataset: 5_campaign.npz with model: TCCM_nt5 and score: deviation
 
Dataset loaded successfully!
Training data: (18274, 62), Normal: 18274
Test data: (22914, 62), Normal: 18274, Anomalies: 4640
[*] Loading cached tccm model from /pfs/work9/workspace/scratch/ma_pkonz-thesis/ForestDiffusion/tests/saved_models/5_campaign.npz/tccm/677ca9f404d82e04084bbce635d40b37.joblib
[*] Loading cached tccm model from /pfs/work9/workspace/scratch/ma_pkonz-thesis/ForestDiffusion/tests/saved_models/5_campaign.npz/tccm/f9db39493dff676f16c80fa2cfba7fd9.joblib
[*] Loading cached tccm model from /pfs/work9/workspace/scratch/ma_pkonz-thesis/ForestDiffusion/tests/saved_models/5_campaign.npz/tccm/aee8bf82e21fa40fb0fa61228a9c641e.joblib
[*] Loading cached tccm model from /pfs/work9/workspace/scratch/ma_pkonz-thesis/ForestDiffusion/tests/saved_models/5_campaign.npz/tccm/b0805671db87a8306f33112771a627b5.joblib
[*] Loading cached tccm model from /pfs/work9/workspace/scratch/ma_pkonz-thesis/ForestDiffusion/tests/saved_models/5_campaign.npz/tccm/732986203268044b4377d05a8b42f5c4.joblib
[*] Loading cached tccm model from /pfs/work9/workspace/scratch/ma_pkonz-thesis/ForestDiffusion/tests/saved_models/5_campaign.npz/tccm/8090bcb16601ca52fd3f4f16a5720306.joblib
[*] Loading cached tccm model from /pfs/work9/workspace/scratch/ma_pkonz-thesis/ForestDiffusion/tests/saved_models/5_campaign.npz/tccm/9cd18656995e806c6be7430e85305577.joblib
[*] Loading cached tccm model from /pfs/work9/workspace/scratch/ma_pkonz-thesis/ForestDiffusion/tests/saved_models/5_campaign.npz/tccm/761272a4613eddd93869c5cd4fa47ed6.joblib
[*] Loading cached tccm model from /pfs/work9/workspace/scratch/ma_pkonz-thesis/ForestDiffusion/tests/saved_models/5_campaign.npz/tccm/58d968812945dcc2ab2046a2c6919d50.joblib
[*] Loading cached tccm model from /pfs/work9/workspace/scratch/ma_pkonz-thesis/ForestDiffusion/tests/saved_models/5_campaign.npz/tccm/9d682486f670b03e8a0cf1ce2a912426.joblib
[*] Loading cached tccm model from /pfs/work9/workspace/scratch/ma_pkonz-thesis/ForestDiffusion/tests/saved_models/5_campaign.npz/tccm/7fe94e126adb4d81a1d3e5225827aae8.joblib
[*] Loading cached tccm model from /pfs/work9/workspace/scratch/ma_pkonz-thesis/ForestDiffusion/tests/saved_models/5_campaign.npz/tccm/3cde777b6bfc6ff705bb1517e9c9ef23.joblib
[*] Loading cached tccm model from /pfs/work9/workspace/scratch/ma_pkonz-thesis/ForestDiffusion/tests/saved_models/5_campaign.npz/tccm/f80e83ee90a02be23fcbfbe23d2b9b70.joblib
[*] Loading cached tccm model from /pfs/work9/workspace/scratch/ma_pkonz-thesis/ForestDiffusion/tests/saved_models/5_campaign.npz/tccm/303f8ceee8a1e76eb1f33e6c84f15cbb.joblib
[*] Loading cached tccm model from /pfs/work9/workspace/scratch/ma_pkonz-thesis/ForestDiffusion/tests/saved_models/5_campaign.npz/tccm/bfc788a74207342beec331fea384270a.joblib
[*] Loading cached tccm model from /pfs/work9/workspace/scratch/ma_pkonz-thesis/ForestDiffusion/tests/saved_models/5_campaign.npz/tccm/55a02641aac31b24de3f0bd068bcaf01.joblib
[*] Loading cached tccm model from /pfs/work9/workspace/scratch/ma_pkonz-thesis/ForestDiffusion/tests/saved_models/5_campaign.npz/tccm/8a174d778de8bbb3ffbe4ebfb511286b.joblib
[*] Loading cached tccm model from /pfs/work9/workspace/scratch/ma_pkonz-thesis/ForestDiffusion/tests/saved_models/5_campaign.npz/tccm/fb03377a22f392bf3ac291618c01c7d7.joblib
[*] Loading cached tccm model from /pfs/work9/workspace/scratch/ma_pkonz-thesis/ForestDiffusion/tests/saved_models/5_campaign.npz/tccm/667e21283cc41c39e3b7de642a3acbd4.joblib
[*] Loading cached tccm model from /pfs/work9/workspace/scratch/ma_pkonz-thesis/ForestDiffusion/tests/saved_models/5_campaign.npz/tccm/27a5e18c173eca1bdf2805a05584f8b9.joblib
[*] Loading cached tccm model from /pfs/work9/workspace/scratch/ma_pkonz-thesis/ForestDiffusion/tests/saved_models/5_campaign.npz/tccm/dec7155d523dffe06a832569ee710081.joblib
[*] Loading cached tccm model from /pfs/work9/workspace/scratch/ma_pkonz-thesis/ForestDiffusion/tests/saved_models/5_campaign.npz/tccm/8fef6399de3c0cc7e1f42fac6e5ecee7.joblib
[*] Loading cached tccm model from /pfs/work9/workspace/scratch/ma_pkonz-thesis/ForestDiffusion/tests/saved_models/5_campaign.npz/tccm/4af1723e12776e377aa984bb3a14b64b.joblib
[*] Loading cached tccm model from /pfs/work9/workspace/scratch/ma_pkonz-thesis/ForestDiffusion/tests/saved_models/5_campaign.npz/tccm/dfca52acf8ad348c77b812e663a1147d.joblib
[*] Loading cached tccm model from /pfs/work9/workspace/scratch/ma_pkonz-thesis/ForestDiffusion/tests/saved_models/5_campaign.npz/tccm/7eaa67118dc7d5c4e264da3b9a07cf2e.joblib
[*] Loading cached tccm model from /pfs/work9/workspace/scratch/ma_pkonz-thesis/ForestDiffusion/tests/saved_models/5_campaign.npz/tccm/42b9a6f13e0662055d733b8fcb8cf038.joblib
[*] Loading cached tccm model from /pfs/work9/workspace/scratch/ma_pkonz-thesis/ForestDiffusion/tests/saved_models/5_campaign.npz/tccm/6a3bbd531ae5dd4a8232f351f84c4c37.joblib
[*] Loading cached tccm model from /pfs/work9/workspace/scratch/ma_pkonz-thesis/ForestDiffusion/tests/saved_models/5_campaign.npz/tccm/8f787864259c723919248d4f173d327c.joblib
[*] Loading cached tccm model from /pfs/work9/workspace/scratch/ma_pkonz-thesis/ForestDiffusion/tests/saved_models/5_campaign.npz/tccm/e8ade6147ea5f757b495c4e889e4609b.joblib
[*] Loading cached tccm model from /pfs/work9/workspace/scratch/ma_pkonz-thesis/ForestDiffusion/tests/saved_models/5_campaign.npz/tccm/28167248ce546bfd92c0f87163d67df5.joblib
[*] Loading cached tccm model from /pfs/work9/workspace/scratch/ma_pkonz-thesis/ForestDiffusion/tests/saved_models/5_campaign.npz/tccm/a85c9620d31feddbbd2e1507e200a7bc.joblib
[*] Loading cached tccm model from /pfs/work9/workspace/scratch/ma_pkonz-thesis/ForestDiffusion/tests/saved_models/5_campaign.npz/tccm/5c0323c24739af1462ce139d723fad1a.joblib
[*] Loading cached tccm model from /pfs/work9/workspace/scratch/ma_pkonz-thesis/ForestDiffusion/tests/saved_models/5_campaign.npz/tccm/00c4015ee2600fbc8b471af4cb86e8bd.joblib
[*] Loading cached tccm model from /pfs/work9/workspace/scratch/ma_pkonz-thesis/ForestDiffusion/tests/saved_models/5_campaign.npz/tccm/84c3b0faf7aa97a6eab5ff221d98adea.joblib
[*] Loading cached tccm model from /pfs/work9/workspace/scratch/ma_pkonz-thesis/ForestDiffusion/tests/saved_models/5_campaign.npz/tccm/646b3fd9b244f3413b64df341133b7bd.joblib
[*] Loading cached tccm model from /pfs/work9/workspace/scratch/ma_pkonz-thesis/ForestDiffusion/tests/saved_models/5_campaign.npz/tccm/9ef54966b15fc05467bfdde4c5ba0d39.joblib
[*] Loading cached tccm model from /pfs/work9/workspace/scratch/ma_pkonz-thesis/ForestDiffusion/tests/saved_models/5_campaign.npz/tccm/c53cd13683d887737cba6088d128bdfc.joblib
[*] Loading cached tccm model from /pfs/work9/workspace/scratch/ma_pkonz-thesis/ForestDiffusion/tests/saved_models/5_campaign.npz/tccm/af1e70289735d33ec476a48d54898164.joblib
[*] Loading cached tccm model from /pfs/work9/workspace/scratch/ma_pkonz-thesis/ForestDiffusion/tests/saved_models/5_campaign.npz/tccm/0021447389864488950bcfef991e4d26.joblib
[*] Loading cached tccm model from /pfs/work9/workspace/scratch/ma_pkonz-thesis/ForestDiffusion/tests/saved_models/5_campaign.npz/tccm/2344dd89066f9a8d2334b65e116b0ced.joblib
[*] Loading cached tccm model from /pfs/work9/workspace/scratch/ma_pkonz-thesis/ForestDiffusion/tests/saved_models/5_campaign.npz/tccm/ce5645fc0d2c530ae3cc1a24787e2f87.joblib
[*] Loading cached tccm model from /pfs/work9/workspace/scratch/ma_pkonz-thesis/ForestDiffusion/tests/saved_models/5_campaign.npz/tccm/41f9eb20b73abdf6db51e7a15ef45cf2.joblib
[*] Loading cached tccm model from /pfs/work9/workspace/scratch/ma_pkonz-thesis/ForestDiffusion/tests/saved_models/5_campaign.npz/tccm/db88f8bf838759d153e0e8d7987e1e50.joblib
[*] Loading cached tccm model from /pfs/work9/workspace/scratch/ma_pkonz-thesis/ForestDiffusion/tests/saved_models/5_campaign.npz/tccm/9e6a9967860d53aad1a5d50198682fd1.joblib
[*] Loading cached tccm model from /pfs/work9/workspace/scratch/ma_pkonz-thesis/ForestDiffusion/tests/saved_models/5_campaign.npz/tccm/1bd9c387e36a5f0aceaf0bb3a974ddb6.joblib
[*] Loading cached tccm model from /pfs/work9/workspace/scratch/ma_pkonz-thesis/ForestDiffusion/tests/saved_models/5_campaign.npz/tccm/05c26d17d839653adcd64b315829e529.joblib
[*] Loading cached tccm model from /pfs/work9/workspace/scratch/ma_pkonz-thesis/ForestDiffusion/tests/saved_models/5_campaign.npz/tccm/928f201ec046864e548f94aa82520a50.joblib
[*] Loading cached tccm model from /pfs/work9/workspace/scratch/ma_pkonz-thesis/ForestDiffusion/tests/saved_models/5_campaign.npz/tccm/0566f952ce357b1f4f0b78ec0a3de010.joblib
[*] Loading cached tccm model from /pfs/work9/workspace/scratch/ma_pkonz-thesis/ForestDiffusion/tests/saved_models/5_campaign.npz/tccm/0bf0ff1003329466afba58448098df7f.joblib
[*] Loading cached tccm model from /pfs/work9/workspace/scratch/ma_pkonz-thesis/ForestDiffusion/tests/saved_models/5_campaign.npz/tccm/a912ba42ed12ca8e12e02f4d6f73f644.joblib

 Dataset: 5_campaign.npz with model: TCCM_nt5 and score: reconstruction
 
Dataset loaded successfully!
Training data: (18274, 62), Normal: 18274
Test data: (22914, 62), Normal: 18274, Anomalies: 4640
[*] Loading cached tccm model from /pfs/work9/workspace/scratch/ma_pkonz-thesis/ForestDiffusion/tests/saved_models/5_campaign.npz/tccm/677ca9f404d82e04084bbce635d40b37.joblib
[*] Loading cached tccm model from /pfs/work9/workspace/scratch/ma_pkonz-thesis/ForestDiffusion/tests/saved_models/5_campaign.npz/tccm/f9db39493dff676f16c80fa2cfba7fd9.joblib
[*] Loading cached tccm model from /pfs/work9/workspace/scratch/ma_pkonz-thesis/ForestDiffusion/tests/saved_models/5_campaign.npz/tccm/aee8bf82e21fa40fb0fa61228a9c641e.joblib
[*] Loading cached tccm model from /pfs/work9/workspace/scratch/ma_pkonz-thesis/ForestDiffusion/tests/saved_models/5_campaign.npz/tccm/b0805671db87a8306f33112771a627b5.joblib
[*] Loading cached tccm model from /pfs/work9/workspace/scratch/ma_pkonz-thesis/ForestDiffusion/tests/saved_models/5_campaign.npz/tccm/732986203268044b4377d05a8b42f5c4.joblib
[*] Loading cached tccm model from /pfs/work9/workspace/scratch/ma_pkonz-thesis/ForestDiffusion/tests/saved_models/5_campaign.npz/tccm/8090bcb16601ca52fd3f4f16a5720306.joblib
[*] Loading cached tccm model from /pfs/work9/workspace/scratch/ma_pkonz-thesis/ForestDiffusion/tests/saved_models/5_campaign.npz/tccm/9cd18656995e806c6be7430e85305577.joblib
[*] Loading cached tccm model from /pfs/work9/workspace/scratch/ma_pkonz-thesis/ForestDiffusion/tests/saved_models/5_campaign.npz/tccm/761272a4613eddd93869c5cd4fa47ed6.joblib
[*] Loading cached tccm model from /pfs/work9/workspace/scratch/ma_pkonz-thesis/ForestDiffusion/tests/saved_models/5_campaign.npz/tccm/58d968812945dcc2ab2046a2c6919d50.joblib
[*] Loading cached tccm model from /pfs/work9/workspace/scratch/ma_pkonz-thesis/ForestDiffusion/tests/saved_models/5_campaign.npz/tccm/9d682486f670b03e8a0cf1ce2a912426.joblib
[*] Loading cached tccm model from /pfs/work9/workspace/scratch/ma_pkonz-thesis/ForestDiffusion/tests/saved_models/5_campaign.npz/tccm/7fe94e126adb4d81a1d3e5225827aae8.joblib
[*] Loading cached tccm model from /pfs/work9/workspace/scratch/ma_pkonz-thesis/ForestDiffusion/tests/saved_models/5_campaign.npz/tccm/3cde777b6bfc6ff705bb1517e9c9ef23.joblib
[*] Loading cached tccm model from /pfs/work9/workspace/scratch/ma_pkonz-thesis/ForestDiffusion/tests/saved_models/5_campaign.npz/tccm/f80e83ee90a02be23fcbfbe23d2b9b70.joblib
[*] Loading cached tccm model from /pfs/work9/workspace/scratch/ma_pkonz-thesis/ForestDiffusion/tests/saved_models/5_campaign.npz/tccm/303f8ceee8a1e76eb1f33e6c84f15cbb.joblib
[*] Loading cached tccm model from /pfs/work9/workspace/scratch/ma_pkonz-thesis/ForestDiffusion/tests/saved_models/5_campaign.npz/tccm/bfc788a74207342beec331fea384270a.joblib
[*] Loading cached tccm model from /pfs/work9/workspace/scratch/ma_pkonz-thesis/ForestDiffusion/tests/saved_models/5_campaign.npz/tccm/55a02641aac31b24de3f0bd068bcaf01.joblib
[*] Loading cached tccm model from /pfs/work9/workspace/scratch/ma_pkonz-thesis/ForestDiffusion/tests/saved_models/5_campaign.npz/tccm/8a174d778de8bbb3ffbe4ebfb511286b.joblib
[*] Loading cached tccm model from /pfs/work9/workspace/scratch/ma_pkonz-thesis/ForestDiffusion/tests/saved_models/5_campaign.npz/tccm/fb03377a22f392bf3ac291618c01c7d7.joblib
[*] Loading cached tccm model from /pfs/work9/workspace/scratch/ma_pkonz-thesis/ForestDiffusion/tests/saved_models/5_campaign.npz/tccm/667e21283cc41c39e3b7de642a3acbd4.joblib
[*] Loading cached tccm model from /pfs/work9/workspace/scratch/ma_pkonz-thesis/ForestDiffusion/tests/saved_models/5_campaign.npz/tccm/27a5e18c173eca1bdf2805a05584f8b9.joblib
[*] Loading cached tccm model from /pfs/work9/workspace/scratch/ma_pkonz-thesis/ForestDiffusion/tests/saved_models/5_campaign.npz/tccm/dec7155d523dffe06a832569ee710081.joblib
[*] Loading cached tccm model from /pfs/work9/workspace/scratch/ma_pkonz-thesis/ForestDiffusion/tests/saved_models/5_campaign.npz/tccm/8fef6399de3c0cc7e1f42fac6e5ecee7.joblib
[*] Loading cached tccm model from /pfs/work9/workspace/scratch/ma_pkonz-thesis/ForestDiffusion/tests/saved_models/5_campaign.npz/tccm/4af1723e12776e377aa984bb3a14b64b.joblib
[*] Loading cached tccm model from /pfs/work9/workspace/scratch/ma_pkonz-thesis/ForestDiffusion/tests/saved_models/5_campaign.npz/tccm/dfca52acf8ad348c77b812e663a1147d.joblib
[*] Loading cached tccm model from /pfs/work9/workspace/scratch/ma_pkonz-thesis/ForestDiffusion/tests/saved_models/5_campaign.npz/tccm/7eaa67118dc7d5c4e264da3b9a07cf2e.joblib
[*] Loading cached tccm model from /pfs/work9/workspace/scratch/ma_pkonz-thesis/ForestDiffusion/tests/saved_models/5_campaign.npz/tccm/42b9a6f13e0662055d733b8fcb8cf038.joblib
[*] Loading cached tccm model from /pfs/work9/workspace/scratch/ma_pkonz-thesis/ForestDiffusion/tests/saved_models/5_campaign.npz/tccm/6a3bbd531ae5dd4a8232f351f84c4c37.joblib
[*] Loading cached tccm model from /pfs/work9/workspace/scratch/ma_pkonz-thesis/ForestDiffusion/tests/saved_models/5_campaign.npz/tccm/8f787864259c723919248d4f173d327c.joblib
[*] Loading cached tccm model from /pfs/work9/workspace/scratch/ma_pkonz-thesis/ForestDiffusion/tests/saved_models/5_campaign.npz/tccm/e8ade6147ea5f757b495c4e889e4609b.joblib
[*] Loading cached tccm model from /pfs/work9/workspace/scratch/ma_pkonz-thesis/ForestDiffusion/tests/saved_models/5_campaign.npz/tccm/28167248ce546bfd92c0f87163d67df5.joblib
[*] Loading cached tccm model from /pfs/work9/workspace/scratch/ma_pkonz-thesis/ForestDiffusion/tests/saved_models/5_campaign.npz/tccm/a85c9620d31feddbbd2e1507e200a7bc.joblib
[*] Loading cached tccm model from /pfs/work9/workspace/scratch/ma_pkonz-thesis/ForestDiffusion/tests/saved_models/5_campaign.npz/tccm/5c0323c24739af1462ce139d723fad1a.joblib
[*] Loading cached tccm model from /pfs/work9/workspace/scratch/ma_pkonz-thesis/ForestDiffusion/tests/saved_models/5_campaign.npz/tccm/00c4015ee2600fbc8b471af4cb86e8bd.joblib
[*] Loading cached tccm model from /pfs/work9/workspace/scratch/ma_pkonz-thesis/ForestDiffusion/tests/saved_models/5_campaign.npz/tccm/84c3b0faf7aa97a6eab5ff221d98adea.joblib
[*] Loading cached tccm model from /pfs/work9/workspace/scratch/ma_pkonz-thesis/ForestDiffusion/tests/saved_models/5_campaign.npz/tccm/646b3fd9b244f3413b64df341133b7bd.joblib
[*] Loading cached tccm model from /pfs/work9/workspace/scratch/ma_pkonz-thesis/ForestDiffusion/tests/saved_models/5_campaign.npz/tccm/9ef54966b15fc05467bfdde4c5ba0d39.joblib
[*] Loading cached tccm model from /pfs/work9/workspace/scratch/ma_pkonz-thesis/ForestDiffusion/tests/saved_models/5_campaign.npz/tccm/c53cd13683d887737cba6088d128bdfc.joblib
[*] Loading cached tccm model from /pfs/work9/workspace/scratch/ma_pkonz-thesis/ForestDiffusion/tests/saved_models/5_campaign.npz/tccm/af1e70289735d33ec476a48d54898164.joblib
[*] Loading cached tccm model from /pfs/work9/workspace/scratch/ma_pkonz-thesis/ForestDiffusion/tests/saved_models/5_campaign.npz/tccm/0021447389864488950bcfef991e4d26.joblib
[*] Loading cached tccm model from /pfs/work9/workspace/scratch/ma_pkonz-thesis/ForestDiffusion/tests/saved_models/5_campaign.npz/tccm/2344dd89066f9a8d2334b65e116b0ced.joblib
[*] Loading cached tccm model from /pfs/work9/workspace/scratch/ma_pkonz-thesis/ForestDiffusion/tests/saved_models/5_campaign.npz/tccm/ce5645fc0d2c530ae3cc1a24787e2f87.joblib
[*] Loading cached tccm model from /pfs/work9/workspace/scratch/ma_pkonz-thesis/ForestDiffusion/tests/saved_models/5_campaign.npz/tccm/41f9eb20b73abdf6db51e7a15ef45cf2.joblib
[*] Loading cached tccm model from /pfs/work9/workspace/scratch/ma_pkonz-thesis/ForestDiffusion/tests/saved_models/5_campaign.npz/tccm/db88f8bf838759d153e0e8d7987e1e50.joblib
[*] Loading cached tccm model from /pfs/work9/workspace/scratch/ma_pkonz-thesis/ForestDiffusion/tests/saved_models/5_campaign.npz/tccm/9e6a9967860d53aad1a5d50198682fd1.joblib
[*] Loading cached tccm model from /pfs/work9/workspace/scratch/ma_pkonz-thesis/ForestDiffusion/tests/saved_models/5_campaign.npz/tccm/1bd9c387e36a5f0aceaf0bb3a974ddb6.joblib
[*] Loading cached tccm model from /pfs/work9/workspace/scratch/ma_pkonz-thesis/ForestDiffusion/tests/saved_models/5_campaign.npz/tccm/05c26d17d839653adcd64b315829e529.joblib
[*] Loading cached tccm model from /pfs/work9/workspace/scratch/ma_pkonz-thesis/ForestDiffusion/tests/saved_models/5_campaign.npz/tccm/928f201ec046864e548f94aa82520a50.joblib
[*] Loading cached tccm model from /pfs/work9/workspace/scratch/ma_pkonz-thesis/ForestDiffusion/tests/saved_models/5_campaign.npz/tccm/0566f952ce357b1f4f0b78ec0a3de010.joblib
[*] Loading cached tccm model from /pfs/work9/workspace/scratch/ma_pkonz-thesis/ForestDiffusion/tests/saved_models/5_campaign.npz/tccm/0bf0ff1003329466afba58448098df7f.joblib
[*] Loading cached tccm model from /pfs/work9/workspace/scratch/ma_pkonz-thesis/ForestDiffusion/tests/saved_models/5_campaign.npz/tccm/a912ba42ed12ca8e12e02f4d6f73f644.joblib

 Dataset: 5_campaign.npz with model: TCCM_nt5 and score: decision
 
Dataset loaded successfully!
Training data: (18274, 62), Normal: 18274
Test data: (22914, 62), Normal: 18274, Anomalies: 4640
[*] Loading cached tccm model from /pfs/work9/workspace/scratch/ma_pkonz-thesis/ForestDiffusion/tests/saved_models/5_campaign.npz/tccm/677ca9f404d82e04084bbce635d40b37.joblib
[*] Loading cached tccm model from /pfs/work9/workspace/scratch/ma_pkonz-thesis/ForestDiffusion/tests/saved_models/5_campaign.npz/tccm/f9db39493dff676f16c80fa2cfba7fd9.joblib
[*] Loading cached tccm model from /pfs/work9/workspace/scratch/ma_pkonz-thesis/ForestDiffusion/tests/saved_models/5_campaign.npz/tccm/aee8bf82e21fa40fb0fa61228a9c641e.joblib
[*] Loading cached tccm model from /pfs/work9/workspace/scratch/ma_pkonz-thesis/ForestDiffusion/tests/saved_models/5_campaign.npz/tccm/b0805671db87a8306f33112771a627b5.joblib
[*] Loading cached tccm model from /pfs/work9/workspace/scratch/ma_pkonz-thesis/ForestDiffusion/tests/saved_models/5_campaign.npz/tccm/732986203268044b4377d05a8b42f5c4.joblib
[*] Loading cached tccm model from /pfs/work9/workspace/scratch/ma_pkonz-thesis/ForestDiffusion/tests/saved_models/5_campaign.npz/tccm/8090bcb16601ca52fd3f4f16a5720306.joblib
[*] Loading cached tccm model from /pfs/work9/workspace/scratch/ma_pkonz-thesis/ForestDiffusion/tests/saved_models/5_campaign.npz/tccm/9cd18656995e806c6be7430e85305577.joblib
[*] Loading cached tccm model from /pfs/work9/workspace/scratch/ma_pkonz-thesis/ForestDiffusion/tests/saved_models/5_campaign.npz/tccm/761272a4613eddd93869c5cd4fa47ed6.joblib
[*] Loading cached tccm model from /pfs/work9/workspace/scratch/ma_pkonz-thesis/ForestDiffusion/tests/saved_models/5_campaign.npz/tccm/58d968812945dcc2ab2046a2c6919d50.joblib
[*] Loading cached tccm model from /pfs/work9/workspace/scratch/ma_pkonz-thesis/ForestDiffusion/tests/saved_models/5_campaign.npz/tccm/9d682486f670b03e8a0cf1ce2a912426.joblib
[*] Loading cached tccm model from /pfs/work9/workspace/scratch/ma_pkonz-thesis/ForestDiffusion/tests/saved_models/5_campaign.npz/tccm/7fe94e126adb4d81a1d3e5225827aae8.joblib
[*] Loading cached tccm model from /pfs/work9/workspace/scratch/ma_pkonz-thesis/ForestDiffusion/tests/saved_models/5_campaign.npz/tccm/3cde777b6bfc6ff705bb1517e9c9ef23.joblib
[*] Loading cached tccm model from /pfs/work9/workspace/scratch/ma_pkonz-thesis/ForestDiffusion/tests/saved_models/5_campaign.npz/tccm/f80e83ee90a02be23fcbfbe23d2b9b70.joblib
[*] Loading cached tccm model from /pfs/work9/workspace/scratch/ma_pkonz-thesis/ForestDiffusion/tests/saved_models/5_campaign.npz/tccm/303f8ceee8a1e76eb1f33e6c84f15cbb.joblib
[*] Loading cached tccm model from /pfs/work9/workspace/scratch/ma_pkonz-thesis/ForestDiffusion/tests/saved_models/5_campaign.npz/tccm/bfc788a74207342beec331fea384270a.joblib
[*] Loading cached tccm model from /pfs/work9/workspace/scratch/ma_pkonz-thesis/ForestDiffusion/tests/saved_models/5_campaign.npz/tccm/55a02641aac31b24de3f0bd068bcaf01.joblib
[*] Loading cached tccm model from /pfs/work9/workspace/scratch/ma_pkonz-thesis/ForestDiffusion/tests/saved_models/5_campaign.npz/tccm/8a174d778de8bbb3ffbe4ebfb511286b.joblib
[*] Loading cached tccm model from /pfs/work9/workspace/scratch/ma_pkonz-thesis/ForestDiffusion/tests/saved_models/5_campaign.npz/tccm/fb03377a22f392bf3ac291618c01c7d7.joblib
[*] Loading cached tccm model from /pfs/work9/workspace/scratch/ma_pkonz-thesis/ForestDiffusion/tests/saved_models/5_campaign.npz/tccm/667e21283cc41c39e3b7de642a3acbd4.joblib
[*] Loading cached tccm model from /pfs/work9/workspace/scratch/ma_pkonz-thesis/ForestDiffusion/tests/saved_models/5_campaign.npz/tccm/27a5e18c173eca1bdf2805a05584f8b9.joblib
[*] Loading cached tccm model from /pfs/work9/workspace/scratch/ma_pkonz-thesis/ForestDiffusion/tests/saved_models/5_campaign.npz/tccm/dec7155d523dffe06a832569ee710081.joblib
[*] Loading cached tccm model from /pfs/work9/workspace/scratch/ma_pkonz-thesis/ForestDiffusion/tests/saved_models/5_campaign.npz/tccm/8fef6399de3c0cc7e1f42fac6e5ecee7.joblib
[*] Loading cached tccm model from /pfs/work9/workspace/scratch/ma_pkonz-thesis/ForestDiffusion/tests/saved_models/5_campaign.npz/tccm/4af1723e12776e377aa984bb3a14b64b.joblib
[*] Loading cached tccm model from /pfs/work9/workspace/scratch/ma_pkonz-thesis/ForestDiffusion/tests/saved_models/5_campaign.npz/tccm/dfca52acf8ad348c77b812e663a1147d.joblib
[*] Loading cached tccm model from /pfs/work9/workspace/scratch/ma_pkonz-thesis/ForestDiffusion/tests/saved_models/5_campaign.npz/tccm/7eaa67118dc7d5c4e264da3b9a07cf2e.joblib
[*] Loading cached tccm model from /pfs/work9/workspace/scratch/ma_pkonz-thesis/ForestDiffusion/tests/saved_models/5_campaign.npz/tccm/42b9a6f13e0662055d733b8fcb8cf038.joblib
[*] Loading cached tccm model from /pfs/work9/workspace/scratch/ma_pkonz-thesis/ForestDiffusion/tests/saved_models/5_campaign.npz/tccm/6a3bbd531ae5dd4a8232f351f84c4c37.joblib
[*] Loading cached tccm model from /pfs/work9/workspace/scratch/ma_pkonz-thesis/ForestDiffusion/tests/saved_models/5_campaign.npz/tccm/8f787864259c723919248d4f173d327c.joblib
[*] Loading cached tccm model from /pfs/work9/workspace/scratch/ma_pkonz-thesis/ForestDiffusion/tests/saved_models/5_campaign.npz/tccm/e8ade6147ea5f757b495c4e889e4609b.joblib
[*] Loading cached tccm model from /pfs/work9/workspace/scratch/ma_pkonz-thesis/ForestDiffusion/tests/saved_models/5_campaign.npz/tccm/28167248ce546bfd92c0f87163d67df5.joblib
[*] Loading cached tccm model from /pfs/work9/workspace/scratch/ma_pkonz-thesis/ForestDiffusion/tests/saved_models/5_campaign.npz/tccm/a85c9620d31feddbbd2e1507e200a7bc.joblib
[*] Loading cached tccm model from /pfs/work9/workspace/scratch/ma_pkonz-thesis/ForestDiffusion/tests/saved_models/5_campaign.npz/tccm/5c0323c24739af1462ce139d723fad1a.joblib
[*] Loading cached tccm model from /pfs/work9/workspace/scratch/ma_pkonz-thesis/ForestDiffusion/tests/saved_models/5_campaign.npz/tccm/00c4015ee2600fbc8b471af4cb86e8bd.joblib
[*] Loading cached tccm model from /pfs/work9/workspace/scratch/ma_pkonz-thesis/ForestDiffusion/tests/saved_models/5_campaign.npz/tccm/84c3b0faf7aa97a6eab5ff221d98adea.joblib
[*] Loading cached tccm model from /pfs/work9/workspace/scratch/ma_pkonz-thesis/ForestDiffusion/tests/saved_models/5_campaign.npz/tccm/646b3fd9b244f3413b64df341133b7bd.joblib
[*] Loading cached tccm model from /pfs/work9/workspace/scratch/ma_pkonz-thesis/ForestDiffusion/tests/saved_models/5_campaign.npz/tccm/9ef54966b15fc05467bfdde4c5ba0d39.joblib
[*] Loading cached tccm model from /pfs/work9/workspace/scratch/ma_pkonz-thesis/ForestDiffusion/tests/saved_models/5_campaign.npz/tccm/c53cd13683d887737cba6088d128bdfc.joblib
[*] Loading cached tccm model from /pfs/work9/workspace/scratch/ma_pkonz-thesis/ForestDiffusion/tests/saved_models/5_campaign.npz/tccm/af1e70289735d33ec476a48d54898164.joblib
[*] Loading cached tccm model from /pfs/work9/workspace/scratch/ma_pkonz-thesis/ForestDiffusion/tests/saved_models/5_campaign.npz/tccm/0021447389864488950bcfef991e4d26.joblib
[*] Loading cached tccm model from /pfs/work9/workspace/scratch/ma_pkonz-thesis/ForestDiffusion/tests/saved_models/5_campaign.npz/tccm/2344dd89066f9a8d2334b65e116b0ced.joblib
[*] Loading cached tccm model from /pfs/work9/workspace/scratch/ma_pkonz-thesis/ForestDiffusion/tests/saved_models/5_campaign.npz/tccm/ce5645fc0d2c530ae3cc1a24787e2f87.joblib
[*] Loading cached tccm model from /pfs/work9/workspace/scratch/ma_pkonz-thesis/ForestDiffusion/tests/saved_models/5_campaign.npz/tccm/41f9eb20b73abdf6db51e7a15ef45cf2.joblib
[*] Loading cached tccm model from /pfs/work9/workspace/scratch/ma_pkonz-thesis/ForestDiffusion/tests/saved_models/5_campaign.npz/tccm/db88f8bf838759d153e0e8d7987e1e50.joblib
[*] Loading cached tccm model from /pfs/work9/workspace/scratch/ma_pkonz-thesis/ForestDiffusion/tests/saved_models/5_campaign.npz/tccm/9e6a9967860d53aad1a5d50198682fd1.joblib
[*] Loading cached tccm model from /pfs/work9/workspace/scratch/ma_pkonz-thesis/ForestDiffusion/tests/saved_models/5_campaign.npz/tccm/1bd9c387e36a5f0aceaf0bb3a974ddb6.joblib
[*] Loading cached tccm model from /pfs/work9/workspace/scratch/ma_pkonz-thesis/ForestDiffusion/tests/saved_models/5_campaign.npz/tccm/05c26d17d839653adcd64b315829e529.joblib
[*] Loading cached tccm model from /pfs/work9/workspace/scratch/ma_pkonz-thesis/ForestDiffusion/tests/saved_models/5_campaign.npz/tccm/928f201ec046864e548f94aa82520a50.joblib
[*] Loading cached tccm model from /pfs/work9/workspace/scratch/ma_pkonz-thesis/ForestDiffusion/tests/saved_models/5_campaign.npz/tccm/0566f952ce357b1f4f0b78ec0a3de010.joblib
[*] Loading cached tccm model from /pfs/work9/workspace/scratch/ma_pkonz-thesis/ForestDiffusion/tests/saved_models/5_campaign.npz/tccm/0bf0ff1003329466afba58448098df7f.joblib
[*] Loading cached tccm model from /pfs/work9/workspace/scratch/ma_pkonz-thesis/ForestDiffusion/tests/saved_models/5_campaign.npz/tccm/a912ba42ed12ca8e12e02f4d6f73f644.joblib
Saved: 0_results_tccm/f1_comparison_TCCM_nt20_5_campaign_no_contamination.pdf
Saved: 0_results_tccm/f1_comparison_TCCM_nt20_5_campaign_full_contamination.pdf
Saved: 0_results_tccm/f1_comparison_TCCM_nt5_5_campaign_no_contamination.pdf
Saved: 0_results_tccm/f1_comparison_TCCM_nt5_5_campaign_full_contamination.pdf

================================================================================
EXTREME CASES SUMMARY
================================================================================

TCCM_nt20 - deviation:
  5_campaign.npz [no_contamination]:
    AUC: 0.7712  0.0403
    AUPRC: 0.3289  0.0421

    Threshold Percentile Metrics:
    Percentile   Precision            Recall               F1                  
    ------------------------------------------------------------------------
    20           0.1334  0.0019      0.9471  0.0136      0.2338  0.0034     
    25           0.1401  0.0023      0.9325  0.0155      0.2436  0.0040     
    30           0.1471  0.0035      0.9138  0.0220      0.2533  0.0061     
    35           0.1551  0.0047      0.8950  0.0274      0.2644  0.0081     
    40           0.1640  0.0064      0.8734  0.0338      0.2761  0.0107     
    45           0.1735  0.0079      0.8470  0.0388      0.2880  0.0132     
    50           0.1845  0.0106      0.8190  0.0470      0.3012  0.0173     
    60           0.2119  0.0172      0.7525  0.0609      0.3307  0.0268     
    70           0.2520  0.0264      0.6710  0.0704      0.3664  0.0384     
    80           0.3112  0.0380      0.5526  0.0674      0.3982  0.0486     
    90           0.4161  0.0470      0.3695  0.0417      0.3914  0.0442     
    95           0.4592  0.0490      0.2039  0.0217      0.2824  0.0301     
    97.5         0.4784  0.0540      0.1062  0.0120      0.1738  0.0196     
    99           0.4680  0.0722      0.0416  0.0064      0.0763  0.0118     
    99.5         0.4233  0.0486      0.0188  0.0022      0.0360  0.0041     
    99.9         0.3429  0.0700      0.0031  0.0006      0.0062  0.0013     
    99.95        0.3818  0.0364      0.0018  0.0002      0.0036  0.0003     
    99.99        0.3333  0.0000      0.0004  0.0000      0.0009  0.0000     

     Best F1: 0.3982 @ 80th percentile
  5_campaign.npz [full_contamination]:
    AUC: 0.7378  0.0614
    AUPRC: 0.3056  0.0503

    Threshold Percentile Metrics:
    Percentile   Precision            Recall               F1                  
    ------------------------------------------------------------------------
    20           0.1301  0.0069      0.9242  0.0487      0.2282  0.0120     
    25           0.1361  0.0086      0.9058  0.0573      0.2366  0.0150     
    30           0.1423  0.0103      0.8841  0.0643      0.2451  0.0178     
    35           0.1491  0.0122      0.8602  0.0706      0.2541  0.0209     
    40           0.1570  0.0140      0.8364  0.0745      0.2644  0.0236     
    45           0.1662  0.0158      0.8115  0.0770      0.2759  0.0262     
    50           0.1762  0.0174      0.7819  0.0770      0.2875  0.0283     
    60           0.2007  0.0222      0.7127  0.0790      0.3132  0.0347     
    70           0.2349  0.0258      0.6254  0.0687      0.3415  0.0375     
    80           0.2845  0.0359      0.5052  0.0637      0.3640  0.0459     
    90           0.3840  0.0492      0.3409  0.0437      0.3612  0.0463     
    95           0.4489  0.0639      0.1993  0.0284      0.2761  0.0393     
    97.5         0.5006  0.0795      0.1111  0.0176      0.1819  0.0289     
    99           0.4466  0.0431      0.0397  0.0038      0.0728  0.0070     
    99.5         0.4136  0.0527      0.0184  0.0023      0.0352  0.0045     
    99.9         0.4286  0.1313      0.0039  0.0012      0.0077  0.0024     
    99.95        0.3818  0.0364      0.0018  0.0002      0.0036  0.0003     
    99.99        0.6000  0.1333      0.0008  0.0002      0.0015  0.0003     

     Best F1: 0.3640 @ 80th percentile

TCCM_nt20 - reconstruction:
  5_campaign.npz [no_contamination]:
    AUC: 0.7659  0.0046
    AUPRC: 0.3373  0.0035

    Threshold Percentile Metrics:
    Percentile   Precision            Recall               F1                  
    ------------------------------------------------------------------------
    20           0.1358  0.0007      0.9641  0.0051      0.2380  0.0012     
    25           0.1429  0.0006      0.9514  0.0040      0.2485  0.0010     
    30           0.1505  0.0006      0.9349  0.0040      0.2592  0.0011     
    35           0.1584  0.0009      0.9139  0.0051      0.2700  0.0015     
    40           0.1662  0.0009      0.8853  0.0050      0.2799  0.0016     
    45           0.1754  0.0012      0.8561  0.0058      0.2911  0.0020     
    50           0.1834  0.0019      0.8139  0.0085      0.2993  0.0031     
    60           0.2005  0.0024      0.7121  0.0084      0.3129  0.0037     
    70           0.2344  0.0021      0.6241  0.0056      0.3408  0.0030     
    80           0.2943  0.0021      0.5226  0.0037      0.3766  0.0026     
    90           0.4152  0.0016      0.3687  0.0014      0.3906  0.0015     
    95           0.5371  0.0098      0.2384  0.0043      0.3303  0.0060     
    97.5         0.5748  0.0059      0.1276  0.0013      0.2088  0.0021     
    99           0.4951  0.0043      0.0440  0.0004      0.0808  0.0007     
    99.5         0.3573  0.0073      0.0159  0.0003      0.0304  0.0006     
    99.9         0.2857  0.0000      0.0026  0.0000      0.0051  0.0000     
    99.95        0.3636  0.0000      0.0017  0.0000      0.0034  0.0000     
    99.99        0.4000  0.1333      0.0005  0.0002      0.0010  0.0003     

     Best F1: 0.3906 @ 90th percentile
  5_campaign.npz [full_contamination]:
    AUC: 0.7636  0.0034
    AUPRC: 0.3370  0.0032

    Threshold Percentile Metrics:
    Percentile   Precision            Recall               F1                  
    ------------------------------------------------------------------------
    20           0.1354  0.0003      0.9616  0.0025      0.2374  0.0006     
    25           0.1426  0.0006      0.9494  0.0037      0.2480  0.0010     
    30           0.1502  0.0007      0.9332  0.0042      0.2587  0.0012     
    35           0.1579  0.0012      0.9109  0.0069      0.2691  0.0021     
    40           0.1657  0.0011      0.8825  0.0058      0.2790  0.0018     
    45           0.1742  0.0014      0.8506  0.0067      0.2892  0.0023     
    50           0.1820  0.0017      0.8079  0.0075      0.2971  0.0027     
    60           0.1994  0.0015      0.7079  0.0053      0.3111  0.0023     
    70           0.2338  0.0019      0.6225  0.0050      0.3399  0.0027     
    80           0.2929  0.0015      0.5201  0.0027      0.3748  0.0019     
    90           0.4143  0.0015      0.3678  0.0013      0.3897  0.0014     
    95           0.5427  0.0090      0.2409  0.0040      0.3337  0.0056     
    97.5         0.5767  0.0087      0.1280  0.0019      0.2095  0.0032     
    99           0.4961  0.0048      0.0441  0.0004      0.0809  0.0008     
    99.5         0.3631  0.0132      0.0161  0.0006      0.0309  0.0011     
    99.9         0.3143  0.0571      0.0028  0.0005      0.0056  0.0010     
    99.95        0.4000  0.0445      0.0019  0.0002      0.0038  0.0004     
    99.99        0.6667  0.0000      0.0009  0.0000      0.0017  0.0000     

     Best F1: 0.3897 @ 90th percentile

TCCM_nt20 - decision:
  5_campaign.npz [no_contamination]:
    AUC: 0.7744  0.0337
    AUPRC: 0.3269  0.0419

    Threshold Percentile Metrics:
    Percentile   Precision            Recall               F1                  
    ------------------------------------------------------------------------
    20           0.1347  0.0017      0.9565  0.0119      0.2361  0.0029     
    25           0.1413  0.0020      0.9409  0.0131      0.2458  0.0034     
    30           0.1484  0.0027      0.9222  0.0165      0.2557  0.0046     
    35           0.1564  0.0035      0.9022  0.0203      0.2665  0.0060     
    40           0.1650  0.0045      0.8788  0.0241      0.2778  0.0076     
    45           0.1743  0.0058      0.8508  0.0282      0.2893  0.0096     
    50           0.1846  0.0079      0.8195  0.0349      0.3014  0.0128     
    60           0.2122  0.0132      0.7534  0.0469      0.3311  0.0206     
    70           0.2518  0.0218      0.6706  0.0581      0.3662  0.0317     
    80           0.3135  0.0339      0.5566  0.0602      0.4011  0.0434     
    90           0.4057  0.0466      0.3603  0.0413      0.3816  0.0438     
    95           0.4579  0.0578      0.2033  0.0256      0.2816  0.0355     
    97.5         0.4816  0.0519      0.1069  0.0115      0.1750  0.0189     
    99           0.4398  0.0471      0.0391  0.0042      0.0717  0.0077     
    99.5         0.3981  0.0521      0.0177  0.0023      0.0338  0.0044     
    99.9         0.4000  0.0486      0.0036  0.0004      0.0072  0.0009     
    99.95        0.3636  0.0000      0.0017  0.0000      0.0034  0.0000     
    99.99        0.3333  0.0000      0.0004  0.0000      0.0009  0.0000     

     Best F1: 0.4011 @ 80th percentile
  5_campaign.npz [full_contamination]:
    AUC: 0.7602  0.0262
    AUPRC: 0.3047  0.0264

    Threshold Percentile Metrics:
    Percentile   Precision            Recall               F1                  
    ------------------------------------------------------------------------
    20           0.1338  0.0029      0.9498  0.0207      0.2345  0.0051     
    25           0.1399  0.0037      0.9314  0.0249      0.2433  0.0065     
    30           0.1468  0.0043      0.9119  0.0265      0.2528  0.0073     
    35           0.1540  0.0052      0.8885  0.0299      0.2625  0.0088     
    40           0.1623  0.0057      0.8645  0.0303      0.2733  0.0096     
    45           0.1713  0.0069      0.8362  0.0336      0.2843  0.0114     
    50           0.1813  0.0067      0.8047  0.0299      0.2959  0.0110     
    60           0.2072  0.0082      0.7356  0.0292      0.3233  0.0128     
    70           0.2442  0.0110      0.6502  0.0293      0.3550  0.0160     
    80           0.3025  0.0176      0.5370  0.0312      0.3870  0.0225     
    90           0.3860  0.0326      0.3428  0.0289      0.3631  0.0306     
    95           0.4299  0.0335      0.1909  0.0149      0.2644  0.0206     
    97.5         0.4419  0.0341      0.0981  0.0076      0.1606  0.0124     
    99           0.4301  0.0414      0.0382  0.0037      0.0702  0.0067     
    99.5         0.3650  0.0702      0.0162  0.0031      0.0310  0.0060     
    99.9         0.3524  0.0774      0.0032  0.0007      0.0063  0.0014     
    99.95        0.3818  0.0364      0.0018  0.0002      0.0036  0.0003     
    99.99        0.6000  0.1333      0.0008  0.0002      0.0015  0.0003     

     Best F1: 0.3870 @ 80th percentile

TCCM_nt5 - deviation:
  5_campaign.npz [no_contamination]:
    AUC: 0.7799  0.0400
    AUPRC: 0.3338  0.0455

    Threshold Percentile Metrics:
    Percentile   Precision            Recall               F1                  
    ------------------------------------------------------------------------
    20           0.1345  0.0017      0.9551  0.0120      0.2358  0.0030     
    25           0.1414  0.0022      0.9416  0.0149      0.2459  0.0039     
    30           0.1489  0.0031      0.9252  0.0191      0.2565  0.0053     
    35           0.1570  0.0043      0.9058  0.0251      0.2676  0.0074     
    40           0.1656  0.0058      0.8822  0.0308      0.2789  0.0097     
    45           0.1757  0.0076      0.8580  0.0373      0.2917  0.0127     
    50           0.1866  0.0102      0.8280  0.0452      0.3045  0.0166     
    60           0.2150  0.0164      0.7634  0.0582      0.3355  0.0256     
    70           0.2563  0.0264      0.6825  0.0703      0.3727  0.0384     
    80           0.3163  0.0382      0.5616  0.0679      0.4047  0.0489     
    90           0.4135  0.0462      0.3672  0.0410      0.3889  0.0435     
    95           0.4610  0.0535      0.2047  0.0237      0.2835  0.0329     
    97.5         0.4862  0.0485      0.1079  0.0108      0.1766  0.0176     
    99           0.4456  0.0649      0.0396  0.0058      0.0727  0.0106     
    99.5         0.3981  0.0480      0.0177  0.0021      0.0338  0.0041     
    99.9         0.3714  0.0873      0.0034  0.0008      0.0067  0.0016     
    99.95        0.3818  0.0364      0.0018  0.0002      0.0036  0.0003     
    99.99        0.3333  0.0000      0.0004  0.0000      0.0009  0.0000     

     Best F1: 0.4047 @ 80th percentile
  5_campaign.npz [full_contamination]:
    AUC: 0.7569  0.0432
    AUPRC: 0.3130  0.0390

    Threshold Percentile Metrics:
    Percentile   Precision            Recall               F1                  
    ------------------------------------------------------------------------
    20           0.1326  0.0050      0.9416  0.0352      0.2324  0.0087     
    25           0.1390  0.0060      0.9257  0.0401      0.2418  0.0105     
    30           0.1456  0.0072      0.9050  0.0448      0.2509  0.0124     
    35           0.1530  0.0085      0.8829  0.0490      0.2608  0.0145     
    40           0.1612  0.0096      0.8587  0.0511      0.2715  0.0162     
    45           0.1703  0.0111      0.8316  0.0542      0.2827  0.0184     
    50           0.1806  0.0124      0.8016  0.0551      0.2948  0.0203     
    60           0.2071  0.0152      0.7354  0.0541      0.3232  0.0238     
    70           0.2435  0.0180      0.6484  0.0481      0.3540  0.0262     
    80           0.3010  0.0253      0.5344  0.0449      0.3851  0.0323     
    90           0.3895  0.0370      0.3459  0.0328      0.3664  0.0348     
    95           0.4458  0.0531      0.1979  0.0236      0.2741  0.0326     
    97.5         0.4948  0.0636      0.1098  0.0141      0.1798  0.0231     
    99           0.4291  0.0308      0.0381  0.0027      0.0700  0.0050     
    99.5         0.3864  0.0587      0.0172  0.0026      0.0329  0.0050     
    99.9         0.3714  0.1143      0.0034  0.0010      0.0067  0.0021     
    99.95        0.3818  0.0364      0.0018  0.0002      0.0036  0.0003     
    99.99        0.6000  0.1333      0.0008  0.0002      0.0015  0.0003     

     Best F1: 0.3851 @ 80th percentile

TCCM_nt5 - reconstruction:
  5_campaign.npz [no_contamination]:
    AUC: 0.7660  0.0053
    AUPRC: 0.3375  0.0041

    Threshold Percentile Metrics:
    Percentile   Precision            Recall               F1                  
    ------------------------------------------------------------------------
    20           0.1357  0.0006      0.9640  0.0046      0.2380  0.0011     
    25           0.1429  0.0008      0.9513  0.0054      0.2485  0.0014     
    30           0.1504  0.0007      0.9345  0.0045      0.2591  0.0012     
    35           0.1583  0.0009      0.9134  0.0049      0.2698  0.0015     
    40           0.1663  0.0010      0.8856  0.0055      0.2800  0.0017     
    45           0.1752  0.0013      0.8556  0.0065      0.2909  0.0022     
    50           0.1834  0.0025      0.8141  0.0109      0.2994  0.0040     
    60           0.2004  0.0026      0.7116  0.0094      0.3127  0.0041     
    70           0.2344  0.0018      0.6242  0.0048      0.3408  0.0026     
    80           0.2943  0.0020      0.5226  0.0036      0.3766  0.0026     
    90           0.4154  0.0019      0.3689  0.0017      0.3908  0.0018     
    95           0.5361  0.0111      0.2380  0.0049      0.3297  0.0068     
    97.5         0.5751  0.0059      0.1277  0.0013      0.2090  0.0022     
    99           0.4981  0.0050      0.0442  0.0004      0.0812  0.0008     
    99.5         0.3631  0.0099      0.0161  0.0004      0.0309  0.0008     
    99.9         0.2857  0.0000      0.0026  0.0000      0.0051  0.0000     
    99.95        0.3636  0.0000      0.0017  0.0000      0.0034  0.0000     
    99.99        0.3333  0.0000      0.0004  0.0000      0.0009  0.0000     

     Best F1: 0.3908 @ 90th percentile
  5_campaign.npz [full_contamination]:
    AUC: 0.7629  0.0042
    AUPRC: 0.3363  0.0037

    Threshold Percentile Metrics:
    Percentile   Precision            Recall               F1                  
    ------------------------------------------------------------------------
    20           0.1355  0.0005      0.9623  0.0033      0.2376  0.0008     
    25           0.1426  0.0007      0.9491  0.0049      0.2479  0.0013     
    30           0.1501  0.0008      0.9328  0.0050      0.2586  0.0014     
    35           0.1578  0.0013      0.9104  0.0076      0.2690  0.0022     
    40           0.1655  0.0013      0.8814  0.0071      0.2787  0.0023     
    45           0.1738  0.0018      0.8485  0.0088      0.2885  0.0030     
    50           0.1818  0.0020      0.8071  0.0087      0.2968  0.0032     
    60           0.1992  0.0020      0.7072  0.0072      0.3108  0.0032     
    70           0.2336  0.0017      0.6220  0.0045      0.3396  0.0025     
    80           0.2925  0.0016      0.5194  0.0029      0.3743  0.0021     
    90           0.4148  0.0016      0.3683  0.0014      0.3901  0.0015     
    95           0.5414  0.0098      0.2403  0.0043      0.3329  0.0060     
    97.5         0.5755  0.0097      0.1278  0.0022      0.2091  0.0035     
    99           0.4951  0.0000      0.0440  0.0000      0.0808  0.0000     
    99.5         0.3650  0.0099      0.0162  0.0004      0.0310  0.0008     
    99.9         0.3238  0.0762      0.0029  0.0007      0.0058  0.0014     
    99.95        0.4000  0.0445      0.0019  0.0002      0.0038  0.0004     
    99.99        0.6000  0.1333      0.0008  0.0002      0.0015  0.0003     

     Best F1: 0.3901 @ 90th percentile

TCCM_nt5 - decision:
  5_campaign.npz [no_contamination]:
    AUC: 0.7744  0.0337
    AUPRC: 0.3269  0.0419

    Threshold Percentile Metrics:
    Percentile   Precision            Recall               F1                  
    ------------------------------------------------------------------------
    20           0.1347  0.0017      0.9565  0.0119      0.2361  0.0029     
    25           0.1413  0.0020      0.9409  0.0131      0.2458  0.0034     
    30           0.1484  0.0027      0.9222  0.0165      0.2557  0.0046     
    35           0.1564  0.0035      0.9022  0.0203      0.2665  0.0060     
    40           0.1650  0.0045      0.8788  0.0241      0.2778  0.0076     
    45           0.1743  0.0058      0.8508  0.0282      0.2893  0.0096     
    50           0.1846  0.0079      0.8195  0.0349      0.3014  0.0128     
    60           0.2122  0.0132      0.7534  0.0469      0.3311  0.0206     
    70           0.2518  0.0218      0.6706  0.0581      0.3662  0.0317     
    80           0.3135  0.0339      0.5566  0.0602      0.4011  0.0434     
    90           0.4057  0.0466      0.3603  0.0413      0.3816  0.0438     
    95           0.4579  0.0578      0.2033  0.0256      0.2816  0.0355     
    97.5         0.4816  0.0519      0.1069  0.0115      0.1750  0.0189     
    99           0.4398  0.0471      0.0391  0.0042      0.0717  0.0077     
    99.5         0.3981  0.0521      0.0177  0.0023      0.0338  0.0044     
    99.9         0.4000  0.0486      0.0036  0.0004      0.0072  0.0009     
    99.95        0.3636  0.0000      0.0017  0.0000      0.0034  0.0000     
    99.99        0.3333  0.0000      0.0004  0.0000      0.0009  0.0000     

     Best F1: 0.4011 @ 80th percentile
  5_campaign.npz [full_contamination]:
    AUC: 0.7602  0.0262
    AUPRC: 0.3047  0.0264

    Threshold Percentile Metrics:
    Percentile   Precision            Recall               F1                  
    ------------------------------------------------------------------------
    20           0.1338  0.0029      0.9498  0.0207      0.2345  0.0051     
    25           0.1399  0.0037      0.9314  0.0249      0.2433  0.0065     
    30           0.1468  0.0043      0.9119  0.0265      0.2528  0.0073     
    35           0.1540  0.0052      0.8885  0.0299      0.2625  0.0088     
    40           0.1623  0.0057      0.8645  0.0303      0.2733  0.0096     
    45           0.1713  0.0069      0.8362  0.0336      0.2843  0.0114     
    50           0.1813  0.0067      0.8047  0.0299      0.2959  0.0110     
    60           0.2072  0.0082      0.7356  0.0292      0.3233  0.0128     
    70           0.2442  0.0110      0.6502  0.0293      0.3550  0.0160     
    80           0.3025  0.0176      0.5370  0.0312      0.3870  0.0225     
    90           0.3860  0.0326      0.3428  0.0289      0.3631  0.0306     
    95           0.4299  0.0335      0.1909  0.0149      0.2644  0.0206     
    97.5         0.4419  0.0341      0.0981  0.0076      0.1606  0.0124     
    99           0.4301  0.0414      0.0382  0.0037      0.0702  0.0067     
    99.5         0.3650  0.0702      0.0162  0.0031      0.0310  0.0060     
    99.9         0.3524  0.0774      0.0032  0.0007      0.0063  0.0014     
    99.95        0.3818  0.0364      0.0018  0.0002      0.0036  0.0003     
    99.99        0.6000  0.1333      0.0008  0.0002      0.0015  0.0003     

     Best F1: 0.3870 @ 80th percentile

============================================================
Results saved at: 0_results_tccm/results_data/extreme_cases_5_campaign_20251223_093801.joblib
============================================================
== Job Ende: Tue Dec 23 09:38:07 AM CET 2025 ==

============================= JOB FEEDBACK =============================

NodeName=uc2n829
Job ID: 2662643
Cluster: uc3
User/Group: ma_pkonz/ma_ma
State: COMPLETED (exit code 0)
Nodes: 1
Cores per node: 50
CPU Utilized: 00:36:29
CPU Efficiency: 24.88% of 02:26:40 core-walltime
Job Wall-clock time: 00:02:56
Memory Utilized: 756.46 MB
Memory Efficiency: 1.15% of 64.00 GB (64.00 GB/node)
