== Job Start: Sat Dec 27 08:04:53 PM CET 2025 ==
Python: /pfs/work9/workspace/scratch/ma_pkonz-thesis/ForestDiffusion/.venv/bin/python
Imports dauern ~2-3 Minuten, bitte warten...

 Dataset: business_dataset_middle.csv with model: TCCM_nt5 and score: deviation
Loading data from: /pfs/work9/workspace/scratch/ma_pkonz-thesis/ForestDiffusion/data_contamination/business_dataset_middle.csv

Total transactions: 6088
Date range: 2018-01-01 00:00:00 to 2024-02-26 00:00:00

Chronological split at: 2021-02-05 00:00:00
Train: 3048 transactions (until 2021-02-05 00:00:00)
Test: 3040 transactions (after 2021-02-05 00:00:00)
Test DataFrame saved to: /pfs/work9/workspace/scratch/ma_pkonz-thesis/ForestDiffusion/tests/df_test_raw.csv

Computing features on training data...
Computing features on test data...

Train split:
  Normal: 3032
  Abnormal: 16
Test: 3040 (Normal: 3029, Abnormal: 11)

Scaling data...
  Scaler fitted on NORMAL training data only

============================================================
FINAL SHAPES
============================================================
X_train_normal:  (3032, 21)
X_train_abnormal: (16, 21)
X_test:          (3040, 21)
y_test:          (3040,) (Anomaly rate: 0.36%)

============================================================
ANOMALY TYPES IN DATASET
============================================================

Total:
anomaly_description
TIMING_ANOMALY           10
CHANNEL_ANOMALY           6
IBAN_MISMATCH_ANOMALY     6
FREQUENCY_ANOMALY         5
Name: count, dtype: int64

In Train: 16
In Test: 11
[*] Loading cached tccm model from /pfs/work9/workspace/scratch/ma_pkonz-thesis/ForestDiffusion/tests/saved_models/business_dataset_middle.csv/tccm/0f627be65b196434e610f7a686cee2d0.joblib
[*] Loading cached tccm model from /pfs/work9/workspace/scratch/ma_pkonz-thesis/ForestDiffusion/tests/saved_models/business_dataset_middle.csv/tccm/8955016d84d49360c0143b00ce64f06b.joblib
[*] Loading cached tccm model from /pfs/work9/workspace/scratch/ma_pkonz-thesis/ForestDiffusion/tests/saved_models/business_dataset_middle.csv/tccm/5d49879823cbe5191eedb680c737ac14.joblib
[*] Loading cached tccm model from /pfs/work9/workspace/scratch/ma_pkonz-thesis/ForestDiffusion/tests/saved_models/business_dataset_middle.csv/tccm/6deb4a272c73d90a864c59c4fe8e69c4.joblib
[*] Loading cached tccm model from /pfs/work9/workspace/scratch/ma_pkonz-thesis/ForestDiffusion/tests/saved_models/business_dataset_middle.csv/tccm/b17ee0c303cc806204c04efb114ee0e1.joblib
[*] Loading cached tccm model from /pfs/work9/workspace/scratch/ma_pkonz-thesis/ForestDiffusion/tests/saved_models/business_dataset_middle.csv/tccm/929e3e9a50679c156e807dcdb57cbca7.joblib
[*] Loading cached tccm model from /pfs/work9/workspace/scratch/ma_pkonz-thesis/ForestDiffusion/tests/saved_models/business_dataset_middle.csv/tccm/eb0b5554cdb587acddd6c074f822b867.joblib
[*] Loading cached tccm model from /pfs/work9/workspace/scratch/ma_pkonz-thesis/ForestDiffusion/tests/saved_models/business_dataset_middle.csv/tccm/0b3541f2072edf717f820988b5f2a232.joblib
[*] Loading cached tccm model from /pfs/work9/workspace/scratch/ma_pkonz-thesis/ForestDiffusion/tests/saved_models/business_dataset_middle.csv/tccm/75e5534156b9eac30cbe96ea5e3ad6a5.joblib
[*] Loading cached tccm model from /pfs/work9/workspace/scratch/ma_pkonz-thesis/ForestDiffusion/tests/saved_models/business_dataset_middle.csv/tccm/7abe1109f5976dda36583ec366e10631.joblib
[*] Loading cached tccm model from /pfs/work9/workspace/scratch/ma_pkonz-thesis/ForestDiffusion/tests/saved_models/business_dataset_middle.csv/tccm/393cac2e0acb0dbf0f683036e53777a1.joblib
[*] Loading cached tccm model from /pfs/work9/workspace/scratch/ma_pkonz-thesis/ForestDiffusion/tests/saved_models/business_dataset_middle.csv/tccm/eced33d882951532dcb51ef62c245ff6.joblib
[*] Loading cached tccm model from /pfs/work9/workspace/scratch/ma_pkonz-thesis/ForestDiffusion/tests/saved_models/business_dataset_middle.csv/tccm/7545f0bb2d712d49aefed3a42f9dc2a5.joblib
[*] Loading cached tccm model from /pfs/work9/workspace/scratch/ma_pkonz-thesis/ForestDiffusion/tests/saved_models/business_dataset_middle.csv/tccm/3ce230e18966230485c00960caba2475.joblib
[*] Loading cached tccm model from /pfs/work9/workspace/scratch/ma_pkonz-thesis/ForestDiffusion/tests/saved_models/business_dataset_middle.csv/tccm/be4a7701bd671100a37a5d2605836c51.joblib
[*] Loading cached tccm model from /pfs/work9/workspace/scratch/ma_pkonz-thesis/ForestDiffusion/tests/saved_models/business_dataset_middle.csv/tccm/8d1468a2ba2ec4eff418b3a9ad3ae696.joblib
[*] Loading cached tccm model from /pfs/work9/workspace/scratch/ma_pkonz-thesis/ForestDiffusion/tests/saved_models/business_dataset_middle.csv/tccm/745958a544d3514a7a1de351d90e43df.joblib
[*] Loading cached tccm model from /pfs/work9/workspace/scratch/ma_pkonz-thesis/ForestDiffusion/tests/saved_models/business_dataset_middle.csv/tccm/26cc391ceb58189fb3653cc1c811f8d8.joblib
[*] Loading cached tccm model from /pfs/work9/workspace/scratch/ma_pkonz-thesis/ForestDiffusion/tests/saved_models/business_dataset_middle.csv/tccm/0596e4f900bcec3f2cbafcbd0f111c52.joblib
[*] Loading cached tccm model from /pfs/work9/workspace/scratch/ma_pkonz-thesis/ForestDiffusion/tests/saved_models/business_dataset_middle.csv/tccm/037bc3c5ac8f781d02c72b337f0ba454.joblib
[*] Loading cached tccm model from /pfs/work9/workspace/scratch/ma_pkonz-thesis/ForestDiffusion/tests/saved_models/business_dataset_middle.csv/tccm/c0a46253dd7f2da860e4b038c521809e.joblib
[*] Loading cached tccm model from /pfs/work9/workspace/scratch/ma_pkonz-thesis/ForestDiffusion/tests/saved_models/business_dataset_middle.csv/tccm/e0d5920cb910a66f69c4f39a35d8e2fb.joblib
[*] Loading cached tccm model from /pfs/work9/workspace/scratch/ma_pkonz-thesis/ForestDiffusion/tests/saved_models/business_dataset_middle.csv/tccm/e82d35f41be5c05b524bf6c3631ecaab.joblib
[*] Loading cached tccm model from /pfs/work9/workspace/scratch/ma_pkonz-thesis/ForestDiffusion/tests/saved_models/business_dataset_middle.csv/tccm/14711f5f1ccae6f646d1ba297e0ff8ff.joblib
[*] Loading cached tccm model from /pfs/work9/workspace/scratch/ma_pkonz-thesis/ForestDiffusion/tests/saved_models/business_dataset_middle.csv/tccm/11b439cbe10461b7a966dd2d84758e89.joblib
[*] Loading cached tccm model from /pfs/work9/workspace/scratch/ma_pkonz-thesis/ForestDiffusion/tests/saved_models/business_dataset_middle.csv/tccm/d7da3a5237baf30e41be0564bfd26218.joblib
[*] Loading cached tccm model from /pfs/work9/workspace/scratch/ma_pkonz-thesis/ForestDiffusion/tests/saved_models/business_dataset_middle.csv/tccm/1dc7c9e9542280824cb077d5f1385d02.joblib
[*] Loading cached tccm model from /pfs/work9/workspace/scratch/ma_pkonz-thesis/ForestDiffusion/tests/saved_models/business_dataset_middle.csv/tccm/a1c0f9f95ba02b43367bf4ecc7cca26a.joblib
[*] Loading cached tccm model from /pfs/work9/workspace/scratch/ma_pkonz-thesis/ForestDiffusion/tests/saved_models/business_dataset_middle.csv/tccm/cb7420e02a03f5c153e104acd980a21b.joblib
[*] Loading cached tccm model from /pfs/work9/workspace/scratch/ma_pkonz-thesis/ForestDiffusion/tests/saved_models/business_dataset_middle.csv/tccm/23f6cb99fac7591d83ec9704694f16bd.joblib
[*] Loading cached tccm model from /pfs/work9/workspace/scratch/ma_pkonz-thesis/ForestDiffusion/tests/saved_models/business_dataset_middle.csv/tccm/c23d5b502afc12814073b48896ec25c9.joblib
[*] Loading cached tccm model from /pfs/work9/workspace/scratch/ma_pkonz-thesis/ForestDiffusion/tests/saved_models/business_dataset_middle.csv/tccm/3cc0f36781d6b0ec43b3530e27d24b06.joblib
[*] Loading cached tccm model from /pfs/work9/workspace/scratch/ma_pkonz-thesis/ForestDiffusion/tests/saved_models/business_dataset_middle.csv/tccm/65b63655e2e8be3cf299df11f8ec6842.joblib
[*] Loading cached tccm model from /pfs/work9/workspace/scratch/ma_pkonz-thesis/ForestDiffusion/tests/saved_models/business_dataset_middle.csv/tccm/bc31cfe82d282783449ac9f2a3c02f59.joblib
[*] Loading cached tccm model from /pfs/work9/workspace/scratch/ma_pkonz-thesis/ForestDiffusion/tests/saved_models/business_dataset_middle.csv/tccm/f6d456e5ee377ba4d5f93c491d394ca0.joblib
[*] Loading cached tccm model from /pfs/work9/workspace/scratch/ma_pkonz-thesis/ForestDiffusion/tests/saved_models/business_dataset_middle.csv/tccm/469682654139d7fcad75bd59f6df55c0.joblib
[*] Loading cached tccm model from /pfs/work9/workspace/scratch/ma_pkonz-thesis/ForestDiffusion/tests/saved_models/business_dataset_middle.csv/tccm/849da139c3cee2bb56389ea1ae97be1a.joblib
[*] Loading cached tccm model from /pfs/work9/workspace/scratch/ma_pkonz-thesis/ForestDiffusion/tests/saved_models/business_dataset_middle.csv/tccm/9f39399560990dd72a8c96a9544b494c.joblib
[*] Loading cached tccm model from /pfs/work9/workspace/scratch/ma_pkonz-thesis/ForestDiffusion/tests/saved_models/business_dataset_middle.csv/tccm/40a1e5daa758043134537b654fa8960d.joblib
[*] Loading cached tccm model from /pfs/work9/workspace/scratch/ma_pkonz-thesis/ForestDiffusion/tests/saved_models/business_dataset_middle.csv/tccm/efe68c49eb6c5763871ddaaaf0845e4e.joblib
[*] Loading cached tccm model from /pfs/work9/workspace/scratch/ma_pkonz-thesis/ForestDiffusion/tests/saved_models/business_dataset_middle.csv/tccm/2794f9d184abb3c5e3dbe399be2c573d.joblib
[*] Loading cached tccm model from /pfs/work9/workspace/scratch/ma_pkonz-thesis/ForestDiffusion/tests/saved_models/business_dataset_middle.csv/tccm/eb907db2d687788dc14be7b25b7c077d.joblib
[*] Loading cached tccm model from /pfs/work9/workspace/scratch/ma_pkonz-thesis/ForestDiffusion/tests/saved_models/business_dataset_middle.csv/tccm/58bceabea586134d9e74ad933bb68c73.joblib
[*] Loading cached tccm model from /pfs/work9/workspace/scratch/ma_pkonz-thesis/ForestDiffusion/tests/saved_models/business_dataset_middle.csv/tccm/25a74181c2680ff304139fac7ffa94cd.joblib
[*] Loading cached tccm model from /pfs/work9/workspace/scratch/ma_pkonz-thesis/ForestDiffusion/tests/saved_models/business_dataset_middle.csv/tccm/0c876da7262c45bb42991fbfe93304e6.joblib
[*] Loading cached tccm model from /pfs/work9/workspace/scratch/ma_pkonz-thesis/ForestDiffusion/tests/saved_models/business_dataset_middle.csv/tccm/dad5560ddac1e63a49cff36f0a736019.joblib
[*] Loading cached tccm model from /pfs/work9/workspace/scratch/ma_pkonz-thesis/ForestDiffusion/tests/saved_models/business_dataset_middle.csv/tccm/a186671d91ca1da3f95d3e1204483c6d.joblib
[*] Loading cached tccm model from /pfs/work9/workspace/scratch/ma_pkonz-thesis/ForestDiffusion/tests/saved_models/business_dataset_middle.csv/tccm/921259165192df47ac1a419577ed2ebf.joblib
[*] Loading cached tccm model from /pfs/work9/workspace/scratch/ma_pkonz-thesis/ForestDiffusion/tests/saved_models/business_dataset_middle.csv/tccm/a8beba219e0eeca79d683fc4232bb601.joblib
[*] Loading cached tccm model from /pfs/work9/workspace/scratch/ma_pkonz-thesis/ForestDiffusion/tests/saved_models/business_dataset_middle.csv/tccm/8382b49dc94d70aa19824c8668debe19.joblib

 Dataset: business_dataset_middle.csv with model: TCCM_nt5 and score: reconstruction
Loading data from: /pfs/work9/workspace/scratch/ma_pkonz-thesis/ForestDiffusion/data_contamination/business_dataset_middle.csv

Total transactions: 6088
Date range: 2018-01-01 00:00:00 to 2024-02-26 00:00:00

Chronological split at: 2021-02-05 00:00:00
Train: 3048 transactions (until 2021-02-05 00:00:00)
Test: 3040 transactions (after 2021-02-05 00:00:00)
Test DataFrame saved to: /pfs/work9/workspace/scratch/ma_pkonz-thesis/ForestDiffusion/tests/df_test_raw.csv

Computing features on training data...
Computing features on test data...

Train split:
  Normal: 3032
  Abnormal: 16
Test: 3040 (Normal: 3029, Abnormal: 11)

Scaling data...
  Scaler fitted on NORMAL training data only

============================================================
FINAL SHAPES
============================================================
X_train_normal:  (3032, 21)
X_train_abnormal: (16, 21)
X_test:          (3040, 21)
y_test:          (3040,) (Anomaly rate: 0.36%)

============================================================
ANOMALY TYPES IN DATASET
============================================================

Total:
anomaly_description
TIMING_ANOMALY           10
CHANNEL_ANOMALY           6
IBAN_MISMATCH_ANOMALY     6
FREQUENCY_ANOMALY         5
Name: count, dtype: int64

In Train: 16
In Test: 11
[*] Loading cached tccm model from /pfs/work9/workspace/scratch/ma_pkonz-thesis/ForestDiffusion/tests/saved_models/business_dataset_middle.csv/tccm/0f627be65b196434e610f7a686cee2d0.joblib
[*] Loading cached tccm model from /pfs/work9/workspace/scratch/ma_pkonz-thesis/ForestDiffusion/tests/saved_models/business_dataset_middle.csv/tccm/8955016d84d49360c0143b00ce64f06b.joblib
[*] Loading cached tccm model from /pfs/work9/workspace/scratch/ma_pkonz-thesis/ForestDiffusion/tests/saved_models/business_dataset_middle.csv/tccm/5d49879823cbe5191eedb680c737ac14.joblib
[*] Loading cached tccm model from /pfs/work9/workspace/scratch/ma_pkonz-thesis/ForestDiffusion/tests/saved_models/business_dataset_middle.csv/tccm/6deb4a272c73d90a864c59c4fe8e69c4.joblib
[*] Loading cached tccm model from /pfs/work9/workspace/scratch/ma_pkonz-thesis/ForestDiffusion/tests/saved_models/business_dataset_middle.csv/tccm/b17ee0c303cc806204c04efb114ee0e1.joblib
[*] Loading cached tccm model from /pfs/work9/workspace/scratch/ma_pkonz-thesis/ForestDiffusion/tests/saved_models/business_dataset_middle.csv/tccm/929e3e9a50679c156e807dcdb57cbca7.joblib
[*] Loading cached tccm model from /pfs/work9/workspace/scratch/ma_pkonz-thesis/ForestDiffusion/tests/saved_models/business_dataset_middle.csv/tccm/eb0b5554cdb587acddd6c074f822b867.joblib
[*] Loading cached tccm model from /pfs/work9/workspace/scratch/ma_pkonz-thesis/ForestDiffusion/tests/saved_models/business_dataset_middle.csv/tccm/0b3541f2072edf717f820988b5f2a232.joblib
[*] Loading cached tccm model from /pfs/work9/workspace/scratch/ma_pkonz-thesis/ForestDiffusion/tests/saved_models/business_dataset_middle.csv/tccm/75e5534156b9eac30cbe96ea5e3ad6a5.joblib
[*] Loading cached tccm model from /pfs/work9/workspace/scratch/ma_pkonz-thesis/ForestDiffusion/tests/saved_models/business_dataset_middle.csv/tccm/7abe1109f5976dda36583ec366e10631.joblib
[*] Loading cached tccm model from /pfs/work9/workspace/scratch/ma_pkonz-thesis/ForestDiffusion/tests/saved_models/business_dataset_middle.csv/tccm/393cac2e0acb0dbf0f683036e53777a1.joblib
[*] Loading cached tccm model from /pfs/work9/workspace/scratch/ma_pkonz-thesis/ForestDiffusion/tests/saved_models/business_dataset_middle.csv/tccm/eced33d882951532dcb51ef62c245ff6.joblib
[*] Loading cached tccm model from /pfs/work9/workspace/scratch/ma_pkonz-thesis/ForestDiffusion/tests/saved_models/business_dataset_middle.csv/tccm/7545f0bb2d712d49aefed3a42f9dc2a5.joblib
[*] Loading cached tccm model from /pfs/work9/workspace/scratch/ma_pkonz-thesis/ForestDiffusion/tests/saved_models/business_dataset_middle.csv/tccm/3ce230e18966230485c00960caba2475.joblib
[*] Loading cached tccm model from /pfs/work9/workspace/scratch/ma_pkonz-thesis/ForestDiffusion/tests/saved_models/business_dataset_middle.csv/tccm/be4a7701bd671100a37a5d2605836c51.joblib
[*] Loading cached tccm model from /pfs/work9/workspace/scratch/ma_pkonz-thesis/ForestDiffusion/tests/saved_models/business_dataset_middle.csv/tccm/8d1468a2ba2ec4eff418b3a9ad3ae696.joblib
[*] Loading cached tccm model from /pfs/work9/workspace/scratch/ma_pkonz-thesis/ForestDiffusion/tests/saved_models/business_dataset_middle.csv/tccm/745958a544d3514a7a1de351d90e43df.joblib
[*] Loading cached tccm model from /pfs/work9/workspace/scratch/ma_pkonz-thesis/ForestDiffusion/tests/saved_models/business_dataset_middle.csv/tccm/26cc391ceb58189fb3653cc1c811f8d8.joblib
[*] Loading cached tccm model from /pfs/work9/workspace/scratch/ma_pkonz-thesis/ForestDiffusion/tests/saved_models/business_dataset_middle.csv/tccm/0596e4f900bcec3f2cbafcbd0f111c52.joblib
[*] Loading cached tccm model from /pfs/work9/workspace/scratch/ma_pkonz-thesis/ForestDiffusion/tests/saved_models/business_dataset_middle.csv/tccm/037bc3c5ac8f781d02c72b337f0ba454.joblib
[*] Loading cached tccm model from /pfs/work9/workspace/scratch/ma_pkonz-thesis/ForestDiffusion/tests/saved_models/business_dataset_middle.csv/tccm/c0a46253dd7f2da860e4b038c521809e.joblib
[*] Loading cached tccm model from /pfs/work9/workspace/scratch/ma_pkonz-thesis/ForestDiffusion/tests/saved_models/business_dataset_middle.csv/tccm/e0d5920cb910a66f69c4f39a35d8e2fb.joblib
[*] Loading cached tccm model from /pfs/work9/workspace/scratch/ma_pkonz-thesis/ForestDiffusion/tests/saved_models/business_dataset_middle.csv/tccm/e82d35f41be5c05b524bf6c3631ecaab.joblib
[*] Loading cached tccm model from /pfs/work9/workspace/scratch/ma_pkonz-thesis/ForestDiffusion/tests/saved_models/business_dataset_middle.csv/tccm/14711f5f1ccae6f646d1ba297e0ff8ff.joblib
[*] Loading cached tccm model from /pfs/work9/workspace/scratch/ma_pkonz-thesis/ForestDiffusion/tests/saved_models/business_dataset_middle.csv/tccm/11b439cbe10461b7a966dd2d84758e89.joblib
[*] Loading cached tccm model from /pfs/work9/workspace/scratch/ma_pkonz-thesis/ForestDiffusion/tests/saved_models/business_dataset_middle.csv/tccm/d7da3a5237baf30e41be0564bfd26218.joblib
[*] Loading cached tccm model from /pfs/work9/workspace/scratch/ma_pkonz-thesis/ForestDiffusion/tests/saved_models/business_dataset_middle.csv/tccm/1dc7c9e9542280824cb077d5f1385d02.joblib
[*] Loading cached tccm model from /pfs/work9/workspace/scratch/ma_pkonz-thesis/ForestDiffusion/tests/saved_models/business_dataset_middle.csv/tccm/a1c0f9f95ba02b43367bf4ecc7cca26a.joblib
[*] Loading cached tccm model from /pfs/work9/workspace/scratch/ma_pkonz-thesis/ForestDiffusion/tests/saved_models/business_dataset_middle.csv/tccm/cb7420e02a03f5c153e104acd980a21b.joblib
[*] Loading cached tccm model from /pfs/work9/workspace/scratch/ma_pkonz-thesis/ForestDiffusion/tests/saved_models/business_dataset_middle.csv/tccm/23f6cb99fac7591d83ec9704694f16bd.joblib
[*] Loading cached tccm model from /pfs/work9/workspace/scratch/ma_pkonz-thesis/ForestDiffusion/tests/saved_models/business_dataset_middle.csv/tccm/c23d5b502afc12814073b48896ec25c9.joblib
[*] Loading cached tccm model from /pfs/work9/workspace/scratch/ma_pkonz-thesis/ForestDiffusion/tests/saved_models/business_dataset_middle.csv/tccm/3cc0f36781d6b0ec43b3530e27d24b06.joblib
[*] Loading cached tccm model from /pfs/work9/workspace/scratch/ma_pkonz-thesis/ForestDiffusion/tests/saved_models/business_dataset_middle.csv/tccm/65b63655e2e8be3cf299df11f8ec6842.joblib
[*] Loading cached tccm model from /pfs/work9/workspace/scratch/ma_pkonz-thesis/ForestDiffusion/tests/saved_models/business_dataset_middle.csv/tccm/bc31cfe82d282783449ac9f2a3c02f59.joblib
[*] Loading cached tccm model from /pfs/work9/workspace/scratch/ma_pkonz-thesis/ForestDiffusion/tests/saved_models/business_dataset_middle.csv/tccm/f6d456e5ee377ba4d5f93c491d394ca0.joblib
[*] Loading cached tccm model from /pfs/work9/workspace/scratch/ma_pkonz-thesis/ForestDiffusion/tests/saved_models/business_dataset_middle.csv/tccm/469682654139d7fcad75bd59f6df55c0.joblib
[*] Loading cached tccm model from /pfs/work9/workspace/scratch/ma_pkonz-thesis/ForestDiffusion/tests/saved_models/business_dataset_middle.csv/tccm/849da139c3cee2bb56389ea1ae97be1a.joblib
[*] Loading cached tccm model from /pfs/work9/workspace/scratch/ma_pkonz-thesis/ForestDiffusion/tests/saved_models/business_dataset_middle.csv/tccm/9f39399560990dd72a8c96a9544b494c.joblib
[*] Loading cached tccm model from /pfs/work9/workspace/scratch/ma_pkonz-thesis/ForestDiffusion/tests/saved_models/business_dataset_middle.csv/tccm/40a1e5daa758043134537b654fa8960d.joblib
[*] Loading cached tccm model from /pfs/work9/workspace/scratch/ma_pkonz-thesis/ForestDiffusion/tests/saved_models/business_dataset_middle.csv/tccm/efe68c49eb6c5763871ddaaaf0845e4e.joblib
[*] Loading cached tccm model from /pfs/work9/workspace/scratch/ma_pkonz-thesis/ForestDiffusion/tests/saved_models/business_dataset_middle.csv/tccm/2794f9d184abb3c5e3dbe399be2c573d.joblib
[*] Loading cached tccm model from /pfs/work9/workspace/scratch/ma_pkonz-thesis/ForestDiffusion/tests/saved_models/business_dataset_middle.csv/tccm/eb907db2d687788dc14be7b25b7c077d.joblib
[*] Loading cached tccm model from /pfs/work9/workspace/scratch/ma_pkonz-thesis/ForestDiffusion/tests/saved_models/business_dataset_middle.csv/tccm/58bceabea586134d9e74ad933bb68c73.joblib
[*] Loading cached tccm model from /pfs/work9/workspace/scratch/ma_pkonz-thesis/ForestDiffusion/tests/saved_models/business_dataset_middle.csv/tccm/25a74181c2680ff304139fac7ffa94cd.joblib
[*] Loading cached tccm model from /pfs/work9/workspace/scratch/ma_pkonz-thesis/ForestDiffusion/tests/saved_models/business_dataset_middle.csv/tccm/0c876da7262c45bb42991fbfe93304e6.joblib
[*] Loading cached tccm model from /pfs/work9/workspace/scratch/ma_pkonz-thesis/ForestDiffusion/tests/saved_models/business_dataset_middle.csv/tccm/dad5560ddac1e63a49cff36f0a736019.joblib
[*] Loading cached tccm model from /pfs/work9/workspace/scratch/ma_pkonz-thesis/ForestDiffusion/tests/saved_models/business_dataset_middle.csv/tccm/a186671d91ca1da3f95d3e1204483c6d.joblib
[*] Loading cached tccm model from /pfs/work9/workspace/scratch/ma_pkonz-thesis/ForestDiffusion/tests/saved_models/business_dataset_middle.csv/tccm/921259165192df47ac1a419577ed2ebf.joblib
[*] Loading cached tccm model from /pfs/work9/workspace/scratch/ma_pkonz-thesis/ForestDiffusion/tests/saved_models/business_dataset_middle.csv/tccm/a8beba219e0eeca79d683fc4232bb601.joblib
[*] Loading cached tccm model from /pfs/work9/workspace/scratch/ma_pkonz-thesis/ForestDiffusion/tests/saved_models/business_dataset_middle.csv/tccm/8382b49dc94d70aa19824c8668debe19.joblib

 Dataset: business_dataset_middle.csv with model: TCCM_nt5 and score: decision
Loading data from: /pfs/work9/workspace/scratch/ma_pkonz-thesis/ForestDiffusion/data_contamination/business_dataset_middle.csv

Total transactions: 6088
Date range: 2018-01-01 00:00:00 to 2024-02-26 00:00:00

Chronological split at: 2021-02-05 00:00:00
Train: 3048 transactions (until 2021-02-05 00:00:00)
Test: 3040 transactions (after 2021-02-05 00:00:00)
Test DataFrame saved to: /pfs/work9/workspace/scratch/ma_pkonz-thesis/ForestDiffusion/tests/df_test_raw.csv

Computing features on training data...
Computing features on test data...

Train split:
  Normal: 3032
  Abnormal: 16
Test: 3040 (Normal: 3029, Abnormal: 11)

Scaling data...
  Scaler fitted on NORMAL training data only

============================================================
FINAL SHAPES
============================================================
X_train_normal:  (3032, 21)
X_train_abnormal: (16, 21)
X_test:          (3040, 21)
y_test:          (3040,) (Anomaly rate: 0.36%)

============================================================
ANOMALY TYPES IN DATASET
============================================================

Total:
anomaly_description
TIMING_ANOMALY           10
CHANNEL_ANOMALY           6
IBAN_MISMATCH_ANOMALY     6
FREQUENCY_ANOMALY         5
Name: count, dtype: int64

In Train: 16
In Test: 11
[*] Loading cached tccm model from /pfs/work9/workspace/scratch/ma_pkonz-thesis/ForestDiffusion/tests/saved_models/business_dataset_middle.csv/tccm/0f627be65b196434e610f7a686cee2d0.joblib
[*] Loading cached tccm model from /pfs/work9/workspace/scratch/ma_pkonz-thesis/ForestDiffusion/tests/saved_models/business_dataset_middle.csv/tccm/8955016d84d49360c0143b00ce64f06b.joblib
[*] Loading cached tccm model from /pfs/work9/workspace/scratch/ma_pkonz-thesis/ForestDiffusion/tests/saved_models/business_dataset_middle.csv/tccm/5d49879823cbe5191eedb680c737ac14.joblib
[*] Loading cached tccm model from /pfs/work9/workspace/scratch/ma_pkonz-thesis/ForestDiffusion/tests/saved_models/business_dataset_middle.csv/tccm/6deb4a272c73d90a864c59c4fe8e69c4.joblib
[*] Loading cached tccm model from /pfs/work9/workspace/scratch/ma_pkonz-thesis/ForestDiffusion/tests/saved_models/business_dataset_middle.csv/tccm/b17ee0c303cc806204c04efb114ee0e1.joblib
[*] Loading cached tccm model from /pfs/work9/workspace/scratch/ma_pkonz-thesis/ForestDiffusion/tests/saved_models/business_dataset_middle.csv/tccm/929e3e9a50679c156e807dcdb57cbca7.joblib
[*] Loading cached tccm model from /pfs/work9/workspace/scratch/ma_pkonz-thesis/ForestDiffusion/tests/saved_models/business_dataset_middle.csv/tccm/eb0b5554cdb587acddd6c074f822b867.joblib
[*] Loading cached tccm model from /pfs/work9/workspace/scratch/ma_pkonz-thesis/ForestDiffusion/tests/saved_models/business_dataset_middle.csv/tccm/0b3541f2072edf717f820988b5f2a232.joblib
[*] Loading cached tccm model from /pfs/work9/workspace/scratch/ma_pkonz-thesis/ForestDiffusion/tests/saved_models/business_dataset_middle.csv/tccm/75e5534156b9eac30cbe96ea5e3ad6a5.joblib
[*] Loading cached tccm model from /pfs/work9/workspace/scratch/ma_pkonz-thesis/ForestDiffusion/tests/saved_models/business_dataset_middle.csv/tccm/7abe1109f5976dda36583ec366e10631.joblib
[*] Loading cached tccm model from /pfs/work9/workspace/scratch/ma_pkonz-thesis/ForestDiffusion/tests/saved_models/business_dataset_middle.csv/tccm/393cac2e0acb0dbf0f683036e53777a1.joblib
[*] Loading cached tccm model from /pfs/work9/workspace/scratch/ma_pkonz-thesis/ForestDiffusion/tests/saved_models/business_dataset_middle.csv/tccm/eced33d882951532dcb51ef62c245ff6.joblib
[*] Loading cached tccm model from /pfs/work9/workspace/scratch/ma_pkonz-thesis/ForestDiffusion/tests/saved_models/business_dataset_middle.csv/tccm/7545f0bb2d712d49aefed3a42f9dc2a5.joblib
[*] Loading cached tccm model from /pfs/work9/workspace/scratch/ma_pkonz-thesis/ForestDiffusion/tests/saved_models/business_dataset_middle.csv/tccm/3ce230e18966230485c00960caba2475.joblib
[*] Loading cached tccm model from /pfs/work9/workspace/scratch/ma_pkonz-thesis/ForestDiffusion/tests/saved_models/business_dataset_middle.csv/tccm/be4a7701bd671100a37a5d2605836c51.joblib
[*] Loading cached tccm model from /pfs/work9/workspace/scratch/ma_pkonz-thesis/ForestDiffusion/tests/saved_models/business_dataset_middle.csv/tccm/8d1468a2ba2ec4eff418b3a9ad3ae696.joblib
[*] Loading cached tccm model from /pfs/work9/workspace/scratch/ma_pkonz-thesis/ForestDiffusion/tests/saved_models/business_dataset_middle.csv/tccm/745958a544d3514a7a1de351d90e43df.joblib
[*] Loading cached tccm model from /pfs/work9/workspace/scratch/ma_pkonz-thesis/ForestDiffusion/tests/saved_models/business_dataset_middle.csv/tccm/26cc391ceb58189fb3653cc1c811f8d8.joblib
[*] Loading cached tccm model from /pfs/work9/workspace/scratch/ma_pkonz-thesis/ForestDiffusion/tests/saved_models/business_dataset_middle.csv/tccm/0596e4f900bcec3f2cbafcbd0f111c52.joblib
[*] Loading cached tccm model from /pfs/work9/workspace/scratch/ma_pkonz-thesis/ForestDiffusion/tests/saved_models/business_dataset_middle.csv/tccm/037bc3c5ac8f781d02c72b337f0ba454.joblib
[*] Loading cached tccm model from /pfs/work9/workspace/scratch/ma_pkonz-thesis/ForestDiffusion/tests/saved_models/business_dataset_middle.csv/tccm/c0a46253dd7f2da860e4b038c521809e.joblib
[*] Loading cached tccm model from /pfs/work9/workspace/scratch/ma_pkonz-thesis/ForestDiffusion/tests/saved_models/business_dataset_middle.csv/tccm/e0d5920cb910a66f69c4f39a35d8e2fb.joblib
[*] Loading cached tccm model from /pfs/work9/workspace/scratch/ma_pkonz-thesis/ForestDiffusion/tests/saved_models/business_dataset_middle.csv/tccm/e82d35f41be5c05b524bf6c3631ecaab.joblib
[*] Loading cached tccm model from /pfs/work9/workspace/scratch/ma_pkonz-thesis/ForestDiffusion/tests/saved_models/business_dataset_middle.csv/tccm/14711f5f1ccae6f646d1ba297e0ff8ff.joblib
[*] Loading cached tccm model from /pfs/work9/workspace/scratch/ma_pkonz-thesis/ForestDiffusion/tests/saved_models/business_dataset_middle.csv/tccm/11b439cbe10461b7a966dd2d84758e89.joblib
[*] Loading cached tccm model from /pfs/work9/workspace/scratch/ma_pkonz-thesis/ForestDiffusion/tests/saved_models/business_dataset_middle.csv/tccm/d7da3a5237baf30e41be0564bfd26218.joblib
[*] Loading cached tccm model from /pfs/work9/workspace/scratch/ma_pkonz-thesis/ForestDiffusion/tests/saved_models/business_dataset_middle.csv/tccm/1dc7c9e9542280824cb077d5f1385d02.joblib
[*] Loading cached tccm model from /pfs/work9/workspace/scratch/ma_pkonz-thesis/ForestDiffusion/tests/saved_models/business_dataset_middle.csv/tccm/a1c0f9f95ba02b43367bf4ecc7cca26a.joblib
[*] Loading cached tccm model from /pfs/work9/workspace/scratch/ma_pkonz-thesis/ForestDiffusion/tests/saved_models/business_dataset_middle.csv/tccm/cb7420e02a03f5c153e104acd980a21b.joblib
[*] Loading cached tccm model from /pfs/work9/workspace/scratch/ma_pkonz-thesis/ForestDiffusion/tests/saved_models/business_dataset_middle.csv/tccm/23f6cb99fac7591d83ec9704694f16bd.joblib
[*] Loading cached tccm model from /pfs/work9/workspace/scratch/ma_pkonz-thesis/ForestDiffusion/tests/saved_models/business_dataset_middle.csv/tccm/c23d5b502afc12814073b48896ec25c9.joblib
[*] Loading cached tccm model from /pfs/work9/workspace/scratch/ma_pkonz-thesis/ForestDiffusion/tests/saved_models/business_dataset_middle.csv/tccm/3cc0f36781d6b0ec43b3530e27d24b06.joblib
[*] Loading cached tccm model from /pfs/work9/workspace/scratch/ma_pkonz-thesis/ForestDiffusion/tests/saved_models/business_dataset_middle.csv/tccm/65b63655e2e8be3cf299df11f8ec6842.joblib
[*] Loading cached tccm model from /pfs/work9/workspace/scratch/ma_pkonz-thesis/ForestDiffusion/tests/saved_models/business_dataset_middle.csv/tccm/bc31cfe82d282783449ac9f2a3c02f59.joblib
[*] Loading cached tccm model from /pfs/work9/workspace/scratch/ma_pkonz-thesis/ForestDiffusion/tests/saved_models/business_dataset_middle.csv/tccm/f6d456e5ee377ba4d5f93c491d394ca0.joblib
[*] Loading cached tccm model from /pfs/work9/workspace/scratch/ma_pkonz-thesis/ForestDiffusion/tests/saved_models/business_dataset_middle.csv/tccm/469682654139d7fcad75bd59f6df55c0.joblib
[*] Loading cached tccm model from /pfs/work9/workspace/scratch/ma_pkonz-thesis/ForestDiffusion/tests/saved_models/business_dataset_middle.csv/tccm/849da139c3cee2bb56389ea1ae97be1a.joblib
[*] Loading cached tccm model from /pfs/work9/workspace/scratch/ma_pkonz-thesis/ForestDiffusion/tests/saved_models/business_dataset_middle.csv/tccm/9f39399560990dd72a8c96a9544b494c.joblib
[*] Loading cached tccm model from /pfs/work9/workspace/scratch/ma_pkonz-thesis/ForestDiffusion/tests/saved_models/business_dataset_middle.csv/tccm/40a1e5daa758043134537b654fa8960d.joblib
[*] Loading cached tccm model from /pfs/work9/workspace/scratch/ma_pkonz-thesis/ForestDiffusion/tests/saved_models/business_dataset_middle.csv/tccm/efe68c49eb6c5763871ddaaaf0845e4e.joblib
[*] Loading cached tccm model from /pfs/work9/workspace/scratch/ma_pkonz-thesis/ForestDiffusion/tests/saved_models/business_dataset_middle.csv/tccm/2794f9d184abb3c5e3dbe399be2c573d.joblib
[*] Loading cached tccm model from /pfs/work9/workspace/scratch/ma_pkonz-thesis/ForestDiffusion/tests/saved_models/business_dataset_middle.csv/tccm/eb907db2d687788dc14be7b25b7c077d.joblib
[*] Loading cached tccm model from /pfs/work9/workspace/scratch/ma_pkonz-thesis/ForestDiffusion/tests/saved_models/business_dataset_middle.csv/tccm/58bceabea586134d9e74ad933bb68c73.joblib
[*] Loading cached tccm model from /pfs/work9/workspace/scratch/ma_pkonz-thesis/ForestDiffusion/tests/saved_models/business_dataset_middle.csv/tccm/25a74181c2680ff304139fac7ffa94cd.joblib
[*] Loading cached tccm model from /pfs/work9/workspace/scratch/ma_pkonz-thesis/ForestDiffusion/tests/saved_models/business_dataset_middle.csv/tccm/0c876da7262c45bb42991fbfe93304e6.joblib
[*] Loading cached tccm model from /pfs/work9/workspace/scratch/ma_pkonz-thesis/ForestDiffusion/tests/saved_models/business_dataset_middle.csv/tccm/dad5560ddac1e63a49cff36f0a736019.joblib
[*] Loading cached tccm model from /pfs/work9/workspace/scratch/ma_pkonz-thesis/ForestDiffusion/tests/saved_models/business_dataset_middle.csv/tccm/a186671d91ca1da3f95d3e1204483c6d.joblib
[*] Loading cached tccm model from /pfs/work9/workspace/scratch/ma_pkonz-thesis/ForestDiffusion/tests/saved_models/business_dataset_middle.csv/tccm/921259165192df47ac1a419577ed2ebf.joblib
[*] Loading cached tccm model from /pfs/work9/workspace/scratch/ma_pkonz-thesis/ForestDiffusion/tests/saved_models/business_dataset_middle.csv/tccm/a8beba219e0eeca79d683fc4232bb601.joblib
[*] Loading cached tccm model from /pfs/work9/workspace/scratch/ma_pkonz-thesis/ForestDiffusion/tests/saved_models/business_dataset_middle.csv/tccm/8382b49dc94d70aa19824c8668debe19.joblib
Saved: 0_results_tccm_business/f1_comparison_TCCM_nt5_business_dataset_middle.csv_no_contamination.pdf
Saved: 0_results_tccm_business/f1_comparison_TCCM_nt5_business_dataset_middle.csv_full_contamination.pdf

================================================================================
EXTREME CASES SUMMARY
================================================================================

TCCM_nt5 - deviation:
  business_dataset_middle.csv [no_contamination]:
    AUC: 0.7482 ± 0.0113
    AUPRC: 0.3285 ± 0.0005

    Threshold Percentile Metrics:
    Percentile   Precision            Recall               F1                  
    ------------------------------------------------------------------------
    20           0.0045 ± 0.0000      1.0000 ± 0.0000      0.0090 ± 0.0000     
    25           0.0046 ± 0.0002      0.9455 ± 0.0445      0.0091 ± 0.0004     
    30           0.0047 ± 0.0000      0.9091 ± 0.0000      0.0094 ± 0.0000     
    35           0.0048 ± 0.0002      0.8545 ± 0.0445      0.0095 ± 0.0005     
    40           0.0045 ± 0.0002      0.7455 ± 0.0364      0.0089 ± 0.0004     
    45           0.0048 ± 0.0000      0.7273 ± 0.0000      0.0095 ± 0.0000     
    50           0.0053 ± 0.0000      0.7273 ± 0.0000      0.0105 ± 0.0000     
    60           0.0066 ± 0.0000      0.7273 ± 0.0000      0.0130 ± 0.0000     
    70           0.0083 ± 0.0005      0.6909 ± 0.0445      0.0165 ± 0.0011     
    80           0.0112 ± 0.0007      0.6182 ± 0.0364      0.0220 ± 0.0013     
    90           0.0132 ± 0.0000      0.3636 ± 0.0000      0.0254 ± 0.0000     
    95           0.0263 ± 0.0000      0.3636 ± 0.0000      0.0491 ± 0.0000     
    97.5         0.0526 ± 0.0000      0.3636 ± 0.0000      0.0920 ± 0.0000     
    99           0.1290 ± 0.0000      0.3636 ± 0.0000      0.1905 ± 0.0000     
    99.5         0.2500 ± 0.0000      0.3636 ± 0.0000      0.2963 ± 0.0000     
    99.9         0.7500 ± 0.0000      0.2727 ± 0.0000      0.4000 ± 0.0000     
    99.95        1.0000 ± 0.0000      0.1818 ± 0.0000      0.3077 ± 0.0000     
    99.99        1.0000 ± 0.0000      0.0909 ± 0.0000      0.1667 ± 0.0000     

    ✓ Best F1: 0.4000 @ 99.9th percentile
  business_dataset_middle.csv [full_contamination]:
    AUC: 0.7202 ± 0.0154
    AUPRC: 0.1559 ± 0.0539

    Threshold Percentile Metrics:
    Percentile   Precision            Recall               F1                  
    ------------------------------------------------------------------------
    20           0.0045 ± 0.0000      1.0000 ± 0.0000      0.0090 ± 0.0000     
    25           0.0046 ± 0.0004      0.9455 ± 0.0727      0.0091 ± 0.0007     
    30           0.0042 ± 0.0003      0.8182 ± 0.0575      0.0084 ± 0.0006     
    35           0.0044 ± 0.0004      0.7818 ± 0.0727      0.0087 ± 0.0008     
    40           0.0046 ± 0.0004      0.7636 ± 0.0727      0.0092 ± 0.0009     
    45           0.0048 ± 0.0000      0.7273 ± 0.0000      0.0095 ± 0.0000     
    50           0.0053 ± 0.0000      0.7273 ± 0.0000      0.0105 ± 0.0000     
    60           0.0066 ± 0.0000      0.7273 ± 0.0000      0.0130 ± 0.0000     
    70           0.0079 ± 0.0004      0.6545 ± 0.0364      0.0156 ± 0.0009     
    80           0.0089 ± 0.0008      0.4909 ± 0.0445      0.0174 ± 0.0016     
    90           0.0125 ± 0.0013      0.3455 ± 0.0364      0.0241 ± 0.0025     
    95           0.0224 ± 0.0053      0.3091 ± 0.0727      0.0417 ± 0.0098     
    97.5         0.0368 ± 0.0129      0.2545 ± 0.0891      0.0644 ± 0.0225     
    99           0.0903 ± 0.0316      0.2545 ± 0.0891      0.1333 ± 0.0467     
    99.5         0.1750 ± 0.0612      0.2545 ± 0.0891      0.2074 ± 0.0726     
    99.9         0.5500 ± 0.1000      0.2000 ± 0.0364      0.2933 ± 0.0533     
    99.95        0.5000 ± 0.0000      0.0909 ± 0.0000      0.1538 ± 0.0000     
    99.99        0.0000 ± 0.0000      0.0000 ± 0.0000      0.0000 ± 0.0000     

    ✓ Best F1: 0.2933 @ 99.9th percentile

TCCM_nt5 - reconstruction:
  business_dataset_middle.csv [no_contamination]:
    AUC: 0.8976 ± 0.0028
    AUPRC: 0.3820 ± 0.0023

    Threshold Percentile Metrics:
    Percentile   Precision            Recall               F1                  
    ------------------------------------------------------------------------
    20           0.0045 ± 0.0000      1.0000 ± 0.0000      0.0090 ± 0.0000     
    25           0.0048 ± 0.0000      1.0000 ± 0.0000      0.0096 ± 0.0000     
    30           0.0052 ± 0.0000      1.0000 ± 0.0000      0.0103 ± 0.0000     
    35           0.0056 ± 0.0000      1.0000 ± 0.0000      0.0111 ± 0.0000     
    40           0.0060 ± 0.0000      1.0000 ± 0.0000      0.0120 ± 0.0000     
    45           0.0066 ± 0.0000      1.0000 ± 0.0000      0.0131 ± 0.0000     
    50           0.0072 ± 0.0000      1.0000 ± 0.0000      0.0144 ± 0.0000     
    60           0.0082 ± 0.0000      0.9091 ± 0.0000      0.0163 ± 0.0000     
    70           0.0099 ± 0.0000      0.8182 ± 0.0000      0.0195 ± 0.0000     
    80           0.0132 ± 0.0000      0.7273 ± 0.0000      0.0258 ± 0.0000     
    90           0.0263 ± 0.0000      0.7273 ± 0.0000      0.0508 ± 0.0000     
    95           0.0461 ± 0.0000      0.6364 ± 0.0000      0.0859 ± 0.0000     
    97.5         0.0816 ± 0.0053      0.5636 ± 0.0364      0.1425 ± 0.0092     
    99           0.1613 ± 0.0000      0.4545 ± 0.0000      0.2381 ± 0.0000     
    99.5         0.3125 ± 0.0000      0.4545 ± 0.0000      0.3704 ± 0.0000     
    99.9         0.7500 ± 0.0000      0.2727 ± 0.0000      0.4000 ± 0.0000     
    99.95        1.0000 ± 0.0000      0.1818 ± 0.0000      0.3077 ± 0.0000     
    99.99        1.0000 ± 0.0000      0.0909 ± 0.0000      0.1667 ± 0.0000     

    ✓ Best F1: 0.4000 @ 99.9th percentile
  business_dataset_middle.csv [full_contamination]:
    AUC: 0.8902 ± 0.0015
    AUPRC: 0.3055 ± 0.0619

    Threshold Percentile Metrics:
    Percentile   Precision            Recall               F1                  
    ------------------------------------------------------------------------
    20           0.0045 ± 0.0000      1.0000 ± 0.0000      0.0090 ± 0.0000     
    25           0.0048 ± 0.0000      1.0000 ± 0.0000      0.0096 ± 0.0000     
    30           0.0052 ± 0.0000      1.0000 ± 0.0000      0.0103 ± 0.0000     
    35           0.0056 ± 0.0000      1.0000 ± 0.0000      0.0111 ± 0.0000     
    40           0.0060 ± 0.0000      1.0000 ± 0.0000      0.0120 ± 0.0000     
    45           0.0066 ± 0.0000      1.0000 ± 0.0000      0.0131 ± 0.0000     
    50           0.0072 ± 0.0000      1.0000 ± 0.0000      0.0144 ± 0.0000     
    60           0.0081 ± 0.0003      0.8909 ± 0.0364      0.0160 ± 0.0007     
    70           0.0099 ± 0.0000      0.8182 ± 0.0000      0.0195 ± 0.0000     
    80           0.0132 ± 0.0000      0.7273 ± 0.0000      0.0258 ± 0.0000     
    90           0.0263 ± 0.0000      0.7273 ± 0.0000      0.0508 ± 0.0000     
    95           0.0461 ± 0.0000      0.6364 ± 0.0000      0.0859 ± 0.0000     
    97.5         0.0789 ± 0.0000      0.5455 ± 0.0000      0.1379 ± 0.0000     
    99           0.1613 ± 0.0000      0.4545 ± 0.0000      0.2381 ± 0.0000     
    99.5         0.3125 ± 0.0000      0.4545 ± 0.0000      0.3704 ± 0.0000     
    99.9         0.6000 ± 0.2000      0.2182 ± 0.0727      0.3200 ± 0.1067     
    99.95        0.6000 ± 0.2000      0.1091 ± 0.0364      0.1846 ± 0.0615     
    99.99        0.4000 ± 0.4899      0.0364 ± 0.0445      0.0667 ± 0.0816     

    ✓ Best F1: 0.3704 @ 99.5th percentile

TCCM_nt5 - decision:
  business_dataset_middle.csv [no_contamination]:
    AUC: 0.7532 ± 0.0141
    AUPRC: 0.3289 ± 0.0008

    Threshold Percentile Metrics:
    Percentile   Precision            Recall               F1                  
    ------------------------------------------------------------------------
    20           0.0045 ± 0.0000      1.0000 ± 0.0000      0.0090 ± 0.0000     
    25           0.0046 ± 0.0002      0.9455 ± 0.0445      0.0091 ± 0.0004     
    30           0.0047 ± 0.0000      0.9091 ± 0.0000      0.0094 ± 0.0000     
    35           0.0047 ± 0.0002      0.8364 ± 0.0364      0.0093 ± 0.0004     
    40           0.0048 ± 0.0002      0.8000 ± 0.0364      0.0096 ± 0.0004     
    45           0.0049 ± 0.0002      0.7455 ± 0.0364      0.0097 ± 0.0005     
    50           0.0053 ± 0.0000      0.7273 ± 0.0000      0.0105 ± 0.0000     
    60           0.0066 ± 0.0000      0.7273 ± 0.0000      0.0130 ± 0.0000     
    70           0.0083 ± 0.0005      0.6909 ± 0.0445      0.0165 ± 0.0011     
    80           0.0112 ± 0.0007      0.6182 ± 0.0364      0.0220 ± 0.0013     
    90           0.0151 ± 0.0026      0.4182 ± 0.0727      0.0292 ± 0.0051     
    95           0.0263 ± 0.0000      0.3636 ± 0.0000      0.0491 ± 0.0000     
    97.5         0.0526 ± 0.0000      0.3636 ± 0.0000      0.0920 ± 0.0000     
    99           0.1290 ± 0.0000      0.3636 ± 0.0000      0.1905 ± 0.0000     
    99.5         0.2500 ± 0.0000      0.3636 ± 0.0000      0.2963 ± 0.0000     
    99.9         0.7500 ± 0.0000      0.2727 ± 0.0000      0.4000 ± 0.0000     
    99.95        1.0000 ± 0.0000      0.1818 ± 0.0000      0.3077 ± 0.0000     
    99.99        1.0000 ± 0.0000      0.0909 ± 0.0000      0.1667 ± 0.0000     

    ✓ Best F1: 0.4000 @ 99.9th percentile
  business_dataset_middle.csv [full_contamination]:
    AUC: 0.7209 ± 0.0212
    AUPRC: 0.1585 ± 0.0560

    Threshold Percentile Metrics:
    Percentile   Precision            Recall               F1                  
    ------------------------------------------------------------------------
    20           0.0044 ± 0.0002      0.9818 ± 0.0364      0.0088 ± 0.0003     
    25           0.0046 ± 0.0004      0.9636 ± 0.0727      0.0093 ± 0.0007     
    30           0.0043 ± 0.0004      0.8364 ± 0.0680      0.0086 ± 0.0007     
    35           0.0043 ± 0.0004      0.7636 ± 0.0727      0.0085 ± 0.0008     
    40           0.0046 ± 0.0004      0.7636 ± 0.0727      0.0092 ± 0.0009     
    45           0.0050 ± 0.0005      0.7636 ± 0.0727      0.0100 ± 0.0010     
    50           0.0053 ± 0.0000      0.7273 ± 0.0000      0.0105 ± 0.0000     
    60           0.0066 ± 0.0000      0.7273 ± 0.0000      0.0130 ± 0.0000     
    70           0.0079 ± 0.0004      0.6545 ± 0.0364      0.0156 ± 0.0009     
    80           0.0095 ± 0.0007      0.5273 ± 0.0364      0.0187 ± 0.0013     
    90           0.0125 ± 0.0013      0.3455 ± 0.0364      0.0241 ± 0.0025     
    95           0.0211 ± 0.0049      0.2909 ± 0.0680      0.0393 ± 0.0092     
    97.5         0.0368 ± 0.0129      0.2545 ± 0.0891      0.0644 ± 0.0225     
    99           0.0903 ± 0.0316      0.2545 ± 0.0891      0.1333 ± 0.0467     
    99.5         0.1750 ± 0.0612      0.2545 ± 0.0891      0.2074 ± 0.0726     
    99.9         0.5500 ± 0.1000      0.2000 ± 0.0364      0.2933 ± 0.0533     
    99.95        0.5000 ± 0.0000      0.0909 ± 0.0000      0.1538 ± 0.0000     
    99.99        0.0000 ± 0.0000      0.0000 ± 0.0000      0.0000 ± 0.0000     

    ✓ Best F1: 0.2933 @ 99.9th percentile

============================================================
Results saved at: 0_results_tccm_business/results_data/extreme_cases_business_dataset_middle.csv_20251227_200655.joblib
============================================================
== Job Ende: Sat Dec 27 08:07:03 PM CET 2025 ==

============================= JOB FEEDBACK =============================

NodeName=uc2n829
Job ID: 2685689
Cluster: uc3
User/Group: ma_pkonz/ma_ma
State: COMPLETED (exit code 0)
Nodes: 1
Cores per node: 50
CPU Utilized: 00:11:19
CPU Efficiency: 8.65% of 02:10:50 core-walltime
Job Wall-clock time: 00:02:37
Memory Utilized: 373.31 MB
Memory Efficiency: 0.57% of 64.00 GB (64.00 GB/node)
