== Job start (CPU-Partition: cpu_il) ==
Python Script wird mit 1 Kernen gestartet...

 Dataset: 5_campaign.npz with model: ForestDiffusion_nt50_dk20 and score: deviation
 
Dataset loaded successfully!
Training data: (18274, 62), Normal: 18274
Test data: (22914, 62), Normal: 18274, Anomalies: 4640
[*] No cached model found. Training model for 5_campaign.npz, ForestDiffusion_nt50_dk20, contam_idx=0, seed=0

Training ForestDiffusionModel (vp) on dataset: 5_campaign.npz_ForestDiffusion_nt50_dk20 with n_t=50, duplicate_K=20, seed=0
[*] Model saved to /pfs/work9/workspace/scratch/ma_pkonz-thesis/ForestDiffusion/tests/saved_models/5_campaign.npz/ForestDiffusion_nt50_dk20/8c08fb0280d25d916bb121ef7bd7f8b8.joblib
[*] No cached model found. Training model for 5_campaign.npz, ForestDiffusion_nt50_dk20, contam_idx=0, seed=1

Training ForestDiffusionModel (vp) on dataset: 5_campaign.npz_ForestDiffusion_nt50_dk20 with n_t=50, duplicate_K=20, seed=1
[*] Model saved to /pfs/work9/workspace/scratch/ma_pkonz-thesis/ForestDiffusion/tests/saved_models/5_campaign.npz/ForestDiffusion_nt50_dk20/f2c7ce1890d4ab47af212a4375aabdb0.joblib
[*] No cached model found. Training model for 5_campaign.npz, ForestDiffusion_nt50_dk20, contam_idx=0, seed=2

Training ForestDiffusionModel (vp) on dataset: 5_campaign.npz_ForestDiffusion_nt50_dk20 with n_t=50, duplicate_K=20, seed=2
[*] Model saved to /pfs/work9/workspace/scratch/ma_pkonz-thesis/ForestDiffusion/tests/saved_models/5_campaign.npz/ForestDiffusion_nt50_dk20/32d816252a812bd4942b5282dcc1a18e.joblib
[*] No cached model found. Training model for 5_campaign.npz, ForestDiffusion_nt50_dk20, contam_idx=0, seed=3

Training ForestDiffusionModel (vp) on dataset: 5_campaign.npz_ForestDiffusion_nt50_dk20 with n_t=50, duplicate_K=20, seed=3
[*] Model saved to /pfs/work9/workspace/scratch/ma_pkonz-thesis/ForestDiffusion/tests/saved_models/5_campaign.npz/ForestDiffusion_nt50_dk20/5bc67ae5be7256e82178a890038f0934.joblib
[*] No cached model found. Training model for 5_campaign.npz, ForestDiffusion_nt50_dk20, contam_idx=0, seed=4

Training ForestDiffusionModel (vp) on dataset: 5_campaign.npz_ForestDiffusion_nt50_dk20 with n_t=50, duplicate_K=20, seed=4
[*] Model saved to /pfs/work9/workspace/scratch/ma_pkonz-thesis/ForestDiffusion/tests/saved_models/5_campaign.npz/ForestDiffusion_nt50_dk20/98aca9f761c0e5cd2ae4854de0d7487f.joblib
[*] No cached model found. Training model for 5_campaign.npz, ForestDiffusion_nt50_dk20, contam_idx=1, seed=0

Training ForestDiffusionModel (vp) on dataset: 5_campaign.npz_ForestDiffusion_nt50_dk20 with n_t=50, duplicate_K=20, seed=0
[*] Model saved to /pfs/work9/workspace/scratch/ma_pkonz-thesis/ForestDiffusion/tests/saved_models/5_campaign.npz/ForestDiffusion_nt50_dk20/223040df63d27bd0080194c1e18d553e.joblib
[*] No cached model found. Training model for 5_campaign.npz, ForestDiffusion_nt50_dk20, contam_idx=1, seed=1

Training ForestDiffusionModel (vp) on dataset: 5_campaign.npz_ForestDiffusion_nt50_dk20 with n_t=50, duplicate_K=20, seed=1
[*] Model saved to /pfs/work9/workspace/scratch/ma_pkonz-thesis/ForestDiffusion/tests/saved_models/5_campaign.npz/ForestDiffusion_nt50_dk20/21e60810040d00708485fa57e18554f7.joblib
[*] No cached model found. Training model for 5_campaign.npz, ForestDiffusion_nt50_dk20, contam_idx=1, seed=2

Training ForestDiffusionModel (vp) on dataset: 5_campaign.npz_ForestDiffusion_nt50_dk20 with n_t=50, duplicate_K=20, seed=2
[*] Model saved to /pfs/work9/workspace/scratch/ma_pkonz-thesis/ForestDiffusion/tests/saved_models/5_campaign.npz/ForestDiffusion_nt50_dk20/f6754984cecc3eff015540bf917e60a6.joblib
[*] No cached model found. Training model for 5_campaign.npz, ForestDiffusion_nt50_dk20, contam_idx=1, seed=3

Training ForestDiffusionModel (vp) on dataset: 5_campaign.npz_ForestDiffusion_nt50_dk20 with n_t=50, duplicate_K=20, seed=3
[*] Model saved to /pfs/work9/workspace/scratch/ma_pkonz-thesis/ForestDiffusion/tests/saved_models/5_campaign.npz/ForestDiffusion_nt50_dk20/4e01171818f71bc01ab520679d80027b.joblib
[*] No cached model found. Training model for 5_campaign.npz, ForestDiffusion_nt50_dk20, contam_idx=1, seed=4

Training ForestDiffusionModel (vp) on dataset: 5_campaign.npz_ForestDiffusion_nt50_dk20 with n_t=50, duplicate_K=20, seed=4
[*] Model saved to /pfs/work9/workspace/scratch/ma_pkonz-thesis/ForestDiffusion/tests/saved_models/5_campaign.npz/ForestDiffusion_nt50_dk20/ebdfa3524b5b905e5054822256837847.joblib
[*] No cached model found. Training model for 5_campaign.npz, ForestDiffusion_nt50_dk20, contam_idx=2, seed=0

Training ForestDiffusionModel (vp) on dataset: 5_campaign.npz_ForestDiffusion_nt50_dk20 with n_t=50, duplicate_K=20, seed=0
[*] Model saved to /pfs/work9/workspace/scratch/ma_pkonz-thesis/ForestDiffusion/tests/saved_models/5_campaign.npz/ForestDiffusion_nt50_dk20/c143f523931039c213d0a2339fdc785a.joblib
[*] No cached model found. Training model for 5_campaign.npz, ForestDiffusion_nt50_dk20, contam_idx=2, seed=1

Training ForestDiffusionModel (vp) on dataset: 5_campaign.npz_ForestDiffusion_nt50_dk20 with n_t=50, duplicate_K=20, seed=1
[*] Model saved to /pfs/work9/workspace/scratch/ma_pkonz-thesis/ForestDiffusion/tests/saved_models/5_campaign.npz/ForestDiffusion_nt50_dk20/131d271e77c40d3b24282085ab0e39a8.joblib
[*] No cached model found. Training model for 5_campaign.npz, ForestDiffusion_nt50_dk20, contam_idx=2, seed=2

Training ForestDiffusionModel (vp) on dataset: 5_campaign.npz_ForestDiffusion_nt50_dk20 with n_t=50, duplicate_K=20, seed=2
[*] Model saved to /pfs/work9/workspace/scratch/ma_pkonz-thesis/ForestDiffusion/tests/saved_models/5_campaign.npz/ForestDiffusion_nt50_dk20/d6b65e7430d8dedaebd02df3ec260fb5.joblib
[*] No cached model found. Training model for 5_campaign.npz, ForestDiffusion_nt50_dk20, contam_idx=2, seed=3

Training ForestDiffusionModel (vp) on dataset: 5_campaign.npz_ForestDiffusion_nt50_dk20 with n_t=50, duplicate_K=20, seed=3
[*] Model saved to /pfs/work9/workspace/scratch/ma_pkonz-thesis/ForestDiffusion/tests/saved_models/5_campaign.npz/ForestDiffusion_nt50_dk20/78d4d6ae99b9a5ea9d0c4c2b171e35ad.joblib
[*] No cached model found. Training model for 5_campaign.npz, ForestDiffusion_nt50_dk20, contam_idx=2, seed=4

Training ForestDiffusionModel (vp) on dataset: 5_campaign.npz_ForestDiffusion_nt50_dk20 with n_t=50, duplicate_K=20, seed=4
[*] Model saved to /pfs/work9/workspace/scratch/ma_pkonz-thesis/ForestDiffusion/tests/saved_models/5_campaign.npz/ForestDiffusion_nt50_dk20/8277a4cf12cab2f6c026fc826625b8c0.joblib
[*] No cached model found. Training model for 5_campaign.npz, ForestDiffusion_nt50_dk20, contam_idx=3, seed=0

Training ForestDiffusionModel (vp) on dataset: 5_campaign.npz_ForestDiffusion_nt50_dk20 with n_t=50, duplicate_K=20, seed=0
[*] Model saved to /pfs/work9/workspace/scratch/ma_pkonz-thesis/ForestDiffusion/tests/saved_models/5_campaign.npz/ForestDiffusion_nt50_dk20/e1b198594efa9215ccb8d20ef81a1142.joblib
[*] No cached model found. Training model for 5_campaign.npz, ForestDiffusion_nt50_dk20, contam_idx=3, seed=1

Training ForestDiffusionModel (vp) on dataset: 5_campaign.npz_ForestDiffusion_nt50_dk20 with n_t=50, duplicate_K=20, seed=1
[*] Model saved to /pfs/work9/workspace/scratch/ma_pkonz-thesis/ForestDiffusion/tests/saved_models/5_campaign.npz/ForestDiffusion_nt50_dk20/5ee814909c13fdd96e8b54ed3f33a9f9.joblib
[*] No cached model found. Training model for 5_campaign.npz, ForestDiffusion_nt50_dk20, contam_idx=3, seed=2

Training ForestDiffusionModel (vp) on dataset: 5_campaign.npz_ForestDiffusion_nt50_dk20 with n_t=50, duplicate_K=20, seed=2
[*] Model saved to /pfs/work9/workspace/scratch/ma_pkonz-thesis/ForestDiffusion/tests/saved_models/5_campaign.npz/ForestDiffusion_nt50_dk20/fd5b0b22e66a8d6c978053d53fab28ef.joblib
[*] No cached model found. Training model for 5_campaign.npz, ForestDiffusion_nt50_dk20, contam_idx=3, seed=3

Training ForestDiffusionModel (vp) on dataset: 5_campaign.npz_ForestDiffusion_nt50_dk20 with n_t=50, duplicate_K=20, seed=3
[*] Model saved to /pfs/work9/workspace/scratch/ma_pkonz-thesis/ForestDiffusion/tests/saved_models/5_campaign.npz/ForestDiffusion_nt50_dk20/5d05cb3d47be25b88ccf1e0f76f50438.joblib
[*] No cached model found. Training model for 5_campaign.npz, ForestDiffusion_nt50_dk20, contam_idx=3, seed=4

Training ForestDiffusionModel (vp) on dataset: 5_campaign.npz_ForestDiffusion_nt50_dk20 with n_t=50, duplicate_K=20, seed=4
[*] Model saved to /pfs/work9/workspace/scratch/ma_pkonz-thesis/ForestDiffusion/tests/saved_models/5_campaign.npz/ForestDiffusion_nt50_dk20/f2b6aecd06f724651e80e6c49c2e1c5b.joblib
[*] No cached model found. Training model for 5_campaign.npz, ForestDiffusion_nt50_dk20, contam_idx=4, seed=0

Training ForestDiffusionModel (vp) on dataset: 5_campaign.npz_ForestDiffusion_nt50_dk20 with n_t=50, duplicate_K=20, seed=0
[*] Model saved to /pfs/work9/workspace/scratch/ma_pkonz-thesis/ForestDiffusion/tests/saved_models/5_campaign.npz/ForestDiffusion_nt50_dk20/8b0f52c55cda98c106bac8948606a187.joblib
[*] No cached model found. Training model for 5_campaign.npz, ForestDiffusion_nt50_dk20, contam_idx=4, seed=1

Training ForestDiffusionModel (vp) on dataset: 5_campaign.npz_ForestDiffusion_nt50_dk20 with n_t=50, duplicate_K=20, seed=1
[*] Model saved to /pfs/work9/workspace/scratch/ma_pkonz-thesis/ForestDiffusion/tests/saved_models/5_campaign.npz/ForestDiffusion_nt50_dk20/2e38b6e5dca7a38f80d0f28c8e71beb1.joblib
[*] No cached model found. Training model for 5_campaign.npz, ForestDiffusion_nt50_dk20, contam_idx=4, seed=2

Training ForestDiffusionModel (vp) on dataset: 5_campaign.npz_ForestDiffusion_nt50_dk20 with n_t=50, duplicate_K=20, seed=2
[*] Model saved to /pfs/work9/workspace/scratch/ma_pkonz-thesis/ForestDiffusion/tests/saved_models/5_campaign.npz/ForestDiffusion_nt50_dk20/bc2db08bdd64f2bbf7ea212973237462.joblib
[*] No cached model found. Training model for 5_campaign.npz, ForestDiffusion_nt50_dk20, contam_idx=4, seed=3

Training ForestDiffusionModel (vp) on dataset: 5_campaign.npz_ForestDiffusion_nt50_dk20 with n_t=50, duplicate_K=20, seed=3
[*] Model saved to /pfs/work9/workspace/scratch/ma_pkonz-thesis/ForestDiffusion/tests/saved_models/5_campaign.npz/ForestDiffusion_nt50_dk20/ae24743189d10511567cc47d1c39c2a2.joblib
[*] No cached model found. Training model for 5_campaign.npz, ForestDiffusion_nt50_dk20, contam_idx=4, seed=4

Training ForestDiffusionModel (vp) on dataset: 5_campaign.npz_ForestDiffusion_nt50_dk20 with n_t=50, duplicate_K=20, seed=4
[*] Model saved to /pfs/work9/workspace/scratch/ma_pkonz-thesis/ForestDiffusion/tests/saved_models/5_campaign.npz/ForestDiffusion_nt50_dk20/cef1aae5ec8f265818718093a29c2c6c.joblib
[*] No cached model found. Training model for 5_campaign.npz, ForestDiffusion_nt50_dk20, contam_idx=5, seed=0

Training ForestDiffusionModel (vp) on dataset: 5_campaign.npz_ForestDiffusion_nt50_dk20 with n_t=50, duplicate_K=20, seed=0
[*] Model saved to /pfs/work9/workspace/scratch/ma_pkonz-thesis/ForestDiffusion/tests/saved_models/5_campaign.npz/ForestDiffusion_nt50_dk20/033de742e32c47f5a67b3a7fe05d5099.joblib
[*] No cached model found. Training model for 5_campaign.npz, ForestDiffusion_nt50_dk20, contam_idx=5, seed=1

Training ForestDiffusionModel (vp) on dataset: 5_campaign.npz_ForestDiffusion_nt50_dk20 with n_t=50, duplicate_K=20, seed=1
[*] Model saved to /pfs/work9/workspace/scratch/ma_pkonz-thesis/ForestDiffusion/tests/saved_models/5_campaign.npz/ForestDiffusion_nt50_dk20/2383363ab38952b292b08751aed22d82.joblib
[*] No cached model found. Training model for 5_campaign.npz, ForestDiffusion_nt50_dk20, contam_idx=5, seed=2

Training ForestDiffusionModel (vp) on dataset: 5_campaign.npz_ForestDiffusion_nt50_dk20 with n_t=50, duplicate_K=20, seed=2
[*] Model saved to /pfs/work9/workspace/scratch/ma_pkonz-thesis/ForestDiffusion/tests/saved_models/5_campaign.npz/ForestDiffusion_nt50_dk20/ceba9cd4ee4fe5129e4ffb343dcbbf91.joblib
[*] No cached model found. Training model for 5_campaign.npz, ForestDiffusion_nt50_dk20, contam_idx=5, seed=3

Training ForestDiffusionModel (vp) on dataset: 5_campaign.npz_ForestDiffusion_nt50_dk20 with n_t=50, duplicate_K=20, seed=3
[*] Model saved to /pfs/work9/workspace/scratch/ma_pkonz-thesis/ForestDiffusion/tests/saved_models/5_campaign.npz/ForestDiffusion_nt50_dk20/c454607382d8624a3495d7acd3b20f33.joblib
[*] No cached model found. Training model for 5_campaign.npz, ForestDiffusion_nt50_dk20, contam_idx=5, seed=4

Training ForestDiffusionModel (vp) on dataset: 5_campaign.npz_ForestDiffusion_nt50_dk20 with n_t=50, duplicate_K=20, seed=4
[*] Model saved to /pfs/work9/workspace/scratch/ma_pkonz-thesis/ForestDiffusion/tests/saved_models/5_campaign.npz/ForestDiffusion_nt50_dk20/2e417df364a8ff30e4f4f4eb2749ad8c.joblib
[*] No cached model found. Training model for 5_campaign.npz, ForestDiffusion_nt50_dk20, contam_idx=6, seed=0

Training ForestDiffusionModel (vp) on dataset: 5_campaign.npz_ForestDiffusion_nt50_dk20 with n_t=50, duplicate_K=20, seed=0
[*] Model saved to /pfs/work9/workspace/scratch/ma_pkonz-thesis/ForestDiffusion/tests/saved_models/5_campaign.npz/ForestDiffusion_nt50_dk20/54db96457dac81886a125a87a95eaa9b.joblib
[*] No cached model found. Training model for 5_campaign.npz, ForestDiffusion_nt50_dk20, contam_idx=6, seed=1

Training ForestDiffusionModel (vp) on dataset: 5_campaign.npz_ForestDiffusion_nt50_dk20 with n_t=50, duplicate_K=20, seed=1
[*] Model saved to /pfs/work9/workspace/scratch/ma_pkonz-thesis/ForestDiffusion/tests/saved_models/5_campaign.npz/ForestDiffusion_nt50_dk20/54a2041ee0ffd9b3400bc2ec7b68ec1f.joblib
[*] No cached model found. Training model for 5_campaign.npz, ForestDiffusion_nt50_dk20, contam_idx=6, seed=2

Training ForestDiffusionModel (vp) on dataset: 5_campaign.npz_ForestDiffusion_nt50_dk20 with n_t=50, duplicate_K=20, seed=2
[*] Model saved to /pfs/work9/workspace/scratch/ma_pkonz-thesis/ForestDiffusion/tests/saved_models/5_campaign.npz/ForestDiffusion_nt50_dk20/e9130cfe845d10eb14f37371e2f7b2c7.joblib
[*] No cached model found. Training model for 5_campaign.npz, ForestDiffusion_nt50_dk20, contam_idx=6, seed=3
