== Job Start: Sat Dec 13 04:46:01 PM CET 2025 ==
Python: /pfs/work9/workspace/scratch/ma_pkonz-thesis/ForestDiffusion/.venv/bin/python
Imports dauern ~2-3 Minuten, bitte warten...

 Dataset: 5_campaign.npz with model: ForestFlow_nt20_dk10 and score: deviation
 
Dataset loaded successfully!
Training data: (18274, 62), Normal: 18274
Test data: (22914, 62), Normal: 18274, Anomalies: 4640
[*] Loading cached forest model from /pfs/work9/workspace/scratch/ma_pkonz-thesis/ForestDiffusion/tests/saved_models/5_campaign.npz/ForestFlow_nt20_dk10/6101921e7e01f933487dfd39d65116f1.joblib
[*] Loading cached forest model from /pfs/work9/workspace/scratch/ma_pkonz-thesis/ForestDiffusion/tests/saved_models/5_campaign.npz/ForestFlow_nt20_dk10/cff2422e330f2ab3a4ce7993720ab125.joblib
[*] Loading cached forest model from /pfs/work9/workspace/scratch/ma_pkonz-thesis/ForestDiffusion/tests/saved_models/5_campaign.npz/ForestFlow_nt20_dk10/3738ea87cb2aeec526bb2703b2a54165.joblib
[*] Loading cached forest model from /pfs/work9/workspace/scratch/ma_pkonz-thesis/ForestDiffusion/tests/saved_models/5_campaign.npz/ForestFlow_nt20_dk10/cbd3abf532514f7e3d9648ad83118292.joblib
[*] Loading cached forest model from /pfs/work9/workspace/scratch/ma_pkonz-thesis/ForestDiffusion/tests/saved_models/5_campaign.npz/ForestFlow_nt20_dk10/a82a9c2803f2f5128076520c98cdde7e.joblib
[*] Loading cached forest model from /pfs/work9/workspace/scratch/ma_pkonz-thesis/ForestDiffusion/tests/saved_models/5_campaign.npz/ForestFlow_nt20_dk10/2422ef228a0088de10a7aa78c0610fa5.joblib
[*] Loading cached forest model from /pfs/work9/workspace/scratch/ma_pkonz-thesis/ForestDiffusion/tests/saved_models/5_campaign.npz/ForestFlow_nt20_dk10/acf2831c42a34b92479f1fa182dea6c3.joblib
[*] Loading cached forest model from /pfs/work9/workspace/scratch/ma_pkonz-thesis/ForestDiffusion/tests/saved_models/5_campaign.npz/ForestFlow_nt20_dk10/3a3b003898ee8edde8caed0d53e58bd4.joblib
[*] Loading cached forest model from /pfs/work9/workspace/scratch/ma_pkonz-thesis/ForestDiffusion/tests/saved_models/5_campaign.npz/ForestFlow_nt20_dk10/6cf4c895028f255c22a00d48244914d0.joblib
[*] Loading cached forest model from /pfs/work9/workspace/scratch/ma_pkonz-thesis/ForestDiffusion/tests/saved_models/5_campaign.npz/ForestFlow_nt20_dk10/07b0a0581cda5f66e7cdb0d79eb12125.joblib
[*] Loading cached forest model from /pfs/work9/workspace/scratch/ma_pkonz-thesis/ForestDiffusion/tests/saved_models/5_campaign.npz/ForestFlow_nt20_dk10/9606a7fc15d4fd81276f5b3159b2b002.joblib
[*] Loading cached forest model from /pfs/work9/workspace/scratch/ma_pkonz-thesis/ForestDiffusion/tests/saved_models/5_campaign.npz/ForestFlow_nt20_dk10/6e033f6d0eba8817aa2eed671cd1e606.joblib
[*] Loading cached forest model from /pfs/work9/workspace/scratch/ma_pkonz-thesis/ForestDiffusion/tests/saved_models/5_campaign.npz/ForestFlow_nt20_dk10/7f223d2e1c609faa817031c52f6e7e99.joblib
[*] Loading cached forest model from /pfs/work9/workspace/scratch/ma_pkonz-thesis/ForestDiffusion/tests/saved_models/5_campaign.npz/ForestFlow_nt20_dk10/1fd3b24a87d74b168b5e9d352dd0e302.joblib
