== Job Start: Tue Dec 16 02:49:26 PM CET 2025 ==
Python: /pfs/work9/workspace/scratch/ma_pkonz-thesis/ForestDiffusion/.venv/bin/python
Imports dauern ~2-3 Minuten, bitte warten...

 Dataset: 5_campaign.npz with model: ForestFlow_nt50_dk20 and score: deviation
 
Dataset loaded successfully!
Training data: (18274, 62), Normal: 18274
Test data: (22914, 62), Normal: 18274, Anomalies: 4640
[*] No cached model found. Training model for 5_campaign.npz, ForestFlow_nt50_dk20, contam_idx=0, seed=0

Training ForestDiffusionModel (flow) on dataset: 5_campaign.npz_ForestFlow_nt50_dk20 with n_t=50, duplicate_K=20, seed=0
[*] Model saved to /pfs/work9/workspace/scratch/ma_pkonz-thesis/ForestDiffusion/tests/saved_models/5_campaign.npz/ForestFlow_nt50_dk20/4c60e5a67006d73baf9dc4b606963545.joblib
[*] Loading cached forest model from /pfs/work9/workspace/scratch/ma_pkonz-thesis/ForestDiffusion/tests/saved_models/5_campaign.npz/ForestFlow_nt50_dk20/c06cfacba21b11cd4fa43f40abdaee24.joblib
[*] Loading cached forest model from /pfs/work9/workspace/scratch/ma_pkonz-thesis/ForestDiffusion/tests/saved_models/5_campaign.npz/ForestFlow_nt50_dk20/242f121971d0296016d5625a0c2e5d5e.joblib
[*] No cached model found. Training model for 5_campaign.npz, ForestFlow_nt50_dk20, contam_idx=0, seed=3

============================= JOB FEEDBACK =============================

NodeName=uc2n855
Job ID: 2615151
Cluster: uc3
User/Group: ma_pkonz/ma_ma
State: CANCELLED (exit code 0)
Nodes: 1
Cores per node: 16
CPU Utilized: 00:00:02
CPU Efficiency: 0.00% of 28-20:35:12 core-walltime
Job Wall-clock time: 1-19:17:12
Memory Utilized: 20.54 GB
Memory Efficiency: 32.09% of 64.00 GB (64.00 GB/node)
