== Job Start: Sat Dec 13 04:43:14 PM CET 2025 ==
Python: /pfs/work9/workspace/scratch/ma_pkonz-thesis/ForestDiffusion/.venv/bin/python
Imports dauern ~2-3 Minuten, bitte warten...

 Dataset: 5_campaign.npz with model: ForestDiffusion_nt50_dk10 and score: deviation
 
Dataset loaded successfully!
Training data: (18274, 62), Normal: 18274
Test data: (22914, 62), Normal: 18274, Anomalies: 4640
[*] Loading cached forest model from /pfs/work9/workspace/scratch/ma_pkonz-thesis/ForestDiffusion/tests/saved_models/5_campaign.npz/ForestDiffusion_nt50_dk10/223068c8018a8b8127e32c4726ccc505.joblib
[*] Loading cached forest model from /pfs/work9/workspace/scratch/ma_pkonz-thesis/ForestDiffusion/tests/saved_models/5_campaign.npz/ForestDiffusion_nt50_dk10/b4f96384f330f49fd6f629fc39c5c424.joblib
[*] Loading cached forest model from /pfs/work9/workspace/scratch/ma_pkonz-thesis/ForestDiffusion/tests/saved_models/5_campaign.npz/ForestDiffusion_nt50_dk10/989cc977f0f828974a1c746c7a87a918.joblib
[*] Loading cached forest model from /pfs/work9/workspace/scratch/ma_pkonz-thesis/ForestDiffusion/tests/saved_models/5_campaign.npz/ForestDiffusion_nt50_dk10/189c08d7d1ec725180435967e12ccc41.joblib
[*] Loading cached forest model from /pfs/work9/workspace/scratch/ma_pkonz-thesis/ForestDiffusion/tests/saved_models/5_campaign.npz/ForestDiffusion_nt50_dk10/f9fb8766fbf383b71645120b6e527bb1.joblib
[*] Loading cached forest model from /pfs/work9/workspace/scratch/ma_pkonz-thesis/ForestDiffusion/tests/saved_models/5_campaign.npz/ForestDiffusion_nt50_dk10/ec87916c3f0bf82866174dbda90e250e.joblib
[*] Loading cached forest model from /pfs/work9/workspace/scratch/ma_pkonz-thesis/ForestDiffusion/tests/saved_models/5_campaign.npz/ForestDiffusion_nt50_dk10/1fcc73b4b7f7cc6ec7a18959fed1b00e.joblib
[*] Loading cached forest model from /pfs/work9/workspace/scratch/ma_pkonz-thesis/ForestDiffusion/tests/saved_models/5_campaign.npz/ForestDiffusion_nt50_dk10/a4756d08c9d89d539a10bd72b6174b6d.joblib
[*] Loading cached forest model from /pfs/work9/workspace/scratch/ma_pkonz-thesis/ForestDiffusion/tests/saved_models/5_campaign.npz/ForestDiffusion_nt50_dk10/ca9b81f5dd6ab8f7d7eab8c539f9554e.joblib
[*] Loading cached forest model from /pfs/work9/workspace/scratch/ma_pkonz-thesis/ForestDiffusion/tests/saved_models/5_campaign.npz/ForestDiffusion_nt50_dk10/9fb3e41a339221af7055c53ebd3f3633.joblib
[*] Loading cached forest model from /pfs/work9/workspace/scratch/ma_pkonz-thesis/ForestDiffusion/tests/saved_models/5_campaign.npz/ForestDiffusion_nt50_dk10/9cc413653d81c610e99aa9e4604ee276.joblib
[*] Loading cached forest model from /pfs/work9/workspace/scratch/ma_pkonz-thesis/ForestDiffusion/tests/saved_models/5_campaign.npz/ForestDiffusion_nt50_dk10/90d927419fc37e6efe7779fd6b2673f3.joblib
[*] Loading cached forest model from /pfs/work9/workspace/scratch/ma_pkonz-thesis/ForestDiffusion/tests/saved_models/5_campaign.npz/ForestDiffusion_nt50_dk10/b8069e221b16392cd962a9740c666c7e.joblib
[*] Loading cached forest model from /pfs/work9/workspace/scratch/ma_pkonz-thesis/ForestDiffusion/tests/saved_models/5_campaign.npz/ForestDiffusion_nt50_dk10/79f737bc36246eca4b347cdc699bea32.joblib
[*] Loading cached forest model from /pfs/work9/workspace/scratch/ma_pkonz-thesis/ForestDiffusion/tests/saved_models/5_campaign.npz/ForestDiffusion_nt50_dk10/5a4d5b3a70f447f31831289d7ca03b47.joblib
[*] Loading cached forest model from /pfs/work9/workspace/scratch/ma_pkonz-thesis/ForestDiffusion/tests/saved_models/5_campaign.npz/ForestDiffusion_nt50_dk10/9d4efbbd62ed2608cf55699df6ceebc8.joblib
[*] Loading cached forest model from /pfs/work9/workspace/scratch/ma_pkonz-thesis/ForestDiffusion/tests/saved_models/5_campaign.npz/ForestDiffusion_nt50_dk10/d3e6f1db9fee5cdf3dbe6d8d46891d84.joblib
[*] Loading cached forest model from /pfs/work9/workspace/scratch/ma_pkonz-thesis/ForestDiffusion/tests/saved_models/5_campaign.npz/ForestDiffusion_nt50_dk10/5098c7155fdd20eeec5a4859846ec69f.joblib
[*] Loading cached forest model from /pfs/work9/workspace/scratch/ma_pkonz-thesis/ForestDiffusion/tests/saved_models/5_campaign.npz/ForestDiffusion_nt50_dk10/f76c87943ce0504dc349e2f64a0bc71d.joblib
[*] Loading cached forest model from /pfs/work9/workspace/scratch/ma_pkonz-thesis/ForestDiffusion/tests/saved_models/5_campaign.npz/ForestDiffusion_nt50_dk10/876526821fa1aa650252755b72a0585a.joblib
[*] Loading cached forest model from /pfs/work9/workspace/scratch/ma_pkonz-thesis/ForestDiffusion/tests/saved_models/5_campaign.npz/ForestDiffusion_nt50_dk10/dd7a9b246da74c4568ecddd6b460fefc.joblib
[*] Loading cached forest model from /pfs/work9/workspace/scratch/ma_pkonz-thesis/ForestDiffusion/tests/saved_models/5_campaign.npz/ForestDiffusion_nt50_dk10/f830f17238c570167f2db2a7939576f4.joblib
[*] Loading cached forest model from /pfs/work9/workspace/scratch/ma_pkonz-thesis/ForestDiffusion/tests/saved_models/5_campaign.npz/ForestDiffusion_nt50_dk10/ee92ac15157439427ed65b049a8e92f9.joblib
[*] Loading cached forest model from /pfs/work9/workspace/scratch/ma_pkonz-thesis/ForestDiffusion/tests/saved_models/5_campaign.npz/ForestDiffusion_nt50_dk10/e77c3ab1d7a1381f8e774c498f869e7f.joblib
[*] Loading cached forest model from /pfs/work9/workspace/scratch/ma_pkonz-thesis/ForestDiffusion/tests/saved_models/5_campaign.npz/ForestDiffusion_nt50_dk10/f2424f902d0232a7aa77f5fe9ca52369.joblib
[*] Loading cached forest model from /pfs/work9/workspace/scratch/ma_pkonz-thesis/ForestDiffusion/tests/saved_models/5_campaign.npz/ForestDiffusion_nt50_dk10/5f9c24f235ece82e21c559c71b5446af.joblib
[*] Loading cached forest model from /pfs/work9/workspace/scratch/ma_pkonz-thesis/ForestDiffusion/tests/saved_models/5_campaign.npz/ForestDiffusion_nt50_dk10/77c5c1c28f01ed5d2783c91585f6c890.joblib
[*] Loading cached forest model from /pfs/work9/workspace/scratch/ma_pkonz-thesis/ForestDiffusion/tests/saved_models/5_campaign.npz/ForestDiffusion_nt50_dk10/a2bc87a2ab4f01e8f13c5ddc44a3c127.joblib
[*] Loading cached forest model from /pfs/work9/workspace/scratch/ma_pkonz-thesis/ForestDiffusion/tests/saved_models/5_campaign.npz/ForestDiffusion_nt50_dk10/e11a63e64aa762bcef689278b6767e34.joblib
[*] Loading cached forest model from /pfs/work9/workspace/scratch/ma_pkonz-thesis/ForestDiffusion/tests/saved_models/5_campaign.npz/ForestDiffusion_nt50_dk10/1e47ebf838399eca03656bb8aab71444.joblib
[*] Loading cached forest model from /pfs/work9/workspace/scratch/ma_pkonz-thesis/ForestDiffusion/tests/saved_models/5_campaign.npz/ForestDiffusion_nt50_dk10/32081b28ad0d6a823ff2b291c342d189.joblib
[*] Loading cached forest model from /pfs/work9/workspace/scratch/ma_pkonz-thesis/ForestDiffusion/tests/saved_models/5_campaign.npz/ForestDiffusion_nt50_dk10/c1bde0030f3e75006d817146face4be5.joblib
[*] Loading cached forest model from /pfs/work9/workspace/scratch/ma_pkonz-thesis/ForestDiffusion/tests/saved_models/5_campaign.npz/ForestDiffusion_nt50_dk10/a5906f047af4a0fb5abb96b8ba1d1738.joblib
[*] Loading cached forest model from /pfs/work9/workspace/scratch/ma_pkonz-thesis/ForestDiffusion/tests/saved_models/5_campaign.npz/ForestDiffusion_nt50_dk10/7fc4672ea4d5e20dc309c972a46c1a02.joblib
[*] Loading cached forest model from /pfs/work9/workspace/scratch/ma_pkonz-thesis/ForestDiffusion/tests/saved_models/5_campaign.npz/ForestDiffusion_nt50_dk10/9f299d38cdb033a8e84ca00720ea2fdb.joblib
[*] Loading cached forest model from /pfs/work9/workspace/scratch/ma_pkonz-thesis/ForestDiffusion/tests/saved_models/5_campaign.npz/ForestDiffusion_nt50_dk10/24fe2098bd1ce28eb64a866d4afa1e71.joblib
[*] Loading cached forest model from /pfs/work9/workspace/scratch/ma_pkonz-thesis/ForestDiffusion/tests/saved_models/5_campaign.npz/ForestDiffusion_nt50_dk10/46980895963a61bb58627f8c9f52bb26.joblib
[*] Loading cached forest model from /pfs/work9/workspace/scratch/ma_pkonz-thesis/ForestDiffusion/tests/saved_models/5_campaign.npz/ForestDiffusion_nt50_dk10/8c7f2fc05fbcd3ceb79eeb53ddab131e.joblib
[*] Loading cached forest model from /pfs/work9/workspace/scratch/ma_pkonz-thesis/ForestDiffusion/tests/saved_models/5_campaign.npz/ForestDiffusion_nt50_dk10/f6c3624056e9d164f68a53aaf8a84ef0.joblib
[*] Loading cached forest model from /pfs/work9/workspace/scratch/ma_pkonz-thesis/ForestDiffusion/tests/saved_models/5_campaign.npz/ForestDiffusion_nt50_dk10/bcce3111bfab24cc7fcac1a18787ceae.joblib
[*] Loading cached forest model from /pfs/work9/workspace/scratch/ma_pkonz-thesis/ForestDiffusion/tests/saved_models/5_campaign.npz/ForestDiffusion_nt50_dk10/438e3f256be3774911a87b40042853e4.joblib
[*] Loading cached forest model from /pfs/work9/workspace/scratch/ma_pkonz-thesis/ForestDiffusion/tests/saved_models/5_campaign.npz/ForestDiffusion_nt50_dk10/edacab30182d7f95af73645a4db3c57d.joblib
[*] Loading cached forest model from /pfs/work9/workspace/scratch/ma_pkonz-thesis/ForestDiffusion/tests/saved_models/5_campaign.npz/ForestDiffusion_nt50_dk10/2085c67707482ad287590e0436a35de6.joblib
[*] Loading cached forest model from /pfs/work9/workspace/scratch/ma_pkonz-thesis/ForestDiffusion/tests/saved_models/5_campaign.npz/ForestDiffusion_nt50_dk10/e176864df6da8fa3b43be8dd780a6128.joblib
[*] Loading cached forest model from /pfs/work9/workspace/scratch/ma_pkonz-thesis/ForestDiffusion/tests/saved_models/5_campaign.npz/ForestDiffusion_nt50_dk10/446d53dbe2ad83793003e34a1c3cfd9b.joblib
[*] Loading cached forest model from /pfs/work9/workspace/scratch/ma_pkonz-thesis/ForestDiffusion/tests/saved_models/5_campaign.npz/ForestDiffusion_nt50_dk10/7993e54cacdf17b103caa9bdf334b1d4.joblib
[*] Loading cached forest model from /pfs/work9/workspace/scratch/ma_pkonz-thesis/ForestDiffusion/tests/saved_models/5_campaign.npz/ForestDiffusion_nt50_dk10/f268ec415ffe694fb04ab40a7fb7122d.joblib
[*] Loading cached forest model from /pfs/work9/workspace/scratch/ma_pkonz-thesis/ForestDiffusion/tests/saved_models/5_campaign.npz/ForestDiffusion_nt50_dk10/2832517451f3b589c37d99284302e030.joblib
[*] Loading cached forest model from /pfs/work9/workspace/scratch/ma_pkonz-thesis/ForestDiffusion/tests/saved_models/5_campaign.npz/ForestDiffusion_nt50_dk10/1289e573c4e9e2838148abcfc8c6a6dc.joblib
[*] Loading cached forest model from /pfs/work9/workspace/scratch/ma_pkonz-thesis/ForestDiffusion/tests/saved_models/5_campaign.npz/ForestDiffusion_nt50_dk10/25253ce644e6d83edbe143edb0626ad9.joblib

 Dataset: 5_campaign.npz with model: ForestDiffusion_nt50_dk10 and score: reconstruction
 
Dataset loaded successfully!
Training data: (18274, 62), Normal: 18274
Test data: (22914, 62), Normal: 18274, Anomalies: 4640
[*] Loading cached forest model from /pfs/work9/workspace/scratch/ma_pkonz-thesis/ForestDiffusion/tests/saved_models/5_campaign.npz/ForestDiffusion_nt50_dk10/223068c8018a8b8127e32c4726ccc505.joblib
[*] Loading cached forest model from /pfs/work9/workspace/scratch/ma_pkonz-thesis/ForestDiffusion/tests/saved_models/5_campaign.npz/ForestDiffusion_nt50_dk10/b4f96384f330f49fd6f629fc39c5c424.joblib
[*] Loading cached forest model from /pfs/work9/workspace/scratch/ma_pkonz-thesis/ForestDiffusion/tests/saved_models/5_campaign.npz/ForestDiffusion_nt50_dk10/989cc977f0f828974a1c746c7a87a918.joblib
[*] Loading cached forest model from /pfs/work9/workspace/scratch/ma_pkonz-thesis/ForestDiffusion/tests/saved_models/5_campaign.npz/ForestDiffusion_nt50_dk10/189c08d7d1ec725180435967e12ccc41.joblib
[*] Loading cached forest model from /pfs/work9/workspace/scratch/ma_pkonz-thesis/ForestDiffusion/tests/saved_models/5_campaign.npz/ForestDiffusion_nt50_dk10/f9fb8766fbf383b71645120b6e527bb1.joblib
[*] Loading cached forest model from /pfs/work9/workspace/scratch/ma_pkonz-thesis/ForestDiffusion/tests/saved_models/5_campaign.npz/ForestDiffusion_nt50_dk10/ec87916c3f0bf82866174dbda90e250e.joblib
[*] Loading cached forest model from /pfs/work9/workspace/scratch/ma_pkonz-thesis/ForestDiffusion/tests/saved_models/5_campaign.npz/ForestDiffusion_nt50_dk10/1fcc73b4b7f7cc6ec7a18959fed1b00e.joblib
[*] Loading cached forest model from /pfs/work9/workspace/scratch/ma_pkonz-thesis/ForestDiffusion/tests/saved_models/5_campaign.npz/ForestDiffusion_nt50_dk10/a4756d08c9d89d539a10bd72b6174b6d.joblib
[*] Loading cached forest model from /pfs/work9/workspace/scratch/ma_pkonz-thesis/ForestDiffusion/tests/saved_models/5_campaign.npz/ForestDiffusion_nt50_dk10/ca9b81f5dd6ab8f7d7eab8c539f9554e.joblib
[*] Loading cached forest model from /pfs/work9/workspace/scratch/ma_pkonz-thesis/ForestDiffusion/tests/saved_models/5_campaign.npz/ForestDiffusion_nt50_dk10/9fb3e41a339221af7055c53ebd3f3633.joblib
[*] Loading cached forest model from /pfs/work9/workspace/scratch/ma_pkonz-thesis/ForestDiffusion/tests/saved_models/5_campaign.npz/ForestDiffusion_nt50_dk10/9cc413653d81c610e99aa9e4604ee276.joblib
[*] Loading cached forest model from /pfs/work9/workspace/scratch/ma_pkonz-thesis/ForestDiffusion/tests/saved_models/5_campaign.npz/ForestDiffusion_nt50_dk10/90d927419fc37e6efe7779fd6b2673f3.joblib
[*] Loading cached forest model from /pfs/work9/workspace/scratch/ma_pkonz-thesis/ForestDiffusion/tests/saved_models/5_campaign.npz/ForestDiffusion_nt50_dk10/b8069e221b16392cd962a9740c666c7e.joblib
[*] Loading cached forest model from /pfs/work9/workspace/scratch/ma_pkonz-thesis/ForestDiffusion/tests/saved_models/5_campaign.npz/ForestDiffusion_nt50_dk10/79f737bc36246eca4b347cdc699bea32.joblib
[*] Loading cached forest model from /pfs/work9/workspace/scratch/ma_pkonz-thesis/ForestDiffusion/tests/saved_models/5_campaign.npz/ForestDiffusion_nt50_dk10/5a4d5b3a70f447f31831289d7ca03b47.joblib
[*] Loading cached forest model from /pfs/work9/workspace/scratch/ma_pkonz-thesis/ForestDiffusion/tests/saved_models/5_campaign.npz/ForestDiffusion_nt50_dk10/9d4efbbd62ed2608cf55699df6ceebc8.joblib
[*] Loading cached forest model from /pfs/work9/workspace/scratch/ma_pkonz-thesis/ForestDiffusion/tests/saved_models/5_campaign.npz/ForestDiffusion_nt50_dk10/d3e6f1db9fee5cdf3dbe6d8d46891d84.joblib
[*] Loading cached forest model from /pfs/work9/workspace/scratch/ma_pkonz-thesis/ForestDiffusion/tests/saved_models/5_campaign.npz/ForestDiffusion_nt50_dk10/5098c7155fdd20eeec5a4859846ec69f.joblib
[*] Loading cached forest model from /pfs/work9/workspace/scratch/ma_pkonz-thesis/ForestDiffusion/tests/saved_models/5_campaign.npz/ForestDiffusion_nt50_dk10/f76c87943ce0504dc349e2f64a0bc71d.joblib
[*] Loading cached forest model from /pfs/work9/workspace/scratch/ma_pkonz-thesis/ForestDiffusion/tests/saved_models/5_campaign.npz/ForestDiffusion_nt50_dk10/876526821fa1aa650252755b72a0585a.joblib
[*] Loading cached forest model from /pfs/work9/workspace/scratch/ma_pkonz-thesis/ForestDiffusion/tests/saved_models/5_campaign.npz/ForestDiffusion_nt50_dk10/dd7a9b246da74c4568ecddd6b460fefc.joblib
[*] Loading cached forest model from /pfs/work9/workspace/scratch/ma_pkonz-thesis/ForestDiffusion/tests/saved_models/5_campaign.npz/ForestDiffusion_nt50_dk10/f830f17238c570167f2db2a7939576f4.joblib
[*] Loading cached forest model from /pfs/work9/workspace/scratch/ma_pkonz-thesis/ForestDiffusion/tests/saved_models/5_campaign.npz/ForestDiffusion_nt50_dk10/ee92ac15157439427ed65b049a8e92f9.joblib
[*] Loading cached forest model from /pfs/work9/workspace/scratch/ma_pkonz-thesis/ForestDiffusion/tests/saved_models/5_campaign.npz/ForestDiffusion_nt50_dk10/e77c3ab1d7a1381f8e774c498f869e7f.joblib
[*] Loading cached forest model from /pfs/work9/workspace/scratch/ma_pkonz-thesis/ForestDiffusion/tests/saved_models/5_campaign.npz/ForestDiffusion_nt50_dk10/f2424f902d0232a7aa77f5fe9ca52369.joblib
[*] Loading cached forest model from /pfs/work9/workspace/scratch/ma_pkonz-thesis/ForestDiffusion/tests/saved_models/5_campaign.npz/ForestDiffusion_nt50_dk10/5f9c24f235ece82e21c559c71b5446af.joblib
[*] Loading cached forest model from /pfs/work9/workspace/scratch/ma_pkonz-thesis/ForestDiffusion/tests/saved_models/5_campaign.npz/ForestDiffusion_nt50_dk10/77c5c1c28f01ed5d2783c91585f6c890.joblib
[*] Loading cached forest model from /pfs/work9/workspace/scratch/ma_pkonz-thesis/ForestDiffusion/tests/saved_models/5_campaign.npz/ForestDiffusion_nt50_dk10/a2bc87a2ab4f01e8f13c5ddc44a3c127.joblib
[*] Loading cached forest model from /pfs/work9/workspace/scratch/ma_pkonz-thesis/ForestDiffusion/tests/saved_models/5_campaign.npz/ForestDiffusion_nt50_dk10/e11a63e64aa762bcef689278b6767e34.joblib
[*] Loading cached forest model from /pfs/work9/workspace/scratch/ma_pkonz-thesis/ForestDiffusion/tests/saved_models/5_campaign.npz/ForestDiffusion_nt50_dk10/1e47ebf838399eca03656bb8aab71444.joblib
[*] Loading cached forest model from /pfs/work9/workspace/scratch/ma_pkonz-thesis/ForestDiffusion/tests/saved_models/5_campaign.npz/ForestDiffusion_nt50_dk10/32081b28ad0d6a823ff2b291c342d189.joblib
[*] Loading cached forest model from /pfs/work9/workspace/scratch/ma_pkonz-thesis/ForestDiffusion/tests/saved_models/5_campaign.npz/ForestDiffusion_nt50_dk10/c1bde0030f3e75006d817146face4be5.joblib
[*] Loading cached forest model from /pfs/work9/workspace/scratch/ma_pkonz-thesis/ForestDiffusion/tests/saved_models/5_campaign.npz/ForestDiffusion_nt50_dk10/a5906f047af4a0fb5abb96b8ba1d1738.joblib
[*] Loading cached forest model from /pfs/work9/workspace/scratch/ma_pkonz-thesis/ForestDiffusion/tests/saved_models/5_campaign.npz/ForestDiffusion_nt50_dk10/7fc4672ea4d5e20dc309c972a46c1a02.joblib
[*] Loading cached forest model from /pfs/work9/workspace/scratch/ma_pkonz-thesis/ForestDiffusion/tests/saved_models/5_campaign.npz/ForestDiffusion_nt50_dk10/9f299d38cdb033a8e84ca00720ea2fdb.joblib
[*] Loading cached forest model from /pfs/work9/workspace/scratch/ma_pkonz-thesis/ForestDiffusion/tests/saved_models/5_campaign.npz/ForestDiffusion_nt50_dk10/24fe2098bd1ce28eb64a866d4afa1e71.joblib
[*] Loading cached forest model from /pfs/work9/workspace/scratch/ma_pkonz-thesis/ForestDiffusion/tests/saved_models/5_campaign.npz/ForestDiffusion_nt50_dk10/46980895963a61bb58627f8c9f52bb26.joblib
[*] Loading cached forest model from /pfs/work9/workspace/scratch/ma_pkonz-thesis/ForestDiffusion/tests/saved_models/5_campaign.npz/ForestDiffusion_nt50_dk10/8c7f2fc05fbcd3ceb79eeb53ddab131e.joblib
[*] Loading cached forest model from /pfs/work9/workspace/scratch/ma_pkonz-thesis/ForestDiffusion/tests/saved_models/5_campaign.npz/ForestDiffusion_nt50_dk10/f6c3624056e9d164f68a53aaf8a84ef0.joblib
[*] Loading cached forest model from /pfs/work9/workspace/scratch/ma_pkonz-thesis/ForestDiffusion/tests/saved_models/5_campaign.npz/ForestDiffusion_nt50_dk10/bcce3111bfab24cc7fcac1a18787ceae.joblib
[*] Loading cached forest model from /pfs/work9/workspace/scratch/ma_pkonz-thesis/ForestDiffusion/tests/saved_models/5_campaign.npz/ForestDiffusion_nt50_dk10/438e3f256be3774911a87b40042853e4.joblib
[*] Loading cached forest model from /pfs/work9/workspace/scratch/ma_pkonz-thesis/ForestDiffusion/tests/saved_models/5_campaign.npz/ForestDiffusion_nt50_dk10/edacab30182d7f95af73645a4db3c57d.joblib
[*] Loading cached forest model from /pfs/work9/workspace/scratch/ma_pkonz-thesis/ForestDiffusion/tests/saved_models/5_campaign.npz/ForestDiffusion_nt50_dk10/2085c67707482ad287590e0436a35de6.joblib
[*] Loading cached forest model from /pfs/work9/workspace/scratch/ma_pkonz-thesis/ForestDiffusion/tests/saved_models/5_campaign.npz/ForestDiffusion_nt50_dk10/e176864df6da8fa3b43be8dd780a6128.joblib
[*] Loading cached forest model from /pfs/work9/workspace/scratch/ma_pkonz-thesis/ForestDiffusion/tests/saved_models/5_campaign.npz/ForestDiffusion_nt50_dk10/446d53dbe2ad83793003e34a1c3cfd9b.joblib
[*] Loading cached forest model from /pfs/work9/workspace/scratch/ma_pkonz-thesis/ForestDiffusion/tests/saved_models/5_campaign.npz/ForestDiffusion_nt50_dk10/7993e54cacdf17b103caa9bdf334b1d4.joblib
[*] Loading cached forest model from /pfs/work9/workspace/scratch/ma_pkonz-thesis/ForestDiffusion/tests/saved_models/5_campaign.npz/ForestDiffusion_nt50_dk10/f268ec415ffe694fb04ab40a7fb7122d.joblib
[*] Loading cached forest model from /pfs/work9/workspace/scratch/ma_pkonz-thesis/ForestDiffusion/tests/saved_models/5_campaign.npz/ForestDiffusion_nt50_dk10/2832517451f3b589c37d99284302e030.joblib
[*] Loading cached forest model from /pfs/work9/workspace/scratch/ma_pkonz-thesis/ForestDiffusion/tests/saved_models/5_campaign.npz/ForestDiffusion_nt50_dk10/1289e573c4e9e2838148abcfc8c6a6dc.joblib
[*] Loading cached forest model from /pfs/work9/workspace/scratch/ma_pkonz-thesis/ForestDiffusion/tests/saved_models/5_campaign.npz/ForestDiffusion_nt50_dk10/25253ce644e6d83edbe143edb0626ad9.joblib

 Dataset: 5_campaign.npz with model: ForestDiffusion_nt50_dk10 and score: decision
 
Dataset loaded successfully!
Training data: (18274, 62), Normal: 18274
Test data: (22914, 62), Normal: 18274, Anomalies: 4640
[*] Loading cached forest model from /pfs/work9/workspace/scratch/ma_pkonz-thesis/ForestDiffusion/tests/saved_models/5_campaign.npz/ForestDiffusion_nt50_dk10/223068c8018a8b8127e32c4726ccc505.joblib
[*] Loading cached forest model from /pfs/work9/workspace/scratch/ma_pkonz-thesis/ForestDiffusion/tests/saved_models/5_campaign.npz/ForestDiffusion_nt50_dk10/b4f96384f330f49fd6f629fc39c5c424.joblib
[*] Loading cached forest model from /pfs/work9/workspace/scratch/ma_pkonz-thesis/ForestDiffusion/tests/saved_models/5_campaign.npz/ForestDiffusion_nt50_dk10/989cc977f0f828974a1c746c7a87a918.joblib
[*] Loading cached forest model from /pfs/work9/workspace/scratch/ma_pkonz-thesis/ForestDiffusion/tests/saved_models/5_campaign.npz/ForestDiffusion_nt50_dk10/189c08d7d1ec725180435967e12ccc41.joblib
[*] Loading cached forest model from /pfs/work9/workspace/scratch/ma_pkonz-thesis/ForestDiffusion/tests/saved_models/5_campaign.npz/ForestDiffusion_nt50_dk10/f9fb8766fbf383b71645120b6e527bb1.joblib
[*] Loading cached forest model from /pfs/work9/workspace/scratch/ma_pkonz-thesis/ForestDiffusion/tests/saved_models/5_campaign.npz/ForestDiffusion_nt50_dk10/ec87916c3f0bf82866174dbda90e250e.joblib
[*] Loading cached forest model from /pfs/work9/workspace/scratch/ma_pkonz-thesis/ForestDiffusion/tests/saved_models/5_campaign.npz/ForestDiffusion_nt50_dk10/1fcc73b4b7f7cc6ec7a18959fed1b00e.joblib
[*] Loading cached forest model from /pfs/work9/workspace/scratch/ma_pkonz-thesis/ForestDiffusion/tests/saved_models/5_campaign.npz/ForestDiffusion_nt50_dk10/a4756d08c9d89d539a10bd72b6174b6d.joblib
[*] Loading cached forest model from /pfs/work9/workspace/scratch/ma_pkonz-thesis/ForestDiffusion/tests/saved_models/5_campaign.npz/ForestDiffusion_nt50_dk10/ca9b81f5dd6ab8f7d7eab8c539f9554e.joblib
[*] Loading cached forest model from /pfs/work9/workspace/scratch/ma_pkonz-thesis/ForestDiffusion/tests/saved_models/5_campaign.npz/ForestDiffusion_nt50_dk10/9fb3e41a339221af7055c53ebd3f3633.joblib
[*] Loading cached forest model from /pfs/work9/workspace/scratch/ma_pkonz-thesis/ForestDiffusion/tests/saved_models/5_campaign.npz/ForestDiffusion_nt50_dk10/9cc413653d81c610e99aa9e4604ee276.joblib
[*] Loading cached forest model from /pfs/work9/workspace/scratch/ma_pkonz-thesis/ForestDiffusion/tests/saved_models/5_campaign.npz/ForestDiffusion_nt50_dk10/90d927419fc37e6efe7779fd6b2673f3.joblib
[*] Loading cached forest model from /pfs/work9/workspace/scratch/ma_pkonz-thesis/ForestDiffusion/tests/saved_models/5_campaign.npz/ForestDiffusion_nt50_dk10/b8069e221b16392cd962a9740c666c7e.joblib
[*] Loading cached forest model from /pfs/work9/workspace/scratch/ma_pkonz-thesis/ForestDiffusion/tests/saved_models/5_campaign.npz/ForestDiffusion_nt50_dk10/79f737bc36246eca4b347cdc699bea32.joblib
[*] Loading cached forest model from /pfs/work9/workspace/scratch/ma_pkonz-thesis/ForestDiffusion/tests/saved_models/5_campaign.npz/ForestDiffusion_nt50_dk10/5a4d5b3a70f447f31831289d7ca03b47.joblib
[*] Loading cached forest model from /pfs/work9/workspace/scratch/ma_pkonz-thesis/ForestDiffusion/tests/saved_models/5_campaign.npz/ForestDiffusion_nt50_dk10/9d4efbbd62ed2608cf55699df6ceebc8.joblib
[*] Loading cached forest model from /pfs/work9/workspace/scratch/ma_pkonz-thesis/ForestDiffusion/tests/saved_models/5_campaign.npz/ForestDiffusion_nt50_dk10/d3e6f1db9fee5cdf3dbe6d8d46891d84.joblib
[*] Loading cached forest model from /pfs/work9/workspace/scratch/ma_pkonz-thesis/ForestDiffusion/tests/saved_models/5_campaign.npz/ForestDiffusion_nt50_dk10/5098c7155fdd20eeec5a4859846ec69f.joblib
[*] Loading cached forest model from /pfs/work9/workspace/scratch/ma_pkonz-thesis/ForestDiffusion/tests/saved_models/5_campaign.npz/ForestDiffusion_nt50_dk10/f76c87943ce0504dc349e2f64a0bc71d.joblib
[*] Loading cached forest model from /pfs/work9/workspace/scratch/ma_pkonz-thesis/ForestDiffusion/tests/saved_models/5_campaign.npz/ForestDiffusion_nt50_dk10/876526821fa1aa650252755b72a0585a.joblib
[*] Loading cached forest model from /pfs/work9/workspace/scratch/ma_pkonz-thesis/ForestDiffusion/tests/saved_models/5_campaign.npz/ForestDiffusion_nt50_dk10/dd7a9b246da74c4568ecddd6b460fefc.joblib
[*] Loading cached forest model from /pfs/work9/workspace/scratch/ma_pkonz-thesis/ForestDiffusion/tests/saved_models/5_campaign.npz/ForestDiffusion_nt50_dk10/f830f17238c570167f2db2a7939576f4.joblib
[*] Loading cached forest model from /pfs/work9/workspace/scratch/ma_pkonz-thesis/ForestDiffusion/tests/saved_models/5_campaign.npz/ForestDiffusion_nt50_dk10/ee92ac15157439427ed65b049a8e92f9.joblib
[*] Loading cached forest model from /pfs/work9/workspace/scratch/ma_pkonz-thesis/ForestDiffusion/tests/saved_models/5_campaign.npz/ForestDiffusion_nt50_dk10/e77c3ab1d7a1381f8e774c498f869e7f.joblib
[*] Loading cached forest model from /pfs/work9/workspace/scratch/ma_pkonz-thesis/ForestDiffusion/tests/saved_models/5_campaign.npz/ForestDiffusion_nt50_dk10/f2424f902d0232a7aa77f5fe9ca52369.joblib
[*] Loading cached forest model from /pfs/work9/workspace/scratch/ma_pkonz-thesis/ForestDiffusion/tests/saved_models/5_campaign.npz/ForestDiffusion_nt50_dk10/5f9c24f235ece82e21c559c71b5446af.joblib
[*] Loading cached forest model from /pfs/work9/workspace/scratch/ma_pkonz-thesis/ForestDiffusion/tests/saved_models/5_campaign.npz/ForestDiffusion_nt50_dk10/77c5c1c28f01ed5d2783c91585f6c890.joblib
[*] Loading cached forest model from /pfs/work9/workspace/scratch/ma_pkonz-thesis/ForestDiffusion/tests/saved_models/5_campaign.npz/ForestDiffusion_nt50_dk10/a2bc87a2ab4f01e8f13c5ddc44a3c127.joblib
[*] Loading cached forest model from /pfs/work9/workspace/scratch/ma_pkonz-thesis/ForestDiffusion/tests/saved_models/5_campaign.npz/ForestDiffusion_nt50_dk10/e11a63e64aa762bcef689278b6767e34.joblib
[*] Loading cached forest model from /pfs/work9/workspace/scratch/ma_pkonz-thesis/ForestDiffusion/tests/saved_models/5_campaign.npz/ForestDiffusion_nt50_dk10/1e47ebf838399eca03656bb8aab71444.joblib
[*] Loading cached forest model from /pfs/work9/workspace/scratch/ma_pkonz-thesis/ForestDiffusion/tests/saved_models/5_campaign.npz/ForestDiffusion_nt50_dk10/32081b28ad0d6a823ff2b291c342d189.joblib
[*] Loading cached forest model from /pfs/work9/workspace/scratch/ma_pkonz-thesis/ForestDiffusion/tests/saved_models/5_campaign.npz/ForestDiffusion_nt50_dk10/c1bde0030f3e75006d817146face4be5.joblib
[*] Loading cached forest model from /pfs/work9/workspace/scratch/ma_pkonz-thesis/ForestDiffusion/tests/saved_models/5_campaign.npz/ForestDiffusion_nt50_dk10/a5906f047af4a0fb5abb96b8ba1d1738.joblib
[*] Loading cached forest model from /pfs/work9/workspace/scratch/ma_pkonz-thesis/ForestDiffusion/tests/saved_models/5_campaign.npz/ForestDiffusion_nt50_dk10/7fc4672ea4d5e20dc309c972a46c1a02.joblib
[*] Loading cached forest model from /pfs/work9/workspace/scratch/ma_pkonz-thesis/ForestDiffusion/tests/saved_models/5_campaign.npz/ForestDiffusion_nt50_dk10/9f299d38cdb033a8e84ca00720ea2fdb.joblib
[*] Loading cached forest model from /pfs/work9/workspace/scratch/ma_pkonz-thesis/ForestDiffusion/tests/saved_models/5_campaign.npz/ForestDiffusion_nt50_dk10/24fe2098bd1ce28eb64a866d4afa1e71.joblib
[*] Loading cached forest model from /pfs/work9/workspace/scratch/ma_pkonz-thesis/ForestDiffusion/tests/saved_models/5_campaign.npz/ForestDiffusion_nt50_dk10/46980895963a61bb58627f8c9f52bb26.joblib
[*] Loading cached forest model from /pfs/work9/workspace/scratch/ma_pkonz-thesis/ForestDiffusion/tests/saved_models/5_campaign.npz/ForestDiffusion_nt50_dk10/8c7f2fc05fbcd3ceb79eeb53ddab131e.joblib
[*] Loading cached forest model from /pfs/work9/workspace/scratch/ma_pkonz-thesis/ForestDiffusion/tests/saved_models/5_campaign.npz/ForestDiffusion_nt50_dk10/f6c3624056e9d164f68a53aaf8a84ef0.joblib
[*] Loading cached forest model from /pfs/work9/workspace/scratch/ma_pkonz-thesis/ForestDiffusion/tests/saved_models/5_campaign.npz/ForestDiffusion_nt50_dk10/bcce3111bfab24cc7fcac1a18787ceae.joblib
[*] Loading cached forest model from /pfs/work9/workspace/scratch/ma_pkonz-thesis/ForestDiffusion/tests/saved_models/5_campaign.npz/ForestDiffusion_nt50_dk10/438e3f256be3774911a87b40042853e4.joblib
[*] Loading cached forest model from /pfs/work9/workspace/scratch/ma_pkonz-thesis/ForestDiffusion/tests/saved_models/5_campaign.npz/ForestDiffusion_nt50_dk10/edacab30182d7f95af73645a4db3c57d.joblib
[*] Loading cached forest model from /pfs/work9/workspace/scratch/ma_pkonz-thesis/ForestDiffusion/tests/saved_models/5_campaign.npz/ForestDiffusion_nt50_dk10/2085c67707482ad287590e0436a35de6.joblib
[*] Loading cached forest model from /pfs/work9/workspace/scratch/ma_pkonz-thesis/ForestDiffusion/tests/saved_models/5_campaign.npz/ForestDiffusion_nt50_dk10/e176864df6da8fa3b43be8dd780a6128.joblib
[*] Loading cached forest model from /pfs/work9/workspace/scratch/ma_pkonz-thesis/ForestDiffusion/tests/saved_models/5_campaign.npz/ForestDiffusion_nt50_dk10/446d53dbe2ad83793003e34a1c3cfd9b.joblib
[*] Loading cached forest model from /pfs/work9/workspace/scratch/ma_pkonz-thesis/ForestDiffusion/tests/saved_models/5_campaign.npz/ForestDiffusion_nt50_dk10/7993e54cacdf17b103caa9bdf334b1d4.joblib
[*] Loading cached forest model from /pfs/work9/workspace/scratch/ma_pkonz-thesis/ForestDiffusion/tests/saved_models/5_campaign.npz/ForestDiffusion_nt50_dk10/f268ec415ffe694fb04ab40a7fb7122d.joblib
[*] Loading cached forest model from /pfs/work9/workspace/scratch/ma_pkonz-thesis/ForestDiffusion/tests/saved_models/5_campaign.npz/ForestDiffusion_nt50_dk10/2832517451f3b589c37d99284302e030.joblib
[*] Loading cached forest model from /pfs/work9/workspace/scratch/ma_pkonz-thesis/ForestDiffusion/tests/saved_models/5_campaign.npz/ForestDiffusion_nt50_dk10/1289e573c4e9e2838148abcfc8c6a6dc.joblib
[*] Loading cached forest model from /pfs/work9/workspace/scratch/ma_pkonz-thesis/ForestDiffusion/tests/saved_models/5_campaign.npz/ForestDiffusion_nt50_dk10/25253ce644e6d83edbe143edb0626ad9.joblib

 Dataset: 5_campaign.npz with model: ForestDiffusion_nt50_dk20 and score: deviation
 
Dataset loaded successfully!
Training data: (18274, 62), Normal: 18274
Test data: (22914, 62), Normal: 18274, Anomalies: 4640
[*] Loading cached forest model from /pfs/work9/workspace/scratch/ma_pkonz-thesis/ForestDiffusion/tests/saved_models/5_campaign.npz/ForestDiffusion_nt50_dk20/8c08fb0280d25d916bb121ef7bd7f8b8.joblib
[*] Loading cached forest model from /pfs/work9/workspace/scratch/ma_pkonz-thesis/ForestDiffusion/tests/saved_models/5_campaign.npz/ForestDiffusion_nt50_dk20/f2c7ce1890d4ab47af212a4375aabdb0.joblib
[*] Loading cached forest model from /pfs/work9/workspace/scratch/ma_pkonz-thesis/ForestDiffusion/tests/saved_models/5_campaign.npz/ForestDiffusion_nt50_dk20/32d816252a812bd4942b5282dcc1a18e.joblib
[*] Loading cached forest model from /pfs/work9/workspace/scratch/ma_pkonz-thesis/ForestDiffusion/tests/saved_models/5_campaign.npz/ForestDiffusion_nt50_dk20/5bc67ae5be7256e82178a890038f0934.joblib
[*] Loading cached forest model from /pfs/work9/workspace/scratch/ma_pkonz-thesis/ForestDiffusion/tests/saved_models/5_campaign.npz/ForestDiffusion_nt50_dk20/98aca9f761c0e5cd2ae4854de0d7487f.joblib
[*] Loading cached forest model from /pfs/work9/workspace/scratch/ma_pkonz-thesis/ForestDiffusion/tests/saved_models/5_campaign.npz/ForestDiffusion_nt50_dk20/223040df63d27bd0080194c1e18d553e.joblib
[*] Loading cached forest model from /pfs/work9/workspace/scratch/ma_pkonz-thesis/ForestDiffusion/tests/saved_models/5_campaign.npz/ForestDiffusion_nt50_dk20/21e60810040d00708485fa57e18554f7.joblib
[*] Loading cached forest model from /pfs/work9/workspace/scratch/ma_pkonz-thesis/ForestDiffusion/tests/saved_models/5_campaign.npz/ForestDiffusion_nt50_dk20/f6754984cecc3eff015540bf917e60a6.joblib
[*] Loading cached forest model from /pfs/work9/workspace/scratch/ma_pkonz-thesis/ForestDiffusion/tests/saved_models/5_campaign.npz/ForestDiffusion_nt50_dk20/4e01171818f71bc01ab520679d80027b.joblib
[*] Loading cached forest model from /pfs/work9/workspace/scratch/ma_pkonz-thesis/ForestDiffusion/tests/saved_models/5_campaign.npz/ForestDiffusion_nt50_dk20/ebdfa3524b5b905e5054822256837847.joblib
[*] Loading cached forest model from /pfs/work9/workspace/scratch/ma_pkonz-thesis/ForestDiffusion/tests/saved_models/5_campaign.npz/ForestDiffusion_nt50_dk20/c143f523931039c213d0a2339fdc785a.joblib
[*] Loading cached forest model from /pfs/work9/workspace/scratch/ma_pkonz-thesis/ForestDiffusion/tests/saved_models/5_campaign.npz/ForestDiffusion_nt50_dk20/131d271e77c40d3b24282085ab0e39a8.joblib
[*] Loading cached forest model from /pfs/work9/workspace/scratch/ma_pkonz-thesis/ForestDiffusion/tests/saved_models/5_campaign.npz/ForestDiffusion_nt50_dk20/d6b65e7430d8dedaebd02df3ec260fb5.joblib
[*] Loading cached forest model from /pfs/work9/workspace/scratch/ma_pkonz-thesis/ForestDiffusion/tests/saved_models/5_campaign.npz/ForestDiffusion_nt50_dk20/78d4d6ae99b9a5ea9d0c4c2b171e35ad.joblib
[*] Loading cached forest model from /pfs/work9/workspace/scratch/ma_pkonz-thesis/ForestDiffusion/tests/saved_models/5_campaign.npz/ForestDiffusion_nt50_dk20/8277a4cf12cab2f6c026fc826625b8c0.joblib
[*] Loading cached forest model from /pfs/work9/workspace/scratch/ma_pkonz-thesis/ForestDiffusion/tests/saved_models/5_campaign.npz/ForestDiffusion_nt50_dk20/e1b198594efa9215ccb8d20ef81a1142.joblib
[*] Loading cached forest model from /pfs/work9/workspace/scratch/ma_pkonz-thesis/ForestDiffusion/tests/saved_models/5_campaign.npz/ForestDiffusion_nt50_dk20/5ee814909c13fdd96e8b54ed3f33a9f9.joblib
[*] Loading cached forest model from /pfs/work9/workspace/scratch/ma_pkonz-thesis/ForestDiffusion/tests/saved_models/5_campaign.npz/ForestDiffusion_nt50_dk20/fd5b0b22e66a8d6c978053d53fab28ef.joblib
[*] Loading cached forest model from /pfs/work9/workspace/scratch/ma_pkonz-thesis/ForestDiffusion/tests/saved_models/5_campaign.npz/ForestDiffusion_nt50_dk20/5d05cb3d47be25b88ccf1e0f76f50438.joblib
[*] Loading cached forest model from /pfs/work9/workspace/scratch/ma_pkonz-thesis/ForestDiffusion/tests/saved_models/5_campaign.npz/ForestDiffusion_nt50_dk20/f2b6aecd06f724651e80e6c49c2e1c5b.joblib
[*] Loading cached forest model from /pfs/work9/workspace/scratch/ma_pkonz-thesis/ForestDiffusion/tests/saved_models/5_campaign.npz/ForestDiffusion_nt50_dk20/8b0f52c55cda98c106bac8948606a187.joblib
[*] Loading cached forest model from /pfs/work9/workspace/scratch/ma_pkonz-thesis/ForestDiffusion/tests/saved_models/5_campaign.npz/ForestDiffusion_nt50_dk20/2e38b6e5dca7a38f80d0f28c8e71beb1.joblib
[*] Loading cached forest model from /pfs/work9/workspace/scratch/ma_pkonz-thesis/ForestDiffusion/tests/saved_models/5_campaign.npz/ForestDiffusion_nt50_dk20/bc2db08bdd64f2bbf7ea212973237462.joblib
[*] Loading cached forest model from /pfs/work9/workspace/scratch/ma_pkonz-thesis/ForestDiffusion/tests/saved_models/5_campaign.npz/ForestDiffusion_nt50_dk20/ae24743189d10511567cc47d1c39c2a2.joblib
[*] Loading cached forest model from /pfs/work9/workspace/scratch/ma_pkonz-thesis/ForestDiffusion/tests/saved_models/5_campaign.npz/ForestDiffusion_nt50_dk20/cef1aae5ec8f265818718093a29c2c6c.joblib
[*] Loading cached forest model from /pfs/work9/workspace/scratch/ma_pkonz-thesis/ForestDiffusion/tests/saved_models/5_campaign.npz/ForestDiffusion_nt50_dk20/033de742e32c47f5a67b3a7fe05d5099.joblib
[*] Loading cached forest model from /pfs/work9/workspace/scratch/ma_pkonz-thesis/ForestDiffusion/tests/saved_models/5_campaign.npz/ForestDiffusion_nt50_dk20/2383363ab38952b292b08751aed22d82.joblib
[*] Loading cached forest model from /pfs/work9/workspace/scratch/ma_pkonz-thesis/ForestDiffusion/tests/saved_models/5_campaign.npz/ForestDiffusion_nt50_dk20/ceba9cd4ee4fe5129e4ffb343dcbbf91.joblib
[*] Loading cached forest model from /pfs/work9/workspace/scratch/ma_pkonz-thesis/ForestDiffusion/tests/saved_models/5_campaign.npz/ForestDiffusion_nt50_dk20/c454607382d8624a3495d7acd3b20f33.joblib
[*] Loading cached forest model from /pfs/work9/workspace/scratch/ma_pkonz-thesis/ForestDiffusion/tests/saved_models/5_campaign.npz/ForestDiffusion_nt50_dk20/2e417df364a8ff30e4f4f4eb2749ad8c.joblib
[*] Loading cached forest model from /pfs/work9/workspace/scratch/ma_pkonz-thesis/ForestDiffusion/tests/saved_models/5_campaign.npz/ForestDiffusion_nt50_dk20/54db96457dac81886a125a87a95eaa9b.joblib
[*] Loading cached forest model from /pfs/work9/workspace/scratch/ma_pkonz-thesis/ForestDiffusion/tests/saved_models/5_campaign.npz/ForestDiffusion_nt50_dk20/54a2041ee0ffd9b3400bc2ec7b68ec1f.joblib
[*] Loading cached forest model from /pfs/work9/workspace/scratch/ma_pkonz-thesis/ForestDiffusion/tests/saved_models/5_campaign.npz/ForestDiffusion_nt50_dk20/e9130cfe845d10eb14f37371e2f7b2c7.joblib
[*] Loading cached forest model from /pfs/work9/workspace/scratch/ma_pkonz-thesis/ForestDiffusion/tests/saved_models/5_campaign.npz/ForestDiffusion_nt50_dk20/d5553416bf8913fe5ebb79a9ee377f1a.joblib
[*] Loading cached forest model from /pfs/work9/workspace/scratch/ma_pkonz-thesis/ForestDiffusion/tests/saved_models/5_campaign.npz/ForestDiffusion_nt50_dk20/a4a44c2d6f042f25b56aa3f09ae26f35.joblib
[*] Loading cached forest model from /pfs/work9/workspace/scratch/ma_pkonz-thesis/ForestDiffusion/tests/saved_models/5_campaign.npz/ForestDiffusion_nt50_dk20/c4500bf613a34d44331cdd3399ddf7b6.joblib
[*] Loading cached forest model from /pfs/work9/workspace/scratch/ma_pkonz-thesis/ForestDiffusion/tests/saved_models/5_campaign.npz/ForestDiffusion_nt50_dk20/e3cb67e81803f081799785de3f63ff0a.joblib
[*] Loading cached forest model from /pfs/work9/workspace/scratch/ma_pkonz-thesis/ForestDiffusion/tests/saved_models/5_campaign.npz/ForestDiffusion_nt50_dk20/8b19f5b3afc7a42046d4511b297c3f6f.joblib
[*] Loading cached forest model from /pfs/work9/workspace/scratch/ma_pkonz-thesis/ForestDiffusion/tests/saved_models/5_campaign.npz/ForestDiffusion_nt50_dk20/43620ec3d89ac3e225a2f47728a367ab.joblib
[*] Loading cached forest model from /pfs/work9/workspace/scratch/ma_pkonz-thesis/ForestDiffusion/tests/saved_models/5_campaign.npz/ForestDiffusion_nt50_dk20/915fa2c46c62ce7b70a9fb34ee2d510e.joblib
[*] Loading cached forest model from /pfs/work9/workspace/scratch/ma_pkonz-thesis/ForestDiffusion/tests/saved_models/5_campaign.npz/ForestDiffusion_nt50_dk20/be9a95a9e8ebd25054d38ce166fd8a59.joblib
[*] Loading cached forest model from /pfs/work9/workspace/scratch/ma_pkonz-thesis/ForestDiffusion/tests/saved_models/5_campaign.npz/ForestDiffusion_nt50_dk20/dd633fde7d073f75348e787ce40e6998.joblib
[*] Loading cached forest model from /pfs/work9/workspace/scratch/ma_pkonz-thesis/ForestDiffusion/tests/saved_models/5_campaign.npz/ForestDiffusion_nt50_dk20/7bf107ab0bb98428135e1057a10153c3.joblib
[*] Loading cached forest model from /pfs/work9/workspace/scratch/ma_pkonz-thesis/ForestDiffusion/tests/saved_models/5_campaign.npz/ForestDiffusion_nt50_dk20/d6c6cf19bbc4077d3731668c09862eda.joblib
[*] Loading cached forest model from /pfs/work9/workspace/scratch/ma_pkonz-thesis/ForestDiffusion/tests/saved_models/5_campaign.npz/ForestDiffusion_nt50_dk20/644b9ca0ac5422f9bea861dbb71f4114.joblib
[*] Loading cached forest model from /pfs/work9/workspace/scratch/ma_pkonz-thesis/ForestDiffusion/tests/saved_models/5_campaign.npz/ForestDiffusion_nt50_dk20/c306be15235b115068eb03cfc983da25.joblib
[*] Loading cached forest model from /pfs/work9/workspace/scratch/ma_pkonz-thesis/ForestDiffusion/tests/saved_models/5_campaign.npz/ForestDiffusion_nt50_dk20/861ae06ee8bc0852f2dfdeb7a19cc4ba.joblib
[*] Loading cached forest model from /pfs/work9/workspace/scratch/ma_pkonz-thesis/ForestDiffusion/tests/saved_models/5_campaign.npz/ForestDiffusion_nt50_dk20/7b9bf21c8a2aa0aff0167510e1141a7a.joblib
[*] Loading cached forest model from /pfs/work9/workspace/scratch/ma_pkonz-thesis/ForestDiffusion/tests/saved_models/5_campaign.npz/ForestDiffusion_nt50_dk20/8184c923f65cb85d4e3c000f6a1ce2ec.joblib
[*] Loading cached forest model from /pfs/work9/workspace/scratch/ma_pkonz-thesis/ForestDiffusion/tests/saved_models/5_campaign.npz/ForestDiffusion_nt50_dk20/c7a01c06769455881710196d41009ec0.joblib

 Dataset: 5_campaign.npz with model: ForestDiffusion_nt50_dk20 and score: reconstruction
 
Dataset loaded successfully!
Training data: (18274, 62), Normal: 18274
Test data: (22914, 62), Normal: 18274, Anomalies: 4640
[*] Loading cached forest model from /pfs/work9/workspace/scratch/ma_pkonz-thesis/ForestDiffusion/tests/saved_models/5_campaign.npz/ForestDiffusion_nt50_dk20/8c08fb0280d25d916bb121ef7bd7f8b8.joblib
[*] Loading cached forest model from /pfs/work9/workspace/scratch/ma_pkonz-thesis/ForestDiffusion/tests/saved_models/5_campaign.npz/ForestDiffusion_nt50_dk20/f2c7ce1890d4ab47af212a4375aabdb0.joblib
[*] Loading cached forest model from /pfs/work9/workspace/scratch/ma_pkonz-thesis/ForestDiffusion/tests/saved_models/5_campaign.npz/ForestDiffusion_nt50_dk20/32d816252a812bd4942b5282dcc1a18e.joblib
[*] Loading cached forest model from /pfs/work9/workspace/scratch/ma_pkonz-thesis/ForestDiffusion/tests/saved_models/5_campaign.npz/ForestDiffusion_nt50_dk20/5bc67ae5be7256e82178a890038f0934.joblib
[*] Loading cached forest model from /pfs/work9/workspace/scratch/ma_pkonz-thesis/ForestDiffusion/tests/saved_models/5_campaign.npz/ForestDiffusion_nt50_dk20/98aca9f761c0e5cd2ae4854de0d7487f.joblib
[*] Loading cached forest model from /pfs/work9/workspace/scratch/ma_pkonz-thesis/ForestDiffusion/tests/saved_models/5_campaign.npz/ForestDiffusion_nt50_dk20/223040df63d27bd0080194c1e18d553e.joblib
[*] Loading cached forest model from /pfs/work9/workspace/scratch/ma_pkonz-thesis/ForestDiffusion/tests/saved_models/5_campaign.npz/ForestDiffusion_nt50_dk20/21e60810040d00708485fa57e18554f7.joblib
[*] Loading cached forest model from /pfs/work9/workspace/scratch/ma_pkonz-thesis/ForestDiffusion/tests/saved_models/5_campaign.npz/ForestDiffusion_nt50_dk20/f6754984cecc3eff015540bf917e60a6.joblib
[*] Loading cached forest model from /pfs/work9/workspace/scratch/ma_pkonz-thesis/ForestDiffusion/tests/saved_models/5_campaign.npz/ForestDiffusion_nt50_dk20/4e01171818f71bc01ab520679d80027b.joblib
[*] Loading cached forest model from /pfs/work9/workspace/scratch/ma_pkonz-thesis/ForestDiffusion/tests/saved_models/5_campaign.npz/ForestDiffusion_nt50_dk20/ebdfa3524b5b905e5054822256837847.joblib
[*] Loading cached forest model from /pfs/work9/workspace/scratch/ma_pkonz-thesis/ForestDiffusion/tests/saved_models/5_campaign.npz/ForestDiffusion_nt50_dk20/c143f523931039c213d0a2339fdc785a.joblib
[*] Loading cached forest model from /pfs/work9/workspace/scratch/ma_pkonz-thesis/ForestDiffusion/tests/saved_models/5_campaign.npz/ForestDiffusion_nt50_dk20/131d271e77c40d3b24282085ab0e39a8.joblib
[*] Loading cached forest model from /pfs/work9/workspace/scratch/ma_pkonz-thesis/ForestDiffusion/tests/saved_models/5_campaign.npz/ForestDiffusion_nt50_dk20/d6b65e7430d8dedaebd02df3ec260fb5.joblib
[*] Loading cached forest model from /pfs/work9/workspace/scratch/ma_pkonz-thesis/ForestDiffusion/tests/saved_models/5_campaign.npz/ForestDiffusion_nt50_dk20/78d4d6ae99b9a5ea9d0c4c2b171e35ad.joblib
[*] Loading cached forest model from /pfs/work9/workspace/scratch/ma_pkonz-thesis/ForestDiffusion/tests/saved_models/5_campaign.npz/ForestDiffusion_nt50_dk20/8277a4cf12cab2f6c026fc826625b8c0.joblib
[*] Loading cached forest model from /pfs/work9/workspace/scratch/ma_pkonz-thesis/ForestDiffusion/tests/saved_models/5_campaign.npz/ForestDiffusion_nt50_dk20/e1b198594efa9215ccb8d20ef81a1142.joblib
[*] Loading cached forest model from /pfs/work9/workspace/scratch/ma_pkonz-thesis/ForestDiffusion/tests/saved_models/5_campaign.npz/ForestDiffusion_nt50_dk20/5ee814909c13fdd96e8b54ed3f33a9f9.joblib
[*] Loading cached forest model from /pfs/work9/workspace/scratch/ma_pkonz-thesis/ForestDiffusion/tests/saved_models/5_campaign.npz/ForestDiffusion_nt50_dk20/fd5b0b22e66a8d6c978053d53fab28ef.joblib
[*] Loading cached forest model from /pfs/work9/workspace/scratch/ma_pkonz-thesis/ForestDiffusion/tests/saved_models/5_campaign.npz/ForestDiffusion_nt50_dk20/5d05cb3d47be25b88ccf1e0f76f50438.joblib
[*] Loading cached forest model from /pfs/work9/workspace/scratch/ma_pkonz-thesis/ForestDiffusion/tests/saved_models/5_campaign.npz/ForestDiffusion_nt50_dk20/f2b6aecd06f724651e80e6c49c2e1c5b.joblib
[*] Loading cached forest model from /pfs/work9/workspace/scratch/ma_pkonz-thesis/ForestDiffusion/tests/saved_models/5_campaign.npz/ForestDiffusion_nt50_dk20/8b0f52c55cda98c106bac8948606a187.joblib
[*] Loading cached forest model from /pfs/work9/workspace/scratch/ma_pkonz-thesis/ForestDiffusion/tests/saved_models/5_campaign.npz/ForestDiffusion_nt50_dk20/2e38b6e5dca7a38f80d0f28c8e71beb1.joblib
[*] Loading cached forest model from /pfs/work9/workspace/scratch/ma_pkonz-thesis/ForestDiffusion/tests/saved_models/5_campaign.npz/ForestDiffusion_nt50_dk20/bc2db08bdd64f2bbf7ea212973237462.joblib
[*] Loading cached forest model from /pfs/work9/workspace/scratch/ma_pkonz-thesis/ForestDiffusion/tests/saved_models/5_campaign.npz/ForestDiffusion_nt50_dk20/ae24743189d10511567cc47d1c39c2a2.joblib
[*] Loading cached forest model from /pfs/work9/workspace/scratch/ma_pkonz-thesis/ForestDiffusion/tests/saved_models/5_campaign.npz/ForestDiffusion_nt50_dk20/cef1aae5ec8f265818718093a29c2c6c.joblib
[*] Loading cached forest model from /pfs/work9/workspace/scratch/ma_pkonz-thesis/ForestDiffusion/tests/saved_models/5_campaign.npz/ForestDiffusion_nt50_dk20/033de742e32c47f5a67b3a7fe05d5099.joblib
[*] Loading cached forest model from /pfs/work9/workspace/scratch/ma_pkonz-thesis/ForestDiffusion/tests/saved_models/5_campaign.npz/ForestDiffusion_nt50_dk20/2383363ab38952b292b08751aed22d82.joblib
[*] Loading cached forest model from /pfs/work9/workspace/scratch/ma_pkonz-thesis/ForestDiffusion/tests/saved_models/5_campaign.npz/ForestDiffusion_nt50_dk20/ceba9cd4ee4fe5129e4ffb343dcbbf91.joblib
[*] Loading cached forest model from /pfs/work9/workspace/scratch/ma_pkonz-thesis/ForestDiffusion/tests/saved_models/5_campaign.npz/ForestDiffusion_nt50_dk20/c454607382d8624a3495d7acd3b20f33.joblib
[*] Loading cached forest model from /pfs/work9/workspace/scratch/ma_pkonz-thesis/ForestDiffusion/tests/saved_models/5_campaign.npz/ForestDiffusion_nt50_dk20/2e417df364a8ff30e4f4f4eb2749ad8c.joblib
[*] Loading cached forest model from /pfs/work9/workspace/scratch/ma_pkonz-thesis/ForestDiffusion/tests/saved_models/5_campaign.npz/ForestDiffusion_nt50_dk20/54db96457dac81886a125a87a95eaa9b.joblib
[*] Loading cached forest model from /pfs/work9/workspace/scratch/ma_pkonz-thesis/ForestDiffusion/tests/saved_models/5_campaign.npz/ForestDiffusion_nt50_dk20/54a2041ee0ffd9b3400bc2ec7b68ec1f.joblib
[*] Loading cached forest model from /pfs/work9/workspace/scratch/ma_pkonz-thesis/ForestDiffusion/tests/saved_models/5_campaign.npz/ForestDiffusion_nt50_dk20/e9130cfe845d10eb14f37371e2f7b2c7.joblib
[*] Loading cached forest model from /pfs/work9/workspace/scratch/ma_pkonz-thesis/ForestDiffusion/tests/saved_models/5_campaign.npz/ForestDiffusion_nt50_dk20/d5553416bf8913fe5ebb79a9ee377f1a.joblib
[*] Loading cached forest model from /pfs/work9/workspace/scratch/ma_pkonz-thesis/ForestDiffusion/tests/saved_models/5_campaign.npz/ForestDiffusion_nt50_dk20/a4a44c2d6f042f25b56aa3f09ae26f35.joblib
[*] Loading cached forest model from /pfs/work9/workspace/scratch/ma_pkonz-thesis/ForestDiffusion/tests/saved_models/5_campaign.npz/ForestDiffusion_nt50_dk20/c4500bf613a34d44331cdd3399ddf7b6.joblib
[*] Loading cached forest model from /pfs/work9/workspace/scratch/ma_pkonz-thesis/ForestDiffusion/tests/saved_models/5_campaign.npz/ForestDiffusion_nt50_dk20/e3cb67e81803f081799785de3f63ff0a.joblib
[*] Loading cached forest model from /pfs/work9/workspace/scratch/ma_pkonz-thesis/ForestDiffusion/tests/saved_models/5_campaign.npz/ForestDiffusion_nt50_dk20/8b19f5b3afc7a42046d4511b297c3f6f.joblib
[*] Loading cached forest model from /pfs/work9/workspace/scratch/ma_pkonz-thesis/ForestDiffusion/tests/saved_models/5_campaign.npz/ForestDiffusion_nt50_dk20/43620ec3d89ac3e225a2f47728a367ab.joblib
[*] Loading cached forest model from /pfs/work9/workspace/scratch/ma_pkonz-thesis/ForestDiffusion/tests/saved_models/5_campaign.npz/ForestDiffusion_nt50_dk20/915fa2c46c62ce7b70a9fb34ee2d510e.joblib
[*] Loading cached forest model from /pfs/work9/workspace/scratch/ma_pkonz-thesis/ForestDiffusion/tests/saved_models/5_campaign.npz/ForestDiffusion_nt50_dk20/be9a95a9e8ebd25054d38ce166fd8a59.joblib
[*] Loading cached forest model from /pfs/work9/workspace/scratch/ma_pkonz-thesis/ForestDiffusion/tests/saved_models/5_campaign.npz/ForestDiffusion_nt50_dk20/dd633fde7d073f75348e787ce40e6998.joblib
[*] Loading cached forest model from /pfs/work9/workspace/scratch/ma_pkonz-thesis/ForestDiffusion/tests/saved_models/5_campaign.npz/ForestDiffusion_nt50_dk20/7bf107ab0bb98428135e1057a10153c3.joblib
[*] Loading cached forest model from /pfs/work9/workspace/scratch/ma_pkonz-thesis/ForestDiffusion/tests/saved_models/5_campaign.npz/ForestDiffusion_nt50_dk20/d6c6cf19bbc4077d3731668c09862eda.joblib
[*] Loading cached forest model from /pfs/work9/workspace/scratch/ma_pkonz-thesis/ForestDiffusion/tests/saved_models/5_campaign.npz/ForestDiffusion_nt50_dk20/644b9ca0ac5422f9bea861dbb71f4114.joblib
[*] Loading cached forest model from /pfs/work9/workspace/scratch/ma_pkonz-thesis/ForestDiffusion/tests/saved_models/5_campaign.npz/ForestDiffusion_nt50_dk20/c306be15235b115068eb03cfc983da25.joblib
[*] Loading cached forest model from /pfs/work9/workspace/scratch/ma_pkonz-thesis/ForestDiffusion/tests/saved_models/5_campaign.npz/ForestDiffusion_nt50_dk20/861ae06ee8bc0852f2dfdeb7a19cc4ba.joblib
[*] Loading cached forest model from /pfs/work9/workspace/scratch/ma_pkonz-thesis/ForestDiffusion/tests/saved_models/5_campaign.npz/ForestDiffusion_nt50_dk20/7b9bf21c8a2aa0aff0167510e1141a7a.joblib
[*] Loading cached forest model from /pfs/work9/workspace/scratch/ma_pkonz-thesis/ForestDiffusion/tests/saved_models/5_campaign.npz/ForestDiffusion_nt50_dk20/8184c923f65cb85d4e3c000f6a1ce2ec.joblib
[*] Loading cached forest model from /pfs/work9/workspace/scratch/ma_pkonz-thesis/ForestDiffusion/tests/saved_models/5_campaign.npz/ForestDiffusion_nt50_dk20/c7a01c06769455881710196d41009ec0.joblib

 Dataset: 5_campaign.npz with model: ForestDiffusion_nt50_dk20 and score: decision
 
Dataset loaded successfully!
Training data: (18274, 62), Normal: 18274
Test data: (22914, 62), Normal: 18274, Anomalies: 4640
[*] Loading cached forest model from /pfs/work9/workspace/scratch/ma_pkonz-thesis/ForestDiffusion/tests/saved_models/5_campaign.npz/ForestDiffusion_nt50_dk20/8c08fb0280d25d916bb121ef7bd7f8b8.joblib
[*] Loading cached forest model from /pfs/work9/workspace/scratch/ma_pkonz-thesis/ForestDiffusion/tests/saved_models/5_campaign.npz/ForestDiffusion_nt50_dk20/f2c7ce1890d4ab47af212a4375aabdb0.joblib
[*] Loading cached forest model from /pfs/work9/workspace/scratch/ma_pkonz-thesis/ForestDiffusion/tests/saved_models/5_campaign.npz/ForestDiffusion_nt50_dk20/32d816252a812bd4942b5282dcc1a18e.joblib
[*] Loading cached forest model from /pfs/work9/workspace/scratch/ma_pkonz-thesis/ForestDiffusion/tests/saved_models/5_campaign.npz/ForestDiffusion_nt50_dk20/5bc67ae5be7256e82178a890038f0934.joblib
[*] Loading cached forest model from /pfs/work9/workspace/scratch/ma_pkonz-thesis/ForestDiffusion/tests/saved_models/5_campaign.npz/ForestDiffusion_nt50_dk20/98aca9f761c0e5cd2ae4854de0d7487f.joblib
[*] Loading cached forest model from /pfs/work9/workspace/scratch/ma_pkonz-thesis/ForestDiffusion/tests/saved_models/5_campaign.npz/ForestDiffusion_nt50_dk20/223040df63d27bd0080194c1e18d553e.joblib
[*] Loading cached forest model from /pfs/work9/workspace/scratch/ma_pkonz-thesis/ForestDiffusion/tests/saved_models/5_campaign.npz/ForestDiffusion_nt50_dk20/21e60810040d00708485fa57e18554f7.joblib
[*] Loading cached forest model from /pfs/work9/workspace/scratch/ma_pkonz-thesis/ForestDiffusion/tests/saved_models/5_campaign.npz/ForestDiffusion_nt50_dk20/f6754984cecc3eff015540bf917e60a6.joblib
[*] Loading cached forest model from /pfs/work9/workspace/scratch/ma_pkonz-thesis/ForestDiffusion/tests/saved_models/5_campaign.npz/ForestDiffusion_nt50_dk20/4e01171818f71bc01ab520679d80027b.joblib
[*] Loading cached forest model from /pfs/work9/workspace/scratch/ma_pkonz-thesis/ForestDiffusion/tests/saved_models/5_campaign.npz/ForestDiffusion_nt50_dk20/ebdfa3524b5b905e5054822256837847.joblib
[*] Loading cached forest model from /pfs/work9/workspace/scratch/ma_pkonz-thesis/ForestDiffusion/tests/saved_models/5_campaign.npz/ForestDiffusion_nt50_dk20/c143f523931039c213d0a2339fdc785a.joblib
[*] Loading cached forest model from /pfs/work9/workspace/scratch/ma_pkonz-thesis/ForestDiffusion/tests/saved_models/5_campaign.npz/ForestDiffusion_nt50_dk20/131d271e77c40d3b24282085ab0e39a8.joblib
[*] Loading cached forest model from /pfs/work9/workspace/scratch/ma_pkonz-thesis/ForestDiffusion/tests/saved_models/5_campaign.npz/ForestDiffusion_nt50_dk20/d6b65e7430d8dedaebd02df3ec260fb5.joblib
[*] Loading cached forest model from /pfs/work9/workspace/scratch/ma_pkonz-thesis/ForestDiffusion/tests/saved_models/5_campaign.npz/ForestDiffusion_nt50_dk20/78d4d6ae99b9a5ea9d0c4c2b171e35ad.joblib
[*] Loading cached forest model from /pfs/work9/workspace/scratch/ma_pkonz-thesis/ForestDiffusion/tests/saved_models/5_campaign.npz/ForestDiffusion_nt50_dk20/8277a4cf12cab2f6c026fc826625b8c0.joblib
[*] Loading cached forest model from /pfs/work9/workspace/scratch/ma_pkonz-thesis/ForestDiffusion/tests/saved_models/5_campaign.npz/ForestDiffusion_nt50_dk20/e1b198594efa9215ccb8d20ef81a1142.joblib
[*] Loading cached forest model from /pfs/work9/workspace/scratch/ma_pkonz-thesis/ForestDiffusion/tests/saved_models/5_campaign.npz/ForestDiffusion_nt50_dk20/5ee814909c13fdd96e8b54ed3f33a9f9.joblib
[*] Loading cached forest model from /pfs/work9/workspace/scratch/ma_pkonz-thesis/ForestDiffusion/tests/saved_models/5_campaign.npz/ForestDiffusion_nt50_dk20/fd5b0b22e66a8d6c978053d53fab28ef.joblib
[*] Loading cached forest model from /pfs/work9/workspace/scratch/ma_pkonz-thesis/ForestDiffusion/tests/saved_models/5_campaign.npz/ForestDiffusion_nt50_dk20/5d05cb3d47be25b88ccf1e0f76f50438.joblib
[*] Loading cached forest model from /pfs/work9/workspace/scratch/ma_pkonz-thesis/ForestDiffusion/tests/saved_models/5_campaign.npz/ForestDiffusion_nt50_dk20/f2b6aecd06f724651e80e6c49c2e1c5b.joblib
[*] Loading cached forest model from /pfs/work9/workspace/scratch/ma_pkonz-thesis/ForestDiffusion/tests/saved_models/5_campaign.npz/ForestDiffusion_nt50_dk20/8b0f52c55cda98c106bac8948606a187.joblib
[*] Loading cached forest model from /pfs/work9/workspace/scratch/ma_pkonz-thesis/ForestDiffusion/tests/saved_models/5_campaign.npz/ForestDiffusion_nt50_dk20/2e38b6e5dca7a38f80d0f28c8e71beb1.joblib
[*] Loading cached forest model from /pfs/work9/workspace/scratch/ma_pkonz-thesis/ForestDiffusion/tests/saved_models/5_campaign.npz/ForestDiffusion_nt50_dk20/bc2db08bdd64f2bbf7ea212973237462.joblib
[*] Loading cached forest model from /pfs/work9/workspace/scratch/ma_pkonz-thesis/ForestDiffusion/tests/saved_models/5_campaign.npz/ForestDiffusion_nt50_dk20/ae24743189d10511567cc47d1c39c2a2.joblib
[*] Loading cached forest model from /pfs/work9/workspace/scratch/ma_pkonz-thesis/ForestDiffusion/tests/saved_models/5_campaign.npz/ForestDiffusion_nt50_dk20/cef1aae5ec8f265818718093a29c2c6c.joblib
[*] Loading cached forest model from /pfs/work9/workspace/scratch/ma_pkonz-thesis/ForestDiffusion/tests/saved_models/5_campaign.npz/ForestDiffusion_nt50_dk20/033de742e32c47f5a67b3a7fe05d5099.joblib
[*] Loading cached forest model from /pfs/work9/workspace/scratch/ma_pkonz-thesis/ForestDiffusion/tests/saved_models/5_campaign.npz/ForestDiffusion_nt50_dk20/2383363ab38952b292b08751aed22d82.joblib
[*] Loading cached forest model from /pfs/work9/workspace/scratch/ma_pkonz-thesis/ForestDiffusion/tests/saved_models/5_campaign.npz/ForestDiffusion_nt50_dk20/ceba9cd4ee4fe5129e4ffb343dcbbf91.joblib
[*] Loading cached forest model from /pfs/work9/workspace/scratch/ma_pkonz-thesis/ForestDiffusion/tests/saved_models/5_campaign.npz/ForestDiffusion_nt50_dk20/c454607382d8624a3495d7acd3b20f33.joblib
[*] Loading cached forest model from /pfs/work9/workspace/scratch/ma_pkonz-thesis/ForestDiffusion/tests/saved_models/5_campaign.npz/ForestDiffusion_nt50_dk20/2e417df364a8ff30e4f4f4eb2749ad8c.joblib
[*] Loading cached forest model from /pfs/work9/workspace/scratch/ma_pkonz-thesis/ForestDiffusion/tests/saved_models/5_campaign.npz/ForestDiffusion_nt50_dk20/54db96457dac81886a125a87a95eaa9b.joblib
[*] Loading cached forest model from /pfs/work9/workspace/scratch/ma_pkonz-thesis/ForestDiffusion/tests/saved_models/5_campaign.npz/ForestDiffusion_nt50_dk20/54a2041ee0ffd9b3400bc2ec7b68ec1f.joblib
[*] Loading cached forest model from /pfs/work9/workspace/scratch/ma_pkonz-thesis/ForestDiffusion/tests/saved_models/5_campaign.npz/ForestDiffusion_nt50_dk20/e9130cfe845d10eb14f37371e2f7b2c7.joblib
[*] Loading cached forest model from /pfs/work9/workspace/scratch/ma_pkonz-thesis/ForestDiffusion/tests/saved_models/5_campaign.npz/ForestDiffusion_nt50_dk20/d5553416bf8913fe5ebb79a9ee377f1a.joblib
[*] Loading cached forest model from /pfs/work9/workspace/scratch/ma_pkonz-thesis/ForestDiffusion/tests/saved_models/5_campaign.npz/ForestDiffusion_nt50_dk20/a4a44c2d6f042f25b56aa3f09ae26f35.joblib
[*] Loading cached forest model from /pfs/work9/workspace/scratch/ma_pkonz-thesis/ForestDiffusion/tests/saved_models/5_campaign.npz/ForestDiffusion_nt50_dk20/c4500bf613a34d44331cdd3399ddf7b6.joblib
[*] Loading cached forest model from /pfs/work9/workspace/scratch/ma_pkonz-thesis/ForestDiffusion/tests/saved_models/5_campaign.npz/ForestDiffusion_nt50_dk20/e3cb67e81803f081799785de3f63ff0a.joblib
[*] Loading cached forest model from /pfs/work9/workspace/scratch/ma_pkonz-thesis/ForestDiffusion/tests/saved_models/5_campaign.npz/ForestDiffusion_nt50_dk20/8b19f5b3afc7a42046d4511b297c3f6f.joblib
[*] Loading cached forest model from /pfs/work9/workspace/scratch/ma_pkonz-thesis/ForestDiffusion/tests/saved_models/5_campaign.npz/ForestDiffusion_nt50_dk20/43620ec3d89ac3e225a2f47728a367ab.joblib
[*] Loading cached forest model from /pfs/work9/workspace/scratch/ma_pkonz-thesis/ForestDiffusion/tests/saved_models/5_campaign.npz/ForestDiffusion_nt50_dk20/915fa2c46c62ce7b70a9fb34ee2d510e.joblib
[*] Loading cached forest model from /pfs/work9/workspace/scratch/ma_pkonz-thesis/ForestDiffusion/tests/saved_models/5_campaign.npz/ForestDiffusion_nt50_dk20/be9a95a9e8ebd25054d38ce166fd8a59.joblib
[*] Loading cached forest model from /pfs/work9/workspace/scratch/ma_pkonz-thesis/ForestDiffusion/tests/saved_models/5_campaign.npz/ForestDiffusion_nt50_dk20/dd633fde7d073f75348e787ce40e6998.joblib
[*] Loading cached forest model from /pfs/work9/workspace/scratch/ma_pkonz-thesis/ForestDiffusion/tests/saved_models/5_campaign.npz/ForestDiffusion_nt50_dk20/7bf107ab0bb98428135e1057a10153c3.joblib
[*] Loading cached forest model from /pfs/work9/workspace/scratch/ma_pkonz-thesis/ForestDiffusion/tests/saved_models/5_campaign.npz/ForestDiffusion_nt50_dk20/d6c6cf19bbc4077d3731668c09862eda.joblib
[*] Loading cached forest model from /pfs/work9/workspace/scratch/ma_pkonz-thesis/ForestDiffusion/tests/saved_models/5_campaign.npz/ForestDiffusion_nt50_dk20/644b9ca0ac5422f9bea861dbb71f4114.joblib
[*] Loading cached forest model from /pfs/work9/workspace/scratch/ma_pkonz-thesis/ForestDiffusion/tests/saved_models/5_campaign.npz/ForestDiffusion_nt50_dk20/c306be15235b115068eb03cfc983da25.joblib
[*] Loading cached forest model from /pfs/work9/workspace/scratch/ma_pkonz-thesis/ForestDiffusion/tests/saved_models/5_campaign.npz/ForestDiffusion_nt50_dk20/861ae06ee8bc0852f2dfdeb7a19cc4ba.joblib
[*] Loading cached forest model from /pfs/work9/workspace/scratch/ma_pkonz-thesis/ForestDiffusion/tests/saved_models/5_campaign.npz/ForestDiffusion_nt50_dk20/7b9bf21c8a2aa0aff0167510e1141a7a.joblib
[*] Loading cached forest model from /pfs/work9/workspace/scratch/ma_pkonz-thesis/ForestDiffusion/tests/saved_models/5_campaign.npz/ForestDiffusion_nt50_dk20/8184c923f65cb85d4e3c000f6a1ce2ec.joblib
[*] Loading cached forest model from /pfs/work9/workspace/scratch/ma_pkonz-thesis/ForestDiffusion/tests/saved_models/5_campaign.npz/ForestDiffusion_nt50_dk20/c7a01c06769455881710196d41009ec0.joblib
Saved: results/percentile_curve_ForestDiffusion_nt50_dk10_deviation_5_campaign.pdf
Saved: results/percentile_curve_ForestDiffusion_nt50_dk10_reconstruction_5_campaign.pdf
Saved: results/percentile_curve_ForestDiffusion_nt50_dk10_decision_5_campaign.pdf
Saved: results/percentile_curve_ForestDiffusion_nt50_dk20_deviation_5_campaign.pdf
Saved: results/percentile_curve_ForestDiffusion_nt50_dk20_reconstruction_5_campaign.pdf
Saved: results/percentile_curve_ForestDiffusion_nt50_dk20_decision_5_campaign.pdf
Saved: results/f1_comparison_ForestDiffusion_nt50_dk10_5_campaign_no_contamination.pdf
Saved: results/f1_comparison_ForestDiffusion_nt50_dk10_5_campaign_full_contamination.pdf
Saved: results/f1_comparison_ForestDiffusion_nt50_dk20_5_campaign_no_contamination.pdf
Saved: results/f1_comparison_ForestDiffusion_nt50_dk20_5_campaign_full_contamination.pdf

================================================================================
EXTREME CASES SUMMARY
================================================================================

ForestDiffusion_nt50_dk10 - deviation:
  5_campaign.npz [no_contamination]:
    AUC: 0.7011  0.0010
    AUPRC: 0.3047  0.0018

    Threshold Percentile Metrics:
    Percentile   Precision            Recall               F1                  
    ------------------------------------------------------------------------
    20           0.1277  0.0005      0.9067  0.0034      0.2238  0.0008     
    30           0.1379  0.0005      0.8569  0.0028      0.2376  0.0008     
    40           0.1497  0.0004      0.7973  0.0022      0.2521  0.0007     
    50           0.1652  0.0006      0.7334  0.0027      0.2697  0.0010     
    60           0.1848  0.0016      0.6562  0.0058      0.2884  0.0025     
    70           0.2117  0.0022      0.5638  0.0058      0.3078  0.0032     
    80           0.2560  0.0022      0.4546  0.0039      0.3276  0.0028     
    90           0.3523  0.0036      0.3128  0.0032      0.3314  0.0034     
    95           0.4705  0.0076      0.2089  0.0034      0.2893  0.0046     
    97.5         0.5845  0.0157      0.1297  0.0035      0.2123  0.0057     
    99           0.6563  0.0078      0.0583  0.0007      0.1070  0.0013     
    99.9         0.7048  0.0467      0.0064  0.0004      0.0126  0.0008     

     Best F1: 0.3314 @ 90th percentile
  5_campaign.npz [full_contamination]:
    AUC: 0.6815  0.0008
    AUPRC: 0.2615  0.0020

    Threshold Percentile Metrics:
    Percentile   Precision            Recall               F1                  
    ------------------------------------------------------------------------
    20           0.1269  0.0005      0.9015  0.0037      0.2225  0.0009     
    30           0.1363  0.0007      0.8467  0.0045      0.2348  0.0012     
    40           0.1473  0.0006      0.7844  0.0030      0.2480  0.0009     
    50           0.1608  0.0005      0.7138  0.0022      0.2625  0.0008     
    60           0.1786  0.0008      0.6341  0.0028      0.2787  0.0012     
    70           0.2013  0.0027      0.5359  0.0072      0.2926  0.0039     
    80           0.2395  0.0023      0.4252  0.0041      0.3064  0.0030     
    90           0.3166  0.0045      0.2811  0.0040      0.2978  0.0043     
    95           0.3930  0.0031      0.1745  0.0014      0.2417  0.0019     
    97.5         0.4765  0.0081      0.1058  0.0018      0.1731  0.0029     
    99           0.5417  0.0129      0.0481  0.0011      0.0884  0.0021     
    99.9         0.6762  0.0873      0.0061  0.0008      0.0121  0.0016     

     Best F1: 0.3064 @ 80th percentile

ForestDiffusion_nt50_dk10 - reconstruction:
  5_campaign.npz [no_contamination]:
    AUC: 0.7378  0.0027
    AUPRC: 0.2548  0.0021

    Threshold Percentile Metrics:
    Percentile   Precision            Recall               F1                  
    ------------------------------------------------------------------------
    20           0.1351  0.0007      0.9594  0.0048      0.2369  0.0012     
    30           0.1471  0.0008      0.9141  0.0048      0.2534  0.0013     
    40           0.1602  0.0015      0.8534  0.0078      0.2698  0.0025     
    50           0.1753  0.0005      0.7782  0.0021      0.2862  0.0008     
    60           0.1962  0.0009      0.6968  0.0033      0.3062  0.0014     
    70           0.2266  0.0015      0.6034  0.0040      0.3294  0.0022     
    80           0.2738  0.0007      0.4860  0.0012      0.3502  0.0009     
    90           0.3586  0.0029      0.3184  0.0025      0.3374  0.0027     
    95           0.3555  0.0050      0.1578  0.0022      0.2186  0.0031     
    97.5         0.2594  0.0079      0.0576  0.0018      0.0943  0.0029     
    99           0.1466  0.0224      0.0130  0.0020      0.0239  0.0037     
    99.9         0.2000  0.0762      0.0018  0.0007      0.0036  0.0014     

     Best F1: 0.3502 @ 80th percentile
  5_campaign.npz [full_contamination]:
    AUC: 0.7282  0.0024
    AUPRC: 0.2471  0.0030

    Threshold Percentile Metrics:
    Percentile   Precision            Recall               F1                  
    ------------------------------------------------------------------------
    20           0.1338  0.0004      0.9503  0.0032      0.2346  0.0008     
    30           0.1455  0.0006      0.9039  0.0039      0.2506  0.0011     
    40           0.1577  0.0006      0.8398  0.0031      0.2655  0.0010     
    50           0.1727  0.0008      0.7667  0.0038      0.2820  0.0014     
    60           0.1929  0.0018      0.6849  0.0065      0.3010  0.0029     
    70           0.2228  0.0008      0.5934  0.0021      0.3240  0.0011     
    80           0.2715  0.0009      0.4820  0.0016      0.3473  0.0012     
    90           0.3460  0.0063      0.3072  0.0056      0.3255  0.0059     
    95           0.3443  0.0057      0.1528  0.0025      0.2117  0.0035     
    97.5         0.2466  0.0152      0.0547  0.0034      0.0896  0.0055     
    99           0.1369  0.0145      0.0122  0.0013      0.0223  0.0024     
    99.9         0.2190  0.0830      0.0020  0.0008      0.0039  0.0015     

     Best F1: 0.3473 @ 80th percentile

ForestDiffusion_nt50_dk10 - decision:
  5_campaign.npz [no_contamination]:
    AUC: 0.6751  0.0034
    AUPRC: 0.2574  0.0058

    Threshold Percentile Metrics:
    Percentile   Precision            Recall               F1                  
    ------------------------------------------------------------------------
    20           0.1273  0.0005      0.9038  0.0036      0.2231  0.0009     
    30           0.1363  0.0007      0.8472  0.0045      0.2349  0.0012     
    40           0.1458  0.0012      0.7763  0.0065      0.2454  0.0021     
    50           0.1572  0.0017      0.6977  0.0076      0.2566  0.0028     
    60           0.1725  0.0018      0.6124  0.0064      0.2691  0.0028     
    70           0.1944  0.0024      0.5176  0.0063      0.2826  0.0034     
    80           0.2341  0.0035      0.4156  0.0062      0.2995  0.0045     
    90           0.3249  0.0029      0.2884  0.0026      0.3056  0.0028     
    95           0.4146  0.0051      0.1841  0.0023      0.2549  0.0031     
    97.5         0.4730  0.0185      0.1050  0.0041      0.1719  0.0067     
    99           0.5223  0.0251      0.0464  0.0022      0.0852  0.0041     
    99.9         0.5333  0.0923      0.0048  0.0008      0.0096  0.0017     

     Best F1: 0.3056 @ 90th percentile
  5_campaign.npz [full_contamination]:
    AUC: 0.6587  0.0041
    AUPRC: 0.2363  0.0045

    Threshold Percentile Metrics:
    Percentile   Precision            Recall               F1                  
    ------------------------------------------------------------------------
    20           0.1263  0.0003      0.8972  0.0019      0.2215  0.0005     
    30           0.1337  0.0011      0.8310  0.0067      0.2304  0.0019     
    40           0.1425  0.0017      0.7591  0.0088      0.2400  0.0028     
    50           0.1521  0.0020      0.6749  0.0089      0.2482  0.0033     
    60           0.1669  0.0012      0.5925  0.0044      0.2604  0.0019     
    70           0.1870  0.0020      0.4980  0.0053      0.2719  0.0029     
    80           0.2246  0.0039      0.3988  0.0069      0.2874  0.0050     
    90           0.3041  0.0057      0.2700  0.0051      0.2860  0.0054     
    95           0.3707  0.0052      0.1646  0.0023      0.2279  0.0032     
    97.5         0.4287  0.0153      0.0952  0.0034      0.1558  0.0055     
    99           0.4874  0.0191      0.0433  0.0017      0.0795  0.0031     
    99.9         0.4571  0.0713      0.0041  0.0006      0.0082  0.0013     

     Best F1: 0.2874 @ 80th percentile

ForestDiffusion_nt50_dk20 - deviation:
  5_campaign.npz [no_contamination]:
    AUC: 0.7062  0.0010
    AUPRC: 0.3102  0.0014

    Threshold Percentile Metrics:
    Percentile   Precision            Recall               F1                  
    ------------------------------------------------------------------------
    20           0.1281  0.0007      0.9097  0.0047      0.2246  0.0012     
    30           0.1382  0.0006      0.8587  0.0040      0.2381  0.0011     
    40           0.1513  0.0006      0.8058  0.0033      0.2548  0.0010     
    50           0.1663  0.0006      0.7382  0.0025      0.2715  0.0009     
    60           0.1863  0.0007      0.6615  0.0024      0.2907  0.0011     
    70           0.2151  0.0017      0.5728  0.0046      0.3127  0.0025     
    80           0.2602  0.0018      0.4620  0.0032      0.3329  0.0023     
    90           0.3574  0.0041      0.3173  0.0036      0.3362  0.0038     
    95           0.4831  0.0038      0.2145  0.0017      0.2971  0.0023     
    97.5         0.5845  0.0073      0.1297  0.0016      0.2123  0.0026     
    99           0.6660  0.0057      0.0591  0.0005      0.1086  0.0009     
    99.9         0.6667  0.0522      0.0060  0.0005      0.0120  0.0009     

     Best F1: 0.3362 @ 90th percentile
  5_campaign.npz [full_contamination]:
    AUC: 0.6875  0.0011
    AUPRC: 0.2667  0.0013

    Threshold Percentile Metrics:
    Percentile   Precision            Recall               F1                  
    ------------------------------------------------------------------------
    20           0.1272  0.0006      0.9029  0.0045      0.2229  0.0011     
    30           0.1368  0.0006      0.8499  0.0036      0.2356  0.0010     
    40           0.1479  0.0008      0.7876  0.0041      0.2490  0.0013     
    50           0.1622  0.0009      0.7200  0.0040      0.2648  0.0015     
    60           0.1812  0.0011      0.6435  0.0039      0.2828  0.0017     
    70           0.2061  0.0022      0.5488  0.0058      0.2996  0.0031     
    80           0.2444  0.0016      0.4340  0.0029      0.3127  0.0021     
    90           0.3239  0.0054      0.2876  0.0048      0.3047  0.0051     
    95           0.4056  0.0051      0.1801  0.0023      0.2494  0.0031     
    97.5         0.4660  0.0080      0.1034  0.0018      0.1693  0.0029     
    99           0.5544  0.0078      0.0492  0.0007      0.0904  0.0013     
    99.9         0.6381  0.0713      0.0058  0.0006      0.0114  0.0013     

     Best F1: 0.3127 @ 80th percentile

ForestDiffusion_nt50_dk20 - reconstruction:
  5_campaign.npz [no_contamination]:
    AUC: 0.7357  0.0014
    AUPRC: 0.2464  0.0032

    Threshold Percentile Metrics:
    Percentile   Precision            Recall               F1                  
    ------------------------------------------------------------------------
    20           0.1352  0.0005      0.9602  0.0033      0.2370  0.0008     
    30           0.1477  0.0006      0.9178  0.0035      0.2544  0.0010     
    40           0.1601  0.0010      0.8524  0.0052      0.2695  0.0016     
    50           0.1748  0.0009      0.7759  0.0042      0.2853  0.0015     
    60           0.1953  0.0009      0.6936  0.0032      0.3048  0.0014     
    70           0.2260  0.0016      0.6018  0.0042      0.3286  0.0023     
    80           0.2712  0.0018      0.4815  0.0031      0.3469  0.0023     
    90           0.3480  0.0061      0.3090  0.0054      0.3273  0.0057     
    95           0.3225  0.0110      0.1432  0.0049      0.1983  0.0067     
    97.5         0.2144  0.0240      0.0476  0.0053      0.0779  0.0087     
    99           0.1476  0.0249      0.0131  0.0022      0.0241  0.0041     
    99.9         0.2381  0.0522      0.0022  0.0005      0.0043  0.0009     

     Best F1: 0.3469 @ 80th percentile
  5_campaign.npz [full_contamination]:
    AUC: 0.7269  0.0021
    AUPRC: 0.2388  0.0040

    Threshold Percentile Metrics:
    Percentile   Precision            Recall               F1                  
    ------------------------------------------------------------------------
    20           0.1338  0.0008      0.9502  0.0054      0.2346  0.0013     
    30           0.1461  0.0008      0.9079  0.0051      0.2517  0.0014     
    40           0.1582  0.0011      0.8426  0.0060      0.2664  0.0019     
    50           0.1727  0.0007      0.7666  0.0032      0.2819  0.0012     
    60           0.1931  0.0010      0.6855  0.0034      0.3013  0.0015     
    70           0.2228  0.0008      0.5932  0.0021      0.3239  0.0011     
    80           0.2685  0.0016      0.4766  0.0029      0.3435  0.0021     
    90           0.3319  0.0048      0.2947  0.0043      0.3122  0.0045     
    95           0.3070  0.0105      0.1363  0.0047      0.1888  0.0065     
    97.5         0.2089  0.0215      0.0464  0.0048      0.0759  0.0078     
    99           0.1505  0.0194      0.0134  0.0017      0.0245  0.0032     
    99.9         0.2286  0.0632      0.0021  0.0006      0.0041  0.0011     

     Best F1: 0.3435 @ 80th percentile

ForestDiffusion_nt50_dk20 - decision:
  5_campaign.npz [no_contamination]:
    AUC: 0.6810  0.0024
    AUPRC: 0.2806  0.0027

    Threshold Percentile Metrics:
    Percentile   Precision            Recall               F1                  
    ------------------------------------------------------------------------
    20           0.1277  0.0005      0.9068  0.0033      0.2239  0.0008     
    30           0.1369  0.0007      0.8504  0.0046      0.2358  0.0013     
    40           0.1467  0.0008      0.7816  0.0043      0.2471  0.0014     
    50           0.1582  0.0011      0.7022  0.0050      0.2582  0.0019     
    60           0.1751  0.0012      0.6219  0.0044      0.2733  0.0019     
    70           0.1977  0.0007      0.5264  0.0018      0.2874  0.0010     
    80           0.2361  0.0013      0.4191  0.0023      0.3020  0.0016     
    90           0.3359  0.0039      0.2983  0.0035      0.3160  0.0037     
    95           0.4551  0.0073      0.2021  0.0032      0.2799  0.0045     
    97.5         0.5332  0.0126      0.1184  0.0028      0.1937  0.0046     
    99           0.6078  0.0200      0.0540  0.0018      0.0991  0.0033     
    99.9         0.6667  0.0738      0.0060  0.0007      0.0120  0.0013     

     Best F1: 0.3160 @ 90th percentile
  5_campaign.npz [full_contamination]:
    AUC: 0.6637  0.0025
    AUPRC: 0.2594  0.0027

    Threshold Percentile Metrics:
    Percentile   Precision            Recall               F1                  
    ------------------------------------------------------------------------
    20           0.1265  0.0002      0.8984  0.0017      0.2218  0.0004     
    30           0.1343  0.0007      0.8343  0.0043      0.2313  0.0012     
    40           0.1429  0.0014      0.7612  0.0074      0.2407  0.0023     
    50           0.1530  0.0015      0.6791  0.0068      0.2497  0.0025     
    60           0.1686  0.0016      0.5988  0.0058      0.2632  0.0026     
    70           0.1892  0.0023      0.5037  0.0061      0.2750  0.0033     
    80           0.2272  0.0013      0.4034  0.0023      0.2907  0.0017     
    90           0.3170  0.0028      0.2815  0.0025      0.2982  0.0026     
    95           0.4163  0.0058      0.1848  0.0026      0.2560  0.0036     
    97.5         0.4874  0.0149      0.1082  0.0033      0.1771  0.0054     
    99           0.5816  0.0188      0.0516  0.0017      0.0949  0.0031     
    99.9         0.6667  0.0797      0.0060  0.0007      0.0120  0.0014     

     Best F1: 0.2982 @ 90th percentile

============================================================
Ergebnisse gespeichert unter: results/results_data/extreme_cases_5_campaign_20251215_162517.joblib
============================================================
== Job Ende: Mon Dec 15 04:25:39 PM CET 2025 ==

============================= JOB FEEDBACK =============================

NodeName=uc2n781
Job ID: 2597389
Cluster: uc3
User/Group: ma_pkonz/ma_ma
State: COMPLETED (exit code 0)
Nodes: 1
Cores per node: 16
CPU Utilized: 1-23:31:19
CPU Efficiency: 6.22% of 31-19:24:32 core-walltime
Job Wall-clock time: 1-23:42:47
Memory Utilized: 16.47 GB
Memory Efficiency: 51.45% of 32.00 GB (32.00 GB/node)
