== Job Start: Fri Dec 19 11:27:40 PM CET 2025 ==
Python: /pfs/work9/workspace/scratch/ma_pkonz-thesis/ForestDiffusion/.venv/bin/python
Imports dauern ~2-3 Minuten, bitte warten...

 Dataset: 5_campaign.npz with model: TCCM_nt20 and score: deviation
 
Dataset loaded successfully!
Training data: (18274, 62), Normal: 18274
Test data: (22914, 62), Normal: 18274, Anomalies: 4640
[*] Loading cached tccm model from /pfs/work9/workspace/scratch/ma_pkonz-thesis/ForestDiffusion/tests/saved_models/5_campaign.npz/TCCM_nt20/3cfd12d9d2252042c32dcbf68608702d.joblib
[*] Loading cached tccm model from /pfs/work9/workspace/scratch/ma_pkonz-thesis/ForestDiffusion/tests/saved_models/5_campaign.npz/TCCM_nt20/ed4cbed22c88ca95f25747be5028117d.joblib
[*] Loading cached tccm model from /pfs/work9/workspace/scratch/ma_pkonz-thesis/ForestDiffusion/tests/saved_models/5_campaign.npz/TCCM_nt20/d8cadcd6a6ae517572c5b947550e1d86.joblib
[*] Loading cached tccm model from /pfs/work9/workspace/scratch/ma_pkonz-thesis/ForestDiffusion/tests/saved_models/5_campaign.npz/TCCM_nt20/7d271babaefc1e74830b743d3101d02e.joblib
[*] Loading cached tccm model from /pfs/work9/workspace/scratch/ma_pkonz-thesis/ForestDiffusion/tests/saved_models/5_campaign.npz/TCCM_nt20/040bf45b1745d810e6adde26d0191ff0.joblib
[*] Loading cached tccm model from /pfs/work9/workspace/scratch/ma_pkonz-thesis/ForestDiffusion/tests/saved_models/5_campaign.npz/TCCM_nt20/8c2935cf437b297a1b28dc064a3e07ce.joblib
[*] Loading cached tccm model from /pfs/work9/workspace/scratch/ma_pkonz-thesis/ForestDiffusion/tests/saved_models/5_campaign.npz/TCCM_nt20/7900ad351d5f825c2f211e9472e01ea1.joblib
[*] Loading cached tccm model from /pfs/work9/workspace/scratch/ma_pkonz-thesis/ForestDiffusion/tests/saved_models/5_campaign.npz/TCCM_nt20/76553c80f81e48ce973cf98b2bf2f87c.joblib
[*] Loading cached tccm model from /pfs/work9/workspace/scratch/ma_pkonz-thesis/ForestDiffusion/tests/saved_models/5_campaign.npz/TCCM_nt20/312ea937143beb263203bbba8fa8493f.joblib
[*] Loading cached tccm model from /pfs/work9/workspace/scratch/ma_pkonz-thesis/ForestDiffusion/tests/saved_models/5_campaign.npz/TCCM_nt20/2697d613ca46fdbf79cf3c35eec9890e.joblib
[*] Loading cached tccm model from /pfs/work9/workspace/scratch/ma_pkonz-thesis/ForestDiffusion/tests/saved_models/5_campaign.npz/TCCM_nt20/a2f989f0aabebec202b48c9d89c4ed6a.joblib
[*] Loading cached tccm model from /pfs/work9/workspace/scratch/ma_pkonz-thesis/ForestDiffusion/tests/saved_models/5_campaign.npz/TCCM_nt20/1fe9f938809d23dfc0a5b4f4bf9aa967.joblib
[*] Loading cached tccm model from /pfs/work9/workspace/scratch/ma_pkonz-thesis/ForestDiffusion/tests/saved_models/5_campaign.npz/TCCM_nt20/5f04a90b689b219f8007ab77e233291e.joblib
[*] Loading cached tccm model from /pfs/work9/workspace/scratch/ma_pkonz-thesis/ForestDiffusion/tests/saved_models/5_campaign.npz/TCCM_nt20/1c23f6cf79c075256c6d9b6f339bd9a3.joblib
[*] Loading cached tccm model from /pfs/work9/workspace/scratch/ma_pkonz-thesis/ForestDiffusion/tests/saved_models/5_campaign.npz/TCCM_nt20/2d48ca275496463ea1f3db534b53b9d0.joblib
[*] Loading cached tccm model from /pfs/work9/workspace/scratch/ma_pkonz-thesis/ForestDiffusion/tests/saved_models/5_campaign.npz/TCCM_nt20/45b848c26d9617bc821184e7b25e1a78.joblib
[*] Loading cached tccm model from /pfs/work9/workspace/scratch/ma_pkonz-thesis/ForestDiffusion/tests/saved_models/5_campaign.npz/TCCM_nt20/70bd1bc5a9b69fe6dcc6b0dce2d674bb.joblib
[*] Loading cached tccm model from /pfs/work9/workspace/scratch/ma_pkonz-thesis/ForestDiffusion/tests/saved_models/5_campaign.npz/TCCM_nt20/ec7d33c18615b3174a5ee66e796248e9.joblib
[*] Loading cached tccm model from /pfs/work9/workspace/scratch/ma_pkonz-thesis/ForestDiffusion/tests/saved_models/5_campaign.npz/TCCM_nt20/f46a63030a7d89f8e6e75b96fd72855e.joblib
[*] Loading cached tccm model from /pfs/work9/workspace/scratch/ma_pkonz-thesis/ForestDiffusion/tests/saved_models/5_campaign.npz/TCCM_nt20/fb775654a1ac13513b0a3c30e1a423d6.joblib
[*] Loading cached tccm model from /pfs/work9/workspace/scratch/ma_pkonz-thesis/ForestDiffusion/tests/saved_models/5_campaign.npz/TCCM_nt20/1b2b8a05003c8eaaf7e47a11958b5d1e.joblib
[*] Loading cached tccm model from /pfs/work9/workspace/scratch/ma_pkonz-thesis/ForestDiffusion/tests/saved_models/5_campaign.npz/TCCM_nt20/0d52d043592ad54733293e87fe3bebf7.joblib
[*] Loading cached tccm model from /pfs/work9/workspace/scratch/ma_pkonz-thesis/ForestDiffusion/tests/saved_models/5_campaign.npz/TCCM_nt20/0cc0fe8252ae78ecf6dc5c657e736dc5.joblib
[*] Loading cached tccm model from /pfs/work9/workspace/scratch/ma_pkonz-thesis/ForestDiffusion/tests/saved_models/5_campaign.npz/TCCM_nt20/e284e6db664bde5f390e3f6e59e8a333.joblib
[*] Loading cached tccm model from /pfs/work9/workspace/scratch/ma_pkonz-thesis/ForestDiffusion/tests/saved_models/5_campaign.npz/TCCM_nt20/50b26748ecab903c8687c9b3c50ddcb0.joblib
[*] Loading cached tccm model from /pfs/work9/workspace/scratch/ma_pkonz-thesis/ForestDiffusion/tests/saved_models/5_campaign.npz/TCCM_nt20/93d1af79a64ae1d2f441f7d73535caac.joblib
[*] Loading cached tccm model from /pfs/work9/workspace/scratch/ma_pkonz-thesis/ForestDiffusion/tests/saved_models/5_campaign.npz/TCCM_nt20/3d5ec995ac8ff8431c3b617719f9a837.joblib
[*] Loading cached tccm model from /pfs/work9/workspace/scratch/ma_pkonz-thesis/ForestDiffusion/tests/saved_models/5_campaign.npz/TCCM_nt20/a3064be01cf25a36602274bb276abf0a.joblib
[*] Loading cached tccm model from /pfs/work9/workspace/scratch/ma_pkonz-thesis/ForestDiffusion/tests/saved_models/5_campaign.npz/TCCM_nt20/a65d40315d4933b6d243847f2ea6aab5.joblib
[*] Loading cached tccm model from /pfs/work9/workspace/scratch/ma_pkonz-thesis/ForestDiffusion/tests/saved_models/5_campaign.npz/TCCM_nt20/2c7e5f653fbf337ab4b2c9381938172b.joblib
[*] Loading cached tccm model from /pfs/work9/workspace/scratch/ma_pkonz-thesis/ForestDiffusion/tests/saved_models/5_campaign.npz/TCCM_nt20/2112629753f53ec7604d4b2c284ecf81.joblib
[*] Loading cached tccm model from /pfs/work9/workspace/scratch/ma_pkonz-thesis/ForestDiffusion/tests/saved_models/5_campaign.npz/TCCM_nt20/69559f228e0683dabbdb8b120d002190.joblib
[*] Loading cached tccm model from /pfs/work9/workspace/scratch/ma_pkonz-thesis/ForestDiffusion/tests/saved_models/5_campaign.npz/TCCM_nt20/ab719f7b40b957a9c027245ce087cd31.joblib
[*] Loading cached tccm model from /pfs/work9/workspace/scratch/ma_pkonz-thesis/ForestDiffusion/tests/saved_models/5_campaign.npz/TCCM_nt20/008c22e82f9214d2d246c0441e8b16fc.joblib
[*] Loading cached tccm model from /pfs/work9/workspace/scratch/ma_pkonz-thesis/ForestDiffusion/tests/saved_models/5_campaign.npz/TCCM_nt20/55c2513ad9e3edee471cf8e11c8ccc70.joblib
[*] Loading cached tccm model from /pfs/work9/workspace/scratch/ma_pkonz-thesis/ForestDiffusion/tests/saved_models/5_campaign.npz/TCCM_nt20/1ef51373c7186549faa4a0d11a671bc8.joblib
[*] Loading cached tccm model from /pfs/work9/workspace/scratch/ma_pkonz-thesis/ForestDiffusion/tests/saved_models/5_campaign.npz/TCCM_nt20/55d33219a6816ba5e4c94ac4c4ba64db.joblib
[*] Loading cached tccm model from /pfs/work9/workspace/scratch/ma_pkonz-thesis/ForestDiffusion/tests/saved_models/5_campaign.npz/TCCM_nt20/441926b885b4bcd3801aebb15ec4900a.joblib
[*] Loading cached tccm model from /pfs/work9/workspace/scratch/ma_pkonz-thesis/ForestDiffusion/tests/saved_models/5_campaign.npz/TCCM_nt20/72359e008f3bccf7acfe53841d100689.joblib
[*] Loading cached tccm model from /pfs/work9/workspace/scratch/ma_pkonz-thesis/ForestDiffusion/tests/saved_models/5_campaign.npz/TCCM_nt20/a659ae287d5782547d068f38a34b1b25.joblib
[*] Loading cached tccm model from /pfs/work9/workspace/scratch/ma_pkonz-thesis/ForestDiffusion/tests/saved_models/5_campaign.npz/TCCM_nt20/25b61cf5ad29e195db449bede2864a28.joblib
[*] Loading cached tccm model from /pfs/work9/workspace/scratch/ma_pkonz-thesis/ForestDiffusion/tests/saved_models/5_campaign.npz/TCCM_nt20/062bf33349b5a13312e4797b76a3d40f.joblib
[*] Loading cached tccm model from /pfs/work9/workspace/scratch/ma_pkonz-thesis/ForestDiffusion/tests/saved_models/5_campaign.npz/TCCM_nt20/a84d8c24d8ff636e2d04946b22d6c23b.joblib
[*] Loading cached tccm model from /pfs/work9/workspace/scratch/ma_pkonz-thesis/ForestDiffusion/tests/saved_models/5_campaign.npz/TCCM_nt20/e5198eee9cc6026dd528df5fc3d707ae.joblib
[*] Loading cached tccm model from /pfs/work9/workspace/scratch/ma_pkonz-thesis/ForestDiffusion/tests/saved_models/5_campaign.npz/TCCM_nt20/f9a8f0609658d4b40ba28c9c1337379d.joblib
[*] Loading cached tccm model from /pfs/work9/workspace/scratch/ma_pkonz-thesis/ForestDiffusion/tests/saved_models/5_campaign.npz/TCCM_nt20/3486a07bcd72960f2aa70f88cbf6e6f9.joblib
[*] Loading cached tccm model from /pfs/work9/workspace/scratch/ma_pkonz-thesis/ForestDiffusion/tests/saved_models/5_campaign.npz/TCCM_nt20/ba41548f705f7a37dfbbd26986fb231a.joblib
[*] Loading cached tccm model from /pfs/work9/workspace/scratch/ma_pkonz-thesis/ForestDiffusion/tests/saved_models/5_campaign.npz/TCCM_nt20/aa71bfa3b037d02e175bd5f4da021378.joblib
[*] Loading cached tccm model from /pfs/work9/workspace/scratch/ma_pkonz-thesis/ForestDiffusion/tests/saved_models/5_campaign.npz/TCCM_nt20/9259c068da1918ae787c45e709adc9de.joblib
[*] Loading cached tccm model from /pfs/work9/workspace/scratch/ma_pkonz-thesis/ForestDiffusion/tests/saved_models/5_campaign.npz/TCCM_nt20/2f29f2a7630c00787a86aef3fb7c33b3.joblib

 Dataset: 5_campaign.npz with model: TCCM_nt20 and score: reconstruction
 
Dataset loaded successfully!
Training data: (18274, 62), Normal: 18274
Test data: (22914, 62), Normal: 18274, Anomalies: 4640
[*] Loading cached tccm model from /pfs/work9/workspace/scratch/ma_pkonz-thesis/ForestDiffusion/tests/saved_models/5_campaign.npz/TCCM_nt20/3cfd12d9d2252042c32dcbf68608702d.joblib
[*] Loading cached tccm model from /pfs/work9/workspace/scratch/ma_pkonz-thesis/ForestDiffusion/tests/saved_models/5_campaign.npz/TCCM_nt20/ed4cbed22c88ca95f25747be5028117d.joblib
[*] Loading cached tccm model from /pfs/work9/workspace/scratch/ma_pkonz-thesis/ForestDiffusion/tests/saved_models/5_campaign.npz/TCCM_nt20/d8cadcd6a6ae517572c5b947550e1d86.joblib
[*] Loading cached tccm model from /pfs/work9/workspace/scratch/ma_pkonz-thesis/ForestDiffusion/tests/saved_models/5_campaign.npz/TCCM_nt20/7d271babaefc1e74830b743d3101d02e.joblib
[*] Loading cached tccm model from /pfs/work9/workspace/scratch/ma_pkonz-thesis/ForestDiffusion/tests/saved_models/5_campaign.npz/TCCM_nt20/040bf45b1745d810e6adde26d0191ff0.joblib
[*] Loading cached tccm model from /pfs/work9/workspace/scratch/ma_pkonz-thesis/ForestDiffusion/tests/saved_models/5_campaign.npz/TCCM_nt20/8c2935cf437b297a1b28dc064a3e07ce.joblib
[*] Loading cached tccm model from /pfs/work9/workspace/scratch/ma_pkonz-thesis/ForestDiffusion/tests/saved_models/5_campaign.npz/TCCM_nt20/7900ad351d5f825c2f211e9472e01ea1.joblib
[*] Loading cached tccm model from /pfs/work9/workspace/scratch/ma_pkonz-thesis/ForestDiffusion/tests/saved_models/5_campaign.npz/TCCM_nt20/76553c80f81e48ce973cf98b2bf2f87c.joblib
[*] Loading cached tccm model from /pfs/work9/workspace/scratch/ma_pkonz-thesis/ForestDiffusion/tests/saved_models/5_campaign.npz/TCCM_nt20/312ea937143beb263203bbba8fa8493f.joblib
[*] Loading cached tccm model from /pfs/work9/workspace/scratch/ma_pkonz-thesis/ForestDiffusion/tests/saved_models/5_campaign.npz/TCCM_nt20/2697d613ca46fdbf79cf3c35eec9890e.joblib
[*] Loading cached tccm model from /pfs/work9/workspace/scratch/ma_pkonz-thesis/ForestDiffusion/tests/saved_models/5_campaign.npz/TCCM_nt20/a2f989f0aabebec202b48c9d89c4ed6a.joblib
[*] Loading cached tccm model from /pfs/work9/workspace/scratch/ma_pkonz-thesis/ForestDiffusion/tests/saved_models/5_campaign.npz/TCCM_nt20/1fe9f938809d23dfc0a5b4f4bf9aa967.joblib
[*] Loading cached tccm model from /pfs/work9/workspace/scratch/ma_pkonz-thesis/ForestDiffusion/tests/saved_models/5_campaign.npz/TCCM_nt20/5f04a90b689b219f8007ab77e233291e.joblib
[*] Loading cached tccm model from /pfs/work9/workspace/scratch/ma_pkonz-thesis/ForestDiffusion/tests/saved_models/5_campaign.npz/TCCM_nt20/1c23f6cf79c075256c6d9b6f339bd9a3.joblib
[*] Loading cached tccm model from /pfs/work9/workspace/scratch/ma_pkonz-thesis/ForestDiffusion/tests/saved_models/5_campaign.npz/TCCM_nt20/2d48ca275496463ea1f3db534b53b9d0.joblib
[*] Loading cached tccm model from /pfs/work9/workspace/scratch/ma_pkonz-thesis/ForestDiffusion/tests/saved_models/5_campaign.npz/TCCM_nt20/45b848c26d9617bc821184e7b25e1a78.joblib
[*] Loading cached tccm model from /pfs/work9/workspace/scratch/ma_pkonz-thesis/ForestDiffusion/tests/saved_models/5_campaign.npz/TCCM_nt20/70bd1bc5a9b69fe6dcc6b0dce2d674bb.joblib
[*] Loading cached tccm model from /pfs/work9/workspace/scratch/ma_pkonz-thesis/ForestDiffusion/tests/saved_models/5_campaign.npz/TCCM_nt20/ec7d33c18615b3174a5ee66e796248e9.joblib
[*] Loading cached tccm model from /pfs/work9/workspace/scratch/ma_pkonz-thesis/ForestDiffusion/tests/saved_models/5_campaign.npz/TCCM_nt20/f46a63030a7d89f8e6e75b96fd72855e.joblib
[*] Loading cached tccm model from /pfs/work9/workspace/scratch/ma_pkonz-thesis/ForestDiffusion/tests/saved_models/5_campaign.npz/TCCM_nt20/fb775654a1ac13513b0a3c30e1a423d6.joblib
[*] Loading cached tccm model from /pfs/work9/workspace/scratch/ma_pkonz-thesis/ForestDiffusion/tests/saved_models/5_campaign.npz/TCCM_nt20/1b2b8a05003c8eaaf7e47a11958b5d1e.joblib
[*] Loading cached tccm model from /pfs/work9/workspace/scratch/ma_pkonz-thesis/ForestDiffusion/tests/saved_models/5_campaign.npz/TCCM_nt20/0d52d043592ad54733293e87fe3bebf7.joblib
[*] Loading cached tccm model from /pfs/work9/workspace/scratch/ma_pkonz-thesis/ForestDiffusion/tests/saved_models/5_campaign.npz/TCCM_nt20/0cc0fe8252ae78ecf6dc5c657e736dc5.joblib
[*] Loading cached tccm model from /pfs/work9/workspace/scratch/ma_pkonz-thesis/ForestDiffusion/tests/saved_models/5_campaign.npz/TCCM_nt20/e284e6db664bde5f390e3f6e59e8a333.joblib
[*] Loading cached tccm model from /pfs/work9/workspace/scratch/ma_pkonz-thesis/ForestDiffusion/tests/saved_models/5_campaign.npz/TCCM_nt20/50b26748ecab903c8687c9b3c50ddcb0.joblib
[*] Loading cached tccm model from /pfs/work9/workspace/scratch/ma_pkonz-thesis/ForestDiffusion/tests/saved_models/5_campaign.npz/TCCM_nt20/93d1af79a64ae1d2f441f7d73535caac.joblib
[*] Loading cached tccm model from /pfs/work9/workspace/scratch/ma_pkonz-thesis/ForestDiffusion/tests/saved_models/5_campaign.npz/TCCM_nt20/3d5ec995ac8ff8431c3b617719f9a837.joblib
[*] Loading cached tccm model from /pfs/work9/workspace/scratch/ma_pkonz-thesis/ForestDiffusion/tests/saved_models/5_campaign.npz/TCCM_nt20/a3064be01cf25a36602274bb276abf0a.joblib
[*] Loading cached tccm model from /pfs/work9/workspace/scratch/ma_pkonz-thesis/ForestDiffusion/tests/saved_models/5_campaign.npz/TCCM_nt20/a65d40315d4933b6d243847f2ea6aab5.joblib
[*] Loading cached tccm model from /pfs/work9/workspace/scratch/ma_pkonz-thesis/ForestDiffusion/tests/saved_models/5_campaign.npz/TCCM_nt20/2c7e5f653fbf337ab4b2c9381938172b.joblib
[*] Loading cached tccm model from /pfs/work9/workspace/scratch/ma_pkonz-thesis/ForestDiffusion/tests/saved_models/5_campaign.npz/TCCM_nt20/2112629753f53ec7604d4b2c284ecf81.joblib
[*] Loading cached tccm model from /pfs/work9/workspace/scratch/ma_pkonz-thesis/ForestDiffusion/tests/saved_models/5_campaign.npz/TCCM_nt20/69559f228e0683dabbdb8b120d002190.joblib
[*] Loading cached tccm model from /pfs/work9/workspace/scratch/ma_pkonz-thesis/ForestDiffusion/tests/saved_models/5_campaign.npz/TCCM_nt20/ab719f7b40b957a9c027245ce087cd31.joblib
[*] Loading cached tccm model from /pfs/work9/workspace/scratch/ma_pkonz-thesis/ForestDiffusion/tests/saved_models/5_campaign.npz/TCCM_nt20/008c22e82f9214d2d246c0441e8b16fc.joblib
[*] Loading cached tccm model from /pfs/work9/workspace/scratch/ma_pkonz-thesis/ForestDiffusion/tests/saved_models/5_campaign.npz/TCCM_nt20/55c2513ad9e3edee471cf8e11c8ccc70.joblib
[*] Loading cached tccm model from /pfs/work9/workspace/scratch/ma_pkonz-thesis/ForestDiffusion/tests/saved_models/5_campaign.npz/TCCM_nt20/1ef51373c7186549faa4a0d11a671bc8.joblib
[*] Loading cached tccm model from /pfs/work9/workspace/scratch/ma_pkonz-thesis/ForestDiffusion/tests/saved_models/5_campaign.npz/TCCM_nt20/55d33219a6816ba5e4c94ac4c4ba64db.joblib
[*] Loading cached tccm model from /pfs/work9/workspace/scratch/ma_pkonz-thesis/ForestDiffusion/tests/saved_models/5_campaign.npz/TCCM_nt20/441926b885b4bcd3801aebb15ec4900a.joblib
[*] Loading cached tccm model from /pfs/work9/workspace/scratch/ma_pkonz-thesis/ForestDiffusion/tests/saved_models/5_campaign.npz/TCCM_nt20/72359e008f3bccf7acfe53841d100689.joblib
[*] Loading cached tccm model from /pfs/work9/workspace/scratch/ma_pkonz-thesis/ForestDiffusion/tests/saved_models/5_campaign.npz/TCCM_nt20/a659ae287d5782547d068f38a34b1b25.joblib
[*] Loading cached tccm model from /pfs/work9/workspace/scratch/ma_pkonz-thesis/ForestDiffusion/tests/saved_models/5_campaign.npz/TCCM_nt20/25b61cf5ad29e195db449bede2864a28.joblib
[*] Loading cached tccm model from /pfs/work9/workspace/scratch/ma_pkonz-thesis/ForestDiffusion/tests/saved_models/5_campaign.npz/TCCM_nt20/062bf33349b5a13312e4797b76a3d40f.joblib
[*] Loading cached tccm model from /pfs/work9/workspace/scratch/ma_pkonz-thesis/ForestDiffusion/tests/saved_models/5_campaign.npz/TCCM_nt20/a84d8c24d8ff636e2d04946b22d6c23b.joblib
[*] Loading cached tccm model from /pfs/work9/workspace/scratch/ma_pkonz-thesis/ForestDiffusion/tests/saved_models/5_campaign.npz/TCCM_nt20/e5198eee9cc6026dd528df5fc3d707ae.joblib
[*] Loading cached tccm model from /pfs/work9/workspace/scratch/ma_pkonz-thesis/ForestDiffusion/tests/saved_models/5_campaign.npz/TCCM_nt20/f9a8f0609658d4b40ba28c9c1337379d.joblib
[*] Loading cached tccm model from /pfs/work9/workspace/scratch/ma_pkonz-thesis/ForestDiffusion/tests/saved_models/5_campaign.npz/TCCM_nt20/3486a07bcd72960f2aa70f88cbf6e6f9.joblib
[*] Loading cached tccm model from /pfs/work9/workspace/scratch/ma_pkonz-thesis/ForestDiffusion/tests/saved_models/5_campaign.npz/TCCM_nt20/ba41548f705f7a37dfbbd26986fb231a.joblib
[*] Loading cached tccm model from /pfs/work9/workspace/scratch/ma_pkonz-thesis/ForestDiffusion/tests/saved_models/5_campaign.npz/TCCM_nt20/aa71bfa3b037d02e175bd5f4da021378.joblib
[*] Loading cached tccm model from /pfs/work9/workspace/scratch/ma_pkonz-thesis/ForestDiffusion/tests/saved_models/5_campaign.npz/TCCM_nt20/9259c068da1918ae787c45e709adc9de.joblib
[*] Loading cached tccm model from /pfs/work9/workspace/scratch/ma_pkonz-thesis/ForestDiffusion/tests/saved_models/5_campaign.npz/TCCM_nt20/2f29f2a7630c00787a86aef3fb7c33b3.joblib

 Dataset: 5_campaign.npz with model: TCCM_nt20 and score: decision
 
Dataset loaded successfully!
Training data: (18274, 62), Normal: 18274
Test data: (22914, 62), Normal: 18274, Anomalies: 4640
[*] Loading cached tccm model from /pfs/work9/workspace/scratch/ma_pkonz-thesis/ForestDiffusion/tests/saved_models/5_campaign.npz/TCCM_nt20/3cfd12d9d2252042c32dcbf68608702d.joblib
[*] Loading cached tccm model from /pfs/work9/workspace/scratch/ma_pkonz-thesis/ForestDiffusion/tests/saved_models/5_campaign.npz/TCCM_nt20/ed4cbed22c88ca95f25747be5028117d.joblib
[*] Loading cached tccm model from /pfs/work9/workspace/scratch/ma_pkonz-thesis/ForestDiffusion/tests/saved_models/5_campaign.npz/TCCM_nt20/d8cadcd6a6ae517572c5b947550e1d86.joblib
[*] Loading cached tccm model from /pfs/work9/workspace/scratch/ma_pkonz-thesis/ForestDiffusion/tests/saved_models/5_campaign.npz/TCCM_nt20/7d271babaefc1e74830b743d3101d02e.joblib
[*] Loading cached tccm model from /pfs/work9/workspace/scratch/ma_pkonz-thesis/ForestDiffusion/tests/saved_models/5_campaign.npz/TCCM_nt20/040bf45b1745d810e6adde26d0191ff0.joblib
[*] Loading cached tccm model from /pfs/work9/workspace/scratch/ma_pkonz-thesis/ForestDiffusion/tests/saved_models/5_campaign.npz/TCCM_nt20/8c2935cf437b297a1b28dc064a3e07ce.joblib
[*] Loading cached tccm model from /pfs/work9/workspace/scratch/ma_pkonz-thesis/ForestDiffusion/tests/saved_models/5_campaign.npz/TCCM_nt20/7900ad351d5f825c2f211e9472e01ea1.joblib
[*] Loading cached tccm model from /pfs/work9/workspace/scratch/ma_pkonz-thesis/ForestDiffusion/tests/saved_models/5_campaign.npz/TCCM_nt20/76553c80f81e48ce973cf98b2bf2f87c.joblib
[*] Loading cached tccm model from /pfs/work9/workspace/scratch/ma_pkonz-thesis/ForestDiffusion/tests/saved_models/5_campaign.npz/TCCM_nt20/312ea937143beb263203bbba8fa8493f.joblib
[*] Loading cached tccm model from /pfs/work9/workspace/scratch/ma_pkonz-thesis/ForestDiffusion/tests/saved_models/5_campaign.npz/TCCM_nt20/2697d613ca46fdbf79cf3c35eec9890e.joblib
[*] Loading cached tccm model from /pfs/work9/workspace/scratch/ma_pkonz-thesis/ForestDiffusion/tests/saved_models/5_campaign.npz/TCCM_nt20/a2f989f0aabebec202b48c9d89c4ed6a.joblib
[*] Loading cached tccm model from /pfs/work9/workspace/scratch/ma_pkonz-thesis/ForestDiffusion/tests/saved_models/5_campaign.npz/TCCM_nt20/1fe9f938809d23dfc0a5b4f4bf9aa967.joblib
[*] Loading cached tccm model from /pfs/work9/workspace/scratch/ma_pkonz-thesis/ForestDiffusion/tests/saved_models/5_campaign.npz/TCCM_nt20/5f04a90b689b219f8007ab77e233291e.joblib
[*] Loading cached tccm model from /pfs/work9/workspace/scratch/ma_pkonz-thesis/ForestDiffusion/tests/saved_models/5_campaign.npz/TCCM_nt20/1c23f6cf79c075256c6d9b6f339bd9a3.joblib
[*] Loading cached tccm model from /pfs/work9/workspace/scratch/ma_pkonz-thesis/ForestDiffusion/tests/saved_models/5_campaign.npz/TCCM_nt20/2d48ca275496463ea1f3db534b53b9d0.joblib
[*] Loading cached tccm model from /pfs/work9/workspace/scratch/ma_pkonz-thesis/ForestDiffusion/tests/saved_models/5_campaign.npz/TCCM_nt20/45b848c26d9617bc821184e7b25e1a78.joblib
[*] Loading cached tccm model from /pfs/work9/workspace/scratch/ma_pkonz-thesis/ForestDiffusion/tests/saved_models/5_campaign.npz/TCCM_nt20/70bd1bc5a9b69fe6dcc6b0dce2d674bb.joblib
[*] Loading cached tccm model from /pfs/work9/workspace/scratch/ma_pkonz-thesis/ForestDiffusion/tests/saved_models/5_campaign.npz/TCCM_nt20/ec7d33c18615b3174a5ee66e796248e9.joblib
[*] Loading cached tccm model from /pfs/work9/workspace/scratch/ma_pkonz-thesis/ForestDiffusion/tests/saved_models/5_campaign.npz/TCCM_nt20/f46a63030a7d89f8e6e75b96fd72855e.joblib
[*] Loading cached tccm model from /pfs/work9/workspace/scratch/ma_pkonz-thesis/ForestDiffusion/tests/saved_models/5_campaign.npz/TCCM_nt20/fb775654a1ac13513b0a3c30e1a423d6.joblib
[*] Loading cached tccm model from /pfs/work9/workspace/scratch/ma_pkonz-thesis/ForestDiffusion/tests/saved_models/5_campaign.npz/TCCM_nt20/1b2b8a05003c8eaaf7e47a11958b5d1e.joblib
[*] Loading cached tccm model from /pfs/work9/workspace/scratch/ma_pkonz-thesis/ForestDiffusion/tests/saved_models/5_campaign.npz/TCCM_nt20/0d52d043592ad54733293e87fe3bebf7.joblib
[*] Loading cached tccm model from /pfs/work9/workspace/scratch/ma_pkonz-thesis/ForestDiffusion/tests/saved_models/5_campaign.npz/TCCM_nt20/0cc0fe8252ae78ecf6dc5c657e736dc5.joblib
[*] Loading cached tccm model from /pfs/work9/workspace/scratch/ma_pkonz-thesis/ForestDiffusion/tests/saved_models/5_campaign.npz/TCCM_nt20/e284e6db664bde5f390e3f6e59e8a333.joblib
[*] Loading cached tccm model from /pfs/work9/workspace/scratch/ma_pkonz-thesis/ForestDiffusion/tests/saved_models/5_campaign.npz/TCCM_nt20/50b26748ecab903c8687c9b3c50ddcb0.joblib
[*] Loading cached tccm model from /pfs/work9/workspace/scratch/ma_pkonz-thesis/ForestDiffusion/tests/saved_models/5_campaign.npz/TCCM_nt20/93d1af79a64ae1d2f441f7d73535caac.joblib
[*] Loading cached tccm model from /pfs/work9/workspace/scratch/ma_pkonz-thesis/ForestDiffusion/tests/saved_models/5_campaign.npz/TCCM_nt20/3d5ec995ac8ff8431c3b617719f9a837.joblib
[*] Loading cached tccm model from /pfs/work9/workspace/scratch/ma_pkonz-thesis/ForestDiffusion/tests/saved_models/5_campaign.npz/TCCM_nt20/a3064be01cf25a36602274bb276abf0a.joblib
[*] Loading cached tccm model from /pfs/work9/workspace/scratch/ma_pkonz-thesis/ForestDiffusion/tests/saved_models/5_campaign.npz/TCCM_nt20/a65d40315d4933b6d243847f2ea6aab5.joblib
[*] Loading cached tccm model from /pfs/work9/workspace/scratch/ma_pkonz-thesis/ForestDiffusion/tests/saved_models/5_campaign.npz/TCCM_nt20/2c7e5f653fbf337ab4b2c9381938172b.joblib
[*] Loading cached tccm model from /pfs/work9/workspace/scratch/ma_pkonz-thesis/ForestDiffusion/tests/saved_models/5_campaign.npz/TCCM_nt20/2112629753f53ec7604d4b2c284ecf81.joblib
[*] Loading cached tccm model from /pfs/work9/workspace/scratch/ma_pkonz-thesis/ForestDiffusion/tests/saved_models/5_campaign.npz/TCCM_nt20/69559f228e0683dabbdb8b120d002190.joblib
[*] Loading cached tccm model from /pfs/work9/workspace/scratch/ma_pkonz-thesis/ForestDiffusion/tests/saved_models/5_campaign.npz/TCCM_nt20/ab719f7b40b957a9c027245ce087cd31.joblib
[*] Loading cached tccm model from /pfs/work9/workspace/scratch/ma_pkonz-thesis/ForestDiffusion/tests/saved_models/5_campaign.npz/TCCM_nt20/008c22e82f9214d2d246c0441e8b16fc.joblib
[*] Loading cached tccm model from /pfs/work9/workspace/scratch/ma_pkonz-thesis/ForestDiffusion/tests/saved_models/5_campaign.npz/TCCM_nt20/55c2513ad9e3edee471cf8e11c8ccc70.joblib
[*] Loading cached tccm model from /pfs/work9/workspace/scratch/ma_pkonz-thesis/ForestDiffusion/tests/saved_models/5_campaign.npz/TCCM_nt20/1ef51373c7186549faa4a0d11a671bc8.joblib
[*] Loading cached tccm model from /pfs/work9/workspace/scratch/ma_pkonz-thesis/ForestDiffusion/tests/saved_models/5_campaign.npz/TCCM_nt20/55d33219a6816ba5e4c94ac4c4ba64db.joblib
[*] Loading cached tccm model from /pfs/work9/workspace/scratch/ma_pkonz-thesis/ForestDiffusion/tests/saved_models/5_campaign.npz/TCCM_nt20/441926b885b4bcd3801aebb15ec4900a.joblib
[*] Loading cached tccm model from /pfs/work9/workspace/scratch/ma_pkonz-thesis/ForestDiffusion/tests/saved_models/5_campaign.npz/TCCM_nt20/72359e008f3bccf7acfe53841d100689.joblib
[*] Loading cached tccm model from /pfs/work9/workspace/scratch/ma_pkonz-thesis/ForestDiffusion/tests/saved_models/5_campaign.npz/TCCM_nt20/a659ae287d5782547d068f38a34b1b25.joblib
[*] Loading cached tccm model from /pfs/work9/workspace/scratch/ma_pkonz-thesis/ForestDiffusion/tests/saved_models/5_campaign.npz/TCCM_nt20/25b61cf5ad29e195db449bede2864a28.joblib
[*] Loading cached tccm model from /pfs/work9/workspace/scratch/ma_pkonz-thesis/ForestDiffusion/tests/saved_models/5_campaign.npz/TCCM_nt20/062bf33349b5a13312e4797b76a3d40f.joblib
[*] Loading cached tccm model from /pfs/work9/workspace/scratch/ma_pkonz-thesis/ForestDiffusion/tests/saved_models/5_campaign.npz/TCCM_nt20/a84d8c24d8ff636e2d04946b22d6c23b.joblib
[*] Loading cached tccm model from /pfs/work9/workspace/scratch/ma_pkonz-thesis/ForestDiffusion/tests/saved_models/5_campaign.npz/TCCM_nt20/e5198eee9cc6026dd528df5fc3d707ae.joblib
[*] Loading cached tccm model from /pfs/work9/workspace/scratch/ma_pkonz-thesis/ForestDiffusion/tests/saved_models/5_campaign.npz/TCCM_nt20/f9a8f0609658d4b40ba28c9c1337379d.joblib
[*] Loading cached tccm model from /pfs/work9/workspace/scratch/ma_pkonz-thesis/ForestDiffusion/tests/saved_models/5_campaign.npz/TCCM_nt20/3486a07bcd72960f2aa70f88cbf6e6f9.joblib
[*] Loading cached tccm model from /pfs/work9/workspace/scratch/ma_pkonz-thesis/ForestDiffusion/tests/saved_models/5_campaign.npz/TCCM_nt20/ba41548f705f7a37dfbbd26986fb231a.joblib
[*] Loading cached tccm model from /pfs/work9/workspace/scratch/ma_pkonz-thesis/ForestDiffusion/tests/saved_models/5_campaign.npz/TCCM_nt20/aa71bfa3b037d02e175bd5f4da021378.joblib
[*] Loading cached tccm model from /pfs/work9/workspace/scratch/ma_pkonz-thesis/ForestDiffusion/tests/saved_models/5_campaign.npz/TCCM_nt20/9259c068da1918ae787c45e709adc9de.joblib
[*] Loading cached tccm model from /pfs/work9/workspace/scratch/ma_pkonz-thesis/ForestDiffusion/tests/saved_models/5_campaign.npz/TCCM_nt20/2f29f2a7630c00787a86aef3fb7c33b3.joblib

 Dataset: 5_campaign.npz with model: TCCM_nt5 and score: deviation
 
Dataset loaded successfully!
Training data: (18274, 62), Normal: 18274
Test data: (22914, 62), Normal: 18274, Anomalies: 4640
[*] Loading cached tccm model from /pfs/work9/workspace/scratch/ma_pkonz-thesis/ForestDiffusion/tests/saved_models/5_campaign.npz/TCCM_nt5/a2a550b6d59984f1cde7263377787aae.joblib
[*] Loading cached tccm model from /pfs/work9/workspace/scratch/ma_pkonz-thesis/ForestDiffusion/tests/saved_models/5_campaign.npz/TCCM_nt5/fabcfc6371fcb1478d6ac1d38c55588c.joblib
[*] Loading cached tccm model from /pfs/work9/workspace/scratch/ma_pkonz-thesis/ForestDiffusion/tests/saved_models/5_campaign.npz/TCCM_nt5/40939b151cea6e61037741391b1efd66.joblib
[*] Loading cached tccm model from /pfs/work9/workspace/scratch/ma_pkonz-thesis/ForestDiffusion/tests/saved_models/5_campaign.npz/TCCM_nt5/1e1f37f10de44ec5c09cb69bf66f386e.joblib
[*] Loading cached tccm model from /pfs/work9/workspace/scratch/ma_pkonz-thesis/ForestDiffusion/tests/saved_models/5_campaign.npz/TCCM_nt5/22a3615477be66842f42e2c7fad211e6.joblib
[*] Loading cached tccm model from /pfs/work9/workspace/scratch/ma_pkonz-thesis/ForestDiffusion/tests/saved_models/5_campaign.npz/TCCM_nt5/9982520c8b214a63380c99b2c3e64ba2.joblib
[*] Loading cached tccm model from /pfs/work9/workspace/scratch/ma_pkonz-thesis/ForestDiffusion/tests/saved_models/5_campaign.npz/TCCM_nt5/81137171f48a5cddf9655d7470acb167.joblib
[*] Loading cached tccm model from /pfs/work9/workspace/scratch/ma_pkonz-thesis/ForestDiffusion/tests/saved_models/5_campaign.npz/TCCM_nt5/cd7a1047db2493fd9cbd4079e2e97ef4.joblib
[*] Loading cached tccm model from /pfs/work9/workspace/scratch/ma_pkonz-thesis/ForestDiffusion/tests/saved_models/5_campaign.npz/TCCM_nt5/e7971f735b2a75873c6b9de36145fa29.joblib
[*] Loading cached tccm model from /pfs/work9/workspace/scratch/ma_pkonz-thesis/ForestDiffusion/tests/saved_models/5_campaign.npz/TCCM_nt5/8b48a4461228f4e97217513cce5755e9.joblib
[*] Loading cached tccm model from /pfs/work9/workspace/scratch/ma_pkonz-thesis/ForestDiffusion/tests/saved_models/5_campaign.npz/TCCM_nt5/7a9db57003f5ef21b9fa17ad1d3532d9.joblib
[*] Loading cached tccm model from /pfs/work9/workspace/scratch/ma_pkonz-thesis/ForestDiffusion/tests/saved_models/5_campaign.npz/TCCM_nt5/0e5b797771fdcd234226d44190b778e2.joblib
[*] Loading cached tccm model from /pfs/work9/workspace/scratch/ma_pkonz-thesis/ForestDiffusion/tests/saved_models/5_campaign.npz/TCCM_nt5/3e12c85227c2d41e39940daa7cacb974.joblib
[*] Loading cached tccm model from /pfs/work9/workspace/scratch/ma_pkonz-thesis/ForestDiffusion/tests/saved_models/5_campaign.npz/TCCM_nt5/4ac1dceab3a4c2f6b97f2e2167e42647.joblib
[*] Loading cached tccm model from /pfs/work9/workspace/scratch/ma_pkonz-thesis/ForestDiffusion/tests/saved_models/5_campaign.npz/TCCM_nt5/87e9f8a59957ba4b1e7b0693d93fa90a.joblib
[*] Loading cached tccm model from /pfs/work9/workspace/scratch/ma_pkonz-thesis/ForestDiffusion/tests/saved_models/5_campaign.npz/TCCM_nt5/88a8af127fec1e90d7fd2e8bf043744a.joblib
[*] Loading cached tccm model from /pfs/work9/workspace/scratch/ma_pkonz-thesis/ForestDiffusion/tests/saved_models/5_campaign.npz/TCCM_nt5/9510c099477d47a88706e07dd0f6ee8a.joblib
[*] Loading cached tccm model from /pfs/work9/workspace/scratch/ma_pkonz-thesis/ForestDiffusion/tests/saved_models/5_campaign.npz/TCCM_nt5/dfad1ddad86c136822e8d8348173c7b6.joblib
[*] Loading cached tccm model from /pfs/work9/workspace/scratch/ma_pkonz-thesis/ForestDiffusion/tests/saved_models/5_campaign.npz/TCCM_nt5/b2a24a8c360d394dd255d8c6bdb3b445.joblib
[*] Loading cached tccm model from /pfs/work9/workspace/scratch/ma_pkonz-thesis/ForestDiffusion/tests/saved_models/5_campaign.npz/TCCM_nt5/05519347ef48effcb51c1291de5fd4a7.joblib
[*] Loading cached tccm model from /pfs/work9/workspace/scratch/ma_pkonz-thesis/ForestDiffusion/tests/saved_models/5_campaign.npz/TCCM_nt5/ea091c8f80ab30176ed731dda3e2aba1.joblib
[*] Loading cached tccm model from /pfs/work9/workspace/scratch/ma_pkonz-thesis/ForestDiffusion/tests/saved_models/5_campaign.npz/TCCM_nt5/adb76559ebdfa7b4f90c77116ef452bc.joblib
[*] Loading cached tccm model from /pfs/work9/workspace/scratch/ma_pkonz-thesis/ForestDiffusion/tests/saved_models/5_campaign.npz/TCCM_nt5/7a5d7b4f2e18cd9e6c2c72b6ce7edb3d.joblib
[*] Loading cached tccm model from /pfs/work9/workspace/scratch/ma_pkonz-thesis/ForestDiffusion/tests/saved_models/5_campaign.npz/TCCM_nt5/ba2be5e40de3fd8830a01d00f45fea38.joblib
[*] Loading cached tccm model from /pfs/work9/workspace/scratch/ma_pkonz-thesis/ForestDiffusion/tests/saved_models/5_campaign.npz/TCCM_nt5/8067a324d273332b741e6410cafeece5.joblib
[*] Loading cached tccm model from /pfs/work9/workspace/scratch/ma_pkonz-thesis/ForestDiffusion/tests/saved_models/5_campaign.npz/TCCM_nt5/c4e324a013a8e7a55c431534eebeeb76.joblib
[*] Loading cached tccm model from /pfs/work9/workspace/scratch/ma_pkonz-thesis/ForestDiffusion/tests/saved_models/5_campaign.npz/TCCM_nt5/b34695eb7444fe2d4f5d1899553248b8.joblib
[*] Loading cached tccm model from /pfs/work9/workspace/scratch/ma_pkonz-thesis/ForestDiffusion/tests/saved_models/5_campaign.npz/TCCM_nt5/50f8047b586f1f1b0f5bee33ae1fbc37.joblib
[*] Loading cached tccm model from /pfs/work9/workspace/scratch/ma_pkonz-thesis/ForestDiffusion/tests/saved_models/5_campaign.npz/TCCM_nt5/f057b362c0a69bf12cc0a2a31e1050b4.joblib
[*] Loading cached tccm model from /pfs/work9/workspace/scratch/ma_pkonz-thesis/ForestDiffusion/tests/saved_models/5_campaign.npz/TCCM_nt5/6adde8afe77e28024e74abbb6e337681.joblib
[*] Loading cached tccm model from /pfs/work9/workspace/scratch/ma_pkonz-thesis/ForestDiffusion/tests/saved_models/5_campaign.npz/TCCM_nt5/4c3b2cbeff22e966514716eed90ed938.joblib
[*] Loading cached tccm model from /pfs/work9/workspace/scratch/ma_pkonz-thesis/ForestDiffusion/tests/saved_models/5_campaign.npz/TCCM_nt5/1e102839152922e8603ad615c781d564.joblib
[*] Loading cached tccm model from /pfs/work9/workspace/scratch/ma_pkonz-thesis/ForestDiffusion/tests/saved_models/5_campaign.npz/TCCM_nt5/77a87d065f0febf701a13ec7fc295600.joblib
[*] Loading cached tccm model from /pfs/work9/workspace/scratch/ma_pkonz-thesis/ForestDiffusion/tests/saved_models/5_campaign.npz/TCCM_nt5/04bcdf1b7e35d71abf437a621e3d3154.joblib
[*] Loading cached tccm model from /pfs/work9/workspace/scratch/ma_pkonz-thesis/ForestDiffusion/tests/saved_models/5_campaign.npz/TCCM_nt5/1412c2bbc1fba56737b4ca8851d37a8b.joblib
[*] Loading cached tccm model from /pfs/work9/workspace/scratch/ma_pkonz-thesis/ForestDiffusion/tests/saved_models/5_campaign.npz/TCCM_nt5/9665084b60f629288e77c897deadd650.joblib
[*] Loading cached tccm model from /pfs/work9/workspace/scratch/ma_pkonz-thesis/ForestDiffusion/tests/saved_models/5_campaign.npz/TCCM_nt5/cd86c4b44b1d730f8c98b97daab477ac.joblib
[*] Loading cached tccm model from /pfs/work9/workspace/scratch/ma_pkonz-thesis/ForestDiffusion/tests/saved_models/5_campaign.npz/TCCM_nt5/9acd782dd300c6070d0d0b5c5a5725c3.joblib
[*] Loading cached tccm model from /pfs/work9/workspace/scratch/ma_pkonz-thesis/ForestDiffusion/tests/saved_models/5_campaign.npz/TCCM_nt5/1f9ee8d4a89c513411c0e09fc2fbf26c.joblib
[*] Loading cached tccm model from /pfs/work9/workspace/scratch/ma_pkonz-thesis/ForestDiffusion/tests/saved_models/5_campaign.npz/TCCM_nt5/071cfceed5b3426ec3f2fa18a649e125.joblib
[*] Loading cached tccm model from /pfs/work9/workspace/scratch/ma_pkonz-thesis/ForestDiffusion/tests/saved_models/5_campaign.npz/TCCM_nt5/9453eca239507ea1bd3042b663a11973.joblib
[*] Loading cached tccm model from /pfs/work9/workspace/scratch/ma_pkonz-thesis/ForestDiffusion/tests/saved_models/5_campaign.npz/TCCM_nt5/03560a1dda3ed177d08ad63aa669432c.joblib
[*] Loading cached tccm model from /pfs/work9/workspace/scratch/ma_pkonz-thesis/ForestDiffusion/tests/saved_models/5_campaign.npz/TCCM_nt5/751e768367c0bbe2e892596e69595113.joblib
[*] Loading cached tccm model from /pfs/work9/workspace/scratch/ma_pkonz-thesis/ForestDiffusion/tests/saved_models/5_campaign.npz/TCCM_nt5/26ae56430fd2b2661811c14d2222a604.joblib
[*] Loading cached tccm model from /pfs/work9/workspace/scratch/ma_pkonz-thesis/ForestDiffusion/tests/saved_models/5_campaign.npz/TCCM_nt5/52361b1648a7b331fec821aaf1284fff.joblib
[*] Loading cached tccm model from /pfs/work9/workspace/scratch/ma_pkonz-thesis/ForestDiffusion/tests/saved_models/5_campaign.npz/TCCM_nt5/3c69ee6459f53dfd4c556540d8ae599d.joblib
[*] Loading cached tccm model from /pfs/work9/workspace/scratch/ma_pkonz-thesis/ForestDiffusion/tests/saved_models/5_campaign.npz/TCCM_nt5/3e32286cec3ccd45bfdf803b6581a9dd.joblib
[*] Loading cached tccm model from /pfs/work9/workspace/scratch/ma_pkonz-thesis/ForestDiffusion/tests/saved_models/5_campaign.npz/TCCM_nt5/08fa83d1c94ab7eba65a3fe1b500ac59.joblib
[*] Loading cached tccm model from /pfs/work9/workspace/scratch/ma_pkonz-thesis/ForestDiffusion/tests/saved_models/5_campaign.npz/TCCM_nt5/0b181df469ca74bf4aaa2756cb63e4b3.joblib
[*] Loading cached tccm model from /pfs/work9/workspace/scratch/ma_pkonz-thesis/ForestDiffusion/tests/saved_models/5_campaign.npz/TCCM_nt5/8cae8381737f4d547cb06fdb18e4e9ac.joblib

 Dataset: 5_campaign.npz with model: TCCM_nt5 and score: reconstruction
 
Dataset loaded successfully!
Training data: (18274, 62), Normal: 18274
Test data: (22914, 62), Normal: 18274, Anomalies: 4640
[*] Loading cached tccm model from /pfs/work9/workspace/scratch/ma_pkonz-thesis/ForestDiffusion/tests/saved_models/5_campaign.npz/TCCM_nt5/a2a550b6d59984f1cde7263377787aae.joblib
[*] Loading cached tccm model from /pfs/work9/workspace/scratch/ma_pkonz-thesis/ForestDiffusion/tests/saved_models/5_campaign.npz/TCCM_nt5/fabcfc6371fcb1478d6ac1d38c55588c.joblib
[*] Loading cached tccm model from /pfs/work9/workspace/scratch/ma_pkonz-thesis/ForestDiffusion/tests/saved_models/5_campaign.npz/TCCM_nt5/40939b151cea6e61037741391b1efd66.joblib
[*] Loading cached tccm model from /pfs/work9/workspace/scratch/ma_pkonz-thesis/ForestDiffusion/tests/saved_models/5_campaign.npz/TCCM_nt5/1e1f37f10de44ec5c09cb69bf66f386e.joblib
[*] Loading cached tccm model from /pfs/work9/workspace/scratch/ma_pkonz-thesis/ForestDiffusion/tests/saved_models/5_campaign.npz/TCCM_nt5/22a3615477be66842f42e2c7fad211e6.joblib
[*] Loading cached tccm model from /pfs/work9/workspace/scratch/ma_pkonz-thesis/ForestDiffusion/tests/saved_models/5_campaign.npz/TCCM_nt5/9982520c8b214a63380c99b2c3e64ba2.joblib
[*] Loading cached tccm model from /pfs/work9/workspace/scratch/ma_pkonz-thesis/ForestDiffusion/tests/saved_models/5_campaign.npz/TCCM_nt5/81137171f48a5cddf9655d7470acb167.joblib
[*] Loading cached tccm model from /pfs/work9/workspace/scratch/ma_pkonz-thesis/ForestDiffusion/tests/saved_models/5_campaign.npz/TCCM_nt5/cd7a1047db2493fd9cbd4079e2e97ef4.joblib
[*] Loading cached tccm model from /pfs/work9/workspace/scratch/ma_pkonz-thesis/ForestDiffusion/tests/saved_models/5_campaign.npz/TCCM_nt5/e7971f735b2a75873c6b9de36145fa29.joblib
[*] Loading cached tccm model from /pfs/work9/workspace/scratch/ma_pkonz-thesis/ForestDiffusion/tests/saved_models/5_campaign.npz/TCCM_nt5/8b48a4461228f4e97217513cce5755e9.joblib
[*] Loading cached tccm model from /pfs/work9/workspace/scratch/ma_pkonz-thesis/ForestDiffusion/tests/saved_models/5_campaign.npz/TCCM_nt5/7a9db57003f5ef21b9fa17ad1d3532d9.joblib
[*] Loading cached tccm model from /pfs/work9/workspace/scratch/ma_pkonz-thesis/ForestDiffusion/tests/saved_models/5_campaign.npz/TCCM_nt5/0e5b797771fdcd234226d44190b778e2.joblib
[*] Loading cached tccm model from /pfs/work9/workspace/scratch/ma_pkonz-thesis/ForestDiffusion/tests/saved_models/5_campaign.npz/TCCM_nt5/3e12c85227c2d41e39940daa7cacb974.joblib
[*] Loading cached tccm model from /pfs/work9/workspace/scratch/ma_pkonz-thesis/ForestDiffusion/tests/saved_models/5_campaign.npz/TCCM_nt5/4ac1dceab3a4c2f6b97f2e2167e42647.joblib
[*] Loading cached tccm model from /pfs/work9/workspace/scratch/ma_pkonz-thesis/ForestDiffusion/tests/saved_models/5_campaign.npz/TCCM_nt5/87e9f8a59957ba4b1e7b0693d93fa90a.joblib
[*] Loading cached tccm model from /pfs/work9/workspace/scratch/ma_pkonz-thesis/ForestDiffusion/tests/saved_models/5_campaign.npz/TCCM_nt5/88a8af127fec1e90d7fd2e8bf043744a.joblib
[*] Loading cached tccm model from /pfs/work9/workspace/scratch/ma_pkonz-thesis/ForestDiffusion/tests/saved_models/5_campaign.npz/TCCM_nt5/9510c099477d47a88706e07dd0f6ee8a.joblib
[*] Loading cached tccm model from /pfs/work9/workspace/scratch/ma_pkonz-thesis/ForestDiffusion/tests/saved_models/5_campaign.npz/TCCM_nt5/dfad1ddad86c136822e8d8348173c7b6.joblib
[*] Loading cached tccm model from /pfs/work9/workspace/scratch/ma_pkonz-thesis/ForestDiffusion/tests/saved_models/5_campaign.npz/TCCM_nt5/b2a24a8c360d394dd255d8c6bdb3b445.joblib
[*] Loading cached tccm model from /pfs/work9/workspace/scratch/ma_pkonz-thesis/ForestDiffusion/tests/saved_models/5_campaign.npz/TCCM_nt5/05519347ef48effcb51c1291de5fd4a7.joblib
[*] Loading cached tccm model from /pfs/work9/workspace/scratch/ma_pkonz-thesis/ForestDiffusion/tests/saved_models/5_campaign.npz/TCCM_nt5/ea091c8f80ab30176ed731dda3e2aba1.joblib
[*] Loading cached tccm model from /pfs/work9/workspace/scratch/ma_pkonz-thesis/ForestDiffusion/tests/saved_models/5_campaign.npz/TCCM_nt5/adb76559ebdfa7b4f90c77116ef452bc.joblib
[*] Loading cached tccm model from /pfs/work9/workspace/scratch/ma_pkonz-thesis/ForestDiffusion/tests/saved_models/5_campaign.npz/TCCM_nt5/7a5d7b4f2e18cd9e6c2c72b6ce7edb3d.joblib
[*] Loading cached tccm model from /pfs/work9/workspace/scratch/ma_pkonz-thesis/ForestDiffusion/tests/saved_models/5_campaign.npz/TCCM_nt5/ba2be5e40de3fd8830a01d00f45fea38.joblib
[*] Loading cached tccm model from /pfs/work9/workspace/scratch/ma_pkonz-thesis/ForestDiffusion/tests/saved_models/5_campaign.npz/TCCM_nt5/8067a324d273332b741e6410cafeece5.joblib
[*] Loading cached tccm model from /pfs/work9/workspace/scratch/ma_pkonz-thesis/ForestDiffusion/tests/saved_models/5_campaign.npz/TCCM_nt5/c4e324a013a8e7a55c431534eebeeb76.joblib
[*] Loading cached tccm model from /pfs/work9/workspace/scratch/ma_pkonz-thesis/ForestDiffusion/tests/saved_models/5_campaign.npz/TCCM_nt5/b34695eb7444fe2d4f5d1899553248b8.joblib
[*] Loading cached tccm model from /pfs/work9/workspace/scratch/ma_pkonz-thesis/ForestDiffusion/tests/saved_models/5_campaign.npz/TCCM_nt5/50f8047b586f1f1b0f5bee33ae1fbc37.joblib
[*] Loading cached tccm model from /pfs/work9/workspace/scratch/ma_pkonz-thesis/ForestDiffusion/tests/saved_models/5_campaign.npz/TCCM_nt5/f057b362c0a69bf12cc0a2a31e1050b4.joblib
[*] Loading cached tccm model from /pfs/work9/workspace/scratch/ma_pkonz-thesis/ForestDiffusion/tests/saved_models/5_campaign.npz/TCCM_nt5/6adde8afe77e28024e74abbb6e337681.joblib
[*] Loading cached tccm model from /pfs/work9/workspace/scratch/ma_pkonz-thesis/ForestDiffusion/tests/saved_models/5_campaign.npz/TCCM_nt5/4c3b2cbeff22e966514716eed90ed938.joblib
[*] Loading cached tccm model from /pfs/work9/workspace/scratch/ma_pkonz-thesis/ForestDiffusion/tests/saved_models/5_campaign.npz/TCCM_nt5/1e102839152922e8603ad615c781d564.joblib
[*] Loading cached tccm model from /pfs/work9/workspace/scratch/ma_pkonz-thesis/ForestDiffusion/tests/saved_models/5_campaign.npz/TCCM_nt5/77a87d065f0febf701a13ec7fc295600.joblib
[*] Loading cached tccm model from /pfs/work9/workspace/scratch/ma_pkonz-thesis/ForestDiffusion/tests/saved_models/5_campaign.npz/TCCM_nt5/04bcdf1b7e35d71abf437a621e3d3154.joblib
[*] Loading cached tccm model from /pfs/work9/workspace/scratch/ma_pkonz-thesis/ForestDiffusion/tests/saved_models/5_campaign.npz/TCCM_nt5/1412c2bbc1fba56737b4ca8851d37a8b.joblib
[*] Loading cached tccm model from /pfs/work9/workspace/scratch/ma_pkonz-thesis/ForestDiffusion/tests/saved_models/5_campaign.npz/TCCM_nt5/9665084b60f629288e77c897deadd650.joblib
[*] Loading cached tccm model from /pfs/work9/workspace/scratch/ma_pkonz-thesis/ForestDiffusion/tests/saved_models/5_campaign.npz/TCCM_nt5/cd86c4b44b1d730f8c98b97daab477ac.joblib
[*] Loading cached tccm model from /pfs/work9/workspace/scratch/ma_pkonz-thesis/ForestDiffusion/tests/saved_models/5_campaign.npz/TCCM_nt5/9acd782dd300c6070d0d0b5c5a5725c3.joblib
[*] Loading cached tccm model from /pfs/work9/workspace/scratch/ma_pkonz-thesis/ForestDiffusion/tests/saved_models/5_campaign.npz/TCCM_nt5/1f9ee8d4a89c513411c0e09fc2fbf26c.joblib
[*] Loading cached tccm model from /pfs/work9/workspace/scratch/ma_pkonz-thesis/ForestDiffusion/tests/saved_models/5_campaign.npz/TCCM_nt5/071cfceed5b3426ec3f2fa18a649e125.joblib
[*] Loading cached tccm model from /pfs/work9/workspace/scratch/ma_pkonz-thesis/ForestDiffusion/tests/saved_models/5_campaign.npz/TCCM_nt5/9453eca239507ea1bd3042b663a11973.joblib
[*] Loading cached tccm model from /pfs/work9/workspace/scratch/ma_pkonz-thesis/ForestDiffusion/tests/saved_models/5_campaign.npz/TCCM_nt5/03560a1dda3ed177d08ad63aa669432c.joblib
[*] Loading cached tccm model from /pfs/work9/workspace/scratch/ma_pkonz-thesis/ForestDiffusion/tests/saved_models/5_campaign.npz/TCCM_nt5/751e768367c0bbe2e892596e69595113.joblib
[*] Loading cached tccm model from /pfs/work9/workspace/scratch/ma_pkonz-thesis/ForestDiffusion/tests/saved_models/5_campaign.npz/TCCM_nt5/26ae56430fd2b2661811c14d2222a604.joblib
[*] Loading cached tccm model from /pfs/work9/workspace/scratch/ma_pkonz-thesis/ForestDiffusion/tests/saved_models/5_campaign.npz/TCCM_nt5/52361b1648a7b331fec821aaf1284fff.joblib
[*] Loading cached tccm model from /pfs/work9/workspace/scratch/ma_pkonz-thesis/ForestDiffusion/tests/saved_models/5_campaign.npz/TCCM_nt5/3c69ee6459f53dfd4c556540d8ae599d.joblib
[*] Loading cached tccm model from /pfs/work9/workspace/scratch/ma_pkonz-thesis/ForestDiffusion/tests/saved_models/5_campaign.npz/TCCM_nt5/3e32286cec3ccd45bfdf803b6581a9dd.joblib
[*] Loading cached tccm model from /pfs/work9/workspace/scratch/ma_pkonz-thesis/ForestDiffusion/tests/saved_models/5_campaign.npz/TCCM_nt5/08fa83d1c94ab7eba65a3fe1b500ac59.joblib
[*] Loading cached tccm model from /pfs/work9/workspace/scratch/ma_pkonz-thesis/ForestDiffusion/tests/saved_models/5_campaign.npz/TCCM_nt5/0b181df469ca74bf4aaa2756cb63e4b3.joblib
[*] Loading cached tccm model from /pfs/work9/workspace/scratch/ma_pkonz-thesis/ForestDiffusion/tests/saved_models/5_campaign.npz/TCCM_nt5/8cae8381737f4d547cb06fdb18e4e9ac.joblib

 Dataset: 5_campaign.npz with model: TCCM_nt5 and score: decision
 
Dataset loaded successfully!
Training data: (18274, 62), Normal: 18274
Test data: (22914, 62), Normal: 18274, Anomalies: 4640
[*] Loading cached tccm model from /pfs/work9/workspace/scratch/ma_pkonz-thesis/ForestDiffusion/tests/saved_models/5_campaign.npz/TCCM_nt5/a2a550b6d59984f1cde7263377787aae.joblib
[*] Loading cached tccm model from /pfs/work9/workspace/scratch/ma_pkonz-thesis/ForestDiffusion/tests/saved_models/5_campaign.npz/TCCM_nt5/fabcfc6371fcb1478d6ac1d38c55588c.joblib
[*] Loading cached tccm model from /pfs/work9/workspace/scratch/ma_pkonz-thesis/ForestDiffusion/tests/saved_models/5_campaign.npz/TCCM_nt5/40939b151cea6e61037741391b1efd66.joblib
[*] Loading cached tccm model from /pfs/work9/workspace/scratch/ma_pkonz-thesis/ForestDiffusion/tests/saved_models/5_campaign.npz/TCCM_nt5/1e1f37f10de44ec5c09cb69bf66f386e.joblib
[*] Loading cached tccm model from /pfs/work9/workspace/scratch/ma_pkonz-thesis/ForestDiffusion/tests/saved_models/5_campaign.npz/TCCM_nt5/22a3615477be66842f42e2c7fad211e6.joblib
[*] Loading cached tccm model from /pfs/work9/workspace/scratch/ma_pkonz-thesis/ForestDiffusion/tests/saved_models/5_campaign.npz/TCCM_nt5/9982520c8b214a63380c99b2c3e64ba2.joblib
[*] Loading cached tccm model from /pfs/work9/workspace/scratch/ma_pkonz-thesis/ForestDiffusion/tests/saved_models/5_campaign.npz/TCCM_nt5/81137171f48a5cddf9655d7470acb167.joblib
[*] Loading cached tccm model from /pfs/work9/workspace/scratch/ma_pkonz-thesis/ForestDiffusion/tests/saved_models/5_campaign.npz/TCCM_nt5/cd7a1047db2493fd9cbd4079e2e97ef4.joblib
[*] Loading cached tccm model from /pfs/work9/workspace/scratch/ma_pkonz-thesis/ForestDiffusion/tests/saved_models/5_campaign.npz/TCCM_nt5/e7971f735b2a75873c6b9de36145fa29.joblib
[*] Loading cached tccm model from /pfs/work9/workspace/scratch/ma_pkonz-thesis/ForestDiffusion/tests/saved_models/5_campaign.npz/TCCM_nt5/8b48a4461228f4e97217513cce5755e9.joblib
[*] Loading cached tccm model from /pfs/work9/workspace/scratch/ma_pkonz-thesis/ForestDiffusion/tests/saved_models/5_campaign.npz/TCCM_nt5/7a9db57003f5ef21b9fa17ad1d3532d9.joblib
[*] Loading cached tccm model from /pfs/work9/workspace/scratch/ma_pkonz-thesis/ForestDiffusion/tests/saved_models/5_campaign.npz/TCCM_nt5/0e5b797771fdcd234226d44190b778e2.joblib
[*] Loading cached tccm model from /pfs/work9/workspace/scratch/ma_pkonz-thesis/ForestDiffusion/tests/saved_models/5_campaign.npz/TCCM_nt5/3e12c85227c2d41e39940daa7cacb974.joblib
[*] Loading cached tccm model from /pfs/work9/workspace/scratch/ma_pkonz-thesis/ForestDiffusion/tests/saved_models/5_campaign.npz/TCCM_nt5/4ac1dceab3a4c2f6b97f2e2167e42647.joblib
[*] Loading cached tccm model from /pfs/work9/workspace/scratch/ma_pkonz-thesis/ForestDiffusion/tests/saved_models/5_campaign.npz/TCCM_nt5/87e9f8a59957ba4b1e7b0693d93fa90a.joblib
[*] Loading cached tccm model from /pfs/work9/workspace/scratch/ma_pkonz-thesis/ForestDiffusion/tests/saved_models/5_campaign.npz/TCCM_nt5/88a8af127fec1e90d7fd2e8bf043744a.joblib
[*] Loading cached tccm model from /pfs/work9/workspace/scratch/ma_pkonz-thesis/ForestDiffusion/tests/saved_models/5_campaign.npz/TCCM_nt5/9510c099477d47a88706e07dd0f6ee8a.joblib
[*] Loading cached tccm model from /pfs/work9/workspace/scratch/ma_pkonz-thesis/ForestDiffusion/tests/saved_models/5_campaign.npz/TCCM_nt5/dfad1ddad86c136822e8d8348173c7b6.joblib
[*] Loading cached tccm model from /pfs/work9/workspace/scratch/ma_pkonz-thesis/ForestDiffusion/tests/saved_models/5_campaign.npz/TCCM_nt5/b2a24a8c360d394dd255d8c6bdb3b445.joblib
[*] Loading cached tccm model from /pfs/work9/workspace/scratch/ma_pkonz-thesis/ForestDiffusion/tests/saved_models/5_campaign.npz/TCCM_nt5/05519347ef48effcb51c1291de5fd4a7.joblib
[*] Loading cached tccm model from /pfs/work9/workspace/scratch/ma_pkonz-thesis/ForestDiffusion/tests/saved_models/5_campaign.npz/TCCM_nt5/ea091c8f80ab30176ed731dda3e2aba1.joblib
[*] Loading cached tccm model from /pfs/work9/workspace/scratch/ma_pkonz-thesis/ForestDiffusion/tests/saved_models/5_campaign.npz/TCCM_nt5/adb76559ebdfa7b4f90c77116ef452bc.joblib
[*] Loading cached tccm model from /pfs/work9/workspace/scratch/ma_pkonz-thesis/ForestDiffusion/tests/saved_models/5_campaign.npz/TCCM_nt5/7a5d7b4f2e18cd9e6c2c72b6ce7edb3d.joblib
[*] Loading cached tccm model from /pfs/work9/workspace/scratch/ma_pkonz-thesis/ForestDiffusion/tests/saved_models/5_campaign.npz/TCCM_nt5/ba2be5e40de3fd8830a01d00f45fea38.joblib
[*] Loading cached tccm model from /pfs/work9/workspace/scratch/ma_pkonz-thesis/ForestDiffusion/tests/saved_models/5_campaign.npz/TCCM_nt5/8067a324d273332b741e6410cafeece5.joblib
[*] Loading cached tccm model from /pfs/work9/workspace/scratch/ma_pkonz-thesis/ForestDiffusion/tests/saved_models/5_campaign.npz/TCCM_nt5/c4e324a013a8e7a55c431534eebeeb76.joblib
[*] Loading cached tccm model from /pfs/work9/workspace/scratch/ma_pkonz-thesis/ForestDiffusion/tests/saved_models/5_campaign.npz/TCCM_nt5/b34695eb7444fe2d4f5d1899553248b8.joblib
[*] Loading cached tccm model from /pfs/work9/workspace/scratch/ma_pkonz-thesis/ForestDiffusion/tests/saved_models/5_campaign.npz/TCCM_nt5/50f8047b586f1f1b0f5bee33ae1fbc37.joblib
[*] Loading cached tccm model from /pfs/work9/workspace/scratch/ma_pkonz-thesis/ForestDiffusion/tests/saved_models/5_campaign.npz/TCCM_nt5/f057b362c0a69bf12cc0a2a31e1050b4.joblib
[*] Loading cached tccm model from /pfs/work9/workspace/scratch/ma_pkonz-thesis/ForestDiffusion/tests/saved_models/5_campaign.npz/TCCM_nt5/6adde8afe77e28024e74abbb6e337681.joblib
[*] Loading cached tccm model from /pfs/work9/workspace/scratch/ma_pkonz-thesis/ForestDiffusion/tests/saved_models/5_campaign.npz/TCCM_nt5/4c3b2cbeff22e966514716eed90ed938.joblib
[*] Loading cached tccm model from /pfs/work9/workspace/scratch/ma_pkonz-thesis/ForestDiffusion/tests/saved_models/5_campaign.npz/TCCM_nt5/1e102839152922e8603ad615c781d564.joblib
[*] Loading cached tccm model from /pfs/work9/workspace/scratch/ma_pkonz-thesis/ForestDiffusion/tests/saved_models/5_campaign.npz/TCCM_nt5/77a87d065f0febf701a13ec7fc295600.joblib
[*] Loading cached tccm model from /pfs/work9/workspace/scratch/ma_pkonz-thesis/ForestDiffusion/tests/saved_models/5_campaign.npz/TCCM_nt5/04bcdf1b7e35d71abf437a621e3d3154.joblib
[*] Loading cached tccm model from /pfs/work9/workspace/scratch/ma_pkonz-thesis/ForestDiffusion/tests/saved_models/5_campaign.npz/TCCM_nt5/1412c2bbc1fba56737b4ca8851d37a8b.joblib
[*] Loading cached tccm model from /pfs/work9/workspace/scratch/ma_pkonz-thesis/ForestDiffusion/tests/saved_models/5_campaign.npz/TCCM_nt5/9665084b60f629288e77c897deadd650.joblib
[*] Loading cached tccm model from /pfs/work9/workspace/scratch/ma_pkonz-thesis/ForestDiffusion/tests/saved_models/5_campaign.npz/TCCM_nt5/cd86c4b44b1d730f8c98b97daab477ac.joblib
[*] Loading cached tccm model from /pfs/work9/workspace/scratch/ma_pkonz-thesis/ForestDiffusion/tests/saved_models/5_campaign.npz/TCCM_nt5/9acd782dd300c6070d0d0b5c5a5725c3.joblib
[*] Loading cached tccm model from /pfs/work9/workspace/scratch/ma_pkonz-thesis/ForestDiffusion/tests/saved_models/5_campaign.npz/TCCM_nt5/1f9ee8d4a89c513411c0e09fc2fbf26c.joblib
[*] Loading cached tccm model from /pfs/work9/workspace/scratch/ma_pkonz-thesis/ForestDiffusion/tests/saved_models/5_campaign.npz/TCCM_nt5/071cfceed5b3426ec3f2fa18a649e125.joblib
[*] Loading cached tccm model from /pfs/work9/workspace/scratch/ma_pkonz-thesis/ForestDiffusion/tests/saved_models/5_campaign.npz/TCCM_nt5/9453eca239507ea1bd3042b663a11973.joblib
[*] Loading cached tccm model from /pfs/work9/workspace/scratch/ma_pkonz-thesis/ForestDiffusion/tests/saved_models/5_campaign.npz/TCCM_nt5/03560a1dda3ed177d08ad63aa669432c.joblib
[*] Loading cached tccm model from /pfs/work9/workspace/scratch/ma_pkonz-thesis/ForestDiffusion/tests/saved_models/5_campaign.npz/TCCM_nt5/751e768367c0bbe2e892596e69595113.joblib
[*] Loading cached tccm model from /pfs/work9/workspace/scratch/ma_pkonz-thesis/ForestDiffusion/tests/saved_models/5_campaign.npz/TCCM_nt5/26ae56430fd2b2661811c14d2222a604.joblib
[*] Loading cached tccm model from /pfs/work9/workspace/scratch/ma_pkonz-thesis/ForestDiffusion/tests/saved_models/5_campaign.npz/TCCM_nt5/52361b1648a7b331fec821aaf1284fff.joblib
[*] Loading cached tccm model from /pfs/work9/workspace/scratch/ma_pkonz-thesis/ForestDiffusion/tests/saved_models/5_campaign.npz/TCCM_nt5/3c69ee6459f53dfd4c556540d8ae599d.joblib
[*] Loading cached tccm model from /pfs/work9/workspace/scratch/ma_pkonz-thesis/ForestDiffusion/tests/saved_models/5_campaign.npz/TCCM_nt5/3e32286cec3ccd45bfdf803b6581a9dd.joblib
[*] Loading cached tccm model from /pfs/work9/workspace/scratch/ma_pkonz-thesis/ForestDiffusion/tests/saved_models/5_campaign.npz/TCCM_nt5/08fa83d1c94ab7eba65a3fe1b500ac59.joblib
[*] Loading cached tccm model from /pfs/work9/workspace/scratch/ma_pkonz-thesis/ForestDiffusion/tests/saved_models/5_campaign.npz/TCCM_nt5/0b181df469ca74bf4aaa2756cb63e4b3.joblib
[*] Loading cached tccm model from /pfs/work9/workspace/scratch/ma_pkonz-thesis/ForestDiffusion/tests/saved_models/5_campaign.npz/TCCM_nt5/8cae8381737f4d547cb06fdb18e4e9ac.joblib
Saved: 0_results_tccm/f1_comparison_TCCM_nt20_5_campaign_no_contamination.pdf
Saved: 0_results_tccm/f1_comparison_TCCM_nt20_5_campaign_full_contamination.pdf
Saved: 0_results_tccm/f1_comparison_TCCM_nt5_5_campaign_no_contamination.pdf
Saved: 0_results_tccm/f1_comparison_TCCM_nt5_5_campaign_full_contamination.pdf

================================================================================
EXTREME CASES SUMMARY
================================================================================

TCCM_nt20 - deviation:
  5_campaign.npz [no_contamination]:
    AUC: 0.7203  0.0229
    AUPRC: 0.3087  0.0314

    Threshold Percentile Metrics:
    Percentile   Precision            Recall               F1                  
    ------------------------------------------------------------------------
    20           0.1285  0.0048      0.9123  0.0341      0.2252  0.0084     
    25           0.1334  0.0057      0.8880  0.0379      0.2319  0.0099     
    30           0.1386  0.0064      0.8612  0.0400      0.2388  0.0111     
    35           0.1443  0.0067      0.8328  0.0387      0.2460  0.0114     
    40           0.1506  0.0074      0.8020  0.0393      0.2536  0.0124     
    45           0.1581  0.0071      0.7721  0.0347      0.2625  0.0118     
    50           0.1676  0.0080      0.7437  0.0357      0.2735  0.0131     
    60           0.1905  0.0079      0.6764  0.0281      0.2973  0.0124     
    70           0.2226  0.0098      0.5928  0.0260      0.3237  0.0142     
    80           0.2832  0.0222      0.5028  0.0393      0.3623  0.0283     
    90           0.4120  0.0119      0.3659  0.0106      0.3876  0.0112     
    95           0.4862  0.0593      0.2159  0.0263      0.2990  0.0364     
    97.5         0.4920  0.0817      0.1092  0.0181      0.1788  0.0297     
    99           0.4505  0.1353      0.0400  0.0120      0.0735  0.0221     
    99.5         0.4136  0.1143      0.0184  0.0051      0.0352  0.0097     
    99.9         0.3143  0.1333      0.0028  0.0012      0.0056  0.0024     
    99.95        0.3818  0.0891      0.0018  0.0004      0.0036  0.0008     
    99.99        0.4667  0.1633      0.0006  0.0002      0.0012  0.0004     

     Best F1: 0.3876 @ 90th percentile
  5_campaign.npz [full_contamination]:
    AUC: 0.7134  0.0407
    AUPRC: 0.2884  0.0286

    Threshold Percentile Metrics:
    Percentile   Precision            Recall               F1                  
    ------------------------------------------------------------------------
    20           0.1279  0.0049      0.9082  0.0349      0.2242  0.0086     
    25           0.1326  0.0061      0.8827  0.0405      0.2305  0.0106     
    30           0.1382  0.0070      0.8590  0.0438      0.2381  0.0121     
    35           0.1439  0.0084      0.8303  0.0484      0.2453  0.0143     
    40           0.1501  0.0102      0.7992  0.0541      0.2527  0.0171     
    45           0.1580  0.0113      0.7716  0.0552      0.2624  0.0188     
    50           0.1672  0.0130      0.7420  0.0579      0.2729  0.0213     
    60           0.1910  0.0158      0.6783  0.0562      0.2981  0.0247     
    70           0.2244  0.0168      0.5977  0.0448      0.3263  0.0244     
    80           0.2715  0.0170      0.4821  0.0301      0.3474  0.0217     
    90           0.3952  0.0225      0.3509  0.0200      0.3718  0.0212     
    95           0.4466  0.0632      0.1983  0.0281      0.2746  0.0389     
    97.5         0.4303  0.0189      0.0955  0.0042      0.1563  0.0069     
    99           0.4524  0.0515      0.0402  0.0046      0.0738  0.0084     
    99.5         0.4544  0.0540      0.0202  0.0024      0.0386  0.0046     
    99.9         0.3524  0.1263      0.0032  0.0011      0.0063  0.0023     
    99.95        0.3636  0.0813      0.0017  0.0004      0.0034  0.0008     
    99.99        0.4667  0.1633      0.0006  0.0002      0.0012  0.0004     

     Best F1: 0.3718 @ 90th percentile

TCCM_nt20 - reconstruction:
  5_campaign.npz [no_contamination]:
    AUC: 0.7625  0.0037
    AUPRC: 0.3367  0.0018

    Threshold Percentile Metrics:
    Percentile   Precision            Recall               F1                  
    ------------------------------------------------------------------------
    20           0.1350  0.0007      0.9587  0.0049      0.2367  0.0012     
    25           0.1420  0.0009      0.9455  0.0057      0.2470  0.0015     
    30           0.1496  0.0010      0.9295  0.0065      0.2577  0.0018     
    35           0.1573  0.0008      0.9077  0.0049      0.2682  0.0014     
    40           0.1650  0.0011      0.8790  0.0060      0.2779  0.0019     
    45           0.1732  0.0016      0.8459  0.0080      0.2876  0.0027     
    50           0.1815  0.0018      0.8055  0.0081      0.2962  0.0030     
    60           0.2008  0.0029      0.7130  0.0105      0.3134  0.0046     
    70           0.2346  0.0012      0.6247  0.0031      0.3411  0.0017     
    80           0.2935  0.0016      0.5210  0.0028      0.3755  0.0020     
    90           0.4149  0.0020      0.3684  0.0018      0.3902  0.0019     
    95           0.5417  0.0035      0.2405  0.0015      0.3331  0.0021     
    97.5         0.5740  0.0026      0.1274  0.0006      0.2085  0.0010     
    99           0.4971  0.0050      0.0441  0.0004      0.0811  0.0008     
    99.5         0.3592  0.0137      0.0159  0.0006      0.0305  0.0012     
    99.9         0.2857  0.0000      0.0026  0.0000      0.0051  0.0000     
    99.95        0.3636  0.0000      0.0017  0.0000      0.0034  0.0000     
    99.99        0.4667  0.1633      0.0006  0.0002      0.0012  0.0004     

     Best F1: 0.3902 @ 90th percentile
  5_campaign.npz [full_contamination]:
    AUC: 0.7649  0.0027
    AUPRC: 0.3361  0.0021

    Threshold Percentile Metrics:
    Percentile   Precision            Recall               F1                  
    ------------------------------------------------------------------------
    20           0.1355  0.0001      0.9622  0.0010      0.2376  0.0002     
    25           0.1427  0.0003      0.9497  0.0017      0.2481  0.0004     
    30           0.1505  0.0002      0.9350  0.0015      0.2592  0.0004     
    35           0.1582  0.0006      0.9126  0.0035      0.2696  0.0010     
    40           0.1657  0.0007      0.8826  0.0040      0.2790  0.0013     
    45           0.1747  0.0009      0.8531  0.0045      0.2901  0.0015     
    50           0.1822  0.0007      0.8085  0.0032      0.2973  0.0012     
    60           0.2003  0.0018      0.7112  0.0064      0.3126  0.0028     
    70           0.2350  0.0023      0.6259  0.0060      0.3417  0.0033     
    80           0.2939  0.0031      0.5217  0.0056      0.3760  0.0040     
    90           0.4133  0.0025      0.3670  0.0022      0.3888  0.0024     
    95           0.5406  0.0040      0.2400  0.0018      0.3324  0.0025     
    97.5         0.5705  0.0033      0.1266  0.0007      0.2073  0.0012     
    99           0.4922  0.0050      0.0437  0.0004      0.0803  0.0008     
    99.5         0.3553  0.0117      0.0158  0.0005      0.0302  0.0010     
    99.9         0.2952  0.0190      0.0027  0.0002      0.0053  0.0003     
    99.95        0.3636  0.0000      0.0017  0.0000      0.0034  0.0000     
    99.99        0.5333  0.1633      0.0007  0.0002      0.0014  0.0004     

     Best F1: 0.3888 @ 90th percentile

TCCM_nt20 - decision:
  5_campaign.npz [no_contamination]:
    AUC: 0.7694  0.0177
    AUPRC: 0.3359  0.0225

    Threshold Percentile Metrics:
    Percentile   Precision            Recall               F1                  
    ------------------------------------------------------------------------
    20           0.1347  0.0016      0.9566  0.0111      0.2362  0.0027     
    25           0.1412  0.0017      0.9398  0.0116      0.2455  0.0030     
    30           0.1482  0.0020      0.9208  0.0126      0.2553  0.0035     
    35           0.1557  0.0028      0.8984  0.0162      0.2654  0.0048     
    40           0.1641  0.0036      0.8739  0.0189      0.2763  0.0060     
    45           0.1734  0.0041      0.8467  0.0202      0.2879  0.0069     
    50           0.1832  0.0054      0.8132  0.0240      0.2991  0.0088     
    60           0.2087  0.0076      0.7410  0.0269      0.3257  0.0118     
    70           0.2452  0.0100      0.6528  0.0267      0.3565  0.0146     
    80           0.3047  0.0121      0.5410  0.0215      0.3899  0.0155     
    90           0.4119  0.0257      0.3658  0.0228      0.3875  0.0242     
    95           0.4932  0.0352      0.2190  0.0156      0.3033  0.0217     
    97.5         0.5239  0.0460      0.1163  0.0102      0.1903  0.0167     
    99           0.5029  0.0616      0.0447  0.0055      0.0820  0.0100     
    99.5         0.4835  0.1046      0.0215  0.0046      0.0411  0.0089     
    99.9         0.4381  0.0555      0.0040  0.0005      0.0079  0.0010     
    99.95        0.3818  0.0680      0.0018  0.0003      0.0036  0.0006     
    99.99        0.3333  0.0000      0.0004  0.0000      0.0009  0.0000     

     Best F1: 0.3899 @ 80th percentile
  5_campaign.npz [full_contamination]:
    AUC: 0.7848  0.0156
    AUPRC: 0.3310  0.0153

    Threshold Percentile Metrics:
    Percentile   Precision            Recall               F1                  
    ------------------------------------------------------------------------
    20           0.1359  0.0014      0.9647  0.0102      0.2382  0.0025     
    25           0.1428  0.0019      0.9505  0.0127      0.2483  0.0033     
    30           0.1501  0.0023      0.9324  0.0146      0.2585  0.0040     
    35           0.1582  0.0032      0.9127  0.0183      0.2696  0.0054     
    40           0.1671  0.0037      0.8899  0.0198      0.2814  0.0063     
    45           0.1774  0.0044      0.8660  0.0216      0.2945  0.0073     
    50           0.1890  0.0049      0.8387  0.0218      0.3084  0.0080     
    60           0.2161  0.0062      0.7674  0.0219      0.3373  0.0096     
    70           0.2556  0.0078      0.6808  0.0207      0.3717  0.0113     
    80           0.3182  0.0133      0.5650  0.0237      0.4071  0.0171     
    90           0.4073  0.0183      0.3616  0.0162      0.3831  0.0172     
    95           0.4639  0.0254      0.2059  0.0113      0.2853  0.0156     
    97.5         0.4882  0.0304      0.1084  0.0068      0.1774  0.0111     
    99           0.4427  0.0338      0.0393  0.0030      0.0722  0.0055     
    99.5         0.3728  0.0279      0.0166  0.0012      0.0317  0.0024     
    99.9         0.3143  0.0486      0.0028  0.0004      0.0056  0.0009     
    99.95        0.3273  0.0727      0.0016  0.0003      0.0031  0.0007     
    99.99        0.5333  0.1633      0.0007  0.0002      0.0014  0.0004     

     Best F1: 0.4071 @ 80th percentile

TCCM_nt5 - deviation:
  5_campaign.npz [no_contamination]:
    AUC: 0.7351  0.0479
    AUPRC: 0.3224  0.0405

    Threshold Percentile Metrics:
    Percentile   Precision            Recall               F1                  
    ------------------------------------------------------------------------
    20           0.1295  0.0072      0.9197  0.0509      0.2271  0.0126     
    25           0.1347  0.0088      0.8970  0.0587      0.2343  0.0153     
    30           0.1408  0.0104      0.8747  0.0647      0.2425  0.0179     
    35           0.1474  0.0117      0.8505  0.0674      0.2513  0.0199     
    40           0.1554  0.0128      0.8275  0.0684      0.2616  0.0216     
    45           0.1640  0.0135      0.8006  0.0657      0.2722  0.0224     
    50           0.1732  0.0147      0.7688  0.0650      0.2827  0.0239     
    60           0.1970  0.0169      0.6995  0.0600      0.3074  0.0264     
    70           0.2324  0.0201      0.6189  0.0536      0.3379  0.0293     
    80           0.2909  0.0296      0.5166  0.0525      0.3722  0.0379     
    90           0.4117  0.0348      0.3655  0.0309      0.3872  0.0328     
    95           0.5047  0.0449      0.2241  0.0199      0.3103  0.0276     
    97.5         0.5204  0.0738      0.1155  0.0164      0.1891  0.0268     
    99           0.5068  0.0486      0.0450  0.0043      0.0827  0.0079     
    99.5         0.4505  0.0610      0.0200  0.0027      0.0383  0.0052     
    99.9         0.3619  0.1151      0.0033  0.0010      0.0065  0.0021     
    99.95        0.3273  0.0727      0.0016  0.0003      0.0031  0.0007     
    99.99        0.4667  0.1633      0.0006  0.0002      0.0012  0.0004     

     Best F1: 0.3872 @ 90th percentile
  5_campaign.npz [full_contamination]:
    AUC: 0.6953  0.0503
    AUPRC: 0.2753  0.0339

    Threshold Percentile Metrics:
    Percentile   Precision            Recall               F1                  
    ------------------------------------------------------------------------
    20           0.1246  0.0075      0.8851  0.0536      0.2185  0.0132     
    25           0.1281  0.0096      0.8525  0.0642      0.2227  0.0168     
    30           0.1332  0.0109      0.8279  0.0677      0.2295  0.0188     
    35           0.1386  0.0126      0.7999  0.0726      0.2363  0.0214     
    40           0.1454  0.0135      0.7742  0.0718      0.2448  0.0227     
    45           0.1529  0.0144      0.7466  0.0702      0.2539  0.0239     
    50           0.1615  0.0149      0.7170  0.0664      0.2637  0.0244     
    60           0.1842  0.0180      0.6542  0.0640      0.2875  0.0281     
    70           0.2179  0.0220      0.5803  0.0587      0.3169  0.0320     
    80           0.2730  0.0235      0.4847  0.0416      0.3493  0.0300     
    90           0.3730  0.0580      0.3312  0.0515      0.3509  0.0545     
    95           0.4245  0.0546      0.1884  0.0243      0.2610  0.0336     
    97.5         0.3864  0.0621      0.0858  0.0138      0.1404  0.0226     
    99           0.4485  0.0486      0.0398  0.0043      0.0732  0.0079     
    99.5         0.4233  0.0832      0.0188  0.0037      0.0360  0.0071     
    99.9         0.4095  0.1553      0.0037  0.0014      0.0073  0.0028     
    99.95        0.4545  0.0575      0.0022  0.0003      0.0043  0.0005     
    99.99        0.5333  0.1633      0.0007  0.0002      0.0014  0.0004     

     Best F1: 0.3509 @ 90th percentile

TCCM_nt5 - reconstruction:
  5_campaign.npz [no_contamination]:
    AUC: 0.7559  0.0127
    AUPRC: 0.3329  0.0058

    Threshold Percentile Metrics:
    Percentile   Precision            Recall               F1                  
    ------------------------------------------------------------------------
    20           0.1347  0.0016      0.9563  0.0111      0.2361  0.0027     
    25           0.1412  0.0020      0.9400  0.0134      0.2455  0.0035     
    30           0.1484  0.0030      0.9223  0.0188      0.2557  0.0052     
    35           0.1553  0.0035      0.8959  0.0200      0.2647  0.0059     
    40           0.1633  0.0041      0.8695  0.0219      0.2749  0.0069     
    45           0.1715  0.0043      0.8373  0.0212      0.2847  0.0072     
    50           0.1793  0.0052      0.7957  0.0229      0.2926  0.0084     
    60           0.1971  0.0047      0.6998  0.0166      0.3076  0.0073     
    70           0.2316  0.0050      0.6166  0.0132      0.3367  0.0072     
    80           0.2899  0.0047      0.5147  0.0083      0.3709  0.0060     
    90           0.4134  0.0024      0.3671  0.0021      0.3889  0.0022     
    95           0.5363  0.0105      0.2381  0.0047      0.3298  0.0065     
    97.5         0.5740  0.0050      0.1274  0.0011      0.2085  0.0018     
    99           0.4981  0.0066      0.0442  0.0006      0.0812  0.0011     
    99.5         0.3650  0.0078      0.0162  0.0003      0.0310  0.0007     
    99.9         0.2952  0.0190      0.0027  0.0002      0.0053  0.0003     
    99.95        0.3636  0.0000      0.0017  0.0000      0.0034  0.0000     
    99.99        0.4667  0.1633      0.0006  0.0002      0.0012  0.0004     

     Best F1: 0.3889 @ 90th percentile
  5_campaign.npz [full_contamination]:
    AUC: 0.7637  0.0045
    AUPRC: 0.3358  0.0032

    Threshold Percentile Metrics:
    Percentile   Precision            Recall               F1                  
    ------------------------------------------------------------------------
    20           0.1353  0.0004      0.9607  0.0029      0.2372  0.0007     
    25           0.1426  0.0004      0.9494  0.0029      0.2480  0.0008     
    30           0.1501  0.0009      0.9328  0.0058      0.2586  0.0016     
    35           0.1578  0.0009      0.9104  0.0050      0.2690  0.0015     
    40           0.1659  0.0015      0.8835  0.0078      0.2793  0.0025     
    45           0.1743  0.0015      0.8508  0.0072      0.2893  0.0025     
    50           0.1820  0.0017      0.8076  0.0077      0.2970  0.0028     
    60           0.2000  0.0023      0.7102  0.0083      0.3121  0.0037     
    70           0.2345  0.0030      0.6246  0.0080      0.3410  0.0043     
    80           0.2933  0.0012      0.5207  0.0021      0.3752  0.0015     
    90           0.4126  0.0026      0.3664  0.0023      0.3881  0.0025     
    95           0.5371  0.0147      0.2384  0.0065      0.3303  0.0091     
    97.5         0.5701  0.0052      0.1266  0.0011      0.2071  0.0019     
    99           0.4961  0.0048      0.0441  0.0004      0.0809  0.0008     
    99.5         0.3534  0.0078      0.0157  0.0003      0.0300  0.0007     
    99.9         0.3143  0.0381      0.0028  0.0003      0.0056  0.0007     
    99.95        0.3636  0.0000      0.0017  0.0000      0.0034  0.0000     
    99.99        0.5333  0.1633      0.0007  0.0002      0.0014  0.0004     

     Best F1: 0.3881 @ 90th percentile

TCCM_nt5 - decision:
  5_campaign.npz [no_contamination]:
    AUC: 0.7848  0.0159
    AUPRC: 0.3488  0.0123

    Threshold Percentile Metrics:
    Percentile   Precision            Recall               F1                  
    ------------------------------------------------------------------------
    20           0.1360  0.0009      0.9661  0.0061      0.2385  0.0015     
    25           0.1431  0.0009      0.9528  0.0061      0.2488  0.0016     
    30           0.1505  0.0014      0.9351  0.0085      0.2592  0.0023     
    35           0.1582  0.0022      0.9129  0.0128      0.2697  0.0038     
    40           0.1671  0.0027      0.8897  0.0143      0.2813  0.0045     
    45           0.1770  0.0035      0.8640  0.0169      0.2937  0.0058     
    50           0.1877  0.0043      0.8329  0.0192      0.3063  0.0071     
    60           0.2150  0.0074      0.7633  0.0262      0.3354  0.0115     
    70           0.2530  0.0117      0.6736  0.0312      0.3678  0.0171     
    80           0.3140  0.0162      0.5575  0.0288      0.4017  0.0208     
    90           0.4238  0.0172      0.3763  0.0152      0.3986  0.0162     
    95           0.5052  0.0168      0.2243  0.0075      0.3107  0.0103     
    97.5         0.5406  0.0204      0.1200  0.0045      0.1964  0.0074     
    99           0.5087  0.0592      0.0452  0.0053      0.0830  0.0097     
    99.5         0.4796  0.0859      0.0213  0.0038      0.0408  0.0073     
    99.9         0.4571  0.0486      0.0041  0.0004      0.0082  0.0009     
    99.95        0.3818  0.0680      0.0018  0.0003      0.0036  0.0006     
    99.99        0.3333  0.0000      0.0004  0.0000      0.0009  0.0000     

     Best F1: 0.4017 @ 80th percentile
  5_campaign.npz [full_contamination]:
    AUC: 0.7592  0.0206
    AUPRC: 0.3060  0.0186

    Threshold Percentile Metrics:
    Percentile   Precision            Recall               F1                  
    ------------------------------------------------------------------------
    20           0.1338  0.0021      0.9500  0.0146      0.2345  0.0036     
    25           0.1399  0.0025      0.9313  0.0169      0.2432  0.0044     
    30           0.1472  0.0028      0.9144  0.0176      0.2535  0.0049     
    35           0.1543  0.0033      0.8903  0.0193      0.2630  0.0057     
    40           0.1624  0.0039      0.8647  0.0208      0.2734  0.0066     
    45           0.1713  0.0040      0.8363  0.0195      0.2843  0.0066     
    50           0.1818  0.0047      0.8068  0.0208      0.2967  0.0077     
    60           0.2076  0.0074      0.7372  0.0262      0.3240  0.0115     
    70           0.2428  0.0103      0.6466  0.0274      0.3530  0.0150     
    80           0.2964  0.0158      0.5262  0.0281      0.3792  0.0202     
    90           0.3839  0.0237      0.3409  0.0210      0.3611  0.0223     
    95           0.4416  0.0165      0.1960  0.0073      0.2715  0.0101     
    97.5         0.4625  0.0169      0.1027  0.0038      0.1680  0.0061     
    99           0.4447  0.0136      0.0395  0.0012      0.0725  0.0022     
    99.5         0.3709  0.0355      0.0165  0.0016      0.0315  0.0030     
    99.9         0.3333  0.0602      0.0030  0.0005      0.0060  0.0011     
    99.95        0.3455  0.0680      0.0016  0.0003      0.0033  0.0006     
    99.99        0.4000  0.1333      0.0005  0.0002      0.0010  0.0003     

     Best F1: 0.3792 @ 80th percentile

============================================================
Results saved at: 0_results_tccm/results_data/extreme_cases_5_campaign_20251219_232852.joblib
============================================================
== Job Ende: Fri Dec 19 11:28:59 PM CET 2025 ==

============================= JOB FEEDBACK =============================

NodeName=uc2n864
Job ID: 2643889
Cluster: uc3
User/Group: ma_pkonz/ma_ma
State: COMPLETED (exit code 0)
Nodes: 1
Cores per node: 50
CPU Utilized: 00:14:13
CPU Efficiency: 16.89% of 01:24:10 core-walltime
Job Wall-clock time: 00:01:41
Memory Utilized: 863.26 MB
Memory Efficiency: 1.32% of 64.00 GB (64.00 GB/node)
