== Job Start: Fri Dec 19 06:53:14 PM CET 2025 ==
Python: /pfs/work9/workspace/scratch/ma_pkonz-thesis/ForestDiffusion/.venv/bin/python
Imports dauern ~2-3 Minuten, bitte warten...

 Dataset: 5_campaign.npz with model: ForestDiffusion_nt20_dk20 and score: deviation
 
Dataset loaded successfully!
Training data: (18274, 62), Normal: 18274
Test data: (22914, 62), Normal: 18274, Anomalies: 4640
[*] Loading cached forest model from /pfs/work9/workspace/scratch/ma_pkonz-thesis/ForestDiffusion/tests/saved_models/5_campaign.npz/ForestDiffusion_nt20_dk20/ec8b08df7620b23fbaaf2497e3edb5e7.joblib
[*] Loading cached forest model from /pfs/work9/workspace/scratch/ma_pkonz-thesis/ForestDiffusion/tests/saved_models/5_campaign.npz/ForestDiffusion_nt20_dk20/a1547befeac7e86232d521b07011cad2.joblib
[*] Loading cached forest model from /pfs/work9/workspace/scratch/ma_pkonz-thesis/ForestDiffusion/tests/saved_models/5_campaign.npz/ForestDiffusion_nt20_dk20/5cdbbc1f4a912fbeaa5432ad94200397.joblib
[*] Loading cached forest model from /pfs/work9/workspace/scratch/ma_pkonz-thesis/ForestDiffusion/tests/saved_models/5_campaign.npz/ForestDiffusion_nt20_dk20/3b6fb68019d919a8d789dfee34a6a649.joblib
[*] Loading cached forest model from /pfs/work9/workspace/scratch/ma_pkonz-thesis/ForestDiffusion/tests/saved_models/5_campaign.npz/ForestDiffusion_nt20_dk20/88884922a217b032a3c680e5303bb5f7.joblib
[*] Loading cached forest model from /pfs/work9/workspace/scratch/ma_pkonz-thesis/ForestDiffusion/tests/saved_models/5_campaign.npz/ForestDiffusion_nt20_dk20/4f1ffbfea3ddae3d443e7fe3592fc561.joblib
[*] Loading cached forest model from /pfs/work9/workspace/scratch/ma_pkonz-thesis/ForestDiffusion/tests/saved_models/5_campaign.npz/ForestDiffusion_nt20_dk20/fb3f1e9a0be30085d24b00ce0f2841e2.joblib
[*] Loading cached forest model from /pfs/work9/workspace/scratch/ma_pkonz-thesis/ForestDiffusion/tests/saved_models/5_campaign.npz/ForestDiffusion_nt20_dk20/f05959543e6921a6033adfef326855da.joblib
[*] Loading cached forest model from /pfs/work9/workspace/scratch/ma_pkonz-thesis/ForestDiffusion/tests/saved_models/5_campaign.npz/ForestDiffusion_nt20_dk20/520f73de93a74ae9adb2359d8d82f22b.joblib
[*] Loading cached forest model from /pfs/work9/workspace/scratch/ma_pkonz-thesis/ForestDiffusion/tests/saved_models/5_campaign.npz/ForestDiffusion_nt20_dk20/7c312da5257577e12727e9877739582e.joblib
[*] Loading cached forest model from /pfs/work9/workspace/scratch/ma_pkonz-thesis/ForestDiffusion/tests/saved_models/5_campaign.npz/ForestDiffusion_nt20_dk20/ad396d66da0f1c8e2ac7eefb9850514f.joblib
[*] Loading cached forest model from /pfs/work9/workspace/scratch/ma_pkonz-thesis/ForestDiffusion/tests/saved_models/5_campaign.npz/ForestDiffusion_nt20_dk20/f795f3615552cccefb07a4488da3e621.joblib
[*] Loading cached forest model from /pfs/work9/workspace/scratch/ma_pkonz-thesis/ForestDiffusion/tests/saved_models/5_campaign.npz/ForestDiffusion_nt20_dk20/7cf272ab02648803adeb84e9528b40ef.joblib
[*] Loading cached forest model from /pfs/work9/workspace/scratch/ma_pkonz-thesis/ForestDiffusion/tests/saved_models/5_campaign.npz/ForestDiffusion_nt20_dk20/ed5d663aa3c728cab1e4bcecab300cdc.joblib
[*] Loading cached forest model from /pfs/work9/workspace/scratch/ma_pkonz-thesis/ForestDiffusion/tests/saved_models/5_campaign.npz/ForestDiffusion_nt20_dk20/2550ee7e08a929bca3e7b4abca27e031.joblib
[*] Loading cached forest model from /pfs/work9/workspace/scratch/ma_pkonz-thesis/ForestDiffusion/tests/saved_models/5_campaign.npz/ForestDiffusion_nt20_dk20/64f32b3efe360c0392eda688787ea973.joblib
[*] Loading cached forest model from /pfs/work9/workspace/scratch/ma_pkonz-thesis/ForestDiffusion/tests/saved_models/5_campaign.npz/ForestDiffusion_nt20_dk20/653e85774ecf022974982fad0d7422d2.joblib
[*] Loading cached forest model from /pfs/work9/workspace/scratch/ma_pkonz-thesis/ForestDiffusion/tests/saved_models/5_campaign.npz/ForestDiffusion_nt20_dk20/b95b537c5c1e10d10cc62a54c4a3742c.joblib
[*] Loading cached forest model from /pfs/work9/workspace/scratch/ma_pkonz-thesis/ForestDiffusion/tests/saved_models/5_campaign.npz/ForestDiffusion_nt20_dk20/480f84de664cd7531146a07a2b9547cf.joblib
[*] Loading cached forest model from /pfs/work9/workspace/scratch/ma_pkonz-thesis/ForestDiffusion/tests/saved_models/5_campaign.npz/ForestDiffusion_nt20_dk20/b2055a6521e49ca8b057b5bb16c2d858.joblib
[*] Loading cached forest model from /pfs/work9/workspace/scratch/ma_pkonz-thesis/ForestDiffusion/tests/saved_models/5_campaign.npz/ForestDiffusion_nt20_dk20/f10a0656cbd7ff90820c6511118e6449.joblib
[*] Loading cached forest model from /pfs/work9/workspace/scratch/ma_pkonz-thesis/ForestDiffusion/tests/saved_models/5_campaign.npz/ForestDiffusion_nt20_dk20/8e84b7dd9348971ea8bd39ee9bfca4d5.joblib
[*] Loading cached forest model from /pfs/work9/workspace/scratch/ma_pkonz-thesis/ForestDiffusion/tests/saved_models/5_campaign.npz/ForestDiffusion_nt20_dk20/2dfac10992333895678ce606021780ab.joblib
[*] Loading cached forest model from /pfs/work9/workspace/scratch/ma_pkonz-thesis/ForestDiffusion/tests/saved_models/5_campaign.npz/ForestDiffusion_nt20_dk20/3173101f7a248163823c30506d85ae4a.joblib
[*] Loading cached forest model from /pfs/work9/workspace/scratch/ma_pkonz-thesis/ForestDiffusion/tests/saved_models/5_campaign.npz/ForestDiffusion_nt20_dk20/b6ea1c2fcf81ecc8f2b3d1fe712331ea.joblib
[*] Loading cached forest model from /pfs/work9/workspace/scratch/ma_pkonz-thesis/ForestDiffusion/tests/saved_models/5_campaign.npz/ForestDiffusion_nt20_dk20/3bc30517bd1cba9e3b81ac6982c39599.joblib
[*] Loading cached forest model from /pfs/work9/workspace/scratch/ma_pkonz-thesis/ForestDiffusion/tests/saved_models/5_campaign.npz/ForestDiffusion_nt20_dk20/8c1d986454245739744aee6590734ce3.joblib
[*] Loading cached forest model from /pfs/work9/workspace/scratch/ma_pkonz-thesis/ForestDiffusion/tests/saved_models/5_campaign.npz/ForestDiffusion_nt20_dk20/bcf28629fa205a6c98b909b239288384.joblib
[*] Loading cached forest model from /pfs/work9/workspace/scratch/ma_pkonz-thesis/ForestDiffusion/tests/saved_models/5_campaign.npz/ForestDiffusion_nt20_dk20/d1be1d19322c45d356166f603cb75a37.joblib
[*] Loading cached forest model from /pfs/work9/workspace/scratch/ma_pkonz-thesis/ForestDiffusion/tests/saved_models/5_campaign.npz/ForestDiffusion_nt20_dk20/db2737d25bc846dbe63d6a38115acccd.joblib
[*] Loading cached forest model from /pfs/work9/workspace/scratch/ma_pkonz-thesis/ForestDiffusion/tests/saved_models/5_campaign.npz/ForestDiffusion_nt20_dk20/7cea9936540513793d9da792bccf85c3.joblib
[*] Loading cached forest model from /pfs/work9/workspace/scratch/ma_pkonz-thesis/ForestDiffusion/tests/saved_models/5_campaign.npz/ForestDiffusion_nt20_dk20/d910740f4fcc8c9975724e8c61b570cf.joblib
[*] Loading cached forest model from /pfs/work9/workspace/scratch/ma_pkonz-thesis/ForestDiffusion/tests/saved_models/5_campaign.npz/ForestDiffusion_nt20_dk20/bdee545e84808c65300a7b73892441b4.joblib
[*] Loading cached forest model from /pfs/work9/workspace/scratch/ma_pkonz-thesis/ForestDiffusion/tests/saved_models/5_campaign.npz/ForestDiffusion_nt20_dk20/d0534b2956e6e52542ec21ca1822c263.joblib
[*] Loading cached forest model from /pfs/work9/workspace/scratch/ma_pkonz-thesis/ForestDiffusion/tests/saved_models/5_campaign.npz/ForestDiffusion_nt20_dk20/63df470f358dbaf1d3304946d3c502ed.joblib
[*] Loading cached forest model from /pfs/work9/workspace/scratch/ma_pkonz-thesis/ForestDiffusion/tests/saved_models/5_campaign.npz/ForestDiffusion_nt20_dk20/4f355892c184e8042756706760b4e5e2.joblib
[*] Loading cached forest model from /pfs/work9/workspace/scratch/ma_pkonz-thesis/ForestDiffusion/tests/saved_models/5_campaign.npz/ForestDiffusion_nt20_dk20/67adee60a309f5d260b3b71660e8302f.joblib
[*] Loading cached forest model from /pfs/work9/workspace/scratch/ma_pkonz-thesis/ForestDiffusion/tests/saved_models/5_campaign.npz/ForestDiffusion_nt20_dk20/bdca075b66cd8e46cc7497c9294b91ef.joblib
[*] Loading cached forest model from /pfs/work9/workspace/scratch/ma_pkonz-thesis/ForestDiffusion/tests/saved_models/5_campaign.npz/ForestDiffusion_nt20_dk20/41512d1bc74546e1b26e43ff735ecd0c.joblib
[*] Loading cached forest model from /pfs/work9/workspace/scratch/ma_pkonz-thesis/ForestDiffusion/tests/saved_models/5_campaign.npz/ForestDiffusion_nt20_dk20/ac0a55ba2fbe91cfe765bfb02a846343.joblib
[*] Loading cached forest model from /pfs/work9/workspace/scratch/ma_pkonz-thesis/ForestDiffusion/tests/saved_models/5_campaign.npz/ForestDiffusion_nt20_dk20/889f1408922d0d5f8d57361ce9bd368e.joblib
[*] Loading cached forest model from /pfs/work9/workspace/scratch/ma_pkonz-thesis/ForestDiffusion/tests/saved_models/5_campaign.npz/ForestDiffusion_nt20_dk20/b4db707a3be3d309b18b0d597f771a92.joblib
[*] Loading cached forest model from /pfs/work9/workspace/scratch/ma_pkonz-thesis/ForestDiffusion/tests/saved_models/5_campaign.npz/ForestDiffusion_nt20_dk20/9211537ab2cd316435b167ff83012d2d.joblib
[*] Loading cached forest model from /pfs/work9/workspace/scratch/ma_pkonz-thesis/ForestDiffusion/tests/saved_models/5_campaign.npz/ForestDiffusion_nt20_dk20/6c18c6ce4ae4ee73f2bc2f58e39cfeb6.joblib
[*] Loading cached forest model from /pfs/work9/workspace/scratch/ma_pkonz-thesis/ForestDiffusion/tests/saved_models/5_campaign.npz/ForestDiffusion_nt20_dk20/fc51d05154ebe1b6e56ba143c3aa1498.joblib
[*] Loading cached forest model from /pfs/work9/workspace/scratch/ma_pkonz-thesis/ForestDiffusion/tests/saved_models/5_campaign.npz/ForestDiffusion_nt20_dk20/2bc999a06239898664c47eb531527804.joblib
[*] Loading cached forest model from /pfs/work9/workspace/scratch/ma_pkonz-thesis/ForestDiffusion/tests/saved_models/5_campaign.npz/ForestDiffusion_nt20_dk20/cbc9218552af89c1e42eba8b8c1fe0ec.joblib
[*] Loading cached forest model from /pfs/work9/workspace/scratch/ma_pkonz-thesis/ForestDiffusion/tests/saved_models/5_campaign.npz/ForestDiffusion_nt20_dk20/573cc61f1c5d69fec3e197d0e6d4c272.joblib
[*] Loading cached forest model from /pfs/work9/workspace/scratch/ma_pkonz-thesis/ForestDiffusion/tests/saved_models/5_campaign.npz/ForestDiffusion_nt20_dk20/86edf48ac27cc2ca342baefd80ac4422.joblib
[*] Loading cached forest model from /pfs/work9/workspace/scratch/ma_pkonz-thesis/ForestDiffusion/tests/saved_models/5_campaign.npz/ForestDiffusion_nt20_dk20/d4c52d312ec74d07fd5376841dacab9b.joblib

 Dataset: 5_campaign.npz with model: ForestDiffusion_nt20_dk20 and score: reconstruction
 
Dataset loaded successfully!
Training data: (18274, 62), Normal: 18274
Test data: (22914, 62), Normal: 18274, Anomalies: 4640
[*] Loading cached forest model from /pfs/work9/workspace/scratch/ma_pkonz-thesis/ForestDiffusion/tests/saved_models/5_campaign.npz/ForestDiffusion_nt20_dk20/ec8b08df7620b23fbaaf2497e3edb5e7.joblib
[*] Loading cached forest model from /pfs/work9/workspace/scratch/ma_pkonz-thesis/ForestDiffusion/tests/saved_models/5_campaign.npz/ForestDiffusion_nt20_dk20/a1547befeac7e86232d521b07011cad2.joblib
[*] Loading cached forest model from /pfs/work9/workspace/scratch/ma_pkonz-thesis/ForestDiffusion/tests/saved_models/5_campaign.npz/ForestDiffusion_nt20_dk20/5cdbbc1f4a912fbeaa5432ad94200397.joblib
[*] Loading cached forest model from /pfs/work9/workspace/scratch/ma_pkonz-thesis/ForestDiffusion/tests/saved_models/5_campaign.npz/ForestDiffusion_nt20_dk20/3b6fb68019d919a8d789dfee34a6a649.joblib
[*] Loading cached forest model from /pfs/work9/workspace/scratch/ma_pkonz-thesis/ForestDiffusion/tests/saved_models/5_campaign.npz/ForestDiffusion_nt20_dk20/88884922a217b032a3c680e5303bb5f7.joblib
[*] Loading cached forest model from /pfs/work9/workspace/scratch/ma_pkonz-thesis/ForestDiffusion/tests/saved_models/5_campaign.npz/ForestDiffusion_nt20_dk20/4f1ffbfea3ddae3d443e7fe3592fc561.joblib
[*] Loading cached forest model from /pfs/work9/workspace/scratch/ma_pkonz-thesis/ForestDiffusion/tests/saved_models/5_campaign.npz/ForestDiffusion_nt20_dk20/fb3f1e9a0be30085d24b00ce0f2841e2.joblib
[*] Loading cached forest model from /pfs/work9/workspace/scratch/ma_pkonz-thesis/ForestDiffusion/tests/saved_models/5_campaign.npz/ForestDiffusion_nt20_dk20/f05959543e6921a6033adfef326855da.joblib
[*] Loading cached forest model from /pfs/work9/workspace/scratch/ma_pkonz-thesis/ForestDiffusion/tests/saved_models/5_campaign.npz/ForestDiffusion_nt20_dk20/520f73de93a74ae9adb2359d8d82f22b.joblib
[*] Loading cached forest model from /pfs/work9/workspace/scratch/ma_pkonz-thesis/ForestDiffusion/tests/saved_models/5_campaign.npz/ForestDiffusion_nt20_dk20/7c312da5257577e12727e9877739582e.joblib
[*] Loading cached forest model from /pfs/work9/workspace/scratch/ma_pkonz-thesis/ForestDiffusion/tests/saved_models/5_campaign.npz/ForestDiffusion_nt20_dk20/ad396d66da0f1c8e2ac7eefb9850514f.joblib
[*] Loading cached forest model from /pfs/work9/workspace/scratch/ma_pkonz-thesis/ForestDiffusion/tests/saved_models/5_campaign.npz/ForestDiffusion_nt20_dk20/f795f3615552cccefb07a4488da3e621.joblib
[*] Loading cached forest model from /pfs/work9/workspace/scratch/ma_pkonz-thesis/ForestDiffusion/tests/saved_models/5_campaign.npz/ForestDiffusion_nt20_dk20/7cf272ab02648803adeb84e9528b40ef.joblib
[*] Loading cached forest model from /pfs/work9/workspace/scratch/ma_pkonz-thesis/ForestDiffusion/tests/saved_models/5_campaign.npz/ForestDiffusion_nt20_dk20/ed5d663aa3c728cab1e4bcecab300cdc.joblib
[*] Loading cached forest model from /pfs/work9/workspace/scratch/ma_pkonz-thesis/ForestDiffusion/tests/saved_models/5_campaign.npz/ForestDiffusion_nt20_dk20/2550ee7e08a929bca3e7b4abca27e031.joblib
[*] Loading cached forest model from /pfs/work9/workspace/scratch/ma_pkonz-thesis/ForestDiffusion/tests/saved_models/5_campaign.npz/ForestDiffusion_nt20_dk20/64f32b3efe360c0392eda688787ea973.joblib
[*] Loading cached forest model from /pfs/work9/workspace/scratch/ma_pkonz-thesis/ForestDiffusion/tests/saved_models/5_campaign.npz/ForestDiffusion_nt20_dk20/653e85774ecf022974982fad0d7422d2.joblib
[*] Loading cached forest model from /pfs/work9/workspace/scratch/ma_pkonz-thesis/ForestDiffusion/tests/saved_models/5_campaign.npz/ForestDiffusion_nt20_dk20/b95b537c5c1e10d10cc62a54c4a3742c.joblib
[*] Loading cached forest model from /pfs/work9/workspace/scratch/ma_pkonz-thesis/ForestDiffusion/tests/saved_models/5_campaign.npz/ForestDiffusion_nt20_dk20/480f84de664cd7531146a07a2b9547cf.joblib
[*] Loading cached forest model from /pfs/work9/workspace/scratch/ma_pkonz-thesis/ForestDiffusion/tests/saved_models/5_campaign.npz/ForestDiffusion_nt20_dk20/b2055a6521e49ca8b057b5bb16c2d858.joblib
[*] Loading cached forest model from /pfs/work9/workspace/scratch/ma_pkonz-thesis/ForestDiffusion/tests/saved_models/5_campaign.npz/ForestDiffusion_nt20_dk20/f10a0656cbd7ff90820c6511118e6449.joblib
[*] Loading cached forest model from /pfs/work9/workspace/scratch/ma_pkonz-thesis/ForestDiffusion/tests/saved_models/5_campaign.npz/ForestDiffusion_nt20_dk20/8e84b7dd9348971ea8bd39ee9bfca4d5.joblib
[*] Loading cached forest model from /pfs/work9/workspace/scratch/ma_pkonz-thesis/ForestDiffusion/tests/saved_models/5_campaign.npz/ForestDiffusion_nt20_dk20/2dfac10992333895678ce606021780ab.joblib
[*] Loading cached forest model from /pfs/work9/workspace/scratch/ma_pkonz-thesis/ForestDiffusion/tests/saved_models/5_campaign.npz/ForestDiffusion_nt20_dk20/3173101f7a248163823c30506d85ae4a.joblib
[*] Loading cached forest model from /pfs/work9/workspace/scratch/ma_pkonz-thesis/ForestDiffusion/tests/saved_models/5_campaign.npz/ForestDiffusion_nt20_dk20/b6ea1c2fcf81ecc8f2b3d1fe712331ea.joblib
[*] Loading cached forest model from /pfs/work9/workspace/scratch/ma_pkonz-thesis/ForestDiffusion/tests/saved_models/5_campaign.npz/ForestDiffusion_nt20_dk20/3bc30517bd1cba9e3b81ac6982c39599.joblib
[*] Loading cached forest model from /pfs/work9/workspace/scratch/ma_pkonz-thesis/ForestDiffusion/tests/saved_models/5_campaign.npz/ForestDiffusion_nt20_dk20/8c1d986454245739744aee6590734ce3.joblib
[*] Loading cached forest model from /pfs/work9/workspace/scratch/ma_pkonz-thesis/ForestDiffusion/tests/saved_models/5_campaign.npz/ForestDiffusion_nt20_dk20/bcf28629fa205a6c98b909b239288384.joblib
[*] Loading cached forest model from /pfs/work9/workspace/scratch/ma_pkonz-thesis/ForestDiffusion/tests/saved_models/5_campaign.npz/ForestDiffusion_nt20_dk20/d1be1d19322c45d356166f603cb75a37.joblib
[*] Loading cached forest model from /pfs/work9/workspace/scratch/ma_pkonz-thesis/ForestDiffusion/tests/saved_models/5_campaign.npz/ForestDiffusion_nt20_dk20/db2737d25bc846dbe63d6a38115acccd.joblib
[*] Loading cached forest model from /pfs/work9/workspace/scratch/ma_pkonz-thesis/ForestDiffusion/tests/saved_models/5_campaign.npz/ForestDiffusion_nt20_dk20/7cea9936540513793d9da792bccf85c3.joblib
[*] Loading cached forest model from /pfs/work9/workspace/scratch/ma_pkonz-thesis/ForestDiffusion/tests/saved_models/5_campaign.npz/ForestDiffusion_nt20_dk20/d910740f4fcc8c9975724e8c61b570cf.joblib
[*] Loading cached forest model from /pfs/work9/workspace/scratch/ma_pkonz-thesis/ForestDiffusion/tests/saved_models/5_campaign.npz/ForestDiffusion_nt20_dk20/bdee545e84808c65300a7b73892441b4.joblib
[*] Loading cached forest model from /pfs/work9/workspace/scratch/ma_pkonz-thesis/ForestDiffusion/tests/saved_models/5_campaign.npz/ForestDiffusion_nt20_dk20/d0534b2956e6e52542ec21ca1822c263.joblib
[*] Loading cached forest model from /pfs/work9/workspace/scratch/ma_pkonz-thesis/ForestDiffusion/tests/saved_models/5_campaign.npz/ForestDiffusion_nt20_dk20/63df470f358dbaf1d3304946d3c502ed.joblib
[*] Loading cached forest model from /pfs/work9/workspace/scratch/ma_pkonz-thesis/ForestDiffusion/tests/saved_models/5_campaign.npz/ForestDiffusion_nt20_dk20/4f355892c184e8042756706760b4e5e2.joblib
[*] Loading cached forest model from /pfs/work9/workspace/scratch/ma_pkonz-thesis/ForestDiffusion/tests/saved_models/5_campaign.npz/ForestDiffusion_nt20_dk20/67adee60a309f5d260b3b71660e8302f.joblib
[*] Loading cached forest model from /pfs/work9/workspace/scratch/ma_pkonz-thesis/ForestDiffusion/tests/saved_models/5_campaign.npz/ForestDiffusion_nt20_dk20/bdca075b66cd8e46cc7497c9294b91ef.joblib
[*] Loading cached forest model from /pfs/work9/workspace/scratch/ma_pkonz-thesis/ForestDiffusion/tests/saved_models/5_campaign.npz/ForestDiffusion_nt20_dk20/41512d1bc74546e1b26e43ff735ecd0c.joblib
[*] Loading cached forest model from /pfs/work9/workspace/scratch/ma_pkonz-thesis/ForestDiffusion/tests/saved_models/5_campaign.npz/ForestDiffusion_nt20_dk20/ac0a55ba2fbe91cfe765bfb02a846343.joblib
[*] Loading cached forest model from /pfs/work9/workspace/scratch/ma_pkonz-thesis/ForestDiffusion/tests/saved_models/5_campaign.npz/ForestDiffusion_nt20_dk20/889f1408922d0d5f8d57361ce9bd368e.joblib
[*] Loading cached forest model from /pfs/work9/workspace/scratch/ma_pkonz-thesis/ForestDiffusion/tests/saved_models/5_campaign.npz/ForestDiffusion_nt20_dk20/b4db707a3be3d309b18b0d597f771a92.joblib
[*] Loading cached forest model from /pfs/work9/workspace/scratch/ma_pkonz-thesis/ForestDiffusion/tests/saved_models/5_campaign.npz/ForestDiffusion_nt20_dk20/9211537ab2cd316435b167ff83012d2d.joblib
[*] Loading cached forest model from /pfs/work9/workspace/scratch/ma_pkonz-thesis/ForestDiffusion/tests/saved_models/5_campaign.npz/ForestDiffusion_nt20_dk20/6c18c6ce4ae4ee73f2bc2f58e39cfeb6.joblib
[*] Loading cached forest model from /pfs/work9/workspace/scratch/ma_pkonz-thesis/ForestDiffusion/tests/saved_models/5_campaign.npz/ForestDiffusion_nt20_dk20/fc51d05154ebe1b6e56ba143c3aa1498.joblib
[*] Loading cached forest model from /pfs/work9/workspace/scratch/ma_pkonz-thesis/ForestDiffusion/tests/saved_models/5_campaign.npz/ForestDiffusion_nt20_dk20/2bc999a06239898664c47eb531527804.joblib
[*] Loading cached forest model from /pfs/work9/workspace/scratch/ma_pkonz-thesis/ForestDiffusion/tests/saved_models/5_campaign.npz/ForestDiffusion_nt20_dk20/cbc9218552af89c1e42eba8b8c1fe0ec.joblib
[*] Loading cached forest model from /pfs/work9/workspace/scratch/ma_pkonz-thesis/ForestDiffusion/tests/saved_models/5_campaign.npz/ForestDiffusion_nt20_dk20/573cc61f1c5d69fec3e197d0e6d4c272.joblib
[*] Loading cached forest model from /pfs/work9/workspace/scratch/ma_pkonz-thesis/ForestDiffusion/tests/saved_models/5_campaign.npz/ForestDiffusion_nt20_dk20/86edf48ac27cc2ca342baefd80ac4422.joblib
[*] Loading cached forest model from /pfs/work9/workspace/scratch/ma_pkonz-thesis/ForestDiffusion/tests/saved_models/5_campaign.npz/ForestDiffusion_nt20_dk20/d4c52d312ec74d07fd5376841dacab9b.joblib

 Dataset: 5_campaign.npz with model: ForestDiffusion_nt20_dk20 and score: decision
 
Dataset loaded successfully!
Training data: (18274, 62), Normal: 18274
Test data: (22914, 62), Normal: 18274, Anomalies: 4640
[*] Loading cached forest model from /pfs/work9/workspace/scratch/ma_pkonz-thesis/ForestDiffusion/tests/saved_models/5_campaign.npz/ForestDiffusion_nt20_dk20/ec8b08df7620b23fbaaf2497e3edb5e7.joblib
[*] Loading cached forest model from /pfs/work9/workspace/scratch/ma_pkonz-thesis/ForestDiffusion/tests/saved_models/5_campaign.npz/ForestDiffusion_nt20_dk20/a1547befeac7e86232d521b07011cad2.joblib
[*] Loading cached forest model from /pfs/work9/workspace/scratch/ma_pkonz-thesis/ForestDiffusion/tests/saved_models/5_campaign.npz/ForestDiffusion_nt20_dk20/5cdbbc1f4a912fbeaa5432ad94200397.joblib
[*] Loading cached forest model from /pfs/work9/workspace/scratch/ma_pkonz-thesis/ForestDiffusion/tests/saved_models/5_campaign.npz/ForestDiffusion_nt20_dk20/3b6fb68019d919a8d789dfee34a6a649.joblib
[*] Loading cached forest model from /pfs/work9/workspace/scratch/ma_pkonz-thesis/ForestDiffusion/tests/saved_models/5_campaign.npz/ForestDiffusion_nt20_dk20/88884922a217b032a3c680e5303bb5f7.joblib
[*] Loading cached forest model from /pfs/work9/workspace/scratch/ma_pkonz-thesis/ForestDiffusion/tests/saved_models/5_campaign.npz/ForestDiffusion_nt20_dk20/4f1ffbfea3ddae3d443e7fe3592fc561.joblib
[*] Loading cached forest model from /pfs/work9/workspace/scratch/ma_pkonz-thesis/ForestDiffusion/tests/saved_models/5_campaign.npz/ForestDiffusion_nt20_dk20/fb3f1e9a0be30085d24b00ce0f2841e2.joblib
[*] Loading cached forest model from /pfs/work9/workspace/scratch/ma_pkonz-thesis/ForestDiffusion/tests/saved_models/5_campaign.npz/ForestDiffusion_nt20_dk20/f05959543e6921a6033adfef326855da.joblib
[*] Loading cached forest model from /pfs/work9/workspace/scratch/ma_pkonz-thesis/ForestDiffusion/tests/saved_models/5_campaign.npz/ForestDiffusion_nt20_dk20/520f73de93a74ae9adb2359d8d82f22b.joblib
[*] Loading cached forest model from /pfs/work9/workspace/scratch/ma_pkonz-thesis/ForestDiffusion/tests/saved_models/5_campaign.npz/ForestDiffusion_nt20_dk20/7c312da5257577e12727e9877739582e.joblib
[*] Loading cached forest model from /pfs/work9/workspace/scratch/ma_pkonz-thesis/ForestDiffusion/tests/saved_models/5_campaign.npz/ForestDiffusion_nt20_dk20/ad396d66da0f1c8e2ac7eefb9850514f.joblib
[*] Loading cached forest model from /pfs/work9/workspace/scratch/ma_pkonz-thesis/ForestDiffusion/tests/saved_models/5_campaign.npz/ForestDiffusion_nt20_dk20/f795f3615552cccefb07a4488da3e621.joblib
[*] Loading cached forest model from /pfs/work9/workspace/scratch/ma_pkonz-thesis/ForestDiffusion/tests/saved_models/5_campaign.npz/ForestDiffusion_nt20_dk20/7cf272ab02648803adeb84e9528b40ef.joblib
[*] Loading cached forest model from /pfs/work9/workspace/scratch/ma_pkonz-thesis/ForestDiffusion/tests/saved_models/5_campaign.npz/ForestDiffusion_nt20_dk20/ed5d663aa3c728cab1e4bcecab300cdc.joblib
[*] Loading cached forest model from /pfs/work9/workspace/scratch/ma_pkonz-thesis/ForestDiffusion/tests/saved_models/5_campaign.npz/ForestDiffusion_nt20_dk20/2550ee7e08a929bca3e7b4abca27e031.joblib
[*] Loading cached forest model from /pfs/work9/workspace/scratch/ma_pkonz-thesis/ForestDiffusion/tests/saved_models/5_campaign.npz/ForestDiffusion_nt20_dk20/64f32b3efe360c0392eda688787ea973.joblib
[*] Loading cached forest model from /pfs/work9/workspace/scratch/ma_pkonz-thesis/ForestDiffusion/tests/saved_models/5_campaign.npz/ForestDiffusion_nt20_dk20/653e85774ecf022974982fad0d7422d2.joblib
[*] Loading cached forest model from /pfs/work9/workspace/scratch/ma_pkonz-thesis/ForestDiffusion/tests/saved_models/5_campaign.npz/ForestDiffusion_nt20_dk20/b95b537c5c1e10d10cc62a54c4a3742c.joblib
[*] Loading cached forest model from /pfs/work9/workspace/scratch/ma_pkonz-thesis/ForestDiffusion/tests/saved_models/5_campaign.npz/ForestDiffusion_nt20_dk20/480f84de664cd7531146a07a2b9547cf.joblib
[*] Loading cached forest model from /pfs/work9/workspace/scratch/ma_pkonz-thesis/ForestDiffusion/tests/saved_models/5_campaign.npz/ForestDiffusion_nt20_dk20/b2055a6521e49ca8b057b5bb16c2d858.joblib
[*] Loading cached forest model from /pfs/work9/workspace/scratch/ma_pkonz-thesis/ForestDiffusion/tests/saved_models/5_campaign.npz/ForestDiffusion_nt20_dk20/f10a0656cbd7ff90820c6511118e6449.joblib
[*] Loading cached forest model from /pfs/work9/workspace/scratch/ma_pkonz-thesis/ForestDiffusion/tests/saved_models/5_campaign.npz/ForestDiffusion_nt20_dk20/8e84b7dd9348971ea8bd39ee9bfca4d5.joblib
[*] Loading cached forest model from /pfs/work9/workspace/scratch/ma_pkonz-thesis/ForestDiffusion/tests/saved_models/5_campaign.npz/ForestDiffusion_nt20_dk20/2dfac10992333895678ce606021780ab.joblib
[*] Loading cached forest model from /pfs/work9/workspace/scratch/ma_pkonz-thesis/ForestDiffusion/tests/saved_models/5_campaign.npz/ForestDiffusion_nt20_dk20/3173101f7a248163823c30506d85ae4a.joblib
[*] Loading cached forest model from /pfs/work9/workspace/scratch/ma_pkonz-thesis/ForestDiffusion/tests/saved_models/5_campaign.npz/ForestDiffusion_nt20_dk20/b6ea1c2fcf81ecc8f2b3d1fe712331ea.joblib
[*] Loading cached forest model from /pfs/work9/workspace/scratch/ma_pkonz-thesis/ForestDiffusion/tests/saved_models/5_campaign.npz/ForestDiffusion_nt20_dk20/3bc30517bd1cba9e3b81ac6982c39599.joblib
[*] Loading cached forest model from /pfs/work9/workspace/scratch/ma_pkonz-thesis/ForestDiffusion/tests/saved_models/5_campaign.npz/ForestDiffusion_nt20_dk20/8c1d986454245739744aee6590734ce3.joblib
[*] Loading cached forest model from /pfs/work9/workspace/scratch/ma_pkonz-thesis/ForestDiffusion/tests/saved_models/5_campaign.npz/ForestDiffusion_nt20_dk20/bcf28629fa205a6c98b909b239288384.joblib
[*] Loading cached forest model from /pfs/work9/workspace/scratch/ma_pkonz-thesis/ForestDiffusion/tests/saved_models/5_campaign.npz/ForestDiffusion_nt20_dk20/d1be1d19322c45d356166f603cb75a37.joblib
[*] Loading cached forest model from /pfs/work9/workspace/scratch/ma_pkonz-thesis/ForestDiffusion/tests/saved_models/5_campaign.npz/ForestDiffusion_nt20_dk20/db2737d25bc846dbe63d6a38115acccd.joblib
[*] Loading cached forest model from /pfs/work9/workspace/scratch/ma_pkonz-thesis/ForestDiffusion/tests/saved_models/5_campaign.npz/ForestDiffusion_nt20_dk20/7cea9936540513793d9da792bccf85c3.joblib
[*] Loading cached forest model from /pfs/work9/workspace/scratch/ma_pkonz-thesis/ForestDiffusion/tests/saved_models/5_campaign.npz/ForestDiffusion_nt20_dk20/d910740f4fcc8c9975724e8c61b570cf.joblib
[*] Loading cached forest model from /pfs/work9/workspace/scratch/ma_pkonz-thesis/ForestDiffusion/tests/saved_models/5_campaign.npz/ForestDiffusion_nt20_dk20/bdee545e84808c65300a7b73892441b4.joblib
[*] Loading cached forest model from /pfs/work9/workspace/scratch/ma_pkonz-thesis/ForestDiffusion/tests/saved_models/5_campaign.npz/ForestDiffusion_nt20_dk20/d0534b2956e6e52542ec21ca1822c263.joblib
[*] Loading cached forest model from /pfs/work9/workspace/scratch/ma_pkonz-thesis/ForestDiffusion/tests/saved_models/5_campaign.npz/ForestDiffusion_nt20_dk20/63df470f358dbaf1d3304946d3c502ed.joblib
[*] Loading cached forest model from /pfs/work9/workspace/scratch/ma_pkonz-thesis/ForestDiffusion/tests/saved_models/5_campaign.npz/ForestDiffusion_nt20_dk20/4f355892c184e8042756706760b4e5e2.joblib
[*] Loading cached forest model from /pfs/work9/workspace/scratch/ma_pkonz-thesis/ForestDiffusion/tests/saved_models/5_campaign.npz/ForestDiffusion_nt20_dk20/67adee60a309f5d260b3b71660e8302f.joblib
[*] Loading cached forest model from /pfs/work9/workspace/scratch/ma_pkonz-thesis/ForestDiffusion/tests/saved_models/5_campaign.npz/ForestDiffusion_nt20_dk20/bdca075b66cd8e46cc7497c9294b91ef.joblib
[*] Loading cached forest model from /pfs/work9/workspace/scratch/ma_pkonz-thesis/ForestDiffusion/tests/saved_models/5_campaign.npz/ForestDiffusion_nt20_dk20/41512d1bc74546e1b26e43ff735ecd0c.joblib
[*] Loading cached forest model from /pfs/work9/workspace/scratch/ma_pkonz-thesis/ForestDiffusion/tests/saved_models/5_campaign.npz/ForestDiffusion_nt20_dk20/ac0a55ba2fbe91cfe765bfb02a846343.joblib
[*] Loading cached forest model from /pfs/work9/workspace/scratch/ma_pkonz-thesis/ForestDiffusion/tests/saved_models/5_campaign.npz/ForestDiffusion_nt20_dk20/889f1408922d0d5f8d57361ce9bd368e.joblib
[*] Loading cached forest model from /pfs/work9/workspace/scratch/ma_pkonz-thesis/ForestDiffusion/tests/saved_models/5_campaign.npz/ForestDiffusion_nt20_dk20/b4db707a3be3d309b18b0d597f771a92.joblib
[*] Loading cached forest model from /pfs/work9/workspace/scratch/ma_pkonz-thesis/ForestDiffusion/tests/saved_models/5_campaign.npz/ForestDiffusion_nt20_dk20/9211537ab2cd316435b167ff83012d2d.joblib
[*] Loading cached forest model from /pfs/work9/workspace/scratch/ma_pkonz-thesis/ForestDiffusion/tests/saved_models/5_campaign.npz/ForestDiffusion_nt20_dk20/6c18c6ce4ae4ee73f2bc2f58e39cfeb6.joblib
[*] Loading cached forest model from /pfs/work9/workspace/scratch/ma_pkonz-thesis/ForestDiffusion/tests/saved_models/5_campaign.npz/ForestDiffusion_nt20_dk20/fc51d05154ebe1b6e56ba143c3aa1498.joblib
[*] Loading cached forest model from /pfs/work9/workspace/scratch/ma_pkonz-thesis/ForestDiffusion/tests/saved_models/5_campaign.npz/ForestDiffusion_nt20_dk20/2bc999a06239898664c47eb531527804.joblib
[*] Loading cached forest model from /pfs/work9/workspace/scratch/ma_pkonz-thesis/ForestDiffusion/tests/saved_models/5_campaign.npz/ForestDiffusion_nt20_dk20/cbc9218552af89c1e42eba8b8c1fe0ec.joblib
[*] Loading cached forest model from /pfs/work9/workspace/scratch/ma_pkonz-thesis/ForestDiffusion/tests/saved_models/5_campaign.npz/ForestDiffusion_nt20_dk20/573cc61f1c5d69fec3e197d0e6d4c272.joblib
[*] Loading cached forest model from /pfs/work9/workspace/scratch/ma_pkonz-thesis/ForestDiffusion/tests/saved_models/5_campaign.npz/ForestDiffusion_nt20_dk20/86edf48ac27cc2ca342baefd80ac4422.joblib
[*] Loading cached forest model from /pfs/work9/workspace/scratch/ma_pkonz-thesis/ForestDiffusion/tests/saved_models/5_campaign.npz/ForestDiffusion_nt20_dk20/d4c52d312ec74d07fd5376841dacab9b.joblib
Saved: 0_results_diff_nt_change_dk20/f1_comparison_ForestDiffusion_nt20_dk20_5_campaign_no_contamination.pdf
Saved: 0_results_diff_nt_change_dk20/f1_comparison_ForestDiffusion_nt20_dk20_5_campaign_full_contamination.pdf

================================================================================
EXTREME CASES SUMMARY
================================================================================

ForestDiffusion_nt20_dk20 - deviation:
  5_campaign.npz [no_contamination]:
    AUC: 0.7060 ± 0.0011
    AUPRC: 0.3101 ± 0.0015

    Threshold Percentile Metrics:
    Percentile   Precision            Recall               F1                  
    ------------------------------------------------------------------------
    20           0.1280 ± 0.0007      0.9093 ± 0.0049      0.2245 ± 0.0012     
    30           0.1381 ± 0.0006      0.8584 ± 0.0037      0.2380 ± 0.0010     
    40           0.1511 ± 0.0006      0.8045 ± 0.0031      0.2543 ± 0.0010     
    50           0.1662 ± 0.0008      0.7375 ± 0.0036      0.2712 ± 0.0013     
    60           0.1863 ± 0.0006      0.6616 ± 0.0021      0.2907 ± 0.0009     
    70           0.2147 ± 0.0015      0.5717 ± 0.0041      0.3122 ± 0.0023     
    80           0.2595 ± 0.0015      0.4607 ± 0.0027      0.3320 ± 0.0020     
    90           0.3568 ± 0.0046      0.3168 ± 0.0041      0.3356 ± 0.0043     
    95           0.4827 ± 0.0047      0.2143 ± 0.0021      0.2968 ± 0.0029     
    97.5         0.5833 ± 0.0116      0.1295 ± 0.0026      0.2119 ± 0.0042     
    99           0.6641 ± 0.0099      0.0590 ± 0.0009      0.1083 ± 0.0016     
    99.9         0.6667 ± 0.0522      0.0060 ± 0.0005      0.0120 ± 0.0009     

    ✓ Best F1: 0.3356 @ 90th percentile
  5_campaign.npz [full_contamination]:
    AUC: 0.6874 ± 0.0013
    AUPRC: 0.2665 ± 0.0015

    Threshold Percentile Metrics:
    Percentile   Precision            Recall               F1                  
    ------------------------------------------------------------------------
    20           0.1272 ± 0.0007      0.9034 ± 0.0047      0.2230 ± 0.0012     
    30           0.1368 ± 0.0008      0.8499 ± 0.0048      0.2356 ± 0.0013     
    40           0.1478 ± 0.0010      0.7874 ± 0.0053      0.2490 ± 0.0017     
    50           0.1625 ± 0.0010      0.7212 ± 0.0046      0.2652 ± 0.0017     
    60           0.1811 ± 0.0010      0.6429 ± 0.0035      0.2826 ± 0.0015     
    70           0.2057 ± 0.0021      0.5478 ± 0.0056      0.2991 ± 0.0031     
    80           0.2444 ± 0.0017      0.4339 ± 0.0030      0.3127 ± 0.0022     
    90           0.3237 ± 0.0053      0.2874 ± 0.0047      0.3045 ± 0.0050     
    95           0.4031 ± 0.0035      0.1790 ± 0.0016      0.2479 ± 0.0021     
    97.5         0.4695 ± 0.0083      0.1042 ± 0.0018      0.1706 ± 0.0030     
    99           0.5505 ± 0.0113      0.0489 ± 0.0010      0.0898 ± 0.0018     
    99.9         0.6476 ± 0.0646      0.0059 ± 0.0006      0.0116 ± 0.0012     

    ✓ Best F1: 0.3127 @ 80th percentile

ForestDiffusion_nt20_dk20 - reconstruction:
  5_campaign.npz [no_contamination]:
    AUC: 0.7371 ± 0.0021
    AUPRC: 0.2485 ± 0.0037

    Threshold Percentile Metrics:
    Percentile   Precision            Recall               F1                  
    ------------------------------------------------------------------------
    20           0.1353 ± 0.0007      0.9606 ± 0.0048      0.2371 ± 0.0012     
    30           0.1480 ± 0.0006      0.9198 ± 0.0035      0.2550 ± 0.0010     
    40           0.1607 ± 0.0009      0.8561 ± 0.0048      0.2707 ± 0.0015     
    50           0.1749 ± 0.0014      0.7765 ± 0.0060      0.2856 ± 0.0022     
    60           0.1958 ± 0.0011      0.6953 ± 0.0038      0.3056 ± 0.0017     
    70           0.2260 ± 0.0012      0.6019 ± 0.0032      0.3286 ± 0.0018     
    80           0.2724 ± 0.0025      0.4837 ± 0.0044      0.3486 ± 0.0032     
    90           0.3486 ± 0.0054      0.3096 ± 0.0048      0.3279 ± 0.0051     
    95           0.3317 ± 0.0094      0.1472 ± 0.0042      0.2039 ± 0.0058     
    97.5         0.2229 ± 0.0202      0.0495 ± 0.0045      0.0810 ± 0.0073     
    99           0.1573 ± 0.0225      0.0140 ± 0.0020      0.0257 ± 0.0037     
    99.9         0.2190 ± 0.0571      0.0020 ± 0.0005      0.0039 ± 0.0010     

    ✓ Best F1: 0.3486 @ 80th percentile
  5_campaign.npz [full_contamination]:
    AUC: 0.7282 ± 0.0021
    AUPRC: 0.2409 ± 0.0043

    Threshold Percentile Metrics:
    Percentile   Precision            Recall               F1                  
    ------------------------------------------------------------------------
    20           0.1339 ± 0.0005      0.9505 ± 0.0036      0.2347 ± 0.0009     
    30           0.1461 ± 0.0008      0.9080 ± 0.0047      0.2517 ± 0.0013     
    40           0.1583 ± 0.0008      0.8432 ± 0.0044      0.2666 ± 0.0014     
    50           0.1730 ± 0.0010      0.7679 ± 0.0046      0.2824 ± 0.0017     
    60           0.1930 ± 0.0009      0.6852 ± 0.0032      0.3011 ± 0.0014     
    70           0.2232 ± 0.0010      0.5943 ± 0.0026      0.3245 ± 0.0014     
    80           0.2697 ± 0.0016      0.4789 ± 0.0029      0.3451 ± 0.0021     
    90           0.3348 ± 0.0071      0.2972 ± 0.0063      0.3149 ± 0.0067     
    95           0.3155 ± 0.0139      0.1401 ± 0.0062      0.1940 ± 0.0085     
    97.5         0.2163 ± 0.0167      0.0480 ± 0.0037      0.0786 ± 0.0061     
    99           0.1466 ± 0.0161      0.0130 ± 0.0014      0.0239 ± 0.0026     
    99.9         0.2095 ± 0.0486      0.0019 ± 0.0004      0.0038 ± 0.0009     

    ✓ Best F1: 0.3451 @ 80th percentile

ForestDiffusion_nt20_dk20 - decision:
  5_campaign.npz [no_contamination]:
    AUC: 0.6845 ± 0.0020
    AUPRC: 0.2868 ± 0.0027

    Threshold Percentile Metrics:
    Percentile   Precision            Recall               F1                  
    ------------------------------------------------------------------------
    20           0.1278 ± 0.0005      0.9074 ± 0.0038      0.2240 ± 0.0009     
    30           0.1372 ± 0.0004      0.8526 ± 0.0027      0.2364 ± 0.0008     
    40           0.1482 ± 0.0007      0.7891 ± 0.0040      0.2495 ± 0.0013     
    50           0.1600 ± 0.0024      0.7103 ± 0.0106      0.2612 ± 0.0039     
    60           0.1748 ± 0.0011      0.6208 ± 0.0040      0.2728 ± 0.0017     
    70           0.1988 ± 0.0014      0.5293 ± 0.0038      0.2890 ± 0.0021     
    80           0.2379 ± 0.0026      0.4224 ± 0.0047      0.3044 ± 0.0034     
    90           0.3401 ± 0.0032      0.3020 ± 0.0029      0.3199 ± 0.0031     
    95           0.4656 ± 0.0078      0.2067 ± 0.0034      0.2863 ± 0.0048     
    97.5         0.5483 ± 0.0066      0.1217 ± 0.0015      0.1992 ± 0.0024     
    99           0.6272 ± 0.0169      0.0557 ± 0.0015      0.1023 ± 0.0028     
    99.9         0.6762 ± 0.0356      0.0061 ± 0.0003      0.0121 ± 0.0006     

    ✓ Best F1: 0.3199 @ 90th percentile
  5_campaign.npz [full_contamination]:
    AUC: 0.6674 ± 0.0022
    AUPRC: 0.2659 ± 0.0023

    Threshold Percentile Metrics:
    Percentile   Precision            Recall               F1                  
    ------------------------------------------------------------------------
    20           0.1270 ± 0.0009      0.9016 ± 0.0062      0.2226 ± 0.0015     
    30           0.1349 ± 0.0008      0.8381 ± 0.0049      0.2324 ± 0.0014     
    40           0.1437 ± 0.0005      0.7653 ± 0.0028      0.2419 ± 0.0009     
    50           0.1539 ± 0.0012      0.6830 ± 0.0055      0.2512 ± 0.0020     
    60           0.1692 ± 0.0014      0.6009 ± 0.0049      0.2641 ± 0.0021     
    70           0.1907 ± 0.0009      0.5079 ± 0.0024      0.2773 ± 0.0013     
    80           0.2280 ± 0.0011      0.4048 ± 0.0020      0.2917 ± 0.0015     
    90           0.3247 ± 0.0035      0.2883 ± 0.0031      0.3054 ± 0.0033     
    95           0.4270 ± 0.0080      0.1896 ± 0.0036      0.2626 ± 0.0049     
    97.5         0.5045 ± 0.0089      0.1120 ± 0.0020      0.1833 ± 0.0032     
    99           0.5913 ± 0.0128      0.0525 ± 0.0011      0.0964 ± 0.0021     
    99.9         0.6857 ± 0.0486      0.0062 ± 0.0004      0.0123 ± 0.0009     

    ✓ Best F1: 0.3054 @ 90th percentile

============================================================
Results saved at: 0_results_diff_nt_change_dk20/results_data/extreme_cases_5_campaign_20251219_193755.joblib
============================================================
== Job Ende: Fri Dec 19 07:37:57 PM CET 2025 ==

============================= JOB FEEDBACK =============================

NodeName=uc2n857
Job ID: 2642575
Cluster: uc3
User/Group: ma_pkonz/ma_ma
State: COMPLETED (exit code 0)
Nodes: 1
Cores per node: 50
CPU Utilized: 23:02:08
CPU Efficiency: 61.18% of 1-13:39:10 core-walltime
Job Wall-clock time: 00:45:11
Memory Utilized: 6.97 GB
Memory Efficiency: 10.89% of 64.00 GB (64.00 GB/node)
