== Job Start: Sat Dec 13 10:05:11 AM CET 2025 ==
Python: /pfs/work9/workspace/scratch/ma_pkonz-thesis/ForestDiffusion/.venv/bin/python
Imports dauern ~2-3 Minuten, bitte warten...

 Dataset: 29_Pima.npz with model: TCCM_nt50 and score: deviation
 
Dataset loaded successfully!
Training data: (250, 8), Normal: 250
Test data: (518, 8), Normal: 250, Anomalies: 268
[*] Loading cached tccm model from /pfs/work9/workspace/scratch/ma_pkonz-thesis/ForestDiffusion/tests/saved_models/29_Pima.npz/TCCM_nt50/57223aa07cc63d20f5bf9e421a2c8398.joblib
[*] Loading cached tccm model from /pfs/work9/workspace/scratch/ma_pkonz-thesis/ForestDiffusion/tests/saved_models/29_Pima.npz/TCCM_nt50/e5821f2e0c2c1c33df4297fc408b336f.joblib
[*] Loading cached tccm model from /pfs/work9/workspace/scratch/ma_pkonz-thesis/ForestDiffusion/tests/saved_models/29_Pima.npz/TCCM_nt50/ba265bc0f9aee3b2f3c0712becf768cd.joblib
[*] Loading cached tccm model from /pfs/work9/workspace/scratch/ma_pkonz-thesis/ForestDiffusion/tests/saved_models/29_Pima.npz/TCCM_nt50/c6dad3282b9c7a91ebab2d3929140843.joblib
[*] Loading cached tccm model from /pfs/work9/workspace/scratch/ma_pkonz-thesis/ForestDiffusion/tests/saved_models/29_Pima.npz/TCCM_nt50/75cd95f9bc176b48142507626c950d26.joblib
[*] Loading cached tccm model from /pfs/work9/workspace/scratch/ma_pkonz-thesis/ForestDiffusion/tests/saved_models/29_Pima.npz/TCCM_nt50/c918a957d61c7f22ba36c17e987bcb0c.joblib
[*] Loading cached tccm model from /pfs/work9/workspace/scratch/ma_pkonz-thesis/ForestDiffusion/tests/saved_models/29_Pima.npz/TCCM_nt50/5e1037f65fd85d50cbbb4e2b8d14df38.joblib
[*] Loading cached tccm model from /pfs/work9/workspace/scratch/ma_pkonz-thesis/ForestDiffusion/tests/saved_models/29_Pima.npz/TCCM_nt50/2bf313f9e459e7bde3d394ba4fbb294e.joblib
[*] Loading cached tccm model from /pfs/work9/workspace/scratch/ma_pkonz-thesis/ForestDiffusion/tests/saved_models/29_Pima.npz/TCCM_nt50/a92266a0867418eee29bff8d30503e68.joblib
[*] Loading cached tccm model from /pfs/work9/workspace/scratch/ma_pkonz-thesis/ForestDiffusion/tests/saved_models/29_Pima.npz/TCCM_nt50/e2d8580f877603aae2c92b3583ae7e1e.joblib
[*] Loading cached tccm model from /pfs/work9/workspace/scratch/ma_pkonz-thesis/ForestDiffusion/tests/saved_models/29_Pima.npz/TCCM_nt50/cd769724eef7fb90547059e23df0718c.joblib
[*] Loading cached tccm model from /pfs/work9/workspace/scratch/ma_pkonz-thesis/ForestDiffusion/tests/saved_models/29_Pima.npz/TCCM_nt50/3bbc9aee2773359edad3d800405ad2ce.joblib
[*] Loading cached tccm model from /pfs/work9/workspace/scratch/ma_pkonz-thesis/ForestDiffusion/tests/saved_models/29_Pima.npz/TCCM_nt50/b019f969791d6adf66a5d0d1304a3005.joblib
[*] Loading cached tccm model from /pfs/work9/workspace/scratch/ma_pkonz-thesis/ForestDiffusion/tests/saved_models/29_Pima.npz/TCCM_nt50/e08372f9c37a4334972ddce48be90279.joblib
[*] Loading cached tccm model from /pfs/work9/workspace/scratch/ma_pkonz-thesis/ForestDiffusion/tests/saved_models/29_Pima.npz/TCCM_nt50/2567f589dc250d530ff4faf5199f9078.joblib
[*] Loading cached tccm model from /pfs/work9/workspace/scratch/ma_pkonz-thesis/ForestDiffusion/tests/saved_models/29_Pima.npz/TCCM_nt50/9324dbab3f4b7fc1005051133a66a596.joblib
[*] Loading cached tccm model from /pfs/work9/workspace/scratch/ma_pkonz-thesis/ForestDiffusion/tests/saved_models/29_Pima.npz/TCCM_nt50/e70f776c2dc6250d233a2f13a7ad30da.joblib
[*] Loading cached tccm model from /pfs/work9/workspace/scratch/ma_pkonz-thesis/ForestDiffusion/tests/saved_models/29_Pima.npz/TCCM_nt50/e98a51332779eab1bf01505102980437.joblib
[*] Loading cached tccm model from /pfs/work9/workspace/scratch/ma_pkonz-thesis/ForestDiffusion/tests/saved_models/29_Pima.npz/TCCM_nt50/9335afa378b6490926941d27b3af7e26.joblib
[*] Loading cached tccm model from /pfs/work9/workspace/scratch/ma_pkonz-thesis/ForestDiffusion/tests/saved_models/29_Pima.npz/TCCM_nt50/e8c40dd9b05b17d524cf7f7f28aaca66.joblib
[*] Loading cached tccm model from /pfs/work9/workspace/scratch/ma_pkonz-thesis/ForestDiffusion/tests/saved_models/29_Pima.npz/TCCM_nt50/14ae6c355f7ac1953adcd56a8b8c6178.joblib
[*] Loading cached tccm model from /pfs/work9/workspace/scratch/ma_pkonz-thesis/ForestDiffusion/tests/saved_models/29_Pima.npz/TCCM_nt50/31da515e5cd580887258857403838902.joblib
[*] Loading cached tccm model from /pfs/work9/workspace/scratch/ma_pkonz-thesis/ForestDiffusion/tests/saved_models/29_Pima.npz/TCCM_nt50/d1647af750e510afa9e0529c408e7633.joblib
[*] Loading cached tccm model from /pfs/work9/workspace/scratch/ma_pkonz-thesis/ForestDiffusion/tests/saved_models/29_Pima.npz/TCCM_nt50/a1428e89c03a2cc36f2efd1354f2d969.joblib
[*] Loading cached tccm model from /pfs/work9/workspace/scratch/ma_pkonz-thesis/ForestDiffusion/tests/saved_models/29_Pima.npz/TCCM_nt50/3dcf6cbca6af92e6cd5c36b81ec6dc89.joblib
[*] Loading cached tccm model from /pfs/work9/workspace/scratch/ma_pkonz-thesis/ForestDiffusion/tests/saved_models/29_Pima.npz/TCCM_nt50/3364134d8bcf0eab81057e0033b51f73.joblib
[*] Loading cached tccm model from /pfs/work9/workspace/scratch/ma_pkonz-thesis/ForestDiffusion/tests/saved_models/29_Pima.npz/TCCM_nt50/a01d3119beb06d0f324ea30db5ca7aec.joblib
[*] Loading cached tccm model from /pfs/work9/workspace/scratch/ma_pkonz-thesis/ForestDiffusion/tests/saved_models/29_Pima.npz/TCCM_nt50/24bb667d36da62b94b9ec1978f45612f.joblib
[*] Loading cached tccm model from /pfs/work9/workspace/scratch/ma_pkonz-thesis/ForestDiffusion/tests/saved_models/29_Pima.npz/TCCM_nt50/001ccece6091a44feca74733795eeaed.joblib
[*] Loading cached tccm model from /pfs/work9/workspace/scratch/ma_pkonz-thesis/ForestDiffusion/tests/saved_models/29_Pima.npz/TCCM_nt50/15cc972e041bb81b22ff42febf45db26.joblib
[*] Loading cached tccm model from /pfs/work9/workspace/scratch/ma_pkonz-thesis/ForestDiffusion/tests/saved_models/29_Pima.npz/TCCM_nt50/f9c8b7828440d4937ea089c77afbed80.joblib
[*] Loading cached tccm model from /pfs/work9/workspace/scratch/ma_pkonz-thesis/ForestDiffusion/tests/saved_models/29_Pima.npz/TCCM_nt50/54395a5e7e12842e103a585cf7554e26.joblib
[*] Loading cached tccm model from /pfs/work9/workspace/scratch/ma_pkonz-thesis/ForestDiffusion/tests/saved_models/29_Pima.npz/TCCM_nt50/1a4490617ceea32ab5e970e823cf2ada.joblib
[*] Loading cached tccm model from /pfs/work9/workspace/scratch/ma_pkonz-thesis/ForestDiffusion/tests/saved_models/29_Pima.npz/TCCM_nt50/1e7cbcc2b1eed6980845c845125a23ba.joblib
[*] Loading cached tccm model from /pfs/work9/workspace/scratch/ma_pkonz-thesis/ForestDiffusion/tests/saved_models/29_Pima.npz/TCCM_nt50/f7770e91fac736e90ac94e6ff8159d45.joblib
[*] Loading cached tccm model from /pfs/work9/workspace/scratch/ma_pkonz-thesis/ForestDiffusion/tests/saved_models/29_Pima.npz/TCCM_nt50/4a54978baeef10e56a725148093d2b5c.joblib
[*] Loading cached tccm model from /pfs/work9/workspace/scratch/ma_pkonz-thesis/ForestDiffusion/tests/saved_models/29_Pima.npz/TCCM_nt50/5578043ef861c1a2c6ed4f12594abecb.joblib
[*] Loading cached tccm model from /pfs/work9/workspace/scratch/ma_pkonz-thesis/ForestDiffusion/tests/saved_models/29_Pima.npz/TCCM_nt50/37ab3432d9ca3d41ae171144ab6f1b1b.joblib
[*] Loading cached tccm model from /pfs/work9/workspace/scratch/ma_pkonz-thesis/ForestDiffusion/tests/saved_models/29_Pima.npz/TCCM_nt50/c44e0767bb52048b519dede7e9f94cfc.joblib
[*] Loading cached tccm model from /pfs/work9/workspace/scratch/ma_pkonz-thesis/ForestDiffusion/tests/saved_models/29_Pima.npz/TCCM_nt50/92612bf03d99d72bb4b6dc5baf072f01.joblib
[*] Loading cached tccm model from /pfs/work9/workspace/scratch/ma_pkonz-thesis/ForestDiffusion/tests/saved_models/29_Pima.npz/TCCM_nt50/daefbc2b2fb2843b24d5f799f60f2132.joblib
[*] Loading cached tccm model from /pfs/work9/workspace/scratch/ma_pkonz-thesis/ForestDiffusion/tests/saved_models/29_Pima.npz/TCCM_nt50/7c26dfe7fbaaad3483cb2e51f748b2af.joblib
[*] Loading cached tccm model from /pfs/work9/workspace/scratch/ma_pkonz-thesis/ForestDiffusion/tests/saved_models/29_Pima.npz/TCCM_nt50/6e2b33f4d9d0622d5a635a8999310803.joblib
[*] Loading cached tccm model from /pfs/work9/workspace/scratch/ma_pkonz-thesis/ForestDiffusion/tests/saved_models/29_Pima.npz/TCCM_nt50/f40b10a2613c4f180b0084ff86821c18.joblib
[*] Loading cached tccm model from /pfs/work9/workspace/scratch/ma_pkonz-thesis/ForestDiffusion/tests/saved_models/29_Pima.npz/TCCM_nt50/de2017b6032f4d8ac58ce1a7d5b3b091.joblib
[*] Loading cached tccm model from /pfs/work9/workspace/scratch/ma_pkonz-thesis/ForestDiffusion/tests/saved_models/29_Pima.npz/TCCM_nt50/e396727f96036649cafb3315d8c65532.joblib
[*] Loading cached tccm model from /pfs/work9/workspace/scratch/ma_pkonz-thesis/ForestDiffusion/tests/saved_models/29_Pima.npz/TCCM_nt50/01da8d34d3015e4a999813e5f134c23d.joblib
[*] Loading cached tccm model from /pfs/work9/workspace/scratch/ma_pkonz-thesis/ForestDiffusion/tests/saved_models/29_Pima.npz/TCCM_nt50/fd0fdd490b5f80da8e2016c571ed44a5.joblib
[*] Loading cached tccm model from /pfs/work9/workspace/scratch/ma_pkonz-thesis/ForestDiffusion/tests/saved_models/29_Pima.npz/TCCM_nt50/f382d260068ed92d1d97008d1f423461.joblib
[*] Loading cached tccm model from /pfs/work9/workspace/scratch/ma_pkonz-thesis/ForestDiffusion/tests/saved_models/29_Pima.npz/TCCM_nt50/c4711af8322f90c5d969b236855d7b3f.joblib

 Dataset: 29_Pima.npz with model: TCCM_nt50 and score: reconstruction
 
Dataset loaded successfully!
Training data: (250, 8), Normal: 250
Test data: (518, 8), Normal: 250, Anomalies: 268
[*] Loading cached tccm model from /pfs/work9/workspace/scratch/ma_pkonz-thesis/ForestDiffusion/tests/saved_models/29_Pima.npz/TCCM_nt50/57223aa07cc63d20f5bf9e421a2c8398.joblib
[*] Loading cached tccm model from /pfs/work9/workspace/scratch/ma_pkonz-thesis/ForestDiffusion/tests/saved_models/29_Pima.npz/TCCM_nt50/e5821f2e0c2c1c33df4297fc408b336f.joblib
[*] Loading cached tccm model from /pfs/work9/workspace/scratch/ma_pkonz-thesis/ForestDiffusion/tests/saved_models/29_Pima.npz/TCCM_nt50/ba265bc0f9aee3b2f3c0712becf768cd.joblib
[*] Loading cached tccm model from /pfs/work9/workspace/scratch/ma_pkonz-thesis/ForestDiffusion/tests/saved_models/29_Pima.npz/TCCM_nt50/c6dad3282b9c7a91ebab2d3929140843.joblib
[*] Loading cached tccm model from /pfs/work9/workspace/scratch/ma_pkonz-thesis/ForestDiffusion/tests/saved_models/29_Pima.npz/TCCM_nt50/75cd95f9bc176b48142507626c950d26.joblib
[*] Loading cached tccm model from /pfs/work9/workspace/scratch/ma_pkonz-thesis/ForestDiffusion/tests/saved_models/29_Pima.npz/TCCM_nt50/c918a957d61c7f22ba36c17e987bcb0c.joblib
[*] Loading cached tccm model from /pfs/work9/workspace/scratch/ma_pkonz-thesis/ForestDiffusion/tests/saved_models/29_Pima.npz/TCCM_nt50/5e1037f65fd85d50cbbb4e2b8d14df38.joblib
[*] Loading cached tccm model from /pfs/work9/workspace/scratch/ma_pkonz-thesis/ForestDiffusion/tests/saved_models/29_Pima.npz/TCCM_nt50/2bf313f9e459e7bde3d394ba4fbb294e.joblib
[*] Loading cached tccm model from /pfs/work9/workspace/scratch/ma_pkonz-thesis/ForestDiffusion/tests/saved_models/29_Pima.npz/TCCM_nt50/a92266a0867418eee29bff8d30503e68.joblib
[*] Loading cached tccm model from /pfs/work9/workspace/scratch/ma_pkonz-thesis/ForestDiffusion/tests/saved_models/29_Pima.npz/TCCM_nt50/e2d8580f877603aae2c92b3583ae7e1e.joblib
[*] Loading cached tccm model from /pfs/work9/workspace/scratch/ma_pkonz-thesis/ForestDiffusion/tests/saved_models/29_Pima.npz/TCCM_nt50/cd769724eef7fb90547059e23df0718c.joblib
[*] Loading cached tccm model from /pfs/work9/workspace/scratch/ma_pkonz-thesis/ForestDiffusion/tests/saved_models/29_Pima.npz/TCCM_nt50/3bbc9aee2773359edad3d800405ad2ce.joblib
[*] Loading cached tccm model from /pfs/work9/workspace/scratch/ma_pkonz-thesis/ForestDiffusion/tests/saved_models/29_Pima.npz/TCCM_nt50/b019f969791d6adf66a5d0d1304a3005.joblib
[*] Loading cached tccm model from /pfs/work9/workspace/scratch/ma_pkonz-thesis/ForestDiffusion/tests/saved_models/29_Pima.npz/TCCM_nt50/e08372f9c37a4334972ddce48be90279.joblib
[*] Loading cached tccm model from /pfs/work9/workspace/scratch/ma_pkonz-thesis/ForestDiffusion/tests/saved_models/29_Pima.npz/TCCM_nt50/2567f589dc250d530ff4faf5199f9078.joblib
[*] Loading cached tccm model from /pfs/work9/workspace/scratch/ma_pkonz-thesis/ForestDiffusion/tests/saved_models/29_Pima.npz/TCCM_nt50/9324dbab3f4b7fc1005051133a66a596.joblib
[*] Loading cached tccm model from /pfs/work9/workspace/scratch/ma_pkonz-thesis/ForestDiffusion/tests/saved_models/29_Pima.npz/TCCM_nt50/e70f776c2dc6250d233a2f13a7ad30da.joblib
[*] Loading cached tccm model from /pfs/work9/workspace/scratch/ma_pkonz-thesis/ForestDiffusion/tests/saved_models/29_Pima.npz/TCCM_nt50/e98a51332779eab1bf01505102980437.joblib
[*] Loading cached tccm model from /pfs/work9/workspace/scratch/ma_pkonz-thesis/ForestDiffusion/tests/saved_models/29_Pima.npz/TCCM_nt50/9335afa378b6490926941d27b3af7e26.joblib
[*] Loading cached tccm model from /pfs/work9/workspace/scratch/ma_pkonz-thesis/ForestDiffusion/tests/saved_models/29_Pima.npz/TCCM_nt50/e8c40dd9b05b17d524cf7f7f28aaca66.joblib
[*] Loading cached tccm model from /pfs/work9/workspace/scratch/ma_pkonz-thesis/ForestDiffusion/tests/saved_models/29_Pima.npz/TCCM_nt50/14ae6c355f7ac1953adcd56a8b8c6178.joblib
[*] Loading cached tccm model from /pfs/work9/workspace/scratch/ma_pkonz-thesis/ForestDiffusion/tests/saved_models/29_Pima.npz/TCCM_nt50/31da515e5cd580887258857403838902.joblib
[*] Loading cached tccm model from /pfs/work9/workspace/scratch/ma_pkonz-thesis/ForestDiffusion/tests/saved_models/29_Pima.npz/TCCM_nt50/d1647af750e510afa9e0529c408e7633.joblib
[*] Loading cached tccm model from /pfs/work9/workspace/scratch/ma_pkonz-thesis/ForestDiffusion/tests/saved_models/29_Pima.npz/TCCM_nt50/a1428e89c03a2cc36f2efd1354f2d969.joblib
[*] Loading cached tccm model from /pfs/work9/workspace/scratch/ma_pkonz-thesis/ForestDiffusion/tests/saved_models/29_Pima.npz/TCCM_nt50/3dcf6cbca6af92e6cd5c36b81ec6dc89.joblib
[*] Loading cached tccm model from /pfs/work9/workspace/scratch/ma_pkonz-thesis/ForestDiffusion/tests/saved_models/29_Pima.npz/TCCM_nt50/3364134d8bcf0eab81057e0033b51f73.joblib
[*] Loading cached tccm model from /pfs/work9/workspace/scratch/ma_pkonz-thesis/ForestDiffusion/tests/saved_models/29_Pima.npz/TCCM_nt50/a01d3119beb06d0f324ea30db5ca7aec.joblib
[*] Loading cached tccm model from /pfs/work9/workspace/scratch/ma_pkonz-thesis/ForestDiffusion/tests/saved_models/29_Pima.npz/TCCM_nt50/24bb667d36da62b94b9ec1978f45612f.joblib
[*] Loading cached tccm model from /pfs/work9/workspace/scratch/ma_pkonz-thesis/ForestDiffusion/tests/saved_models/29_Pima.npz/TCCM_nt50/001ccece6091a44feca74733795eeaed.joblib
[*] Loading cached tccm model from /pfs/work9/workspace/scratch/ma_pkonz-thesis/ForestDiffusion/tests/saved_models/29_Pima.npz/TCCM_nt50/15cc972e041bb81b22ff42febf45db26.joblib
[*] Loading cached tccm model from /pfs/work9/workspace/scratch/ma_pkonz-thesis/ForestDiffusion/tests/saved_models/29_Pima.npz/TCCM_nt50/f9c8b7828440d4937ea089c77afbed80.joblib
[*] Loading cached tccm model from /pfs/work9/workspace/scratch/ma_pkonz-thesis/ForestDiffusion/tests/saved_models/29_Pima.npz/TCCM_nt50/54395a5e7e12842e103a585cf7554e26.joblib
[*] Loading cached tccm model from /pfs/work9/workspace/scratch/ma_pkonz-thesis/ForestDiffusion/tests/saved_models/29_Pima.npz/TCCM_nt50/1a4490617ceea32ab5e970e823cf2ada.joblib
[*] Loading cached tccm model from /pfs/work9/workspace/scratch/ma_pkonz-thesis/ForestDiffusion/tests/saved_models/29_Pima.npz/TCCM_nt50/1e7cbcc2b1eed6980845c845125a23ba.joblib
[*] Loading cached tccm model from /pfs/work9/workspace/scratch/ma_pkonz-thesis/ForestDiffusion/tests/saved_models/29_Pima.npz/TCCM_nt50/f7770e91fac736e90ac94e6ff8159d45.joblib
[*] Loading cached tccm model from /pfs/work9/workspace/scratch/ma_pkonz-thesis/ForestDiffusion/tests/saved_models/29_Pima.npz/TCCM_nt50/4a54978baeef10e56a725148093d2b5c.joblib
[*] Loading cached tccm model from /pfs/work9/workspace/scratch/ma_pkonz-thesis/ForestDiffusion/tests/saved_models/29_Pima.npz/TCCM_nt50/5578043ef861c1a2c6ed4f12594abecb.joblib
[*] Loading cached tccm model from /pfs/work9/workspace/scratch/ma_pkonz-thesis/ForestDiffusion/tests/saved_models/29_Pima.npz/TCCM_nt50/37ab3432d9ca3d41ae171144ab6f1b1b.joblib
[*] Loading cached tccm model from /pfs/work9/workspace/scratch/ma_pkonz-thesis/ForestDiffusion/tests/saved_models/29_Pima.npz/TCCM_nt50/c44e0767bb52048b519dede7e9f94cfc.joblib
[*] Loading cached tccm model from /pfs/work9/workspace/scratch/ma_pkonz-thesis/ForestDiffusion/tests/saved_models/29_Pima.npz/TCCM_nt50/92612bf03d99d72bb4b6dc5baf072f01.joblib
[*] Loading cached tccm model from /pfs/work9/workspace/scratch/ma_pkonz-thesis/ForestDiffusion/tests/saved_models/29_Pima.npz/TCCM_nt50/daefbc2b2fb2843b24d5f799f60f2132.joblib
[*] Loading cached tccm model from /pfs/work9/workspace/scratch/ma_pkonz-thesis/ForestDiffusion/tests/saved_models/29_Pima.npz/TCCM_nt50/7c26dfe7fbaaad3483cb2e51f748b2af.joblib
[*] Loading cached tccm model from /pfs/work9/workspace/scratch/ma_pkonz-thesis/ForestDiffusion/tests/saved_models/29_Pima.npz/TCCM_nt50/6e2b33f4d9d0622d5a635a8999310803.joblib
[*] Loading cached tccm model from /pfs/work9/workspace/scratch/ma_pkonz-thesis/ForestDiffusion/tests/saved_models/29_Pima.npz/TCCM_nt50/f40b10a2613c4f180b0084ff86821c18.joblib
[*] Loading cached tccm model from /pfs/work9/workspace/scratch/ma_pkonz-thesis/ForestDiffusion/tests/saved_models/29_Pima.npz/TCCM_nt50/de2017b6032f4d8ac58ce1a7d5b3b091.joblib
[*] Loading cached tccm model from /pfs/work9/workspace/scratch/ma_pkonz-thesis/ForestDiffusion/tests/saved_models/29_Pima.npz/TCCM_nt50/e396727f96036649cafb3315d8c65532.joblib
[*] Loading cached tccm model from /pfs/work9/workspace/scratch/ma_pkonz-thesis/ForestDiffusion/tests/saved_models/29_Pima.npz/TCCM_nt50/01da8d34d3015e4a999813e5f134c23d.joblib
[*] Loading cached tccm model from /pfs/work9/workspace/scratch/ma_pkonz-thesis/ForestDiffusion/tests/saved_models/29_Pima.npz/TCCM_nt50/fd0fdd490b5f80da8e2016c571ed44a5.joblib
[*] Loading cached tccm model from /pfs/work9/workspace/scratch/ma_pkonz-thesis/ForestDiffusion/tests/saved_models/29_Pima.npz/TCCM_nt50/f382d260068ed92d1d97008d1f423461.joblib
[*] Loading cached tccm model from /pfs/work9/workspace/scratch/ma_pkonz-thesis/ForestDiffusion/tests/saved_models/29_Pima.npz/TCCM_nt50/c4711af8322f90c5d969b236855d7b3f.joblib

 Dataset: 29_Pima.npz with model: TCCM_nt50 and score: decision
 
Dataset loaded successfully!
Training data: (250, 8), Normal: 250
Test data: (518, 8), Normal: 250, Anomalies: 268
[*] Loading cached tccm model from /pfs/work9/workspace/scratch/ma_pkonz-thesis/ForestDiffusion/tests/saved_models/29_Pima.npz/TCCM_nt50/57223aa07cc63d20f5bf9e421a2c8398.joblib
[*] Loading cached tccm model from /pfs/work9/workspace/scratch/ma_pkonz-thesis/ForestDiffusion/tests/saved_models/29_Pima.npz/TCCM_nt50/e5821f2e0c2c1c33df4297fc408b336f.joblib
[*] Loading cached tccm model from /pfs/work9/workspace/scratch/ma_pkonz-thesis/ForestDiffusion/tests/saved_models/29_Pima.npz/TCCM_nt50/ba265bc0f9aee3b2f3c0712becf768cd.joblib
[*] Loading cached tccm model from /pfs/work9/workspace/scratch/ma_pkonz-thesis/ForestDiffusion/tests/saved_models/29_Pima.npz/TCCM_nt50/c6dad3282b9c7a91ebab2d3929140843.joblib
[*] Loading cached tccm model from /pfs/work9/workspace/scratch/ma_pkonz-thesis/ForestDiffusion/tests/saved_models/29_Pima.npz/TCCM_nt50/75cd95f9bc176b48142507626c950d26.joblib
[*] Loading cached tccm model from /pfs/work9/workspace/scratch/ma_pkonz-thesis/ForestDiffusion/tests/saved_models/29_Pima.npz/TCCM_nt50/c918a957d61c7f22ba36c17e987bcb0c.joblib
[*] Loading cached tccm model from /pfs/work9/workspace/scratch/ma_pkonz-thesis/ForestDiffusion/tests/saved_models/29_Pima.npz/TCCM_nt50/5e1037f65fd85d50cbbb4e2b8d14df38.joblib
[*] Loading cached tccm model from /pfs/work9/workspace/scratch/ma_pkonz-thesis/ForestDiffusion/tests/saved_models/29_Pima.npz/TCCM_nt50/2bf313f9e459e7bde3d394ba4fbb294e.joblib
[*] Loading cached tccm model from /pfs/work9/workspace/scratch/ma_pkonz-thesis/ForestDiffusion/tests/saved_models/29_Pima.npz/TCCM_nt50/a92266a0867418eee29bff8d30503e68.joblib
[*] Loading cached tccm model from /pfs/work9/workspace/scratch/ma_pkonz-thesis/ForestDiffusion/tests/saved_models/29_Pima.npz/TCCM_nt50/e2d8580f877603aae2c92b3583ae7e1e.joblib
[*] Loading cached tccm model from /pfs/work9/workspace/scratch/ma_pkonz-thesis/ForestDiffusion/tests/saved_models/29_Pima.npz/TCCM_nt50/cd769724eef7fb90547059e23df0718c.joblib
[*] Loading cached tccm model from /pfs/work9/workspace/scratch/ma_pkonz-thesis/ForestDiffusion/tests/saved_models/29_Pima.npz/TCCM_nt50/3bbc9aee2773359edad3d800405ad2ce.joblib
[*] Loading cached tccm model from /pfs/work9/workspace/scratch/ma_pkonz-thesis/ForestDiffusion/tests/saved_models/29_Pima.npz/TCCM_nt50/b019f969791d6adf66a5d0d1304a3005.joblib
[*] Loading cached tccm model from /pfs/work9/workspace/scratch/ma_pkonz-thesis/ForestDiffusion/tests/saved_models/29_Pima.npz/TCCM_nt50/e08372f9c37a4334972ddce48be90279.joblib
[*] Loading cached tccm model from /pfs/work9/workspace/scratch/ma_pkonz-thesis/ForestDiffusion/tests/saved_models/29_Pima.npz/TCCM_nt50/2567f589dc250d530ff4faf5199f9078.joblib
[*] Loading cached tccm model from /pfs/work9/workspace/scratch/ma_pkonz-thesis/ForestDiffusion/tests/saved_models/29_Pima.npz/TCCM_nt50/9324dbab3f4b7fc1005051133a66a596.joblib
[*] Loading cached tccm model from /pfs/work9/workspace/scratch/ma_pkonz-thesis/ForestDiffusion/tests/saved_models/29_Pima.npz/TCCM_nt50/e70f776c2dc6250d233a2f13a7ad30da.joblib
[*] Loading cached tccm model from /pfs/work9/workspace/scratch/ma_pkonz-thesis/ForestDiffusion/tests/saved_models/29_Pima.npz/TCCM_nt50/e98a51332779eab1bf01505102980437.joblib
[*] Loading cached tccm model from /pfs/work9/workspace/scratch/ma_pkonz-thesis/ForestDiffusion/tests/saved_models/29_Pima.npz/TCCM_nt50/9335afa378b6490926941d27b3af7e26.joblib
[*] Loading cached tccm model from /pfs/work9/workspace/scratch/ma_pkonz-thesis/ForestDiffusion/tests/saved_models/29_Pima.npz/TCCM_nt50/e8c40dd9b05b17d524cf7f7f28aaca66.joblib
[*] Loading cached tccm model from /pfs/work9/workspace/scratch/ma_pkonz-thesis/ForestDiffusion/tests/saved_models/29_Pima.npz/TCCM_nt50/14ae6c355f7ac1953adcd56a8b8c6178.joblib
[*] Loading cached tccm model from /pfs/work9/workspace/scratch/ma_pkonz-thesis/ForestDiffusion/tests/saved_models/29_Pima.npz/TCCM_nt50/31da515e5cd580887258857403838902.joblib
[*] Loading cached tccm model from /pfs/work9/workspace/scratch/ma_pkonz-thesis/ForestDiffusion/tests/saved_models/29_Pima.npz/TCCM_nt50/d1647af750e510afa9e0529c408e7633.joblib
[*] Loading cached tccm model from /pfs/work9/workspace/scratch/ma_pkonz-thesis/ForestDiffusion/tests/saved_models/29_Pima.npz/TCCM_nt50/a1428e89c03a2cc36f2efd1354f2d969.joblib
[*] Loading cached tccm model from /pfs/work9/workspace/scratch/ma_pkonz-thesis/ForestDiffusion/tests/saved_models/29_Pima.npz/TCCM_nt50/3dcf6cbca6af92e6cd5c36b81ec6dc89.joblib
[*] Loading cached tccm model from /pfs/work9/workspace/scratch/ma_pkonz-thesis/ForestDiffusion/tests/saved_models/29_Pima.npz/TCCM_nt50/3364134d8bcf0eab81057e0033b51f73.joblib
[*] Loading cached tccm model from /pfs/work9/workspace/scratch/ma_pkonz-thesis/ForestDiffusion/tests/saved_models/29_Pima.npz/TCCM_nt50/a01d3119beb06d0f324ea30db5ca7aec.joblib
[*] Loading cached tccm model from /pfs/work9/workspace/scratch/ma_pkonz-thesis/ForestDiffusion/tests/saved_models/29_Pima.npz/TCCM_nt50/24bb667d36da62b94b9ec1978f45612f.joblib
[*] Loading cached tccm model from /pfs/work9/workspace/scratch/ma_pkonz-thesis/ForestDiffusion/tests/saved_models/29_Pima.npz/TCCM_nt50/001ccece6091a44feca74733795eeaed.joblib
[*] Loading cached tccm model from /pfs/work9/workspace/scratch/ma_pkonz-thesis/ForestDiffusion/tests/saved_models/29_Pima.npz/TCCM_nt50/15cc972e041bb81b22ff42febf45db26.joblib
[*] Loading cached tccm model from /pfs/work9/workspace/scratch/ma_pkonz-thesis/ForestDiffusion/tests/saved_models/29_Pima.npz/TCCM_nt50/f9c8b7828440d4937ea089c77afbed80.joblib
[*] Loading cached tccm model from /pfs/work9/workspace/scratch/ma_pkonz-thesis/ForestDiffusion/tests/saved_models/29_Pima.npz/TCCM_nt50/54395a5e7e12842e103a585cf7554e26.joblib
[*] Loading cached tccm model from /pfs/work9/workspace/scratch/ma_pkonz-thesis/ForestDiffusion/tests/saved_models/29_Pima.npz/TCCM_nt50/1a4490617ceea32ab5e970e823cf2ada.joblib
[*] Loading cached tccm model from /pfs/work9/workspace/scratch/ma_pkonz-thesis/ForestDiffusion/tests/saved_models/29_Pima.npz/TCCM_nt50/1e7cbcc2b1eed6980845c845125a23ba.joblib
[*] Loading cached tccm model from /pfs/work9/workspace/scratch/ma_pkonz-thesis/ForestDiffusion/tests/saved_models/29_Pima.npz/TCCM_nt50/f7770e91fac736e90ac94e6ff8159d45.joblib
[*] Loading cached tccm model from /pfs/work9/workspace/scratch/ma_pkonz-thesis/ForestDiffusion/tests/saved_models/29_Pima.npz/TCCM_nt50/4a54978baeef10e56a725148093d2b5c.joblib
[*] Loading cached tccm model from /pfs/work9/workspace/scratch/ma_pkonz-thesis/ForestDiffusion/tests/saved_models/29_Pima.npz/TCCM_nt50/5578043ef861c1a2c6ed4f12594abecb.joblib
[*] Loading cached tccm model from /pfs/work9/workspace/scratch/ma_pkonz-thesis/ForestDiffusion/tests/saved_models/29_Pima.npz/TCCM_nt50/37ab3432d9ca3d41ae171144ab6f1b1b.joblib
[*] Loading cached tccm model from /pfs/work9/workspace/scratch/ma_pkonz-thesis/ForestDiffusion/tests/saved_models/29_Pima.npz/TCCM_nt50/c44e0767bb52048b519dede7e9f94cfc.joblib
[*] Loading cached tccm model from /pfs/work9/workspace/scratch/ma_pkonz-thesis/ForestDiffusion/tests/saved_models/29_Pima.npz/TCCM_nt50/92612bf03d99d72bb4b6dc5baf072f01.joblib
[*] Loading cached tccm model from /pfs/work9/workspace/scratch/ma_pkonz-thesis/ForestDiffusion/tests/saved_models/29_Pima.npz/TCCM_nt50/daefbc2b2fb2843b24d5f799f60f2132.joblib
[*] Loading cached tccm model from /pfs/work9/workspace/scratch/ma_pkonz-thesis/ForestDiffusion/tests/saved_models/29_Pima.npz/TCCM_nt50/7c26dfe7fbaaad3483cb2e51f748b2af.joblib
[*] Loading cached tccm model from /pfs/work9/workspace/scratch/ma_pkonz-thesis/ForestDiffusion/tests/saved_models/29_Pima.npz/TCCM_nt50/6e2b33f4d9d0622d5a635a8999310803.joblib
[*] Loading cached tccm model from /pfs/work9/workspace/scratch/ma_pkonz-thesis/ForestDiffusion/tests/saved_models/29_Pima.npz/TCCM_nt50/f40b10a2613c4f180b0084ff86821c18.joblib
[*] Loading cached tccm model from /pfs/work9/workspace/scratch/ma_pkonz-thesis/ForestDiffusion/tests/saved_models/29_Pima.npz/TCCM_nt50/de2017b6032f4d8ac58ce1a7d5b3b091.joblib
[*] Loading cached tccm model from /pfs/work9/workspace/scratch/ma_pkonz-thesis/ForestDiffusion/tests/saved_models/29_Pima.npz/TCCM_nt50/e396727f96036649cafb3315d8c65532.joblib
[*] Loading cached tccm model from /pfs/work9/workspace/scratch/ma_pkonz-thesis/ForestDiffusion/tests/saved_models/29_Pima.npz/TCCM_nt50/01da8d34d3015e4a999813e5f134c23d.joblib
[*] Loading cached tccm model from /pfs/work9/workspace/scratch/ma_pkonz-thesis/ForestDiffusion/tests/saved_models/29_Pima.npz/TCCM_nt50/fd0fdd490b5f80da8e2016c571ed44a5.joblib
[*] Loading cached tccm model from /pfs/work9/workspace/scratch/ma_pkonz-thesis/ForestDiffusion/tests/saved_models/29_Pima.npz/TCCM_nt50/f382d260068ed92d1d97008d1f423461.joblib
[*] Loading cached tccm model from /pfs/work9/workspace/scratch/ma_pkonz-thesis/ForestDiffusion/tests/saved_models/29_Pima.npz/TCCM_nt50/c4711af8322f90c5d969b236855d7b3f.joblib

================================================================================
EXTREME CASES SUMMARY
================================================================================

TCCM_nt50 - deviation:
  29_Pima.npz [no_contamination]:
    AUC: 0.7063 ± 0.0288
    AUPRC: 0.5470 ± 0.0192

    Threshold Percentile Metrics:
    Percentile   Precision            Recall               F1                  
    ------------------------------------------------------------------------
    20           0.3909 ± 0.0164      0.8955 ± 0.0375      0.5442 ± 0.0228     
    30           0.4171 ± 0.0190      0.8373 ± 0.0382      0.5568 ± 0.0254     
    40           0.4548 ± 0.0177      0.7806 ± 0.0304      0.5747 ± 0.0224     
    50           0.4969 ± 0.0138      0.7119 ± 0.0198      0.5853 ± 0.0163     
    70           0.5843 ± 0.0186      0.5015 ± 0.0159      0.5398 ± 0.0172     
    80           0.6026 ± 0.0292      0.3463 ± 0.0168      0.4398 ± 0.0213     
    90           0.5949 ± 0.0299      0.1731 ± 0.0087      0.2682 ± 0.0135     
    95           0.5900 ± 0.0374      0.0881 ± 0.0056      0.1532 ± 0.0097     
    97.5         0.7200 ± 0.0748      0.0537 ± 0.0056      0.1000 ± 0.0104     
    99           0.7000 ± 0.1000      0.0209 ± 0.0030      0.0406 ± 0.0058     

    ✓ Best F1: 0.5853 @ 50th percentile
  29_Pima.npz [full_contamination]:
    AUC: 0.5442 ± 0.0762
    AUPRC: 0.4077 ± 0.0461

    Threshold Percentile Metrics:
    Percentile   Precision            Recall               F1                  
    ------------------------------------------------------------------------
    20           0.3511 ± 0.0292      0.8045 ± 0.0670      0.4889 ± 0.0407     
    30           0.3569 ± 0.0355      0.7164 ± 0.0713      0.4764 ± 0.0474     
    40           0.3678 ± 0.0516      0.6313 ± 0.0886      0.4648 ± 0.0653     
    50           0.3781 ± 0.0546      0.5418 ± 0.0782      0.4454 ± 0.0643     
    70           0.4104 ± 0.0681      0.3522 ± 0.0585      0.3791 ± 0.0629     
    80           0.4156 ± 0.0598      0.2388 ± 0.0344      0.3033 ± 0.0436     
    90           0.4615 ± 0.0669      0.1343 ± 0.0195      0.2081 ± 0.0301     
    95           0.4800 ± 0.0245      0.0716 ± 0.0037      0.1247 ± 0.0064     
    97.5         0.4600 ± 0.0800      0.0343 ± 0.0060      0.0639 ± 0.0111     
    99           0.5000 ± 0.1581      0.0149 ± 0.0047      0.0290 ± 0.0092     

    ✓ Best F1: 0.4889 @ 20th percentile

TCCM_nt50 - reconstruction:
  29_Pima.npz [no_contamination]:
    AUC: 0.7228 ± 0.0244
    AUPRC: 0.5482 ± 0.0227

    Threshold Percentile Metrics:
    Percentile   Precision            Recall               F1                  
    ------------------------------------------------------------------------
    20           0.4059 ± 0.0073      0.9299 ± 0.0168      0.5651 ± 0.0102     
    30           0.4305 ± 0.0138      0.8642 ± 0.0277      0.5747 ± 0.0184     
    40           0.4713 ± 0.0119      0.8090 ± 0.0204      0.5956 ± 0.0150     
    50           0.5198 ± 0.0077      0.7448 ± 0.0110      0.6123 ± 0.0090     
    70           0.5757 ± 0.0277      0.4940 ± 0.0238      0.5317 ± 0.0256     
    80           0.5481 ± 0.0422      0.3149 ± 0.0243      0.4000 ± 0.0308     
    90           0.5692 ± 0.0340      0.1657 ± 0.0099      0.2566 ± 0.0153     
    95           0.5900 ± 0.0374      0.0881 ± 0.0056      0.1532 ± 0.0097     
    97.5         0.6600 ± 0.0800      0.0493 ± 0.0060      0.0917 ± 0.0111     
    99           0.7500 ± 0.0000      0.0224 ± 0.0000      0.0435 ± 0.0000     

    ✓ Best F1: 0.6123 @ 50th percentile
  29_Pima.npz [full_contamination]:
    AUC: 0.7006 ± 0.0493
    AUPRC: 0.5301 ± 0.0446

    Threshold Percentile Metrics:
    Percentile   Precision            Recall               F1                  
    ------------------------------------------------------------------------
    20           0.3974 ± 0.0135      0.9104 ± 0.0309      0.5533 ± 0.0188     
    30           0.4260 ± 0.0221      0.8552 ± 0.0444      0.5687 ± 0.0295     
    40           0.4583 ± 0.0254      0.7866 ± 0.0437      0.5791 ± 0.0322     
    50           0.4969 ± 0.0305      0.7119 ± 0.0437      0.5853 ± 0.0359     
    70           0.5426 ± 0.0506      0.4657 ± 0.0434      0.5012 ± 0.0467     
    80           0.5403 ± 0.0483      0.3104 ± 0.0278      0.3943 ± 0.0353     
    90           0.5487 ± 0.0528      0.1597 ± 0.0154      0.2474 ± 0.0238     
    95           0.5600 ± 0.0490      0.0836 ± 0.0073      0.1455 ± 0.0127     
    97.5         0.6400 ± 0.0800      0.0478 ± 0.0060      0.0889 ± 0.0111     
    99           0.7500 ± 0.0000      0.0224 ± 0.0000      0.0435 ± 0.0000     

    ✓ Best F1: 0.5853 @ 50th percentile

TCCM_nt50 - decision:
  29_Pima.npz [no_contamination]:
    AUC: 0.7216 ± 0.0118
    AUPRC: 0.5495 ± 0.0102

    Threshold Percentile Metrics:
    Percentile   Precision            Recall               F1                  
    ------------------------------------------------------------------------
    20           0.4007 ± 0.0062      0.9179 ± 0.0142      0.5578 ± 0.0086     
    30           0.4342 ± 0.0072      0.8716 ± 0.0145      0.5797 ± 0.0096     
    40           0.4704 ± 0.0070      0.8075 ± 0.0119      0.5945 ± 0.0088     
    50           0.5125 ± 0.0071      0.7343 ± 0.0101      0.6037 ± 0.0083     
    70           0.5965 ± 0.0118      0.5119 ± 0.0101      0.5510 ± 0.0109     
    80           0.5610 ± 0.0352      0.3224 ± 0.0202      0.4095 ± 0.0257     
    90           0.5487 ± 0.0502      0.1597 ± 0.0146      0.2474 ± 0.0227     
    95           0.6400 ± 0.0490      0.0955 ± 0.0073      0.1662 ± 0.0127     
    97.5         0.6600 ± 0.0490      0.0493 ± 0.0037      0.0917 ± 0.0068     
    99           0.6500 ± 0.1225      0.0194 ± 0.0037      0.0377 ± 0.0071     

    ✓ Best F1: 0.6037 @ 50th percentile
  29_Pima.npz [full_contamination]:
    AUC: 0.6479 ± 0.0314
    AUPRC: 0.4735 ± 0.0199

    Threshold Percentile Metrics:
    Percentile   Precision            Recall               F1                  
    ------------------------------------------------------------------------
    20           0.3837 ± 0.0134      0.8791 ± 0.0307      0.5342 ± 0.0187     
    30           0.4067 ± 0.0134      0.8164 ± 0.0269      0.5429 ± 0.0179     
    40           0.4357 ± 0.0207      0.7478 ± 0.0354      0.5505 ± 0.0261     
    50           0.4771 ± 0.0163      0.6836 ± 0.0234      0.5620 ± 0.0192     
    70           0.4817 ± 0.0299      0.4134 ± 0.0257      0.4450 ± 0.0276     
    80           0.4779 ± 0.0301      0.2746 ± 0.0173      0.3488 ± 0.0219     
    90           0.5026 ± 0.0205      0.1463 ± 0.0060      0.2266 ± 0.0092     
    95           0.4900 ± 0.0374      0.0731 ± 0.0056      0.1273 ± 0.0097     
    97.5         0.4600 ± 0.0490      0.0343 ± 0.0037      0.0639 ± 0.0068     
    99           0.5500 ± 0.1871      0.0164 ± 0.0056      0.0319 ± 0.0108     

    ✓ Best F1: 0.5620 @ 50th percentile

============================================================
Ergebnisse gespeichert unter: results_quick/results_data/extreme_cases_29_Pima_20251213_100651.joblib
============================================================
== Job Ende: Sat Dec 13 10:06:57 AM CET 2025 ==

============================= JOB FEEDBACK =============================

NodeName=uc2n871
Job ID: 2596564
Cluster: uc3
User/Group: ma_pkonz/ma_ma
State: COMPLETED (exit code 0)
Nodes: 1
Cores per node: 16
CPU Utilized: 00:00:32
CPU Efficiency: 1.55% of 00:34:24 core-walltime
Job Wall-clock time: 00:02:09
Memory Utilized: 363.22 MB
Memory Efficiency: 1.11% of 32.00 GB (32.00 GB/node)
