== Job Start: Sun Dec 14 08:54:09 PM CET 2025 ==
Python: /pfs/work9/workspace/scratch/ma_pkonz-thesis/ForestDiffusion/.venv/bin/python
Imports dauern ~2-3 Minuten, bitte warten...

 Dataset: 5_campaign.npz with model: ForestDiffusion_nt50_dk10 and score: deviation
 
Dataset loaded successfully!
Training data: (18274, 62), Normal: 18274
Test data: (22914, 62), Normal: 18274, Anomalies: 4640
[*] Loading cached forest model from /pfs/work9/workspace/scratch/ma_pkonz-thesis/ForestDiffusion/tests/saved_models/5_campaign.npz/ForestDiffusion_nt50_dk10/223068c8018a8b8127e32c4726ccc505.joblib
[*] Loading cached forest model from /pfs/work9/workspace/scratch/ma_pkonz-thesis/ForestDiffusion/tests/saved_models/5_campaign.npz/ForestDiffusion_nt50_dk10/b4f96384f330f49fd6f629fc39c5c424.joblib
[*] Loading cached forest model from /pfs/work9/workspace/scratch/ma_pkonz-thesis/ForestDiffusion/tests/saved_models/5_campaign.npz/ForestDiffusion_nt50_dk10/989cc977f0f828974a1c746c7a87a918.joblib
[*] Loading cached forest model from /pfs/work9/workspace/scratch/ma_pkonz-thesis/ForestDiffusion/tests/saved_models/5_campaign.npz/ForestDiffusion_nt50_dk10/189c08d7d1ec725180435967e12ccc41.joblib
[*] Loading cached forest model from /pfs/work9/workspace/scratch/ma_pkonz-thesis/ForestDiffusion/tests/saved_models/5_campaign.npz/ForestDiffusion_nt50_dk10/f9fb8766fbf383b71645120b6e527bb1.joblib
[*] Loading cached forest model from /pfs/work9/workspace/scratch/ma_pkonz-thesis/ForestDiffusion/tests/saved_models/5_campaign.npz/ForestDiffusion_nt50_dk10/ec87916c3f0bf82866174dbda90e250e.joblib
[*] Loading cached forest model from /pfs/work9/workspace/scratch/ma_pkonz-thesis/ForestDiffusion/tests/saved_models/5_campaign.npz/ForestDiffusion_nt50_dk10/1fcc73b4b7f7cc6ec7a18959fed1b00e.joblib
[*] Loading cached forest model from /pfs/work9/workspace/scratch/ma_pkonz-thesis/ForestDiffusion/tests/saved_models/5_campaign.npz/ForestDiffusion_nt50_dk10/a4756d08c9d89d539a10bd72b6174b6d.joblib
[*] Loading cached forest model from /pfs/work9/workspace/scratch/ma_pkonz-thesis/ForestDiffusion/tests/saved_models/5_campaign.npz/ForestDiffusion_nt50_dk10/ca9b81f5dd6ab8f7d7eab8c539f9554e.joblib
[*] Loading cached forest model from /pfs/work9/workspace/scratch/ma_pkonz-thesis/ForestDiffusion/tests/saved_models/5_campaign.npz/ForestDiffusion_nt50_dk10/9fb3e41a339221af7055c53ebd3f3633.joblib
[*] Loading cached forest model from /pfs/work9/workspace/scratch/ma_pkonz-thesis/ForestDiffusion/tests/saved_models/5_campaign.npz/ForestDiffusion_nt50_dk10/9cc413653d81c610e99aa9e4604ee276.joblib
[*] Loading cached forest model from /pfs/work9/workspace/scratch/ma_pkonz-thesis/ForestDiffusion/tests/saved_models/5_campaign.npz/ForestDiffusion_nt50_dk10/90d927419fc37e6efe7779fd6b2673f3.joblib
[*] Loading cached forest model from /pfs/work9/workspace/scratch/ma_pkonz-thesis/ForestDiffusion/tests/saved_models/5_campaign.npz/ForestDiffusion_nt50_dk10/b8069e221b16392cd962a9740c666c7e.joblib
[*] Loading cached forest model from /pfs/work9/workspace/scratch/ma_pkonz-thesis/ForestDiffusion/tests/saved_models/5_campaign.npz/ForestDiffusion_nt50_dk10/79f737bc36246eca4b347cdc699bea32.joblib
[*] Loading cached forest model from /pfs/work9/workspace/scratch/ma_pkonz-thesis/ForestDiffusion/tests/saved_models/5_campaign.npz/ForestDiffusion_nt50_dk10/5a4d5b3a70f447f31831289d7ca03b47.joblib
[*] Loading cached forest model from /pfs/work9/workspace/scratch/ma_pkonz-thesis/ForestDiffusion/tests/saved_models/5_campaign.npz/ForestDiffusion_nt50_dk10/9d4efbbd62ed2608cf55699df6ceebc8.joblib
[*] Loading cached forest model from /pfs/work9/workspace/scratch/ma_pkonz-thesis/ForestDiffusion/tests/saved_models/5_campaign.npz/ForestDiffusion_nt50_dk10/d3e6f1db9fee5cdf3dbe6d8d46891d84.joblib
[*] Loading cached forest model from /pfs/work9/workspace/scratch/ma_pkonz-thesis/ForestDiffusion/tests/saved_models/5_campaign.npz/ForestDiffusion_nt50_dk10/5098c7155fdd20eeec5a4859846ec69f.joblib
[*] Loading cached forest model from /pfs/work9/workspace/scratch/ma_pkonz-thesis/ForestDiffusion/tests/saved_models/5_campaign.npz/ForestDiffusion_nt50_dk10/f76c87943ce0504dc349e2f64a0bc71d.joblib
[*] Loading cached forest model from /pfs/work9/workspace/scratch/ma_pkonz-thesis/ForestDiffusion/tests/saved_models/5_campaign.npz/ForestDiffusion_nt50_dk10/876526821fa1aa650252755b72a0585a.joblib
[*] Loading cached forest model from /pfs/work9/workspace/scratch/ma_pkonz-thesis/ForestDiffusion/tests/saved_models/5_campaign.npz/ForestDiffusion_nt50_dk10/dd7a9b246da74c4568ecddd6b460fefc.joblib
[*] Loading cached forest model from /pfs/work9/workspace/scratch/ma_pkonz-thesis/ForestDiffusion/tests/saved_models/5_campaign.npz/ForestDiffusion_nt50_dk10/f830f17238c570167f2db2a7939576f4.joblib
[*] Loading cached forest model from /pfs/work9/workspace/scratch/ma_pkonz-thesis/ForestDiffusion/tests/saved_models/5_campaign.npz/ForestDiffusion_nt50_dk10/ee92ac15157439427ed65b049a8e92f9.joblib
[*] Loading cached forest model from /pfs/work9/workspace/scratch/ma_pkonz-thesis/ForestDiffusion/tests/saved_models/5_campaign.npz/ForestDiffusion_nt50_dk10/e77c3ab1d7a1381f8e774c498f869e7f.joblib
[*] Loading cached forest model from /pfs/work9/workspace/scratch/ma_pkonz-thesis/ForestDiffusion/tests/saved_models/5_campaign.npz/ForestDiffusion_nt50_dk10/f2424f902d0232a7aa77f5fe9ca52369.joblib
[*] Loading cached forest model from /pfs/work9/workspace/scratch/ma_pkonz-thesis/ForestDiffusion/tests/saved_models/5_campaign.npz/ForestDiffusion_nt50_dk10/5f9c24f235ece82e21c559c71b5446af.joblib
[*] Loading cached forest model from /pfs/work9/workspace/scratch/ma_pkonz-thesis/ForestDiffusion/tests/saved_models/5_campaign.npz/ForestDiffusion_nt50_dk10/77c5c1c28f01ed5d2783c91585f6c890.joblib
[*] Loading cached forest model from /pfs/work9/workspace/scratch/ma_pkonz-thesis/ForestDiffusion/tests/saved_models/5_campaign.npz/ForestDiffusion_nt50_dk10/a2bc87a2ab4f01e8f13c5ddc44a3c127.joblib
[*] Loading cached forest model from /pfs/work9/workspace/scratch/ma_pkonz-thesis/ForestDiffusion/tests/saved_models/5_campaign.npz/ForestDiffusion_nt50_dk10/e11a63e64aa762bcef689278b6767e34.joblib
[*] Loading cached forest model from /pfs/work9/workspace/scratch/ma_pkonz-thesis/ForestDiffusion/tests/saved_models/5_campaign.npz/ForestDiffusion_nt50_dk10/1e47ebf838399eca03656bb8aab71444.joblib
[*] Loading cached forest model from /pfs/work9/workspace/scratch/ma_pkonz-thesis/ForestDiffusion/tests/saved_models/5_campaign.npz/ForestDiffusion_nt50_dk10/32081b28ad0d6a823ff2b291c342d189.joblib
[*] Loading cached forest model from /pfs/work9/workspace/scratch/ma_pkonz-thesis/ForestDiffusion/tests/saved_models/5_campaign.npz/ForestDiffusion_nt50_dk10/c1bde0030f3e75006d817146face4be5.joblib
[*] Loading cached forest model from /pfs/work9/workspace/scratch/ma_pkonz-thesis/ForestDiffusion/tests/saved_models/5_campaign.npz/ForestDiffusion_nt50_dk10/a5906f047af4a0fb5abb96b8ba1d1738.joblib
[*] Loading cached forest model from /pfs/work9/workspace/scratch/ma_pkonz-thesis/ForestDiffusion/tests/saved_models/5_campaign.npz/ForestDiffusion_nt50_dk10/7fc4672ea4d5e20dc309c972a46c1a02.joblib
[*] Loading cached forest model from /pfs/work9/workspace/scratch/ma_pkonz-thesis/ForestDiffusion/tests/saved_models/5_campaign.npz/ForestDiffusion_nt50_dk10/9f299d38cdb033a8e84ca00720ea2fdb.joblib
[*] Loading cached forest model from /pfs/work9/workspace/scratch/ma_pkonz-thesis/ForestDiffusion/tests/saved_models/5_campaign.npz/ForestDiffusion_nt50_dk10/24fe2098bd1ce28eb64a866d4afa1e71.joblib
[*] Loading cached forest model from /pfs/work9/workspace/scratch/ma_pkonz-thesis/ForestDiffusion/tests/saved_models/5_campaign.npz/ForestDiffusion_nt50_dk10/46980895963a61bb58627f8c9f52bb26.joblib
[*] Loading cached forest model from /pfs/work9/workspace/scratch/ma_pkonz-thesis/ForestDiffusion/tests/saved_models/5_campaign.npz/ForestDiffusion_nt50_dk10/8c7f2fc05fbcd3ceb79eeb53ddab131e.joblib
[*] Loading cached forest model from /pfs/work9/workspace/scratch/ma_pkonz-thesis/ForestDiffusion/tests/saved_models/5_campaign.npz/ForestDiffusion_nt50_dk10/f6c3624056e9d164f68a53aaf8a84ef0.joblib
[*] Loading cached forest model from /pfs/work9/workspace/scratch/ma_pkonz-thesis/ForestDiffusion/tests/saved_models/5_campaign.npz/ForestDiffusion_nt50_dk10/bcce3111bfab24cc7fcac1a18787ceae.joblib
[*] Loading cached forest model from /pfs/work9/workspace/scratch/ma_pkonz-thesis/ForestDiffusion/tests/saved_models/5_campaign.npz/ForestDiffusion_nt50_dk10/438e3f256be3774911a87b40042853e4.joblib
[*] Loading cached forest model from /pfs/work9/workspace/scratch/ma_pkonz-thesis/ForestDiffusion/tests/saved_models/5_campaign.npz/ForestDiffusion_nt50_dk10/edacab30182d7f95af73645a4db3c57d.joblib
[*] Loading cached forest model from /pfs/work9/workspace/scratch/ma_pkonz-thesis/ForestDiffusion/tests/saved_models/5_campaign.npz/ForestDiffusion_nt50_dk10/2085c67707482ad287590e0436a35de6.joblib
[*] Loading cached forest model from /pfs/work9/workspace/scratch/ma_pkonz-thesis/ForestDiffusion/tests/saved_models/5_campaign.npz/ForestDiffusion_nt50_dk10/e176864df6da8fa3b43be8dd780a6128.joblib
[*] Loading cached forest model from /pfs/work9/workspace/scratch/ma_pkonz-thesis/ForestDiffusion/tests/saved_models/5_campaign.npz/ForestDiffusion_nt50_dk10/446d53dbe2ad83793003e34a1c3cfd9b.joblib
[*] Loading cached forest model from /pfs/work9/workspace/scratch/ma_pkonz-thesis/ForestDiffusion/tests/saved_models/5_campaign.npz/ForestDiffusion_nt50_dk10/7993e54cacdf17b103caa9bdf334b1d4.joblib
[*] Loading cached forest model from /pfs/work9/workspace/scratch/ma_pkonz-thesis/ForestDiffusion/tests/saved_models/5_campaign.npz/ForestDiffusion_nt50_dk10/f268ec415ffe694fb04ab40a7fb7122d.joblib
[*] Loading cached forest model from /pfs/work9/workspace/scratch/ma_pkonz-thesis/ForestDiffusion/tests/saved_models/5_campaign.npz/ForestDiffusion_nt50_dk10/2832517451f3b589c37d99284302e030.joblib
[*] Loading cached forest model from /pfs/work9/workspace/scratch/ma_pkonz-thesis/ForestDiffusion/tests/saved_models/5_campaign.npz/ForestDiffusion_nt50_dk10/1289e573c4e9e2838148abcfc8c6a6dc.joblib
[*] Loading cached forest model from /pfs/work9/workspace/scratch/ma_pkonz-thesis/ForestDiffusion/tests/saved_models/5_campaign.npz/ForestDiffusion_nt50_dk10/25253ce644e6d83edbe143edb0626ad9.joblib

 Dataset: 5_campaign.npz with model: ForestDiffusion_nt50_dk10 and score: reconstruction
 
Dataset loaded successfully!
Training data: (18274, 62), Normal: 18274
Test data: (22914, 62), Normal: 18274, Anomalies: 4640
[*] Loading cached forest model from /pfs/work9/workspace/scratch/ma_pkonz-thesis/ForestDiffusion/tests/saved_models/5_campaign.npz/ForestDiffusion_nt50_dk10/223068c8018a8b8127e32c4726ccc505.joblib
[*] Loading cached forest model from /pfs/work9/workspace/scratch/ma_pkonz-thesis/ForestDiffusion/tests/saved_models/5_campaign.npz/ForestDiffusion_nt50_dk10/b4f96384f330f49fd6f629fc39c5c424.joblib
[*] Loading cached forest model from /pfs/work9/workspace/scratch/ma_pkonz-thesis/ForestDiffusion/tests/saved_models/5_campaign.npz/ForestDiffusion_nt50_dk10/989cc977f0f828974a1c746c7a87a918.joblib
[*] Loading cached forest model from /pfs/work9/workspace/scratch/ma_pkonz-thesis/ForestDiffusion/tests/saved_models/5_campaign.npz/ForestDiffusion_nt50_dk10/189c08d7d1ec725180435967e12ccc41.joblib
[*] Loading cached forest model from /pfs/work9/workspace/scratch/ma_pkonz-thesis/ForestDiffusion/tests/saved_models/5_campaign.npz/ForestDiffusion_nt50_dk10/f9fb8766fbf383b71645120b6e527bb1.joblib
[*] Loading cached forest model from /pfs/work9/workspace/scratch/ma_pkonz-thesis/ForestDiffusion/tests/saved_models/5_campaign.npz/ForestDiffusion_nt50_dk10/ec87916c3f0bf82866174dbda90e250e.joblib
[*] Loading cached forest model from /pfs/work9/workspace/scratch/ma_pkonz-thesis/ForestDiffusion/tests/saved_models/5_campaign.npz/ForestDiffusion_nt50_dk10/1fcc73b4b7f7cc6ec7a18959fed1b00e.joblib
[*] Loading cached forest model from /pfs/work9/workspace/scratch/ma_pkonz-thesis/ForestDiffusion/tests/saved_models/5_campaign.npz/ForestDiffusion_nt50_dk10/a4756d08c9d89d539a10bd72b6174b6d.joblib
[*] Loading cached forest model from /pfs/work9/workspace/scratch/ma_pkonz-thesis/ForestDiffusion/tests/saved_models/5_campaign.npz/ForestDiffusion_nt50_dk10/ca9b81f5dd6ab8f7d7eab8c539f9554e.joblib
[*] Loading cached forest model from /pfs/work9/workspace/scratch/ma_pkonz-thesis/ForestDiffusion/tests/saved_models/5_campaign.npz/ForestDiffusion_nt50_dk10/9fb3e41a339221af7055c53ebd3f3633.joblib
[*] Loading cached forest model from /pfs/work9/workspace/scratch/ma_pkonz-thesis/ForestDiffusion/tests/saved_models/5_campaign.npz/ForestDiffusion_nt50_dk10/9cc413653d81c610e99aa9e4604ee276.joblib
[*] Loading cached forest model from /pfs/work9/workspace/scratch/ma_pkonz-thesis/ForestDiffusion/tests/saved_models/5_campaign.npz/ForestDiffusion_nt50_dk10/90d927419fc37e6efe7779fd6b2673f3.joblib
[*] Loading cached forest model from /pfs/work9/workspace/scratch/ma_pkonz-thesis/ForestDiffusion/tests/saved_models/5_campaign.npz/ForestDiffusion_nt50_dk10/b8069e221b16392cd962a9740c666c7e.joblib
[*] Loading cached forest model from /pfs/work9/workspace/scratch/ma_pkonz-thesis/ForestDiffusion/tests/saved_models/5_campaign.npz/ForestDiffusion_nt50_dk10/79f737bc36246eca4b347cdc699bea32.joblib
[*] Loading cached forest model from /pfs/work9/workspace/scratch/ma_pkonz-thesis/ForestDiffusion/tests/saved_models/5_campaign.npz/ForestDiffusion_nt50_dk10/5a4d5b3a70f447f31831289d7ca03b47.joblib
[*] Loading cached forest model from /pfs/work9/workspace/scratch/ma_pkonz-thesis/ForestDiffusion/tests/saved_models/5_campaign.npz/ForestDiffusion_nt50_dk10/9d4efbbd62ed2608cf55699df6ceebc8.joblib
[*] Loading cached forest model from /pfs/work9/workspace/scratch/ma_pkonz-thesis/ForestDiffusion/tests/saved_models/5_campaign.npz/ForestDiffusion_nt50_dk10/d3e6f1db9fee5cdf3dbe6d8d46891d84.joblib
[*] Loading cached forest model from /pfs/work9/workspace/scratch/ma_pkonz-thesis/ForestDiffusion/tests/saved_models/5_campaign.npz/ForestDiffusion_nt50_dk10/5098c7155fdd20eeec5a4859846ec69f.joblib
[*] Loading cached forest model from /pfs/work9/workspace/scratch/ma_pkonz-thesis/ForestDiffusion/tests/saved_models/5_campaign.npz/ForestDiffusion_nt50_dk10/f76c87943ce0504dc349e2f64a0bc71d.joblib
[*] Loading cached forest model from /pfs/work9/workspace/scratch/ma_pkonz-thesis/ForestDiffusion/tests/saved_models/5_campaign.npz/ForestDiffusion_nt50_dk10/876526821fa1aa650252755b72a0585a.joblib
[*] Loading cached forest model from /pfs/work9/workspace/scratch/ma_pkonz-thesis/ForestDiffusion/tests/saved_models/5_campaign.npz/ForestDiffusion_nt50_dk10/dd7a9b246da74c4568ecddd6b460fefc.joblib
[*] Loading cached forest model from /pfs/work9/workspace/scratch/ma_pkonz-thesis/ForestDiffusion/tests/saved_models/5_campaign.npz/ForestDiffusion_nt50_dk10/f830f17238c570167f2db2a7939576f4.joblib
[*] Loading cached forest model from /pfs/work9/workspace/scratch/ma_pkonz-thesis/ForestDiffusion/tests/saved_models/5_campaign.npz/ForestDiffusion_nt50_dk10/ee92ac15157439427ed65b049a8e92f9.joblib
[*] Loading cached forest model from /pfs/work9/workspace/scratch/ma_pkonz-thesis/ForestDiffusion/tests/saved_models/5_campaign.npz/ForestDiffusion_nt50_dk10/e77c3ab1d7a1381f8e774c498f869e7f.joblib
[*] Loading cached forest model from /pfs/work9/workspace/scratch/ma_pkonz-thesis/ForestDiffusion/tests/saved_models/5_campaign.npz/ForestDiffusion_nt50_dk10/f2424f902d0232a7aa77f5fe9ca52369.joblib
[*] Loading cached forest model from /pfs/work9/workspace/scratch/ma_pkonz-thesis/ForestDiffusion/tests/saved_models/5_campaign.npz/ForestDiffusion_nt50_dk10/5f9c24f235ece82e21c559c71b5446af.joblib
[*] Loading cached forest model from /pfs/work9/workspace/scratch/ma_pkonz-thesis/ForestDiffusion/tests/saved_models/5_campaign.npz/ForestDiffusion_nt50_dk10/77c5c1c28f01ed5d2783c91585f6c890.joblib
[*] Loading cached forest model from /pfs/work9/workspace/scratch/ma_pkonz-thesis/ForestDiffusion/tests/saved_models/5_campaign.npz/ForestDiffusion_nt50_dk10/a2bc87a2ab4f01e8f13c5ddc44a3c127.joblib
[*] Loading cached forest model from /pfs/work9/workspace/scratch/ma_pkonz-thesis/ForestDiffusion/tests/saved_models/5_campaign.npz/ForestDiffusion_nt50_dk10/e11a63e64aa762bcef689278b6767e34.joblib
[*] Loading cached forest model from /pfs/work9/workspace/scratch/ma_pkonz-thesis/ForestDiffusion/tests/saved_models/5_campaign.npz/ForestDiffusion_nt50_dk10/1e47ebf838399eca03656bb8aab71444.joblib
[*] Loading cached forest model from /pfs/work9/workspace/scratch/ma_pkonz-thesis/ForestDiffusion/tests/saved_models/5_campaign.npz/ForestDiffusion_nt50_dk10/32081b28ad0d6a823ff2b291c342d189.joblib
[*] Loading cached forest model from /pfs/work9/workspace/scratch/ma_pkonz-thesis/ForestDiffusion/tests/saved_models/5_campaign.npz/ForestDiffusion_nt50_dk10/c1bde0030f3e75006d817146face4be5.joblib
[*] Loading cached forest model from /pfs/work9/workspace/scratch/ma_pkonz-thesis/ForestDiffusion/tests/saved_models/5_campaign.npz/ForestDiffusion_nt50_dk10/a5906f047af4a0fb5abb96b8ba1d1738.joblib
[*] Loading cached forest model from /pfs/work9/workspace/scratch/ma_pkonz-thesis/ForestDiffusion/tests/saved_models/5_campaign.npz/ForestDiffusion_nt50_dk10/7fc4672ea4d5e20dc309c972a46c1a02.joblib
[*] Loading cached forest model from /pfs/work9/workspace/scratch/ma_pkonz-thesis/ForestDiffusion/tests/saved_models/5_campaign.npz/ForestDiffusion_nt50_dk10/9f299d38cdb033a8e84ca00720ea2fdb.joblib
[*] Loading cached forest model from /pfs/work9/workspace/scratch/ma_pkonz-thesis/ForestDiffusion/tests/saved_models/5_campaign.npz/ForestDiffusion_nt50_dk10/24fe2098bd1ce28eb64a866d4afa1e71.joblib
[*] Loading cached forest model from /pfs/work9/workspace/scratch/ma_pkonz-thesis/ForestDiffusion/tests/saved_models/5_campaign.npz/ForestDiffusion_nt50_dk10/46980895963a61bb58627f8c9f52bb26.joblib
[*] Loading cached forest model from /pfs/work9/workspace/scratch/ma_pkonz-thesis/ForestDiffusion/tests/saved_models/5_campaign.npz/ForestDiffusion_nt50_dk10/8c7f2fc05fbcd3ceb79eeb53ddab131e.joblib
[*] Loading cached forest model from /pfs/work9/workspace/scratch/ma_pkonz-thesis/ForestDiffusion/tests/saved_models/5_campaign.npz/ForestDiffusion_nt50_dk10/f6c3624056e9d164f68a53aaf8a84ef0.joblib
[*] Loading cached forest model from /pfs/work9/workspace/scratch/ma_pkonz-thesis/ForestDiffusion/tests/saved_models/5_campaign.npz/ForestDiffusion_nt50_dk10/bcce3111bfab24cc7fcac1a18787ceae.joblib
[*] Loading cached forest model from /pfs/work9/workspace/scratch/ma_pkonz-thesis/ForestDiffusion/tests/saved_models/5_campaign.npz/ForestDiffusion_nt50_dk10/438e3f256be3774911a87b40042853e4.joblib
[*] Loading cached forest model from /pfs/work9/workspace/scratch/ma_pkonz-thesis/ForestDiffusion/tests/saved_models/5_campaign.npz/ForestDiffusion_nt50_dk10/edacab30182d7f95af73645a4db3c57d.joblib
[*] Loading cached forest model from /pfs/work9/workspace/scratch/ma_pkonz-thesis/ForestDiffusion/tests/saved_models/5_campaign.npz/ForestDiffusion_nt50_dk10/2085c67707482ad287590e0436a35de6.joblib
[*] Loading cached forest model from /pfs/work9/workspace/scratch/ma_pkonz-thesis/ForestDiffusion/tests/saved_models/5_campaign.npz/ForestDiffusion_nt50_dk10/e176864df6da8fa3b43be8dd780a6128.joblib
[*] Loading cached forest model from /pfs/work9/workspace/scratch/ma_pkonz-thesis/ForestDiffusion/tests/saved_models/5_campaign.npz/ForestDiffusion_nt50_dk10/446d53dbe2ad83793003e34a1c3cfd9b.joblib
[*] Loading cached forest model from /pfs/work9/workspace/scratch/ma_pkonz-thesis/ForestDiffusion/tests/saved_models/5_campaign.npz/ForestDiffusion_nt50_dk10/7993e54cacdf17b103caa9bdf334b1d4.joblib
[*] Loading cached forest model from /pfs/work9/workspace/scratch/ma_pkonz-thesis/ForestDiffusion/tests/saved_models/5_campaign.npz/ForestDiffusion_nt50_dk10/f268ec415ffe694fb04ab40a7fb7122d.joblib
[*] Loading cached forest model from /pfs/work9/workspace/scratch/ma_pkonz-thesis/ForestDiffusion/tests/saved_models/5_campaign.npz/ForestDiffusion_nt50_dk10/2832517451f3b589c37d99284302e030.joblib
[*] Loading cached forest model from /pfs/work9/workspace/scratch/ma_pkonz-thesis/ForestDiffusion/tests/saved_models/5_campaign.npz/ForestDiffusion_nt50_dk10/1289e573c4e9e2838148abcfc8c6a6dc.joblib
[*] Loading cached forest model from /pfs/work9/workspace/scratch/ma_pkonz-thesis/ForestDiffusion/tests/saved_models/5_campaign.npz/ForestDiffusion_nt50_dk10/25253ce644e6d83edbe143edb0626ad9.joblib

 Dataset: 5_campaign.npz with model: ForestDiffusion_nt50_dk10 and score: decision
 
Dataset loaded successfully!
Training data: (18274, 62), Normal: 18274
Test data: (22914, 62), Normal: 18274, Anomalies: 4640
[*] Loading cached forest model from /pfs/work9/workspace/scratch/ma_pkonz-thesis/ForestDiffusion/tests/saved_models/5_campaign.npz/ForestDiffusion_nt50_dk10/223068c8018a8b8127e32c4726ccc505.joblib
[*] Loading cached forest model from /pfs/work9/workspace/scratch/ma_pkonz-thesis/ForestDiffusion/tests/saved_models/5_campaign.npz/ForestDiffusion_nt50_dk10/b4f96384f330f49fd6f629fc39c5c424.joblib
[*] Loading cached forest model from /pfs/work9/workspace/scratch/ma_pkonz-thesis/ForestDiffusion/tests/saved_models/5_campaign.npz/ForestDiffusion_nt50_dk10/989cc977f0f828974a1c746c7a87a918.joblib
[*] Loading cached forest model from /pfs/work9/workspace/scratch/ma_pkonz-thesis/ForestDiffusion/tests/saved_models/5_campaign.npz/ForestDiffusion_nt50_dk10/189c08d7d1ec725180435967e12ccc41.joblib
[*] Loading cached forest model from /pfs/work9/workspace/scratch/ma_pkonz-thesis/ForestDiffusion/tests/saved_models/5_campaign.npz/ForestDiffusion_nt50_dk10/f9fb8766fbf383b71645120b6e527bb1.joblib
[*] Loading cached forest model from /pfs/work9/workspace/scratch/ma_pkonz-thesis/ForestDiffusion/tests/saved_models/5_campaign.npz/ForestDiffusion_nt50_dk10/ec87916c3f0bf82866174dbda90e250e.joblib
[*] Loading cached forest model from /pfs/work9/workspace/scratch/ma_pkonz-thesis/ForestDiffusion/tests/saved_models/5_campaign.npz/ForestDiffusion_nt50_dk10/1fcc73b4b7f7cc6ec7a18959fed1b00e.joblib
[*] Loading cached forest model from /pfs/work9/workspace/scratch/ma_pkonz-thesis/ForestDiffusion/tests/saved_models/5_campaign.npz/ForestDiffusion_nt50_dk10/a4756d08c9d89d539a10bd72b6174b6d.joblib
[*] Loading cached forest model from /pfs/work9/workspace/scratch/ma_pkonz-thesis/ForestDiffusion/tests/saved_models/5_campaign.npz/ForestDiffusion_nt50_dk10/ca9b81f5dd6ab8f7d7eab8c539f9554e.joblib
[*] Loading cached forest model from /pfs/work9/workspace/scratch/ma_pkonz-thesis/ForestDiffusion/tests/saved_models/5_campaign.npz/ForestDiffusion_nt50_dk10/9fb3e41a339221af7055c53ebd3f3633.joblib
[*] Loading cached forest model from /pfs/work9/workspace/scratch/ma_pkonz-thesis/ForestDiffusion/tests/saved_models/5_campaign.npz/ForestDiffusion_nt50_dk10/9cc413653d81c610e99aa9e4604ee276.joblib
[*] Loading cached forest model from /pfs/work9/workspace/scratch/ma_pkonz-thesis/ForestDiffusion/tests/saved_models/5_campaign.npz/ForestDiffusion_nt50_dk10/90d927419fc37e6efe7779fd6b2673f3.joblib
[*] Loading cached forest model from /pfs/work9/workspace/scratch/ma_pkonz-thesis/ForestDiffusion/tests/saved_models/5_campaign.npz/ForestDiffusion_nt50_dk10/b8069e221b16392cd962a9740c666c7e.joblib
[*] Loading cached forest model from /pfs/work9/workspace/scratch/ma_pkonz-thesis/ForestDiffusion/tests/saved_models/5_campaign.npz/ForestDiffusion_nt50_dk10/79f737bc36246eca4b347cdc699bea32.joblib
[*] Loading cached forest model from /pfs/work9/workspace/scratch/ma_pkonz-thesis/ForestDiffusion/tests/saved_models/5_campaign.npz/ForestDiffusion_nt50_dk10/5a4d5b3a70f447f31831289d7ca03b47.joblib
[*] Loading cached forest model from /pfs/work9/workspace/scratch/ma_pkonz-thesis/ForestDiffusion/tests/saved_models/5_campaign.npz/ForestDiffusion_nt50_dk10/9d4efbbd62ed2608cf55699df6ceebc8.joblib
[*] Loading cached forest model from /pfs/work9/workspace/scratch/ma_pkonz-thesis/ForestDiffusion/tests/saved_models/5_campaign.npz/ForestDiffusion_nt50_dk10/d3e6f1db9fee5cdf3dbe6d8d46891d84.joblib
[*] Loading cached forest model from /pfs/work9/workspace/scratch/ma_pkonz-thesis/ForestDiffusion/tests/saved_models/5_campaign.npz/ForestDiffusion_nt50_dk10/5098c7155fdd20eeec5a4859846ec69f.joblib
[*] Loading cached forest model from /pfs/work9/workspace/scratch/ma_pkonz-thesis/ForestDiffusion/tests/saved_models/5_campaign.npz/ForestDiffusion_nt50_dk10/f76c87943ce0504dc349e2f64a0bc71d.joblib
[*] Loading cached forest model from /pfs/work9/workspace/scratch/ma_pkonz-thesis/ForestDiffusion/tests/saved_models/5_campaign.npz/ForestDiffusion_nt50_dk10/876526821fa1aa650252755b72a0585a.joblib
[*] Loading cached forest model from /pfs/work9/workspace/scratch/ma_pkonz-thesis/ForestDiffusion/tests/saved_models/5_campaign.npz/ForestDiffusion_nt50_dk10/dd7a9b246da74c4568ecddd6b460fefc.joblib
[*] Loading cached forest model from /pfs/work9/workspace/scratch/ma_pkonz-thesis/ForestDiffusion/tests/saved_models/5_campaign.npz/ForestDiffusion_nt50_dk10/f830f17238c570167f2db2a7939576f4.joblib
[*] Loading cached forest model from /pfs/work9/workspace/scratch/ma_pkonz-thesis/ForestDiffusion/tests/saved_models/5_campaign.npz/ForestDiffusion_nt50_dk10/ee92ac15157439427ed65b049a8e92f9.joblib
[*] Loading cached forest model from /pfs/work9/workspace/scratch/ma_pkonz-thesis/ForestDiffusion/tests/saved_models/5_campaign.npz/ForestDiffusion_nt50_dk10/e77c3ab1d7a1381f8e774c498f869e7f.joblib
[*] Loading cached forest model from /pfs/work9/workspace/scratch/ma_pkonz-thesis/ForestDiffusion/tests/saved_models/5_campaign.npz/ForestDiffusion_nt50_dk10/f2424f902d0232a7aa77f5fe9ca52369.joblib
[*] Loading cached forest model from /pfs/work9/workspace/scratch/ma_pkonz-thesis/ForestDiffusion/tests/saved_models/5_campaign.npz/ForestDiffusion_nt50_dk10/5f9c24f235ece82e21c559c71b5446af.joblib
[*] Loading cached forest model from /pfs/work9/workspace/scratch/ma_pkonz-thesis/ForestDiffusion/tests/saved_models/5_campaign.npz/ForestDiffusion_nt50_dk10/77c5c1c28f01ed5d2783c91585f6c890.joblib
[*] Loading cached forest model from /pfs/work9/workspace/scratch/ma_pkonz-thesis/ForestDiffusion/tests/saved_models/5_campaign.npz/ForestDiffusion_nt50_dk10/a2bc87a2ab4f01e8f13c5ddc44a3c127.joblib
[*] Loading cached forest model from /pfs/work9/workspace/scratch/ma_pkonz-thesis/ForestDiffusion/tests/saved_models/5_campaign.npz/ForestDiffusion_nt50_dk10/e11a63e64aa762bcef689278b6767e34.joblib
[*] Loading cached forest model from /pfs/work9/workspace/scratch/ma_pkonz-thesis/ForestDiffusion/tests/saved_models/5_campaign.npz/ForestDiffusion_nt50_dk10/1e47ebf838399eca03656bb8aab71444.joblib
[*] Loading cached forest model from /pfs/work9/workspace/scratch/ma_pkonz-thesis/ForestDiffusion/tests/saved_models/5_campaign.npz/ForestDiffusion_nt50_dk10/32081b28ad0d6a823ff2b291c342d189.joblib
[*] Loading cached forest model from /pfs/work9/workspace/scratch/ma_pkonz-thesis/ForestDiffusion/tests/saved_models/5_campaign.npz/ForestDiffusion_nt50_dk10/c1bde0030f3e75006d817146face4be5.joblib
[*] Loading cached forest model from /pfs/work9/workspace/scratch/ma_pkonz-thesis/ForestDiffusion/tests/saved_models/5_campaign.npz/ForestDiffusion_nt50_dk10/a5906f047af4a0fb5abb96b8ba1d1738.joblib
[*] Loading cached forest model from /pfs/work9/workspace/scratch/ma_pkonz-thesis/ForestDiffusion/tests/saved_models/5_campaign.npz/ForestDiffusion_nt50_dk10/7fc4672ea4d5e20dc309c972a46c1a02.joblib
[*] Loading cached forest model from /pfs/work9/workspace/scratch/ma_pkonz-thesis/ForestDiffusion/tests/saved_models/5_campaign.npz/ForestDiffusion_nt50_dk10/9f299d38cdb033a8e84ca00720ea2fdb.joblib
[*] Loading cached forest model from /pfs/work9/workspace/scratch/ma_pkonz-thesis/ForestDiffusion/tests/saved_models/5_campaign.npz/ForestDiffusion_nt50_dk10/24fe2098bd1ce28eb64a866d4afa1e71.joblib
[*] Loading cached forest model from /pfs/work9/workspace/scratch/ma_pkonz-thesis/ForestDiffusion/tests/saved_models/5_campaign.npz/ForestDiffusion_nt50_dk10/46980895963a61bb58627f8c9f52bb26.joblib
[*] Loading cached forest model from /pfs/work9/workspace/scratch/ma_pkonz-thesis/ForestDiffusion/tests/saved_models/5_campaign.npz/ForestDiffusion_nt50_dk10/8c7f2fc05fbcd3ceb79eeb53ddab131e.joblib
[*] Loading cached forest model from /pfs/work9/workspace/scratch/ma_pkonz-thesis/ForestDiffusion/tests/saved_models/5_campaign.npz/ForestDiffusion_nt50_dk10/f6c3624056e9d164f68a53aaf8a84ef0.joblib
[*] Loading cached forest model from /pfs/work9/workspace/scratch/ma_pkonz-thesis/ForestDiffusion/tests/saved_models/5_campaign.npz/ForestDiffusion_nt50_dk10/bcce3111bfab24cc7fcac1a18787ceae.joblib
[*] Loading cached forest model from /pfs/work9/workspace/scratch/ma_pkonz-thesis/ForestDiffusion/tests/saved_models/5_campaign.npz/ForestDiffusion_nt50_dk10/438e3f256be3774911a87b40042853e4.joblib
[*] Loading cached forest model from /pfs/work9/workspace/scratch/ma_pkonz-thesis/ForestDiffusion/tests/saved_models/5_campaign.npz/ForestDiffusion_nt50_dk10/edacab30182d7f95af73645a4db3c57d.joblib
[*] Loading cached forest model from /pfs/work9/workspace/scratch/ma_pkonz-thesis/ForestDiffusion/tests/saved_models/5_campaign.npz/ForestDiffusion_nt50_dk10/2085c67707482ad287590e0436a35de6.joblib
[*] Loading cached forest model from /pfs/work9/workspace/scratch/ma_pkonz-thesis/ForestDiffusion/tests/saved_models/5_campaign.npz/ForestDiffusion_nt50_dk10/e176864df6da8fa3b43be8dd780a6128.joblib
[*] Loading cached forest model from /pfs/work9/workspace/scratch/ma_pkonz-thesis/ForestDiffusion/tests/saved_models/5_campaign.npz/ForestDiffusion_nt50_dk10/446d53dbe2ad83793003e34a1c3cfd9b.joblib
[*] Loading cached forest model from /pfs/work9/workspace/scratch/ma_pkonz-thesis/ForestDiffusion/tests/saved_models/5_campaign.npz/ForestDiffusion_nt50_dk10/7993e54cacdf17b103caa9bdf334b1d4.joblib
[*] Loading cached forest model from /pfs/work9/workspace/scratch/ma_pkonz-thesis/ForestDiffusion/tests/saved_models/5_campaign.npz/ForestDiffusion_nt50_dk10/f268ec415ffe694fb04ab40a7fb7122d.joblib
[*] Loading cached forest model from /pfs/work9/workspace/scratch/ma_pkonz-thesis/ForestDiffusion/tests/saved_models/5_campaign.npz/ForestDiffusion_nt50_dk10/2832517451f3b589c37d99284302e030.joblib
[*] Loading cached forest model from /pfs/work9/workspace/scratch/ma_pkonz-thesis/ForestDiffusion/tests/saved_models/5_campaign.npz/ForestDiffusion_nt50_dk10/1289e573c4e9e2838148abcfc8c6a6dc.joblib
[*] Loading cached forest model from /pfs/work9/workspace/scratch/ma_pkonz-thesis/ForestDiffusion/tests/saved_models/5_campaign.npz/ForestDiffusion_nt50_dk10/25253ce644e6d83edbe143edb0626ad9.joblib

 Dataset: 5_campaign.npz with model: ForestFlow_nt20_dk10 and score: deviation
 
Dataset loaded successfully!
Training data: (18274, 62), Normal: 18274
Test data: (22914, 62), Normal: 18274, Anomalies: 4640
[*] Loading cached forest model from /pfs/work9/workspace/scratch/ma_pkonz-thesis/ForestDiffusion/tests/saved_models/5_campaign.npz/ForestFlow_nt20_dk10/6101921e7e01f933487dfd39d65116f1.joblib
[*] Loading cached forest model from /pfs/work9/workspace/scratch/ma_pkonz-thesis/ForestDiffusion/tests/saved_models/5_campaign.npz/ForestFlow_nt20_dk10/cff2422e330f2ab3a4ce7993720ab125.joblib
[*] Loading cached forest model from /pfs/work9/workspace/scratch/ma_pkonz-thesis/ForestDiffusion/tests/saved_models/5_campaign.npz/ForestFlow_nt20_dk10/3738ea87cb2aeec526bb2703b2a54165.joblib
[*] Loading cached forest model from /pfs/work9/workspace/scratch/ma_pkonz-thesis/ForestDiffusion/tests/saved_models/5_campaign.npz/ForestFlow_nt20_dk10/cbd3abf532514f7e3d9648ad83118292.joblib
[*] Loading cached forest model from /pfs/work9/workspace/scratch/ma_pkonz-thesis/ForestDiffusion/tests/saved_models/5_campaign.npz/ForestFlow_nt20_dk10/a82a9c2803f2f5128076520c98cdde7e.joblib
[*] Loading cached forest model from /pfs/work9/workspace/scratch/ma_pkonz-thesis/ForestDiffusion/tests/saved_models/5_campaign.npz/ForestFlow_nt20_dk10/2422ef228a0088de10a7aa78c0610fa5.joblib
[*] Loading cached forest model from /pfs/work9/workspace/scratch/ma_pkonz-thesis/ForestDiffusion/tests/saved_models/5_campaign.npz/ForestFlow_nt20_dk10/acf2831c42a34b92479f1fa182dea6c3.joblib
[*] Loading cached forest model from /pfs/work9/workspace/scratch/ma_pkonz-thesis/ForestDiffusion/tests/saved_models/5_campaign.npz/ForestFlow_nt20_dk10/3a3b003898ee8edde8caed0d53e58bd4.joblib
[*] Loading cached forest model from /pfs/work9/workspace/scratch/ma_pkonz-thesis/ForestDiffusion/tests/saved_models/5_campaign.npz/ForestFlow_nt20_dk10/6cf4c895028f255c22a00d48244914d0.joblib
[*] Loading cached forest model from /pfs/work9/workspace/scratch/ma_pkonz-thesis/ForestDiffusion/tests/saved_models/5_campaign.npz/ForestFlow_nt20_dk10/07b0a0581cda5f66e7cdb0d79eb12125.joblib
[*] Loading cached forest model from /pfs/work9/workspace/scratch/ma_pkonz-thesis/ForestDiffusion/tests/saved_models/5_campaign.npz/ForestFlow_nt20_dk10/9606a7fc15d4fd81276f5b3159b2b002.joblib
[*] Loading cached forest model from /pfs/work9/workspace/scratch/ma_pkonz-thesis/ForestDiffusion/tests/saved_models/5_campaign.npz/ForestFlow_nt20_dk10/6e033f6d0eba8817aa2eed671cd1e606.joblib
[*] Loading cached forest model from /pfs/work9/workspace/scratch/ma_pkonz-thesis/ForestDiffusion/tests/saved_models/5_campaign.npz/ForestFlow_nt20_dk10/7f223d2e1c609faa817031c52f6e7e99.joblib
[*] Loading cached forest model from /pfs/work9/workspace/scratch/ma_pkonz-thesis/ForestDiffusion/tests/saved_models/5_campaign.npz/ForestFlow_nt20_dk10/1fd3b24a87d74b168b5e9d352dd0e302.joblib
[*] Loading cached forest model from /pfs/work9/workspace/scratch/ma_pkonz-thesis/ForestDiffusion/tests/saved_models/5_campaign.npz/ForestFlow_nt20_dk10/91c47bd86489612f1d1c50cc11f4540b.joblib
[*] Loading cached forest model from /pfs/work9/workspace/scratch/ma_pkonz-thesis/ForestDiffusion/tests/saved_models/5_campaign.npz/ForestFlow_nt20_dk10/42973c90c5f60301e56e8b6b991cbe6f.joblib
[*] Loading cached forest model from /pfs/work9/workspace/scratch/ma_pkonz-thesis/ForestDiffusion/tests/saved_models/5_campaign.npz/ForestFlow_nt20_dk10/553a5d9f4b609224259a5fd4be2d84c1.joblib
[*] Loading cached forest model from /pfs/work9/workspace/scratch/ma_pkonz-thesis/ForestDiffusion/tests/saved_models/5_campaign.npz/ForestFlow_nt20_dk10/dadd2f52ed780a271c56aeb306f0c135.joblib
[*] Loading cached forest model from /pfs/work9/workspace/scratch/ma_pkonz-thesis/ForestDiffusion/tests/saved_models/5_campaign.npz/ForestFlow_nt20_dk10/a4385a6d31587697ac85adfc7ace8e6f.joblib
[*] Loading cached forest model from /pfs/work9/workspace/scratch/ma_pkonz-thesis/ForestDiffusion/tests/saved_models/5_campaign.npz/ForestFlow_nt20_dk10/7f082c5b7b8d698292c53817b76caa73.joblib
[*] Loading cached forest model from /pfs/work9/workspace/scratch/ma_pkonz-thesis/ForestDiffusion/tests/saved_models/5_campaign.npz/ForestFlow_nt20_dk10/816b60ad13e24578fba566dbf71cdd54.joblib
[*] Loading cached forest model from /pfs/work9/workspace/scratch/ma_pkonz-thesis/ForestDiffusion/tests/saved_models/5_campaign.npz/ForestFlow_nt20_dk10/6995a2306cf9f13111481c10026e551c.joblib
[*] Loading cached forest model from /pfs/work9/workspace/scratch/ma_pkonz-thesis/ForestDiffusion/tests/saved_models/5_campaign.npz/ForestFlow_nt20_dk10/acf3d56fedb9866c93d389fb1ff9c2af.joblib
[*] Loading cached forest model from /pfs/work9/workspace/scratch/ma_pkonz-thesis/ForestDiffusion/tests/saved_models/5_campaign.npz/ForestFlow_nt20_dk10/f05506e5a5c5763ae5e7f20862b0597f.joblib
[*] Loading cached forest model from /pfs/work9/workspace/scratch/ma_pkonz-thesis/ForestDiffusion/tests/saved_models/5_campaign.npz/ForestFlow_nt20_dk10/d663f37b0386df0b594ba81141688053.joblib
[*] Loading cached forest model from /pfs/work9/workspace/scratch/ma_pkonz-thesis/ForestDiffusion/tests/saved_models/5_campaign.npz/ForestFlow_nt20_dk10/43794659cecd1b9b0ede89aa37de1766.joblib
[*] Loading cached forest model from /pfs/work9/workspace/scratch/ma_pkonz-thesis/ForestDiffusion/tests/saved_models/5_campaign.npz/ForestFlow_nt20_dk10/93f5dcfa275b01bb6d83a023517f4a9b.joblib
[*] Loading cached forest model from /pfs/work9/workspace/scratch/ma_pkonz-thesis/ForestDiffusion/tests/saved_models/5_campaign.npz/ForestFlow_nt20_dk10/a0eaaa043f911d81a050d3ffbcbfb85a.joblib
[*] Loading cached forest model from /pfs/work9/workspace/scratch/ma_pkonz-thesis/ForestDiffusion/tests/saved_models/5_campaign.npz/ForestFlow_nt20_dk10/67f1daab9cd49ca12378bdbcf29bc5d8.joblib
[*] Loading cached forest model from /pfs/work9/workspace/scratch/ma_pkonz-thesis/ForestDiffusion/tests/saved_models/5_campaign.npz/ForestFlow_nt20_dk10/0312eef5909bf80b7c05d6d2f87103f5.joblib
[*] Loading cached forest model from /pfs/work9/workspace/scratch/ma_pkonz-thesis/ForestDiffusion/tests/saved_models/5_campaign.npz/ForestFlow_nt20_dk10/d0731ae8ade46425a88dd51800185f68.joblib
[*] Loading cached forest model from /pfs/work9/workspace/scratch/ma_pkonz-thesis/ForestDiffusion/tests/saved_models/5_campaign.npz/ForestFlow_nt20_dk10/e99070415837af213240e9da790e08f9.joblib
[*] Loading cached forest model from /pfs/work9/workspace/scratch/ma_pkonz-thesis/ForestDiffusion/tests/saved_models/5_campaign.npz/ForestFlow_nt20_dk10/0b9e34103b5a514259cda3a61724f444.joblib
[*] Loading cached forest model from /pfs/work9/workspace/scratch/ma_pkonz-thesis/ForestDiffusion/tests/saved_models/5_campaign.npz/ForestFlow_nt20_dk10/14a4216c208581587fcb755ddb15deae.joblib
[*] Loading cached forest model from /pfs/work9/workspace/scratch/ma_pkonz-thesis/ForestDiffusion/tests/saved_models/5_campaign.npz/ForestFlow_nt20_dk10/800738cec98d8ef730f216ef31551205.joblib
