== Job Start: Sat Jan  3 08:35:29 PM CET 2026 ==

 Dataset: 29_Pima.npz with model: ForestFlow_nt5_dk1 and score: deviation
 
Dataset loaded successfully!
Training data: (250, 8), Normal: 250
Test data: (518, 8), Normal: 250, Anomalies: 268
[*] Loading cached forest model from /pfs/work9/workspace/scratch/ma_pkonz-thesis/ForestDiffusion/tests/saved_models/29_Pima.npz/ForestFlow_nt5_dk1/c8d39949c406ddc1ced08bdcd69b54ec.joblib
[*] Loading cached forest model from /pfs/work9/workspace/scratch/ma_pkonz-thesis/ForestDiffusion/tests/saved_models/29_Pima.npz/ForestFlow_nt5_dk1/a902cdce3e6d310941c687c1855b06cb.joblib
[*] Loading cached forest model from /pfs/work9/workspace/scratch/ma_pkonz-thesis/ForestDiffusion/tests/saved_models/29_Pima.npz/ForestFlow_nt5_dk1/dd16e717ee5248406d586409459ec71a.joblib
[*] Loading cached forest model from /pfs/work9/workspace/scratch/ma_pkonz-thesis/ForestDiffusion/tests/saved_models/29_Pima.npz/ForestFlow_nt5_dk1/eb48291e55144f98ee0fde3ec46b1143.joblib
[*] Loading cached forest model from /pfs/work9/workspace/scratch/ma_pkonz-thesis/ForestDiffusion/tests/saved_models/29_Pima.npz/ForestFlow_nt5_dk1/fe42c21f466c8bab6733041969f71da7.joblib
[*] Loading cached forest model from /pfs/work9/workspace/scratch/ma_pkonz-thesis/ForestDiffusion/tests/saved_models/29_Pima.npz/ForestFlow_nt5_dk1/ab4943e97a0f069874a5e7bcee038442.joblib
[*] Loading cached forest model from /pfs/work9/workspace/scratch/ma_pkonz-thesis/ForestDiffusion/tests/saved_models/29_Pima.npz/ForestFlow_nt5_dk1/41a8f1d4876759a47dbc3ccb4134565d.joblib
[*] Loading cached forest model from /pfs/work9/workspace/scratch/ma_pkonz-thesis/ForestDiffusion/tests/saved_models/29_Pima.npz/ForestFlow_nt5_dk1/28d9b38cb3afd7b77fb3d8d5cc3d853b.joblib
[*] Loading cached forest model from /pfs/work9/workspace/scratch/ma_pkonz-thesis/ForestDiffusion/tests/saved_models/29_Pima.npz/ForestFlow_nt5_dk1/5bea1be3b7581394023d551fe8e64ee0.joblib
[*] Loading cached forest model from /pfs/work9/workspace/scratch/ma_pkonz-thesis/ForestDiffusion/tests/saved_models/29_Pima.npz/ForestFlow_nt5_dk1/c0a87ce1935e2611f7debc059fdd1932.joblib

 Dataset: 29_Pima.npz with model: ForestFlow_nt5_dk1 and score: reconstruction
 
Dataset loaded successfully!
Training data: (250, 8), Normal: 250
Test data: (518, 8), Normal: 250, Anomalies: 268
[*] Loading cached forest model from /pfs/work9/workspace/scratch/ma_pkonz-thesis/ForestDiffusion/tests/saved_models/29_Pima.npz/ForestFlow_nt5_dk1/c8d39949c406ddc1ced08bdcd69b54ec.joblib
[*] Loading cached forest model from /pfs/work9/workspace/scratch/ma_pkonz-thesis/ForestDiffusion/tests/saved_models/29_Pima.npz/ForestFlow_nt5_dk1/a902cdce3e6d310941c687c1855b06cb.joblib
[*] Loading cached forest model from /pfs/work9/workspace/scratch/ma_pkonz-thesis/ForestDiffusion/tests/saved_models/29_Pima.npz/ForestFlow_nt5_dk1/dd16e717ee5248406d586409459ec71a.joblib
[*] Loading cached forest model from /pfs/work9/workspace/scratch/ma_pkonz-thesis/ForestDiffusion/tests/saved_models/29_Pima.npz/ForestFlow_nt5_dk1/eb48291e55144f98ee0fde3ec46b1143.joblib
[*] Loading cached forest model from /pfs/work9/workspace/scratch/ma_pkonz-thesis/ForestDiffusion/tests/saved_models/29_Pima.npz/ForestFlow_nt5_dk1/fe42c21f466c8bab6733041969f71da7.joblib
[*] Loading cached forest model from /pfs/work9/workspace/scratch/ma_pkonz-thesis/ForestDiffusion/tests/saved_models/29_Pima.npz/ForestFlow_nt5_dk1/ab4943e97a0f069874a5e7bcee038442.joblib
[*] Loading cached forest model from /pfs/work9/workspace/scratch/ma_pkonz-thesis/ForestDiffusion/tests/saved_models/29_Pima.npz/ForestFlow_nt5_dk1/41a8f1d4876759a47dbc3ccb4134565d.joblib
[*] Loading cached forest model from /pfs/work9/workspace/scratch/ma_pkonz-thesis/ForestDiffusion/tests/saved_models/29_Pima.npz/ForestFlow_nt5_dk1/28d9b38cb3afd7b77fb3d8d5cc3d853b.joblib
[*] Loading cached forest model from /pfs/work9/workspace/scratch/ma_pkonz-thesis/ForestDiffusion/tests/saved_models/29_Pima.npz/ForestFlow_nt5_dk1/5bea1be3b7581394023d551fe8e64ee0.joblib
[*] Loading cached forest model from /pfs/work9/workspace/scratch/ma_pkonz-thesis/ForestDiffusion/tests/saved_models/29_Pima.npz/ForestFlow_nt5_dk1/c0a87ce1935e2611f7debc059fdd1932.joblib

 Dataset: 29_Pima.npz with model: ForestFlow_nt5_dk1 and score: decision
 
Dataset loaded successfully!
Training data: (250, 8), Normal: 250
Test data: (518, 8), Normal: 250, Anomalies: 268
[*] Loading cached forest model from /pfs/work9/workspace/scratch/ma_pkonz-thesis/ForestDiffusion/tests/saved_models/29_Pima.npz/ForestFlow_nt5_dk1/c8d39949c406ddc1ced08bdcd69b54ec.joblib
[*] Loading cached forest model from /pfs/work9/workspace/scratch/ma_pkonz-thesis/ForestDiffusion/tests/saved_models/29_Pima.npz/ForestFlow_nt5_dk1/a902cdce3e6d310941c687c1855b06cb.joblib
[*] Loading cached forest model from /pfs/work9/workspace/scratch/ma_pkonz-thesis/ForestDiffusion/tests/saved_models/29_Pima.npz/ForestFlow_nt5_dk1/dd16e717ee5248406d586409459ec71a.joblib
[*] Loading cached forest model from /pfs/work9/workspace/scratch/ma_pkonz-thesis/ForestDiffusion/tests/saved_models/29_Pima.npz/ForestFlow_nt5_dk1/eb48291e55144f98ee0fde3ec46b1143.joblib
[*] Loading cached forest model from /pfs/work9/workspace/scratch/ma_pkonz-thesis/ForestDiffusion/tests/saved_models/29_Pima.npz/ForestFlow_nt5_dk1/fe42c21f466c8bab6733041969f71da7.joblib
[*] Loading cached forest model from /pfs/work9/workspace/scratch/ma_pkonz-thesis/ForestDiffusion/tests/saved_models/29_Pima.npz/ForestFlow_nt5_dk1/ab4943e97a0f069874a5e7bcee038442.joblib
[*] Loading cached forest model from /pfs/work9/workspace/scratch/ma_pkonz-thesis/ForestDiffusion/tests/saved_models/29_Pima.npz/ForestFlow_nt5_dk1/41a8f1d4876759a47dbc3ccb4134565d.joblib
[*] Loading cached forest model from /pfs/work9/workspace/scratch/ma_pkonz-thesis/ForestDiffusion/tests/saved_models/29_Pima.npz/ForestFlow_nt5_dk1/28d9b38cb3afd7b77fb3d8d5cc3d853b.joblib
[*] Loading cached forest model from /pfs/work9/workspace/scratch/ma_pkonz-thesis/ForestDiffusion/tests/saved_models/29_Pima.npz/ForestFlow_nt5_dk1/5bea1be3b7581394023d551fe8e64ee0.joblib
[*] Loading cached forest model from /pfs/work9/workspace/scratch/ma_pkonz-thesis/ForestDiffusion/tests/saved_models/29_Pima.npz/ForestFlow_nt5_dk1/c0a87ce1935e2611f7debc059fdd1932.joblib

 Dataset: 29_Pima.npz with model: ForestDiffusion_nt5_dk1 and score: deviation
 
Dataset loaded successfully!
Training data: (250, 8), Normal: 250
Test data: (518, 8), Normal: 250, Anomalies: 268
[*] Loading cached forest model from /pfs/work9/workspace/scratch/ma_pkonz-thesis/ForestDiffusion/tests/saved_models/29_Pima.npz/ForestDiffusion_nt5_dk1/eba9e21132cc7cae3727b6114ac85815.joblib
[*] Loading cached forest model from /pfs/work9/workspace/scratch/ma_pkonz-thesis/ForestDiffusion/tests/saved_models/29_Pima.npz/ForestDiffusion_nt5_dk1/5b96f8c52137a903b3b9d96542e826be.joblib
[*] Loading cached forest model from /pfs/work9/workspace/scratch/ma_pkonz-thesis/ForestDiffusion/tests/saved_models/29_Pima.npz/ForestDiffusion_nt5_dk1/5f2062ce89351ccfb3d48aa1031b7641.joblib
[*] Loading cached forest model from /pfs/work9/workspace/scratch/ma_pkonz-thesis/ForestDiffusion/tests/saved_models/29_Pima.npz/ForestDiffusion_nt5_dk1/ea6a757aa76191c6314aabe2c323f985.joblib
[*] Loading cached forest model from /pfs/work9/workspace/scratch/ma_pkonz-thesis/ForestDiffusion/tests/saved_models/29_Pima.npz/ForestDiffusion_nt5_dk1/cbcec4f01397e215a3af0815d13516b2.joblib
[*] Loading cached forest model from /pfs/work9/workspace/scratch/ma_pkonz-thesis/ForestDiffusion/tests/saved_models/29_Pima.npz/ForestDiffusion_nt5_dk1/116802cd2ae111f2f7e182c60fabf4f6.joblib
[*] Loading cached forest model from /pfs/work9/workspace/scratch/ma_pkonz-thesis/ForestDiffusion/tests/saved_models/29_Pima.npz/ForestDiffusion_nt5_dk1/b23c2f23e8ce3affe5404babea5927f6.joblib
[*] Loading cached forest model from /pfs/work9/workspace/scratch/ma_pkonz-thesis/ForestDiffusion/tests/saved_models/29_Pima.npz/ForestDiffusion_nt5_dk1/5eb1129b973b7e94ff1e5e4a4286981f.joblib
[*] Loading cached forest model from /pfs/work9/workspace/scratch/ma_pkonz-thesis/ForestDiffusion/tests/saved_models/29_Pima.npz/ForestDiffusion_nt5_dk1/b1263f82067a99d694c295402b0c1e6e.joblib
[*] Loading cached forest model from /pfs/work9/workspace/scratch/ma_pkonz-thesis/ForestDiffusion/tests/saved_models/29_Pima.npz/ForestDiffusion_nt5_dk1/f87d1f655a27014896e240f0e07de3d0.joblib

 Dataset: 29_Pima.npz with model: ForestDiffusion_nt5_dk1 and score: reconstruction
 
Dataset loaded successfully!
Training data: (250, 8), Normal: 250
Test data: (518, 8), Normal: 250, Anomalies: 268
[*] Loading cached forest model from /pfs/work9/workspace/scratch/ma_pkonz-thesis/ForestDiffusion/tests/saved_models/29_Pima.npz/ForestDiffusion_nt5_dk1/eba9e21132cc7cae3727b6114ac85815.joblib
[*] Loading cached forest model from /pfs/work9/workspace/scratch/ma_pkonz-thesis/ForestDiffusion/tests/saved_models/29_Pima.npz/ForestDiffusion_nt5_dk1/5b96f8c52137a903b3b9d96542e826be.joblib
[*] Loading cached forest model from /pfs/work9/workspace/scratch/ma_pkonz-thesis/ForestDiffusion/tests/saved_models/29_Pima.npz/ForestDiffusion_nt5_dk1/5f2062ce89351ccfb3d48aa1031b7641.joblib
[*] Loading cached forest model from /pfs/work9/workspace/scratch/ma_pkonz-thesis/ForestDiffusion/tests/saved_models/29_Pima.npz/ForestDiffusion_nt5_dk1/ea6a757aa76191c6314aabe2c323f985.joblib
[*] Loading cached forest model from /pfs/work9/workspace/scratch/ma_pkonz-thesis/ForestDiffusion/tests/saved_models/29_Pima.npz/ForestDiffusion_nt5_dk1/cbcec4f01397e215a3af0815d13516b2.joblib
[*] Loading cached forest model from /pfs/work9/workspace/scratch/ma_pkonz-thesis/ForestDiffusion/tests/saved_models/29_Pima.npz/ForestDiffusion_nt5_dk1/116802cd2ae111f2f7e182c60fabf4f6.joblib
[*] Loading cached forest model from /pfs/work9/workspace/scratch/ma_pkonz-thesis/ForestDiffusion/tests/saved_models/29_Pima.npz/ForestDiffusion_nt5_dk1/b23c2f23e8ce3affe5404babea5927f6.joblib
[*] Loading cached forest model from /pfs/work9/workspace/scratch/ma_pkonz-thesis/ForestDiffusion/tests/saved_models/29_Pima.npz/ForestDiffusion_nt5_dk1/5eb1129b973b7e94ff1e5e4a4286981f.joblib
[*] Loading cached forest model from /pfs/work9/workspace/scratch/ma_pkonz-thesis/ForestDiffusion/tests/saved_models/29_Pima.npz/ForestDiffusion_nt5_dk1/b1263f82067a99d694c295402b0c1e6e.joblib
[*] Loading cached forest model from /pfs/work9/workspace/scratch/ma_pkonz-thesis/ForestDiffusion/tests/saved_models/29_Pima.npz/ForestDiffusion_nt5_dk1/f87d1f655a27014896e240f0e07de3d0.joblib

 Dataset: 29_Pima.npz with model: ForestDiffusion_nt5_dk1 and score: decision
 
Dataset loaded successfully!
Training data: (250, 8), Normal: 250
Test data: (518, 8), Normal: 250, Anomalies: 268
[*] Loading cached forest model from /pfs/work9/workspace/scratch/ma_pkonz-thesis/ForestDiffusion/tests/saved_models/29_Pima.npz/ForestDiffusion_nt5_dk1/eba9e21132cc7cae3727b6114ac85815.joblib
[*] Loading cached forest model from /pfs/work9/workspace/scratch/ma_pkonz-thesis/ForestDiffusion/tests/saved_models/29_Pima.npz/ForestDiffusion_nt5_dk1/5b96f8c52137a903b3b9d96542e826be.joblib
[*] Loading cached forest model from /pfs/work9/workspace/scratch/ma_pkonz-thesis/ForestDiffusion/tests/saved_models/29_Pima.npz/ForestDiffusion_nt5_dk1/5f2062ce89351ccfb3d48aa1031b7641.joblib
[*] Loading cached forest model from /pfs/work9/workspace/scratch/ma_pkonz-thesis/ForestDiffusion/tests/saved_models/29_Pima.npz/ForestDiffusion_nt5_dk1/ea6a757aa76191c6314aabe2c323f985.joblib
[*] Loading cached forest model from /pfs/work9/workspace/scratch/ma_pkonz-thesis/ForestDiffusion/tests/saved_models/29_Pima.npz/ForestDiffusion_nt5_dk1/cbcec4f01397e215a3af0815d13516b2.joblib
[*] Loading cached forest model from /pfs/work9/workspace/scratch/ma_pkonz-thesis/ForestDiffusion/tests/saved_models/29_Pima.npz/ForestDiffusion_nt5_dk1/116802cd2ae111f2f7e182c60fabf4f6.joblib
[*] Loading cached forest model from /pfs/work9/workspace/scratch/ma_pkonz-thesis/ForestDiffusion/tests/saved_models/29_Pima.npz/ForestDiffusion_nt5_dk1/b23c2f23e8ce3affe5404babea5927f6.joblib
[*] Loading cached forest model from /pfs/work9/workspace/scratch/ma_pkonz-thesis/ForestDiffusion/tests/saved_models/29_Pima.npz/ForestDiffusion_nt5_dk1/5eb1129b973b7e94ff1e5e4a4286981f.joblib
[*] Loading cached forest model from /pfs/work9/workspace/scratch/ma_pkonz-thesis/ForestDiffusion/tests/saved_models/29_Pima.npz/ForestDiffusion_nt5_dk1/b1263f82067a99d694c295402b0c1e6e.joblib
[*] Loading cached forest model from /pfs/work9/workspace/scratch/ma_pkonz-thesis/ForestDiffusion/tests/saved_models/29_Pima.npz/ForestDiffusion_nt5_dk1/f87d1f655a27014896e240f0e07de3d0.joblib

 Dataset: 29_Pima.npz with model: TCCM_nt5 and score: deviation
 
Dataset loaded successfully!
Training data: (250, 8), Normal: 250
Test data: (518, 8), Normal: 250, Anomalies: 268
[*] Loading cached tccm model from /pfs/work9/workspace/scratch/ma_pkonz-thesis/ForestDiffusion/tests/saved_models/29_Pima.npz/tccm/09ba8879b416a163282cbec0b22d3276.joblib
[*] Loading cached tccm model from /pfs/work9/workspace/scratch/ma_pkonz-thesis/ForestDiffusion/tests/saved_models/29_Pima.npz/tccm/3dab4c0baf887d0b515f1696f1b565db.joblib
[*] Loading cached tccm model from /pfs/work9/workspace/scratch/ma_pkonz-thesis/ForestDiffusion/tests/saved_models/29_Pima.npz/tccm/d5cdf55ace21492ad7248662c261444e.joblib
[*] Loading cached tccm model from /pfs/work9/workspace/scratch/ma_pkonz-thesis/ForestDiffusion/tests/saved_models/29_Pima.npz/tccm/2958731d818c6aad41fc0e648a86df51.joblib
[*] Loading cached tccm model from /pfs/work9/workspace/scratch/ma_pkonz-thesis/ForestDiffusion/tests/saved_models/29_Pima.npz/tccm/554bfbc7957b854f87b333280669d4c4.joblib
[*] Loading cached tccm model from /pfs/work9/workspace/scratch/ma_pkonz-thesis/ForestDiffusion/tests/saved_models/29_Pima.npz/tccm/231645185b3469dad925dda6a696a6b5.joblib
[*] Loading cached tccm model from /pfs/work9/workspace/scratch/ma_pkonz-thesis/ForestDiffusion/tests/saved_models/29_Pima.npz/tccm/9c0a627b6124c999974942e982e4ad84.joblib
[*] Loading cached tccm model from /pfs/work9/workspace/scratch/ma_pkonz-thesis/ForestDiffusion/tests/saved_models/29_Pima.npz/tccm/cc91dc5449ba284cc2ec405e5dc0a669.joblib
[*] Loading cached tccm model from /pfs/work9/workspace/scratch/ma_pkonz-thesis/ForestDiffusion/tests/saved_models/29_Pima.npz/tccm/f84d0354576376e56e24708acb38bfb6.joblib
[*] Loading cached tccm model from /pfs/work9/workspace/scratch/ma_pkonz-thesis/ForestDiffusion/tests/saved_models/29_Pima.npz/tccm/2c3f995f73e0eef123639123d6abab94.joblib

 Dataset: 29_Pima.npz with model: TCCM_nt5 and score: reconstruction
 
Dataset loaded successfully!
Training data: (250, 8), Normal: 250
Test data: (518, 8), Normal: 250, Anomalies: 268
[*] Loading cached tccm model from /pfs/work9/workspace/scratch/ma_pkonz-thesis/ForestDiffusion/tests/saved_models/29_Pima.npz/tccm/09ba8879b416a163282cbec0b22d3276.joblib
[*] Loading cached tccm model from /pfs/work9/workspace/scratch/ma_pkonz-thesis/ForestDiffusion/tests/saved_models/29_Pima.npz/tccm/3dab4c0baf887d0b515f1696f1b565db.joblib
[*] Loading cached tccm model from /pfs/work9/workspace/scratch/ma_pkonz-thesis/ForestDiffusion/tests/saved_models/29_Pima.npz/tccm/d5cdf55ace21492ad7248662c261444e.joblib
[*] Loading cached tccm model from /pfs/work9/workspace/scratch/ma_pkonz-thesis/ForestDiffusion/tests/saved_models/29_Pima.npz/tccm/2958731d818c6aad41fc0e648a86df51.joblib
[*] Loading cached tccm model from /pfs/work9/workspace/scratch/ma_pkonz-thesis/ForestDiffusion/tests/saved_models/29_Pima.npz/tccm/554bfbc7957b854f87b333280669d4c4.joblib
[*] Loading cached tccm model from /pfs/work9/workspace/scratch/ma_pkonz-thesis/ForestDiffusion/tests/saved_models/29_Pima.npz/tccm/231645185b3469dad925dda6a696a6b5.joblib
[*] Loading cached tccm model from /pfs/work9/workspace/scratch/ma_pkonz-thesis/ForestDiffusion/tests/saved_models/29_Pima.npz/tccm/9c0a627b6124c999974942e982e4ad84.joblib
[*] Loading cached tccm model from /pfs/work9/workspace/scratch/ma_pkonz-thesis/ForestDiffusion/tests/saved_models/29_Pima.npz/tccm/cc91dc5449ba284cc2ec405e5dc0a669.joblib
[*] Loading cached tccm model from /pfs/work9/workspace/scratch/ma_pkonz-thesis/ForestDiffusion/tests/saved_models/29_Pima.npz/tccm/f84d0354576376e56e24708acb38bfb6.joblib
[*] Loading cached tccm model from /pfs/work9/workspace/scratch/ma_pkonz-thesis/ForestDiffusion/tests/saved_models/29_Pima.npz/tccm/2c3f995f73e0eef123639123d6abab94.joblib

 Dataset: 29_Pima.npz with model: TCCM_nt5 and score: decision
 
Dataset loaded successfully!
Training data: (250, 8), Normal: 250
Test data: (518, 8), Normal: 250, Anomalies: 268
[*] Loading cached tccm model from /pfs/work9/workspace/scratch/ma_pkonz-thesis/ForestDiffusion/tests/saved_models/29_Pima.npz/tccm/09ba8879b416a163282cbec0b22d3276.joblib
[*] Loading cached tccm model from /pfs/work9/workspace/scratch/ma_pkonz-thesis/ForestDiffusion/tests/saved_models/29_Pima.npz/tccm/3dab4c0baf887d0b515f1696f1b565db.joblib
[*] Loading cached tccm model from /pfs/work9/workspace/scratch/ma_pkonz-thesis/ForestDiffusion/tests/saved_models/29_Pima.npz/tccm/d5cdf55ace21492ad7248662c261444e.joblib
[*] Loading cached tccm model from /pfs/work9/workspace/scratch/ma_pkonz-thesis/ForestDiffusion/tests/saved_models/29_Pima.npz/tccm/2958731d818c6aad41fc0e648a86df51.joblib
[*] Loading cached tccm model from /pfs/work9/workspace/scratch/ma_pkonz-thesis/ForestDiffusion/tests/saved_models/29_Pima.npz/tccm/554bfbc7957b854f87b333280669d4c4.joblib
[*] Loading cached tccm model from /pfs/work9/workspace/scratch/ma_pkonz-thesis/ForestDiffusion/tests/saved_models/29_Pima.npz/tccm/231645185b3469dad925dda6a696a6b5.joblib
[*] Loading cached tccm model from /pfs/work9/workspace/scratch/ma_pkonz-thesis/ForestDiffusion/tests/saved_models/29_Pima.npz/tccm/9c0a627b6124c999974942e982e4ad84.joblib
[*] Loading cached tccm model from /pfs/work9/workspace/scratch/ma_pkonz-thesis/ForestDiffusion/tests/saved_models/29_Pima.npz/tccm/cc91dc5449ba284cc2ec405e5dc0a669.joblib
[*] Loading cached tccm model from /pfs/work9/workspace/scratch/ma_pkonz-thesis/ForestDiffusion/tests/saved_models/29_Pima.npz/tccm/f84d0354576376e56e24708acb38bfb6.joblib
[*] Loading cached tccm model from /pfs/work9/workspace/scratch/ma_pkonz-thesis/ForestDiffusion/tests/saved_models/29_Pima.npz/tccm/2c3f995f73e0eef123639123d6abab94.joblib
Saved: test/f1_comparison_ForestFlow_nt5_dk1_29_Pima_no_contamination.pdf
Saved: test/f1_comparison_ForestFlow_nt5_dk1_29_Pima_full_contamination.pdf
Saved: test/f1_comparison_ForestDiffusion_nt5_dk1_29_Pima_no_contamination.pdf
Saved: test/f1_comparison_ForestDiffusion_nt5_dk1_29_Pima_full_contamination.pdf
Saved: test/f1_comparison_TCCM_nt5_29_Pima_no_contamination.pdf
Saved: test/f1_comparison_TCCM_nt5_29_Pima_full_contamination.pdf

================================================================================
EXTREME CASES SUMMARY
================================================================================

ForestFlow_nt5_dk1 - deviation:
  29_Pima.npz [no_contamination]:
    AUC: 0.6424 ± 0.0000
    AUPRC: 0.4788 ± 0.0000

    Threshold Percentile Metrics:
    Percentile   Precision            Recall               F1                  
    ------------------------------------------------------------------------
    20           0.4007 ± 0.0000      0.9179 ± 0.0000      0.5578 ± 0.0000     
    25           0.4097 ± 0.0000      0.8806 ± 0.0000      0.5592 ± 0.0000     
    30           0.4015 ± 0.0000      0.8060 ± 0.0000      0.5360 ± 0.0000     
    35           0.4056 ± 0.0000      0.7537 ± 0.0000      0.5274 ± 0.0000     
    40           0.4261 ± 0.0000      0.7313 ± 0.0000      0.5385 ± 0.0000     
    45           0.4265 ± 0.0000      0.6716 ± 0.0000      0.5217 ± 0.0000     
    50           0.4375 ± 0.0000      0.6269 ± 0.0000      0.5153 ± 0.0000     
    60           0.4545 ± 0.0000      0.5224 ± 0.0000      0.4861 ± 0.0000     
    70           0.4696 ± 0.0000      0.4030 ± 0.0000      0.4337 ± 0.0000     
    80           0.5065 ± 0.0000      0.2910 ± 0.0000      0.3697 ± 0.0000     
    90           0.5641 ± 0.0000      0.1642 ± 0.0000      0.2543 ± 0.0000     
    95           0.7000 ± 0.0000      0.1045 ± 0.0000      0.1818 ± 0.0000     
    97.5         0.6000 ± 0.0000      0.0448 ± 0.0000      0.0833 ± 0.0000     
    99           0.2500 ± 0.0000      0.0075 ± 0.0000      0.0145 ± 0.0000     
    99.5         0.5000 ± 0.0000      0.0075 ± 0.0000      0.0147 ± 0.0000     
    99.9         1.0000 ± 0.0000      0.0075 ± 0.0000      0.0148 ± 0.0000     
    99.95        1.0000 ± 0.0000      0.0075 ± 0.0000      0.0148 ± 0.0000     
    99.99        1.0000 ± 0.0000      0.0075 ± 0.0000      0.0148 ± 0.0000     

    ✓ Best F1: 0.5592 @ 25th percentile
  29_Pima.npz [full_contamination]:
    AUC: 0.6416 ± 0.0000
    AUPRC: 0.4904 ± 0.0000

    Threshold Percentile Metrics:
    Percentile   Precision            Recall               F1                  
    ------------------------------------------------------------------------
    20           0.3844 ± 0.0000      0.8806 ± 0.0000      0.5351 ± 0.0000     
    25           0.3854 ± 0.0000      0.8284 ± 0.0000      0.5261 ± 0.0000     
    30           0.4052 ± 0.0000      0.8134 ± 0.0000      0.5409 ± 0.0000     
    35           0.4096 ± 0.0000      0.7612 ± 0.0000      0.5326 ± 0.0000     
    40           0.4261 ± 0.0000      0.7313 ± 0.0000      0.5385 ± 0.0000     
    45           0.4313 ± 0.0000      0.6791 ± 0.0000      0.5275 ± 0.0000     
    50           0.4427 ± 0.0000      0.6343 ± 0.0000      0.5215 ± 0.0000     
    60           0.4740 ± 0.0000      0.5448 ± 0.0000      0.5069 ± 0.0000     
    70           0.4870 ± 0.0000      0.4179 ± 0.0000      0.4498 ± 0.0000     
    80           0.5455 ± 0.0000      0.3134 ± 0.0000      0.3981 ± 0.0000     
    90           0.5385 ± 0.0000      0.1567 ± 0.0000      0.2428 ± 0.0000     
    95           0.6000 ± 0.0000      0.0896 ± 0.0000      0.1558 ± 0.0000     
    97.5         0.7000 ± 0.0000      0.0522 ± 0.0000      0.0972 ± 0.0000     
    99           0.7500 ± 0.0000      0.0224 ± 0.0000      0.0435 ± 0.0000     
    99.5         1.0000 ± 0.0000      0.0149 ± 0.0000      0.0294 ± 0.0000     
    99.9         1.0000 ± 0.0000      0.0075 ± 0.0000      0.0148 ± 0.0000     
    99.95        1.0000 ± 0.0000      0.0075 ± 0.0000      0.0148 ± 0.0000     
    99.99        1.0000 ± 0.0000      0.0075 ± 0.0000      0.0148 ± 0.0000     

    ✓ Best F1: 0.5409 @ 30th percentile

ForestFlow_nt5_dk1 - reconstruction:
  29_Pima.npz [no_contamination]:
    AUC: 0.6607 ± 0.0000
    AUPRC: 0.5118 ± 0.0000

    Threshold Percentile Metrics:
    Percentile   Precision            Recall               F1                  
    ------------------------------------------------------------------------
    20           0.3909 ± 0.0000      0.8955 ± 0.0000      0.5442 ± 0.0000     
    25           0.4028 ± 0.0000      0.8657 ± 0.0000      0.5498 ± 0.0000     
    30           0.4052 ± 0.0000      0.8134 ± 0.0000      0.5409 ± 0.0000     
    35           0.4257 ± 0.0000      0.7910 ± 0.0000      0.5535 ± 0.0000     
    40           0.4391 ± 0.0000      0.7537 ± 0.0000      0.5549 ± 0.0000     
    45           0.4360 ± 0.0000      0.6866 ± 0.0000      0.5333 ± 0.0000     
    50           0.4531 ± 0.0000      0.6493 ± 0.0000      0.5337 ± 0.0000     
    60           0.4740 ± 0.0000      0.5448 ± 0.0000      0.5069 ± 0.0000     
    70           0.4957 ± 0.0000      0.4254 ± 0.0000      0.4578 ± 0.0000     
    80           0.5195 ± 0.0000      0.2985 ± 0.0000      0.3791 ± 0.0000     
    90           0.4872 ± 0.0000      0.1418 ± 0.0000      0.2197 ± 0.0000     
    95           0.7000 ± 0.0000      0.1045 ± 0.0000      0.1818 ± 0.0000     
    97.5         0.8000 ± 0.0000      0.0597 ± 0.0000      0.1111 ± 0.0000     
    99           1.0000 ± 0.0000      0.0299 ± 0.0000      0.0580 ± 0.0000     
    99.5         1.0000 ± 0.0000      0.0149 ± 0.0000      0.0294 ± 0.0000     
    99.9         1.0000 ± 0.0000      0.0075 ± 0.0000      0.0148 ± 0.0000     
    99.95        1.0000 ± 0.0000      0.0075 ± 0.0000      0.0148 ± 0.0000     
    99.99        1.0000 ± 0.0000      0.0075 ± 0.0000      0.0148 ± 0.0000     

    ✓ Best F1: 0.5549 @ 40th percentile
  29_Pima.npz [full_contamination]:
    AUC: 0.6371 ± 0.0000
    AUPRC: 0.4976 ± 0.0000

    Threshold Percentile Metrics:
    Percentile   Precision            Recall               F1                  
    ------------------------------------------------------------------------
    20           0.3811 ± 0.0000      0.8731 ± 0.0000      0.5306 ± 0.0000     
    25           0.3958 ± 0.0000      0.8507 ± 0.0000      0.5403 ± 0.0000     
    30           0.4015 ± 0.0000      0.8060 ± 0.0000      0.5360 ± 0.0000     
    35           0.4096 ± 0.0000      0.7612 ± 0.0000      0.5326 ± 0.0000     
    40           0.4130 ± 0.0000      0.7090 ± 0.0000      0.5220 ± 0.0000     
    45           0.4313 ± 0.0000      0.6791 ± 0.0000      0.5275 ± 0.0000     
    50           0.4583 ± 0.0000      0.6567 ± 0.0000      0.5399 ± 0.0000     
    60           0.4870 ± 0.0000      0.5597 ± 0.0000      0.5208 ± 0.0000     
    70           0.4435 ± 0.0000      0.3806 ± 0.0000      0.4096 ± 0.0000     
    80           0.5065 ± 0.0000      0.2910 ± 0.0000      0.3697 ± 0.0000     
    90           0.5641 ± 0.0000      0.1642 ± 0.0000      0.2543 ± 0.0000     
    95           0.5500 ± 0.0000      0.0821 ± 0.0000      0.1429 ± 0.0000     
    97.5         0.8000 ± 0.0000      0.0597 ± 0.0000      0.1111 ± 0.0000     
    99           1.0000 ± 0.0000      0.0299 ± 0.0000      0.0580 ± 0.0000     
    99.5         1.0000 ± 0.0000      0.0149 ± 0.0000      0.0294 ± 0.0000     
    99.9         1.0000 ± 0.0000      0.0075 ± 0.0000      0.0148 ± 0.0000     
    99.95        1.0000 ± 0.0000      0.0075 ± 0.0000      0.0148 ± 0.0000     
    99.99        1.0000 ± 0.0000      0.0075 ± 0.0000      0.0148 ± 0.0000     

    ✓ Best F1: 0.5403 @ 25th percentile

ForestFlow_nt5_dk1 - decision:
  29_Pima.npz [no_contamination]:
    AUC: 0.6413 ± 0.0000
    AUPRC: 0.4848 ± 0.0000

    Threshold Percentile Metrics:
    Percentile   Precision            Recall               F1                  
    ------------------------------------------------------------------------
    20           0.3844 ± 0.0000      0.8806 ± 0.0000      0.5351 ± 0.0000     
    25           0.3889 ± 0.0000      0.8358 ± 0.0000      0.5308 ± 0.0000     
    30           0.3978 ± 0.0000      0.7985 ± 0.0000      0.5310 ± 0.0000     
    35           0.4096 ± 0.0000      0.7612 ± 0.0000      0.5326 ± 0.0000     
    40           0.4217 ± 0.0000      0.7239 ± 0.0000      0.5330 ± 0.0000     
    45           0.4313 ± 0.0000      0.6791 ± 0.0000      0.5275 ± 0.0000     
    50           0.4531 ± 0.0000      0.6493 ± 0.0000      0.5337 ± 0.0000     
    60           0.4935 ± 0.0000      0.5672 ± 0.0000      0.5278 ± 0.0000     
    70           0.4696 ± 0.0000      0.4030 ± 0.0000      0.4337 ± 0.0000     
    80           0.4805 ± 0.0000      0.2761 ± 0.0000      0.3507 ± 0.0000     
    90           0.5897 ± 0.0000      0.1716 ± 0.0000      0.2659 ± 0.0000     
    95           0.5500 ± 0.0000      0.0821 ± 0.0000      0.1429 ± 0.0000     
    97.5         0.5000 ± 0.0000      0.0373 ± 0.0000      0.0694 ± 0.0000     
    99           0.7500 ± 0.0000      0.0224 ± 0.0000      0.0435 ± 0.0000     
    99.5         1.0000 ± 0.0000      0.0149 ± 0.0000      0.0294 ± 0.0000     
    99.9         1.0000 ± 0.0000      0.0075 ± 0.0000      0.0148 ± 0.0000     
    99.95        1.0000 ± 0.0000      0.0075 ± 0.0000      0.0148 ± 0.0000     
    99.99        1.0000 ± 0.0000      0.0075 ± 0.0000      0.0148 ± 0.0000     

    ✓ Best F1: 0.5351 @ 20th percentile
  29_Pima.npz [full_contamination]:
    AUC: 0.6351 ± 0.0000
    AUPRC: 0.4855 ± 0.0000

    Threshold Percentile Metrics:
    Percentile   Precision            Recall               F1                  
    ------------------------------------------------------------------------
    20           0.3876 ± 0.0000      0.8881 ± 0.0000      0.5397 ± 0.0000     
    25           0.3819 ± 0.0000      0.8209 ± 0.0000      0.5213 ± 0.0000     
    30           0.3941 ± 0.0000      0.7910 ± 0.0000      0.5261 ± 0.0000     
    35           0.4096 ± 0.0000      0.7612 ± 0.0000      0.5326 ± 0.0000     
    40           0.4217 ± 0.0000      0.7239 ± 0.0000      0.5330 ± 0.0000     
    45           0.4360 ± 0.0000      0.6866 ± 0.0000      0.5333 ± 0.0000     
    50           0.4479 ± 0.0000      0.6418 ± 0.0000      0.5276 ± 0.0000     
    60           0.4545 ± 0.0000      0.5224 ± 0.0000      0.4861 ± 0.0000     
    70           0.4696 ± 0.0000      0.4030 ± 0.0000      0.4337 ± 0.0000     
    80           0.5325 ± 0.0000      0.3060 ± 0.0000      0.3886 ± 0.0000     
    90           0.5641 ± 0.0000      0.1642 ± 0.0000      0.2543 ± 0.0000     
    95           0.6000 ± 0.0000      0.0896 ± 0.0000      0.1558 ± 0.0000     
    97.5         0.6000 ± 0.0000      0.0448 ± 0.0000      0.0833 ± 0.0000     
    99           0.7500 ± 0.0000      0.0224 ± 0.0000      0.0435 ± 0.0000     
    99.5         0.5000 ± 0.0000      0.0075 ± 0.0000      0.0147 ± 0.0000     
    99.9         1.0000 ± 0.0000      0.0075 ± 0.0000      0.0148 ± 0.0000     
    99.95        1.0000 ± 0.0000      0.0075 ± 0.0000      0.0148 ± 0.0000     
    99.99        1.0000 ± 0.0000      0.0075 ± 0.0000      0.0148 ± 0.0000     

    ✓ Best F1: 0.5397 @ 20th percentile

ForestDiffusion_nt5_dk1 - deviation:
  29_Pima.npz [no_contamination]:
    AUC: 0.6452 ± 0.0000
    AUPRC: 0.4768 ± 0.0000

    Threshold Percentile Metrics:
    Percentile   Precision            Recall               F1                  
    ------------------------------------------------------------------------
    20           0.3974 ± 0.0000      0.9104 ± 0.0000      0.5533 ± 0.0000     
    25           0.4097 ± 0.0000      0.8806 ± 0.0000      0.5592 ± 0.0000     
    30           0.4238 ± 0.0000      0.8507 ± 0.0000      0.5658 ± 0.0000     
    35           0.4257 ± 0.0000      0.7910 ± 0.0000      0.5535 ± 0.0000     
    40           0.4391 ± 0.0000      0.7537 ± 0.0000      0.5549 ± 0.0000     
    45           0.4360 ± 0.0000      0.6866 ± 0.0000      0.5333 ± 0.0000     
    50           0.4427 ± 0.0000      0.6343 ± 0.0000      0.5215 ± 0.0000     
    60           0.4351 ± 0.0000      0.5000 ± 0.0000      0.4653 ± 0.0000     
    70           0.4435 ± 0.0000      0.3806 ± 0.0000      0.4096 ± 0.0000     
    80           0.4545 ± 0.0000      0.2612 ± 0.0000      0.3318 ± 0.0000     
    90           0.5385 ± 0.0000      0.1567 ± 0.0000      0.2428 ± 0.0000     
    95           0.6000 ± 0.0000      0.0896 ± 0.0000      0.1558 ± 0.0000     
    97.5         0.8000 ± 0.0000      0.0597 ± 0.0000      0.1111 ± 0.0000     
    99           0.7500 ± 0.0000      0.0224 ± 0.0000      0.0435 ± 0.0000     
    99.5         0.5000 ± 0.0000      0.0075 ± 0.0000      0.0147 ± 0.0000     
    99.9         0.0000 ± 0.0000      0.0000 ± 0.0000      0.0000 ± 0.0000     
    99.95        0.0000 ± 0.0000      0.0000 ± 0.0000      0.0000 ± 0.0000     
    99.99        0.0000 ± 0.0000      0.0000 ± 0.0000      0.0000 ± 0.0000     

    ✓ Best F1: 0.5658 @ 30th percentile
  29_Pima.npz [full_contamination]:
    AUC: 0.6132 ± 0.0000
    AUPRC: 0.4547 ± 0.0000

    Threshold Percentile Metrics:
    Percentile   Precision            Recall               F1                  
    ------------------------------------------------------------------------
    20           0.3779 ± 0.0000      0.8657 ± 0.0000      0.5261 ± 0.0000     
    25           0.3924 ± 0.0000      0.8433 ± 0.0000      0.5355 ± 0.0000     
    30           0.4052 ± 0.0000      0.8134 ± 0.0000      0.5409 ± 0.0000     
    35           0.4137 ± 0.0000      0.7687 ± 0.0000      0.5379 ± 0.0000     
    40           0.4000 ± 0.0000      0.6866 ± 0.0000      0.5055 ± 0.0000     
    45           0.4076 ± 0.0000      0.6418 ± 0.0000      0.4986 ± 0.0000     
    50           0.4115 ± 0.0000      0.5896 ± 0.0000      0.4847 ± 0.0000     
    60           0.4481 ± 0.0000      0.5149 ± 0.0000      0.4792 ± 0.0000     
    70           0.4609 ± 0.0000      0.3955 ± 0.0000      0.4257 ± 0.0000     
    80           0.4935 ± 0.0000      0.2836 ± 0.0000      0.3602 ± 0.0000     
    90           0.4872 ± 0.0000      0.1418 ± 0.0000      0.2197 ± 0.0000     
    95           0.5000 ± 0.0000      0.0746 ± 0.0000      0.1299 ± 0.0000     
    97.5         0.7000 ± 0.0000      0.0522 ± 0.0000      0.0972 ± 0.0000     
    99           0.5000 ± 0.0000      0.0149 ± 0.0000      0.0290 ± 0.0000     
    99.5         0.5000 ± 0.0000      0.0075 ± 0.0000      0.0147 ± 0.0000     
    99.9         1.0000 ± 0.0000      0.0075 ± 0.0000      0.0148 ± 0.0000     
    99.95        1.0000 ± 0.0000      0.0075 ± 0.0000      0.0148 ± 0.0000     
    99.99        1.0000 ± 0.0000      0.0075 ± 0.0000      0.0148 ± 0.0000     

    ✓ Best F1: 0.5409 @ 30th percentile

ForestDiffusion_nt5_dk1 - reconstruction:
  29_Pima.npz [no_contamination]:
    AUC: 0.6814 ± 0.0000
    AUPRC: 0.5150 ± 0.0000

    Threshold Percentile Metrics:
    Percentile   Precision            Recall               F1                  
    ------------------------------------------------------------------------
    20           0.4007 ± 0.0000      0.9179 ± 0.0000      0.5578 ± 0.0000     
    25           0.4097 ± 0.0000      0.8806 ± 0.0000      0.5592 ± 0.0000     
    30           0.4238 ± 0.0000      0.8507 ± 0.0000      0.5658 ± 0.0000     
    35           0.4378 ± 0.0000      0.8134 ± 0.0000      0.5692 ± 0.0000     
    40           0.4565 ± 0.0000      0.7836 ± 0.0000      0.5769 ± 0.0000     
    45           0.4692 ± 0.0000      0.7388 ± 0.0000      0.5739 ± 0.0000     
    50           0.4844 ± 0.0000      0.6940 ± 0.0000      0.5706 ± 0.0000     
    60           0.5000 ± 0.0000      0.5746 ± 0.0000      0.5347 ± 0.0000     
    70           0.5043 ± 0.0000      0.4328 ± 0.0000      0.4659 ± 0.0000     
    80           0.4935 ± 0.0000      0.2836 ± 0.0000      0.3602 ± 0.0000     
    90           0.5128 ± 0.0000      0.1493 ± 0.0000      0.2312 ± 0.0000     
    95           0.7000 ± 0.0000      0.1045 ± 0.0000      0.1818 ± 0.0000     
    97.5         0.7000 ± 0.0000      0.0522 ± 0.0000      0.0972 ± 0.0000     
    99           0.7500 ± 0.0000      0.0224 ± 0.0000      0.0435 ± 0.0000     
    99.5         1.0000 ± 0.0000      0.0149 ± 0.0000      0.0294 ± 0.0000     
    99.9         1.0000 ± 0.0000      0.0075 ± 0.0000      0.0148 ± 0.0000     
    99.95        1.0000 ± 0.0000      0.0075 ± 0.0000      0.0148 ± 0.0000     
    99.99        1.0000 ± 0.0000      0.0075 ± 0.0000      0.0148 ± 0.0000     

    ✓ Best F1: 0.5769 @ 40th percentile
  29_Pima.npz [full_contamination]:
    AUC: 0.6316 ± 0.0000
    AUPRC: 0.4665 ± 0.0000

    Threshold Percentile Metrics:
    Percentile   Precision            Recall               F1                  
    ------------------------------------------------------------------------
    20           0.3779 ± 0.0000      0.8657 ± 0.0000      0.5261 ± 0.0000     
    25           0.3993 ± 0.0000      0.8582 ± 0.0000      0.5450 ± 0.0000     
    30           0.4126 ± 0.0000      0.8284 ± 0.0000      0.5509 ± 0.0000     
    35           0.4137 ± 0.0000      0.7687 ± 0.0000      0.5379 ± 0.0000     
    40           0.4130 ± 0.0000      0.7090 ± 0.0000      0.5220 ± 0.0000     
    45           0.4360 ± 0.0000      0.6866 ± 0.0000      0.5333 ± 0.0000     
    50           0.4583 ± 0.0000      0.6567 ± 0.0000      0.5399 ± 0.0000     
    60           0.4675 ± 0.0000      0.5373 ± 0.0000      0.5000 ± 0.0000     
    70           0.4609 ± 0.0000      0.3955 ± 0.0000      0.4257 ± 0.0000     
    80           0.4675 ± 0.0000      0.2687 ± 0.0000      0.3412 ± 0.0000     
    90           0.4872 ± 0.0000      0.1418 ± 0.0000      0.2197 ± 0.0000     
    95           0.5500 ± 0.0000      0.0821 ± 0.0000      0.1429 ± 0.0000     
    97.5         0.5000 ± 0.0000      0.0373 ± 0.0000      0.0694 ± 0.0000     
    99           0.7500 ± 0.0000      0.0224 ± 0.0000      0.0435 ± 0.0000     
    99.5         1.0000 ± 0.0000      0.0149 ± 0.0000      0.0294 ± 0.0000     
    99.9         1.0000 ± 0.0000      0.0075 ± 0.0000      0.0148 ± 0.0000     
    99.95        1.0000 ± 0.0000      0.0075 ± 0.0000      0.0148 ± 0.0000     
    99.99        1.0000 ± 0.0000      0.0075 ± 0.0000      0.0148 ± 0.0000     

    ✓ Best F1: 0.5509 @ 30th percentile

ForestDiffusion_nt5_dk1 - decision:
  29_Pima.npz [no_contamination]:
    AUC: 0.6416 ± 0.0000
    AUPRC: 0.4718 ± 0.0000

    Threshold Percentile Metrics:
    Percentile   Precision            Recall               F1                  
    ------------------------------------------------------------------------
    20           0.4007 ± 0.0000      0.9179 ± 0.0000      0.5578 ± 0.0000     
    25           0.4167 ± 0.0000      0.8955 ± 0.0000      0.5687 ± 0.0000     
    30           0.4164 ± 0.0000      0.8358 ± 0.0000      0.5558 ± 0.0000     
    35           0.4297 ± 0.0000      0.7985 ± 0.0000      0.5587 ± 0.0000     
    40           0.4304 ± 0.0000      0.7388 ± 0.0000      0.5440 ± 0.0000     
    45           0.4408 ± 0.0000      0.6940 ± 0.0000      0.5391 ± 0.0000     
    50           0.4479 ± 0.0000      0.6418 ± 0.0000      0.5276 ± 0.0000     
    60           0.4286 ± 0.0000      0.4925 ± 0.0000      0.4583 ± 0.0000     
    70           0.4522 ± 0.0000      0.3881 ± 0.0000      0.4177 ± 0.0000     
    80           0.4545 ± 0.0000      0.2612 ± 0.0000      0.3318 ± 0.0000     
    90           0.5385 ± 0.0000      0.1567 ± 0.0000      0.2428 ± 0.0000     
    95           0.6000 ± 0.0000      0.0896 ± 0.0000      0.1558 ± 0.0000     
    97.5         0.7000 ± 0.0000      0.0522 ± 0.0000      0.0972 ± 0.0000     
    99           0.7500 ± 0.0000      0.0224 ± 0.0000      0.0435 ± 0.0000     
    99.5         0.5000 ± 0.0000      0.0075 ± 0.0000      0.0147 ± 0.0000     
    99.9         0.0000 ± 0.0000      0.0000 ± 0.0000      0.0000 ± 0.0000     
    99.95        0.0000 ± 0.0000      0.0000 ± 0.0000      0.0000 ± 0.0000     
    99.99        0.0000 ± 0.0000      0.0000 ± 0.0000      0.0000 ± 0.0000     

    ✓ Best F1: 0.5687 @ 25th percentile
  29_Pima.npz [full_contamination]:
    AUC: 0.6065 ± 0.0000
    AUPRC: 0.4517 ± 0.0000

    Threshold Percentile Metrics:
    Percentile   Precision            Recall               F1                  
    ------------------------------------------------------------------------
    20           0.3779 ± 0.0000      0.8657 ± 0.0000      0.5261 ± 0.0000     
    25           0.3924 ± 0.0000      0.8433 ± 0.0000      0.5355 ± 0.0000     
    30           0.3941 ± 0.0000      0.7910 ± 0.0000      0.5261 ± 0.0000     
    35           0.4056 ± 0.0000      0.7537 ± 0.0000      0.5274 ± 0.0000     
    40           0.3957 ± 0.0000      0.6791 ± 0.0000      0.5000 ± 0.0000     
    45           0.4028 ± 0.0000      0.6343 ± 0.0000      0.4928 ± 0.0000     
    50           0.4010 ± 0.0000      0.5746 ± 0.0000      0.4724 ± 0.0000     
    60           0.4351 ± 0.0000      0.5000 ± 0.0000      0.4653 ± 0.0000     
    70           0.4435 ± 0.0000      0.3806 ± 0.0000      0.4096 ± 0.0000     
    80           0.4935 ± 0.0000      0.2836 ± 0.0000      0.3602 ± 0.0000     
    90           0.5128 ± 0.0000      0.1493 ± 0.0000      0.2312 ± 0.0000     
    95           0.5000 ± 0.0000      0.0746 ± 0.0000      0.1299 ± 0.0000     
    97.5         0.7000 ± 0.0000      0.0522 ± 0.0000      0.0972 ± 0.0000     
    99           0.5000 ± 0.0000      0.0149 ± 0.0000      0.0290 ± 0.0000     
    99.5         0.5000 ± 0.0000      0.0075 ± 0.0000      0.0147 ± 0.0000     
    99.9         1.0000 ± 0.0000      0.0075 ± 0.0000      0.0148 ± 0.0000     
    99.95        1.0000 ± 0.0000      0.0075 ± 0.0000      0.0148 ± 0.0000     
    99.99        1.0000 ± 0.0000      0.0075 ± 0.0000      0.0148 ± 0.0000     

    ✓ Best F1: 0.5355 @ 25th percentile

TCCM_nt5 - deviation:
  29_Pima.npz [no_contamination]:
    AUC: 0.7091 ± 0.0000
    AUPRC: 0.5337 ± 0.0000

    Threshold Percentile Metrics:
    Percentile   Precision            Recall               F1                  
    ------------------------------------------------------------------------
    20           0.3974 ± 0.0000      0.9104 ± 0.0000      0.5533 ± 0.0000     
    25           0.4201 ± 0.0000      0.9030 ± 0.0000      0.5735 ± 0.0000     
    30           0.4312 ± 0.0000      0.8657 ± 0.0000      0.5757 ± 0.0000     
    35           0.4498 ± 0.0000      0.8358 ± 0.0000      0.5849 ± 0.0000     
    40           0.4565 ± 0.0000      0.7836 ± 0.0000      0.5769 ± 0.0000     
    45           0.4787 ± 0.0000      0.7537 ± 0.0000      0.5855 ± 0.0000     
    50           0.4896 ± 0.0000      0.7015 ± 0.0000      0.5767 ± 0.0000     
    60           0.5390 ± 0.0000      0.6194 ± 0.0000      0.5764 ± 0.0000     
    70           0.5739 ± 0.0000      0.4925 ± 0.0000      0.5301 ± 0.0000     
    80           0.5325 ± 0.0000      0.3060 ± 0.0000      0.3886 ± 0.0000     
    90           0.5385 ± 0.0000      0.1567 ± 0.0000      0.2428 ± 0.0000     
    95           0.7000 ± 0.0000      0.1045 ± 0.0000      0.1818 ± 0.0000     
    97.5         0.6000 ± 0.0000      0.0448 ± 0.0000      0.0833 ± 0.0000     
    99           0.5000 ± 0.0000      0.0149 ± 0.0000      0.0290 ± 0.0000     
    99.5         1.0000 ± 0.0000      0.0149 ± 0.0000      0.0294 ± 0.0000     
    99.9         1.0000 ± 0.0000      0.0075 ± 0.0000      0.0148 ± 0.0000     
    99.95        1.0000 ± 0.0000      0.0075 ± 0.0000      0.0148 ± 0.0000     
    99.99        1.0000 ± 0.0000      0.0075 ± 0.0000      0.0148 ± 0.0000     

    ✓ Best F1: 0.5855 @ 45th percentile
  29_Pima.npz [full_contamination]:
    AUC: 0.5930 ± 0.0000
    AUPRC: 0.4470 ± 0.0000

    Threshold Percentile Metrics:
    Percentile   Precision            Recall               F1                  
    ------------------------------------------------------------------------
    20           0.3648 ± 0.0000      0.8358 ± 0.0000      0.5079 ± 0.0000     
    25           0.3611 ± 0.0000      0.7761 ± 0.0000      0.4929 ± 0.0000     
    30           0.3829 ± 0.0000      0.7687 ± 0.0000      0.5112 ± 0.0000     
    35           0.3855 ± 0.0000      0.7164 ± 0.0000      0.5013 ± 0.0000     
    40           0.4130 ± 0.0000      0.7090 ± 0.0000      0.5220 ± 0.0000     
    45           0.4218 ± 0.0000      0.6642 ± 0.0000      0.5159 ± 0.0000     
    50           0.4219 ± 0.0000      0.6045 ± 0.0000      0.4969 ± 0.0000     
    60           0.4416 ± 0.0000      0.5075 ± 0.0000      0.4722 ± 0.0000     
    70           0.4348 ± 0.0000      0.3731 ± 0.0000      0.4016 ± 0.0000     
    80           0.4805 ± 0.0000      0.2761 ± 0.0000      0.3507 ± 0.0000     
    90           0.5128 ± 0.0000      0.1493 ± 0.0000      0.2312 ± 0.0000     
    95           0.6500 ± 0.0000      0.0970 ± 0.0000      0.1688 ± 0.0000     
    97.5         0.5000 ± 0.0000      0.0373 ± 0.0000      0.0694 ± 0.0000     
    99           0.5000 ± 0.0000      0.0149 ± 0.0000      0.0290 ± 0.0000     
    99.5         0.5000 ± 0.0000      0.0075 ± 0.0000      0.0147 ± 0.0000     
    99.9         1.0000 ± 0.0000      0.0075 ± 0.0000      0.0148 ± 0.0000     
    99.95        1.0000 ± 0.0000      0.0075 ± 0.0000      0.0148 ± 0.0000     
    99.99        1.0000 ± 0.0000      0.0075 ± 0.0000      0.0148 ± 0.0000     

    ✓ Best F1: 0.5220 @ 40th percentile

TCCM_nt5 - reconstruction:
  29_Pima.npz [no_contamination]:
    AUC: 0.7264 ± 0.0000
    AUPRC: 0.5487 ± 0.0000

    Threshold Percentile Metrics:
    Percentile   Precision            Recall               F1                  
    ------------------------------------------------------------------------
    20           0.4072 ± 0.0000      0.9328 ± 0.0000      0.5669 ± 0.0000     
    25           0.4167 ± 0.0000      0.8955 ± 0.0000      0.5687 ± 0.0000     
    30           0.4349 ± 0.0000      0.8731 ± 0.0000      0.5806 ± 0.0000     
    35           0.4538 ± 0.0000      0.8433 ± 0.0000      0.5901 ± 0.0000     
    40           0.4652 ± 0.0000      0.7985 ± 0.0000      0.5879 ± 0.0000     
    45           0.4929 ± 0.0000      0.7761 ± 0.0000      0.6029 ± 0.0000     
    50           0.5208 ± 0.0000      0.7463 ± 0.0000      0.6135 ± 0.0000     
    60           0.5584 ± 0.0000      0.6418 ± 0.0000      0.5972 ± 0.0000     
    70           0.5826 ± 0.0000      0.5000 ± 0.0000      0.5382 ± 0.0000     
    80           0.5325 ± 0.0000      0.3060 ± 0.0000      0.3886 ± 0.0000     
    90           0.5641 ± 0.0000      0.1642 ± 0.0000      0.2543 ± 0.0000     
    95           0.6500 ± 0.0000      0.0970 ± 0.0000      0.1688 ± 0.0000     
    97.5         0.6000 ± 0.0000      0.0448 ± 0.0000      0.0833 ± 0.0000     
    99           0.7500 ± 0.0000      0.0224 ± 0.0000      0.0435 ± 0.0000     
    99.5         1.0000 ± 0.0000      0.0149 ± 0.0000      0.0294 ± 0.0000     
    99.9         1.0000 ± 0.0000      0.0075 ± 0.0000      0.0148 ± 0.0000     
    99.95        1.0000 ± 0.0000      0.0075 ± 0.0000      0.0148 ± 0.0000     
    99.99        1.0000 ± 0.0000      0.0075 ± 0.0000      0.0148 ± 0.0000     

    ✓ Best F1: 0.6135 @ 50th percentile
  29_Pima.npz [full_contamination]:
    AUC: 0.6722 ± 0.0000
    AUPRC: 0.5060 ± 0.0000

    Threshold Percentile Metrics:
    Percentile   Precision            Recall               F1                  
    ------------------------------------------------------------------------
    20           0.3844 ± 0.0000      0.8806 ± 0.0000      0.5351 ± 0.0000     
    25           0.3993 ± 0.0000      0.8582 ± 0.0000      0.5450 ± 0.0000     
    30           0.4126 ± 0.0000      0.8284 ± 0.0000      0.5509 ± 0.0000     
    35           0.4378 ± 0.0000      0.8134 ± 0.0000      0.5692 ± 0.0000     
    40           0.4565 ± 0.0000      0.7836 ± 0.0000      0.5769 ± 0.0000     
    45           0.4692 ± 0.0000      0.7388 ± 0.0000      0.5739 ± 0.0000     
    50           0.4896 ± 0.0000      0.7015 ± 0.0000      0.5767 ± 0.0000     
    60           0.5000 ± 0.0000      0.5746 ± 0.0000      0.5347 ± 0.0000     
    70           0.5217 ± 0.0000      0.4478 ± 0.0000      0.4819 ± 0.0000     
    80           0.5195 ± 0.0000      0.2985 ± 0.0000      0.3791 ± 0.0000     
    90           0.5128 ± 0.0000      0.1493 ± 0.0000      0.2312 ± 0.0000     
    95           0.6000 ± 0.0000      0.0896 ± 0.0000      0.1558 ± 0.0000     
    97.5         0.6000 ± 0.0000      0.0448 ± 0.0000      0.0833 ± 0.0000     
    99           0.7500 ± 0.0000      0.0224 ± 0.0000      0.0435 ± 0.0000     
    99.5         1.0000 ± 0.0000      0.0149 ± 0.0000      0.0294 ± 0.0000     
    99.9         1.0000 ± 0.0000      0.0075 ± 0.0000      0.0148 ± 0.0000     
    99.95        1.0000 ± 0.0000      0.0075 ± 0.0000      0.0148 ± 0.0000     
    99.99        1.0000 ± 0.0000      0.0075 ± 0.0000      0.0148 ± 0.0000     

    ✓ Best F1: 0.5769 @ 40th percentile

TCCM_nt5 - decision:
  29_Pima.npz [no_contamination]:
    AUC: 0.7085 ± 0.0000
    AUPRC: 0.5321 ± 0.0000

    Threshold Percentile Metrics:
    Percentile   Precision            Recall               F1                  
    ------------------------------------------------------------------------
    20           0.4007 ± 0.0000      0.9179 ± 0.0000      0.5578 ± 0.0000     
    25           0.4167 ± 0.0000      0.8955 ± 0.0000      0.5687 ± 0.0000     
    30           0.4387 ± 0.0000      0.8806 ± 0.0000      0.5856 ± 0.0000     
    35           0.4498 ± 0.0000      0.8358 ± 0.0000      0.5849 ± 0.0000     
    40           0.4565 ± 0.0000      0.7836 ± 0.0000      0.5769 ± 0.0000     
    45           0.4787 ± 0.0000      0.7537 ± 0.0000      0.5855 ± 0.0000     
    50           0.5052 ± 0.0000      0.7239 ± 0.0000      0.5951 ± 0.0000     
    60           0.5390 ± 0.0000      0.6194 ± 0.0000      0.5764 ± 0.0000     
    70           0.5565 ± 0.0000      0.4776 ± 0.0000      0.5141 ± 0.0000     
    80           0.5065 ± 0.0000      0.2910 ± 0.0000      0.3697 ± 0.0000     
    90           0.5641 ± 0.0000      0.1642 ± 0.0000      0.2543 ± 0.0000     
    95           0.7000 ± 0.0000      0.1045 ± 0.0000      0.1818 ± 0.0000     
    97.5         0.6000 ± 0.0000      0.0448 ± 0.0000      0.0833 ± 0.0000     
    99           0.5000 ± 0.0000      0.0149 ± 0.0000      0.0290 ± 0.0000     
    99.5         1.0000 ± 0.0000      0.0149 ± 0.0000      0.0294 ± 0.0000     
    99.9         1.0000 ± 0.0000      0.0075 ± 0.0000      0.0148 ± 0.0000     
    99.95        1.0000 ± 0.0000      0.0075 ± 0.0000      0.0148 ± 0.0000     
    99.99        1.0000 ± 0.0000      0.0075 ± 0.0000      0.0148 ± 0.0000     

    ✓ Best F1: 0.5951 @ 50th percentile
  29_Pima.npz [full_contamination]:
    AUC: 0.6089 ± 0.0000
    AUPRC: 0.4571 ± 0.0000

    Threshold Percentile Metrics:
    Percentile   Precision            Recall               F1                  
    ------------------------------------------------------------------------
    20           0.3681 ± 0.0000      0.8433 ± 0.0000      0.5125 ± 0.0000     
    25           0.3646 ± 0.0000      0.7836 ± 0.0000      0.4976 ± 0.0000     
    30           0.3903 ± 0.0000      0.7836 ± 0.0000      0.5211 ± 0.0000     
    35           0.4056 ± 0.0000      0.7537 ± 0.0000      0.5274 ± 0.0000     
    40           0.4174 ± 0.0000      0.7164 ± 0.0000      0.5275 ± 0.0000     
    45           0.4313 ± 0.0000      0.6791 ± 0.0000      0.5275 ± 0.0000     
    50           0.4427 ± 0.0000      0.6343 ± 0.0000      0.5215 ± 0.0000     
    60           0.4610 ± 0.0000      0.5299 ± 0.0000      0.4931 ± 0.0000     
    70           0.4522 ± 0.0000      0.3881 ± 0.0000      0.4177 ± 0.0000     
    80           0.4805 ± 0.0000      0.2761 ± 0.0000      0.3507 ± 0.0000     
    90           0.4872 ± 0.0000      0.1418 ± 0.0000      0.2197 ± 0.0000     
    95           0.6500 ± 0.0000      0.0970 ± 0.0000      0.1688 ± 0.0000     
    97.5         0.5000 ± 0.0000      0.0373 ± 0.0000      0.0694 ± 0.0000     
    99           0.5000 ± 0.0000      0.0149 ± 0.0000      0.0290 ± 0.0000     
    99.5         1.0000 ± 0.0000      0.0149 ± 0.0000      0.0294 ± 0.0000     
    99.9         1.0000 ± 0.0000      0.0075 ± 0.0000      0.0148 ± 0.0000     
    99.95        1.0000 ± 0.0000      0.0075 ± 0.0000      0.0148 ± 0.0000     
    99.99        1.0000 ± 0.0000      0.0075 ± 0.0000      0.0148 ± 0.0000     

    ✓ Best F1: 0.5275 @ 45th percentile

============================================================
Results saved at: test/results_data/extreme_cases_29_Pima_20260103_203617.joblib
============================================================
== Job Ende: Sat Jan  3 08:36:19 PM CET 2026 ==

============================= JOB FEEDBACK =============================

NodeName=uc2n809
Job ID: 2756684
Cluster: uc3
User/Group: ma_pkonz/ma_ma
State: COMPLETED (exit code 0)
Nodes: 1
Cores per node: 50
CPU Utilized: 00:00:32
CPU Efficiency: 0.89% of 01:00:00 core-walltime
Job Wall-clock time: 00:01:12
Memory Utilized: 468.70 MB
Memory Efficiency: 0.72% of 64.00 GB (64.00 GB/node)
