== Job Start: Sat Dec 20 02:32:54 PM CET 2025 ==
Python: /pfs/work9/workspace/scratch/ma_pkonz-thesis/ForestDiffusion/.venv/bin/python
Imports dauern ~2-3 Minuten, bitte warten...

 Dataset: 5_campaign.npz with model: TCCM_nt50 and score: deviation
 
Dataset loaded successfully!
Training data: (18274, 62), Normal: 18274
Test data: (22914, 62), Normal: 18274, Anomalies: 4640
[*] Loading cached tccm model from /pfs/work9/workspace/scratch/ma_pkonz-thesis/ForestDiffusion/tests/saved_models/5_campaign.npz/tccm/677ca9f404d82e04084bbce635d40b37.joblib
[*] Loading cached tccm model from /pfs/work9/workspace/scratch/ma_pkonz-thesis/ForestDiffusion/tests/saved_models/5_campaign.npz/tccm/f9db39493dff676f16c80fa2cfba7fd9.joblib
[*] Loading cached tccm model from /pfs/work9/workspace/scratch/ma_pkonz-thesis/ForestDiffusion/tests/saved_models/5_campaign.npz/tccm/aee8bf82e21fa40fb0fa61228a9c641e.joblib
[*] Loading cached tccm model from /pfs/work9/workspace/scratch/ma_pkonz-thesis/ForestDiffusion/tests/saved_models/5_campaign.npz/tccm/b0805671db87a8306f33112771a627b5.joblib
[*] Loading cached tccm model from /pfs/work9/workspace/scratch/ma_pkonz-thesis/ForestDiffusion/tests/saved_models/5_campaign.npz/tccm/732986203268044b4377d05a8b42f5c4.joblib
[*] Loading cached tccm model from /pfs/work9/workspace/scratch/ma_pkonz-thesis/ForestDiffusion/tests/saved_models/5_campaign.npz/tccm/8090bcb16601ca52fd3f4f16a5720306.joblib
[*] Loading cached tccm model from /pfs/work9/workspace/scratch/ma_pkonz-thesis/ForestDiffusion/tests/saved_models/5_campaign.npz/tccm/9cd18656995e806c6be7430e85305577.joblib
[*] Loading cached tccm model from /pfs/work9/workspace/scratch/ma_pkonz-thesis/ForestDiffusion/tests/saved_models/5_campaign.npz/tccm/761272a4613eddd93869c5cd4fa47ed6.joblib
[*] Loading cached tccm model from /pfs/work9/workspace/scratch/ma_pkonz-thesis/ForestDiffusion/tests/saved_models/5_campaign.npz/tccm/58d968812945dcc2ab2046a2c6919d50.joblib
[*] Loading cached tccm model from /pfs/work9/workspace/scratch/ma_pkonz-thesis/ForestDiffusion/tests/saved_models/5_campaign.npz/tccm/9d682486f670b03e8a0cf1ce2a912426.joblib
[*] Loading cached tccm model from /pfs/work9/workspace/scratch/ma_pkonz-thesis/ForestDiffusion/tests/saved_models/5_campaign.npz/tccm/7fe94e126adb4d81a1d3e5225827aae8.joblib
[*] Loading cached tccm model from /pfs/work9/workspace/scratch/ma_pkonz-thesis/ForestDiffusion/tests/saved_models/5_campaign.npz/tccm/3cde777b6bfc6ff705bb1517e9c9ef23.joblib
[*] Loading cached tccm model from /pfs/work9/workspace/scratch/ma_pkonz-thesis/ForestDiffusion/tests/saved_models/5_campaign.npz/tccm/f80e83ee90a02be23fcbfbe23d2b9b70.joblib
[*] Loading cached tccm model from /pfs/work9/workspace/scratch/ma_pkonz-thesis/ForestDiffusion/tests/saved_models/5_campaign.npz/tccm/303f8ceee8a1e76eb1f33e6c84f15cbb.joblib
[*] Loading cached tccm model from /pfs/work9/workspace/scratch/ma_pkonz-thesis/ForestDiffusion/tests/saved_models/5_campaign.npz/tccm/bfc788a74207342beec331fea384270a.joblib
[*] Loading cached tccm model from /pfs/work9/workspace/scratch/ma_pkonz-thesis/ForestDiffusion/tests/saved_models/5_campaign.npz/tccm/55a02641aac31b24de3f0bd068bcaf01.joblib
[*] Loading cached tccm model from /pfs/work9/workspace/scratch/ma_pkonz-thesis/ForestDiffusion/tests/saved_models/5_campaign.npz/tccm/8a174d778de8bbb3ffbe4ebfb511286b.joblib
[*] Loading cached tccm model from /pfs/work9/workspace/scratch/ma_pkonz-thesis/ForestDiffusion/tests/saved_models/5_campaign.npz/tccm/fb03377a22f392bf3ac291618c01c7d7.joblib
[*] Loading cached tccm model from /pfs/work9/workspace/scratch/ma_pkonz-thesis/ForestDiffusion/tests/saved_models/5_campaign.npz/tccm/667e21283cc41c39e3b7de642a3acbd4.joblib
[*] Loading cached tccm model from /pfs/work9/workspace/scratch/ma_pkonz-thesis/ForestDiffusion/tests/saved_models/5_campaign.npz/tccm/27a5e18c173eca1bdf2805a05584f8b9.joblib
[*] Loading cached tccm model from /pfs/work9/workspace/scratch/ma_pkonz-thesis/ForestDiffusion/tests/saved_models/5_campaign.npz/tccm/dec7155d523dffe06a832569ee710081.joblib
[*] Loading cached tccm model from /pfs/work9/workspace/scratch/ma_pkonz-thesis/ForestDiffusion/tests/saved_models/5_campaign.npz/tccm/8fef6399de3c0cc7e1f42fac6e5ecee7.joblib
[*] Loading cached tccm model from /pfs/work9/workspace/scratch/ma_pkonz-thesis/ForestDiffusion/tests/saved_models/5_campaign.npz/tccm/4af1723e12776e377aa984bb3a14b64b.joblib
[*] Loading cached tccm model from /pfs/work9/workspace/scratch/ma_pkonz-thesis/ForestDiffusion/tests/saved_models/5_campaign.npz/tccm/dfca52acf8ad348c77b812e663a1147d.joblib
[*] Loading cached tccm model from /pfs/work9/workspace/scratch/ma_pkonz-thesis/ForestDiffusion/tests/saved_models/5_campaign.npz/tccm/7eaa67118dc7d5c4e264da3b9a07cf2e.joblib
[*] Loading cached tccm model from /pfs/work9/workspace/scratch/ma_pkonz-thesis/ForestDiffusion/tests/saved_models/5_campaign.npz/tccm/42b9a6f13e0662055d733b8fcb8cf038.joblib
[*] Loading cached tccm model from /pfs/work9/workspace/scratch/ma_pkonz-thesis/ForestDiffusion/tests/saved_models/5_campaign.npz/tccm/6a3bbd531ae5dd4a8232f351f84c4c37.joblib
[*] Loading cached tccm model from /pfs/work9/workspace/scratch/ma_pkonz-thesis/ForestDiffusion/tests/saved_models/5_campaign.npz/tccm/8f787864259c723919248d4f173d327c.joblib
[*] Loading cached tccm model from /pfs/work9/workspace/scratch/ma_pkonz-thesis/ForestDiffusion/tests/saved_models/5_campaign.npz/tccm/e8ade6147ea5f757b495c4e889e4609b.joblib
[*] Loading cached tccm model from /pfs/work9/workspace/scratch/ma_pkonz-thesis/ForestDiffusion/tests/saved_models/5_campaign.npz/tccm/28167248ce546bfd92c0f87163d67df5.joblib
[*] Loading cached tccm model from /pfs/work9/workspace/scratch/ma_pkonz-thesis/ForestDiffusion/tests/saved_models/5_campaign.npz/tccm/a85c9620d31feddbbd2e1507e200a7bc.joblib
[*] Loading cached tccm model from /pfs/work9/workspace/scratch/ma_pkonz-thesis/ForestDiffusion/tests/saved_models/5_campaign.npz/tccm/5c0323c24739af1462ce139d723fad1a.joblib
[*] Loading cached tccm model from /pfs/work9/workspace/scratch/ma_pkonz-thesis/ForestDiffusion/tests/saved_models/5_campaign.npz/tccm/00c4015ee2600fbc8b471af4cb86e8bd.joblib
[*] Loading cached tccm model from /pfs/work9/workspace/scratch/ma_pkonz-thesis/ForestDiffusion/tests/saved_models/5_campaign.npz/tccm/84c3b0faf7aa97a6eab5ff221d98adea.joblib
[*] Loading cached tccm model from /pfs/work9/workspace/scratch/ma_pkonz-thesis/ForestDiffusion/tests/saved_models/5_campaign.npz/tccm/646b3fd9b244f3413b64df341133b7bd.joblib
[*] Loading cached tccm model from /pfs/work9/workspace/scratch/ma_pkonz-thesis/ForestDiffusion/tests/saved_models/5_campaign.npz/tccm/9ef54966b15fc05467bfdde4c5ba0d39.joblib
[*] Loading cached tccm model from /pfs/work9/workspace/scratch/ma_pkonz-thesis/ForestDiffusion/tests/saved_models/5_campaign.npz/tccm/c53cd13683d887737cba6088d128bdfc.joblib
[*] Loading cached tccm model from /pfs/work9/workspace/scratch/ma_pkonz-thesis/ForestDiffusion/tests/saved_models/5_campaign.npz/tccm/af1e70289735d33ec476a48d54898164.joblib
[*] Loading cached tccm model from /pfs/work9/workspace/scratch/ma_pkonz-thesis/ForestDiffusion/tests/saved_models/5_campaign.npz/tccm/0021447389864488950bcfef991e4d26.joblib
[*] Loading cached tccm model from /pfs/work9/workspace/scratch/ma_pkonz-thesis/ForestDiffusion/tests/saved_models/5_campaign.npz/tccm/2344dd89066f9a8d2334b65e116b0ced.joblib
[*] Loading cached tccm model from /pfs/work9/workspace/scratch/ma_pkonz-thesis/ForestDiffusion/tests/saved_models/5_campaign.npz/tccm/ce5645fc0d2c530ae3cc1a24787e2f87.joblib
[*] Loading cached tccm model from /pfs/work9/workspace/scratch/ma_pkonz-thesis/ForestDiffusion/tests/saved_models/5_campaign.npz/tccm/41f9eb20b73abdf6db51e7a15ef45cf2.joblib
[*] Loading cached tccm model from /pfs/work9/workspace/scratch/ma_pkonz-thesis/ForestDiffusion/tests/saved_models/5_campaign.npz/tccm/db88f8bf838759d153e0e8d7987e1e50.joblib
[*] Loading cached tccm model from /pfs/work9/workspace/scratch/ma_pkonz-thesis/ForestDiffusion/tests/saved_models/5_campaign.npz/tccm/9e6a9967860d53aad1a5d50198682fd1.joblib
[*] Loading cached tccm model from /pfs/work9/workspace/scratch/ma_pkonz-thesis/ForestDiffusion/tests/saved_models/5_campaign.npz/tccm/1bd9c387e36a5f0aceaf0bb3a974ddb6.joblib
[*] Loading cached tccm model from /pfs/work9/workspace/scratch/ma_pkonz-thesis/ForestDiffusion/tests/saved_models/5_campaign.npz/tccm/05c26d17d839653adcd64b315829e529.joblib
[*] Loading cached tccm model from /pfs/work9/workspace/scratch/ma_pkonz-thesis/ForestDiffusion/tests/saved_models/5_campaign.npz/tccm/928f201ec046864e548f94aa82520a50.joblib
[*] Loading cached tccm model from /pfs/work9/workspace/scratch/ma_pkonz-thesis/ForestDiffusion/tests/saved_models/5_campaign.npz/tccm/0566f952ce357b1f4f0b78ec0a3de010.joblib
[*] Loading cached tccm model from /pfs/work9/workspace/scratch/ma_pkonz-thesis/ForestDiffusion/tests/saved_models/5_campaign.npz/tccm/0bf0ff1003329466afba58448098df7f.joblib
[*] Loading cached tccm model from /pfs/work9/workspace/scratch/ma_pkonz-thesis/ForestDiffusion/tests/saved_models/5_campaign.npz/tccm/a912ba42ed12ca8e12e02f4d6f73f644.joblib

 Dataset: 5_campaign.npz with model: TCCM_nt50 and score: reconstruction
 
Dataset loaded successfully!
Training data: (18274, 62), Normal: 18274
Test data: (22914, 62), Normal: 18274, Anomalies: 4640
[*] Loading cached tccm model from /pfs/work9/workspace/scratch/ma_pkonz-thesis/ForestDiffusion/tests/saved_models/5_campaign.npz/tccm/677ca9f404d82e04084bbce635d40b37.joblib
[*] Loading cached tccm model from /pfs/work9/workspace/scratch/ma_pkonz-thesis/ForestDiffusion/tests/saved_models/5_campaign.npz/tccm/f9db39493dff676f16c80fa2cfba7fd9.joblib
[*] Loading cached tccm model from /pfs/work9/workspace/scratch/ma_pkonz-thesis/ForestDiffusion/tests/saved_models/5_campaign.npz/tccm/aee8bf82e21fa40fb0fa61228a9c641e.joblib
[*] Loading cached tccm model from /pfs/work9/workspace/scratch/ma_pkonz-thesis/ForestDiffusion/tests/saved_models/5_campaign.npz/tccm/b0805671db87a8306f33112771a627b5.joblib
[*] Loading cached tccm model from /pfs/work9/workspace/scratch/ma_pkonz-thesis/ForestDiffusion/tests/saved_models/5_campaign.npz/tccm/732986203268044b4377d05a8b42f5c4.joblib
[*] Loading cached tccm model from /pfs/work9/workspace/scratch/ma_pkonz-thesis/ForestDiffusion/tests/saved_models/5_campaign.npz/tccm/8090bcb16601ca52fd3f4f16a5720306.joblib
[*] Loading cached tccm model from /pfs/work9/workspace/scratch/ma_pkonz-thesis/ForestDiffusion/tests/saved_models/5_campaign.npz/tccm/9cd18656995e806c6be7430e85305577.joblib
[*] Loading cached tccm model from /pfs/work9/workspace/scratch/ma_pkonz-thesis/ForestDiffusion/tests/saved_models/5_campaign.npz/tccm/761272a4613eddd93869c5cd4fa47ed6.joblib
[*] Loading cached tccm model from /pfs/work9/workspace/scratch/ma_pkonz-thesis/ForestDiffusion/tests/saved_models/5_campaign.npz/tccm/58d968812945dcc2ab2046a2c6919d50.joblib
[*] Loading cached tccm model from /pfs/work9/workspace/scratch/ma_pkonz-thesis/ForestDiffusion/tests/saved_models/5_campaign.npz/tccm/9d682486f670b03e8a0cf1ce2a912426.joblib
[*] Loading cached tccm model from /pfs/work9/workspace/scratch/ma_pkonz-thesis/ForestDiffusion/tests/saved_models/5_campaign.npz/tccm/7fe94e126adb4d81a1d3e5225827aae8.joblib
[*] Loading cached tccm model from /pfs/work9/workspace/scratch/ma_pkonz-thesis/ForestDiffusion/tests/saved_models/5_campaign.npz/tccm/3cde777b6bfc6ff705bb1517e9c9ef23.joblib
[*] Loading cached tccm model from /pfs/work9/workspace/scratch/ma_pkonz-thesis/ForestDiffusion/tests/saved_models/5_campaign.npz/tccm/f80e83ee90a02be23fcbfbe23d2b9b70.joblib
[*] Loading cached tccm model from /pfs/work9/workspace/scratch/ma_pkonz-thesis/ForestDiffusion/tests/saved_models/5_campaign.npz/tccm/303f8ceee8a1e76eb1f33e6c84f15cbb.joblib
[*] Loading cached tccm model from /pfs/work9/workspace/scratch/ma_pkonz-thesis/ForestDiffusion/tests/saved_models/5_campaign.npz/tccm/bfc788a74207342beec331fea384270a.joblib
[*] Loading cached tccm model from /pfs/work9/workspace/scratch/ma_pkonz-thesis/ForestDiffusion/tests/saved_models/5_campaign.npz/tccm/55a02641aac31b24de3f0bd068bcaf01.joblib
[*] Loading cached tccm model from /pfs/work9/workspace/scratch/ma_pkonz-thesis/ForestDiffusion/tests/saved_models/5_campaign.npz/tccm/8a174d778de8bbb3ffbe4ebfb511286b.joblib
[*] Loading cached tccm model from /pfs/work9/workspace/scratch/ma_pkonz-thesis/ForestDiffusion/tests/saved_models/5_campaign.npz/tccm/fb03377a22f392bf3ac291618c01c7d7.joblib
[*] Loading cached tccm model from /pfs/work9/workspace/scratch/ma_pkonz-thesis/ForestDiffusion/tests/saved_models/5_campaign.npz/tccm/667e21283cc41c39e3b7de642a3acbd4.joblib
[*] Loading cached tccm model from /pfs/work9/workspace/scratch/ma_pkonz-thesis/ForestDiffusion/tests/saved_models/5_campaign.npz/tccm/27a5e18c173eca1bdf2805a05584f8b9.joblib
[*] Loading cached tccm model from /pfs/work9/workspace/scratch/ma_pkonz-thesis/ForestDiffusion/tests/saved_models/5_campaign.npz/tccm/dec7155d523dffe06a832569ee710081.joblib
[*] Loading cached tccm model from /pfs/work9/workspace/scratch/ma_pkonz-thesis/ForestDiffusion/tests/saved_models/5_campaign.npz/tccm/8fef6399de3c0cc7e1f42fac6e5ecee7.joblib
[*] Loading cached tccm model from /pfs/work9/workspace/scratch/ma_pkonz-thesis/ForestDiffusion/tests/saved_models/5_campaign.npz/tccm/4af1723e12776e377aa984bb3a14b64b.joblib
[*] Loading cached tccm model from /pfs/work9/workspace/scratch/ma_pkonz-thesis/ForestDiffusion/tests/saved_models/5_campaign.npz/tccm/dfca52acf8ad348c77b812e663a1147d.joblib
[*] Loading cached tccm model from /pfs/work9/workspace/scratch/ma_pkonz-thesis/ForestDiffusion/tests/saved_models/5_campaign.npz/tccm/7eaa67118dc7d5c4e264da3b9a07cf2e.joblib
[*] Loading cached tccm model from /pfs/work9/workspace/scratch/ma_pkonz-thesis/ForestDiffusion/tests/saved_models/5_campaign.npz/tccm/42b9a6f13e0662055d733b8fcb8cf038.joblib
[*] Loading cached tccm model from /pfs/work9/workspace/scratch/ma_pkonz-thesis/ForestDiffusion/tests/saved_models/5_campaign.npz/tccm/6a3bbd531ae5dd4a8232f351f84c4c37.joblib
[*] Loading cached tccm model from /pfs/work9/workspace/scratch/ma_pkonz-thesis/ForestDiffusion/tests/saved_models/5_campaign.npz/tccm/8f787864259c723919248d4f173d327c.joblib
[*] Loading cached tccm model from /pfs/work9/workspace/scratch/ma_pkonz-thesis/ForestDiffusion/tests/saved_models/5_campaign.npz/tccm/e8ade6147ea5f757b495c4e889e4609b.joblib
[*] Loading cached tccm model from /pfs/work9/workspace/scratch/ma_pkonz-thesis/ForestDiffusion/tests/saved_models/5_campaign.npz/tccm/28167248ce546bfd92c0f87163d67df5.joblib
[*] Loading cached tccm model from /pfs/work9/workspace/scratch/ma_pkonz-thesis/ForestDiffusion/tests/saved_models/5_campaign.npz/tccm/a85c9620d31feddbbd2e1507e200a7bc.joblib
[*] Loading cached tccm model from /pfs/work9/workspace/scratch/ma_pkonz-thesis/ForestDiffusion/tests/saved_models/5_campaign.npz/tccm/5c0323c24739af1462ce139d723fad1a.joblib
[*] Loading cached tccm model from /pfs/work9/workspace/scratch/ma_pkonz-thesis/ForestDiffusion/tests/saved_models/5_campaign.npz/tccm/00c4015ee2600fbc8b471af4cb86e8bd.joblib
[*] Loading cached tccm model from /pfs/work9/workspace/scratch/ma_pkonz-thesis/ForestDiffusion/tests/saved_models/5_campaign.npz/tccm/84c3b0faf7aa97a6eab5ff221d98adea.joblib
[*] Loading cached tccm model from /pfs/work9/workspace/scratch/ma_pkonz-thesis/ForestDiffusion/tests/saved_models/5_campaign.npz/tccm/646b3fd9b244f3413b64df341133b7bd.joblib
[*] Loading cached tccm model from /pfs/work9/workspace/scratch/ma_pkonz-thesis/ForestDiffusion/tests/saved_models/5_campaign.npz/tccm/9ef54966b15fc05467bfdde4c5ba0d39.joblib
[*] Loading cached tccm model from /pfs/work9/workspace/scratch/ma_pkonz-thesis/ForestDiffusion/tests/saved_models/5_campaign.npz/tccm/c53cd13683d887737cba6088d128bdfc.joblib
[*] Loading cached tccm model from /pfs/work9/workspace/scratch/ma_pkonz-thesis/ForestDiffusion/tests/saved_models/5_campaign.npz/tccm/af1e70289735d33ec476a48d54898164.joblib
[*] Loading cached tccm model from /pfs/work9/workspace/scratch/ma_pkonz-thesis/ForestDiffusion/tests/saved_models/5_campaign.npz/tccm/0021447389864488950bcfef991e4d26.joblib
[*] Loading cached tccm model from /pfs/work9/workspace/scratch/ma_pkonz-thesis/ForestDiffusion/tests/saved_models/5_campaign.npz/tccm/2344dd89066f9a8d2334b65e116b0ced.joblib
[*] Loading cached tccm model from /pfs/work9/workspace/scratch/ma_pkonz-thesis/ForestDiffusion/tests/saved_models/5_campaign.npz/tccm/ce5645fc0d2c530ae3cc1a24787e2f87.joblib
[*] Loading cached tccm model from /pfs/work9/workspace/scratch/ma_pkonz-thesis/ForestDiffusion/tests/saved_models/5_campaign.npz/tccm/41f9eb20b73abdf6db51e7a15ef45cf2.joblib
[*] Loading cached tccm model from /pfs/work9/workspace/scratch/ma_pkonz-thesis/ForestDiffusion/tests/saved_models/5_campaign.npz/tccm/db88f8bf838759d153e0e8d7987e1e50.joblib
[*] Loading cached tccm model from /pfs/work9/workspace/scratch/ma_pkonz-thesis/ForestDiffusion/tests/saved_models/5_campaign.npz/tccm/9e6a9967860d53aad1a5d50198682fd1.joblib
[*] Loading cached tccm model from /pfs/work9/workspace/scratch/ma_pkonz-thesis/ForestDiffusion/tests/saved_models/5_campaign.npz/tccm/1bd9c387e36a5f0aceaf0bb3a974ddb6.joblib
[*] Loading cached tccm model from /pfs/work9/workspace/scratch/ma_pkonz-thesis/ForestDiffusion/tests/saved_models/5_campaign.npz/tccm/05c26d17d839653adcd64b315829e529.joblib
[*] Loading cached tccm model from /pfs/work9/workspace/scratch/ma_pkonz-thesis/ForestDiffusion/tests/saved_models/5_campaign.npz/tccm/928f201ec046864e548f94aa82520a50.joblib
[*] Loading cached tccm model from /pfs/work9/workspace/scratch/ma_pkonz-thesis/ForestDiffusion/tests/saved_models/5_campaign.npz/tccm/0566f952ce357b1f4f0b78ec0a3de010.joblib
[*] Loading cached tccm model from /pfs/work9/workspace/scratch/ma_pkonz-thesis/ForestDiffusion/tests/saved_models/5_campaign.npz/tccm/0bf0ff1003329466afba58448098df7f.joblib
[*] Loading cached tccm model from /pfs/work9/workspace/scratch/ma_pkonz-thesis/ForestDiffusion/tests/saved_models/5_campaign.npz/tccm/a912ba42ed12ca8e12e02f4d6f73f644.joblib

 Dataset: 5_campaign.npz with model: TCCM_nt50 and score: decision
 
Dataset loaded successfully!
Training data: (18274, 62), Normal: 18274
Test data: (22914, 62), Normal: 18274, Anomalies: 4640
[*] Loading cached tccm model from /pfs/work9/workspace/scratch/ma_pkonz-thesis/ForestDiffusion/tests/saved_models/5_campaign.npz/tccm/677ca9f404d82e04084bbce635d40b37.joblib
[*] Loading cached tccm model from /pfs/work9/workspace/scratch/ma_pkonz-thesis/ForestDiffusion/tests/saved_models/5_campaign.npz/tccm/f9db39493dff676f16c80fa2cfba7fd9.joblib
[*] Loading cached tccm model from /pfs/work9/workspace/scratch/ma_pkonz-thesis/ForestDiffusion/tests/saved_models/5_campaign.npz/tccm/aee8bf82e21fa40fb0fa61228a9c641e.joblib
[*] Loading cached tccm model from /pfs/work9/workspace/scratch/ma_pkonz-thesis/ForestDiffusion/tests/saved_models/5_campaign.npz/tccm/b0805671db87a8306f33112771a627b5.joblib
[*] Loading cached tccm model from /pfs/work9/workspace/scratch/ma_pkonz-thesis/ForestDiffusion/tests/saved_models/5_campaign.npz/tccm/732986203268044b4377d05a8b42f5c4.joblib
[*] Loading cached tccm model from /pfs/work9/workspace/scratch/ma_pkonz-thesis/ForestDiffusion/tests/saved_models/5_campaign.npz/tccm/8090bcb16601ca52fd3f4f16a5720306.joblib
[*] Loading cached tccm model from /pfs/work9/workspace/scratch/ma_pkonz-thesis/ForestDiffusion/tests/saved_models/5_campaign.npz/tccm/9cd18656995e806c6be7430e85305577.joblib
[*] Loading cached tccm model from /pfs/work9/workspace/scratch/ma_pkonz-thesis/ForestDiffusion/tests/saved_models/5_campaign.npz/tccm/761272a4613eddd93869c5cd4fa47ed6.joblib
[*] Loading cached tccm model from /pfs/work9/workspace/scratch/ma_pkonz-thesis/ForestDiffusion/tests/saved_models/5_campaign.npz/tccm/58d968812945dcc2ab2046a2c6919d50.joblib
[*] Loading cached tccm model from /pfs/work9/workspace/scratch/ma_pkonz-thesis/ForestDiffusion/tests/saved_models/5_campaign.npz/tccm/9d682486f670b03e8a0cf1ce2a912426.joblib
[*] Loading cached tccm model from /pfs/work9/workspace/scratch/ma_pkonz-thesis/ForestDiffusion/tests/saved_models/5_campaign.npz/tccm/7fe94e126adb4d81a1d3e5225827aae8.joblib
[*] Loading cached tccm model from /pfs/work9/workspace/scratch/ma_pkonz-thesis/ForestDiffusion/tests/saved_models/5_campaign.npz/tccm/3cde777b6bfc6ff705bb1517e9c9ef23.joblib
[*] Loading cached tccm model from /pfs/work9/workspace/scratch/ma_pkonz-thesis/ForestDiffusion/tests/saved_models/5_campaign.npz/tccm/f80e83ee90a02be23fcbfbe23d2b9b70.joblib
[*] Loading cached tccm model from /pfs/work9/workspace/scratch/ma_pkonz-thesis/ForestDiffusion/tests/saved_models/5_campaign.npz/tccm/303f8ceee8a1e76eb1f33e6c84f15cbb.joblib
[*] Loading cached tccm model from /pfs/work9/workspace/scratch/ma_pkonz-thesis/ForestDiffusion/tests/saved_models/5_campaign.npz/tccm/bfc788a74207342beec331fea384270a.joblib
[*] Loading cached tccm model from /pfs/work9/workspace/scratch/ma_pkonz-thesis/ForestDiffusion/tests/saved_models/5_campaign.npz/tccm/55a02641aac31b24de3f0bd068bcaf01.joblib
[*] Loading cached tccm model from /pfs/work9/workspace/scratch/ma_pkonz-thesis/ForestDiffusion/tests/saved_models/5_campaign.npz/tccm/8a174d778de8bbb3ffbe4ebfb511286b.joblib
[*] Loading cached tccm model from /pfs/work9/workspace/scratch/ma_pkonz-thesis/ForestDiffusion/tests/saved_models/5_campaign.npz/tccm/fb03377a22f392bf3ac291618c01c7d7.joblib
[*] Loading cached tccm model from /pfs/work9/workspace/scratch/ma_pkonz-thesis/ForestDiffusion/tests/saved_models/5_campaign.npz/tccm/667e21283cc41c39e3b7de642a3acbd4.joblib
[*] Loading cached tccm model from /pfs/work9/workspace/scratch/ma_pkonz-thesis/ForestDiffusion/tests/saved_models/5_campaign.npz/tccm/27a5e18c173eca1bdf2805a05584f8b9.joblib
[*] Loading cached tccm model from /pfs/work9/workspace/scratch/ma_pkonz-thesis/ForestDiffusion/tests/saved_models/5_campaign.npz/tccm/dec7155d523dffe06a832569ee710081.joblib
[*] Loading cached tccm model from /pfs/work9/workspace/scratch/ma_pkonz-thesis/ForestDiffusion/tests/saved_models/5_campaign.npz/tccm/8fef6399de3c0cc7e1f42fac6e5ecee7.joblib
[*] Loading cached tccm model from /pfs/work9/workspace/scratch/ma_pkonz-thesis/ForestDiffusion/tests/saved_models/5_campaign.npz/tccm/4af1723e12776e377aa984bb3a14b64b.joblib
[*] Loading cached tccm model from /pfs/work9/workspace/scratch/ma_pkonz-thesis/ForestDiffusion/tests/saved_models/5_campaign.npz/tccm/dfca52acf8ad348c77b812e663a1147d.joblib
[*] Loading cached tccm model from /pfs/work9/workspace/scratch/ma_pkonz-thesis/ForestDiffusion/tests/saved_models/5_campaign.npz/tccm/7eaa67118dc7d5c4e264da3b9a07cf2e.joblib
[*] Loading cached tccm model from /pfs/work9/workspace/scratch/ma_pkonz-thesis/ForestDiffusion/tests/saved_models/5_campaign.npz/tccm/42b9a6f13e0662055d733b8fcb8cf038.joblib
[*] Loading cached tccm model from /pfs/work9/workspace/scratch/ma_pkonz-thesis/ForestDiffusion/tests/saved_models/5_campaign.npz/tccm/6a3bbd531ae5dd4a8232f351f84c4c37.joblib
[*] Loading cached tccm model from /pfs/work9/workspace/scratch/ma_pkonz-thesis/ForestDiffusion/tests/saved_models/5_campaign.npz/tccm/8f787864259c723919248d4f173d327c.joblib
[*] Loading cached tccm model from /pfs/work9/workspace/scratch/ma_pkonz-thesis/ForestDiffusion/tests/saved_models/5_campaign.npz/tccm/e8ade6147ea5f757b495c4e889e4609b.joblib
[*] Loading cached tccm model from /pfs/work9/workspace/scratch/ma_pkonz-thesis/ForestDiffusion/tests/saved_models/5_campaign.npz/tccm/28167248ce546bfd92c0f87163d67df5.joblib
[*] Loading cached tccm model from /pfs/work9/workspace/scratch/ma_pkonz-thesis/ForestDiffusion/tests/saved_models/5_campaign.npz/tccm/a85c9620d31feddbbd2e1507e200a7bc.joblib
[*] Loading cached tccm model from /pfs/work9/workspace/scratch/ma_pkonz-thesis/ForestDiffusion/tests/saved_models/5_campaign.npz/tccm/5c0323c24739af1462ce139d723fad1a.joblib
[*] Loading cached tccm model from /pfs/work9/workspace/scratch/ma_pkonz-thesis/ForestDiffusion/tests/saved_models/5_campaign.npz/tccm/00c4015ee2600fbc8b471af4cb86e8bd.joblib
[*] Loading cached tccm model from /pfs/work9/workspace/scratch/ma_pkonz-thesis/ForestDiffusion/tests/saved_models/5_campaign.npz/tccm/84c3b0faf7aa97a6eab5ff221d98adea.joblib
[*] Loading cached tccm model from /pfs/work9/workspace/scratch/ma_pkonz-thesis/ForestDiffusion/tests/saved_models/5_campaign.npz/tccm/646b3fd9b244f3413b64df341133b7bd.joblib
[*] Loading cached tccm model from /pfs/work9/workspace/scratch/ma_pkonz-thesis/ForestDiffusion/tests/saved_models/5_campaign.npz/tccm/9ef54966b15fc05467bfdde4c5ba0d39.joblib
[*] Loading cached tccm model from /pfs/work9/workspace/scratch/ma_pkonz-thesis/ForestDiffusion/tests/saved_models/5_campaign.npz/tccm/c53cd13683d887737cba6088d128bdfc.joblib
[*] Loading cached tccm model from /pfs/work9/workspace/scratch/ma_pkonz-thesis/ForestDiffusion/tests/saved_models/5_campaign.npz/tccm/af1e70289735d33ec476a48d54898164.joblib
[*] Loading cached tccm model from /pfs/work9/workspace/scratch/ma_pkonz-thesis/ForestDiffusion/tests/saved_models/5_campaign.npz/tccm/0021447389864488950bcfef991e4d26.joblib
[*] Loading cached tccm model from /pfs/work9/workspace/scratch/ma_pkonz-thesis/ForestDiffusion/tests/saved_models/5_campaign.npz/tccm/2344dd89066f9a8d2334b65e116b0ced.joblib
[*] Loading cached tccm model from /pfs/work9/workspace/scratch/ma_pkonz-thesis/ForestDiffusion/tests/saved_models/5_campaign.npz/tccm/ce5645fc0d2c530ae3cc1a24787e2f87.joblib
[*] Loading cached tccm model from /pfs/work9/workspace/scratch/ma_pkonz-thesis/ForestDiffusion/tests/saved_models/5_campaign.npz/tccm/41f9eb20b73abdf6db51e7a15ef45cf2.joblib
[*] Loading cached tccm model from /pfs/work9/workspace/scratch/ma_pkonz-thesis/ForestDiffusion/tests/saved_models/5_campaign.npz/tccm/db88f8bf838759d153e0e8d7987e1e50.joblib
[*] Loading cached tccm model from /pfs/work9/workspace/scratch/ma_pkonz-thesis/ForestDiffusion/tests/saved_models/5_campaign.npz/tccm/9e6a9967860d53aad1a5d50198682fd1.joblib
[*] Loading cached tccm model from /pfs/work9/workspace/scratch/ma_pkonz-thesis/ForestDiffusion/tests/saved_models/5_campaign.npz/tccm/1bd9c387e36a5f0aceaf0bb3a974ddb6.joblib
[*] Loading cached tccm model from /pfs/work9/workspace/scratch/ma_pkonz-thesis/ForestDiffusion/tests/saved_models/5_campaign.npz/tccm/05c26d17d839653adcd64b315829e529.joblib
[*] Loading cached tccm model from /pfs/work9/workspace/scratch/ma_pkonz-thesis/ForestDiffusion/tests/saved_models/5_campaign.npz/tccm/928f201ec046864e548f94aa82520a50.joblib
[*] Loading cached tccm model from /pfs/work9/workspace/scratch/ma_pkonz-thesis/ForestDiffusion/tests/saved_models/5_campaign.npz/tccm/0566f952ce357b1f4f0b78ec0a3de010.joblib
[*] Loading cached tccm model from /pfs/work9/workspace/scratch/ma_pkonz-thesis/ForestDiffusion/tests/saved_models/5_campaign.npz/tccm/0bf0ff1003329466afba58448098df7f.joblib
[*] Loading cached tccm model from /pfs/work9/workspace/scratch/ma_pkonz-thesis/ForestDiffusion/tests/saved_models/5_campaign.npz/tccm/a912ba42ed12ca8e12e02f4d6f73f644.joblib

 Dataset: 5_campaign.npz with model: TCCM_nt20 and score: deviation
 
Dataset loaded successfully!
Training data: (18274, 62), Normal: 18274
Test data: (22914, 62), Normal: 18274, Anomalies: 4640
[*] Loading cached tccm model from /pfs/work9/workspace/scratch/ma_pkonz-thesis/ForestDiffusion/tests/saved_models/5_campaign.npz/tccm/677ca9f404d82e04084bbce635d40b37.joblib
[*] Loading cached tccm model from /pfs/work9/workspace/scratch/ma_pkonz-thesis/ForestDiffusion/tests/saved_models/5_campaign.npz/tccm/f9db39493dff676f16c80fa2cfba7fd9.joblib
[*] Loading cached tccm model from /pfs/work9/workspace/scratch/ma_pkonz-thesis/ForestDiffusion/tests/saved_models/5_campaign.npz/tccm/aee8bf82e21fa40fb0fa61228a9c641e.joblib
[*] Loading cached tccm model from /pfs/work9/workspace/scratch/ma_pkonz-thesis/ForestDiffusion/tests/saved_models/5_campaign.npz/tccm/b0805671db87a8306f33112771a627b5.joblib
[*] Loading cached tccm model from /pfs/work9/workspace/scratch/ma_pkonz-thesis/ForestDiffusion/tests/saved_models/5_campaign.npz/tccm/732986203268044b4377d05a8b42f5c4.joblib
[*] Loading cached tccm model from /pfs/work9/workspace/scratch/ma_pkonz-thesis/ForestDiffusion/tests/saved_models/5_campaign.npz/tccm/8090bcb16601ca52fd3f4f16a5720306.joblib
[*] Loading cached tccm model from /pfs/work9/workspace/scratch/ma_pkonz-thesis/ForestDiffusion/tests/saved_models/5_campaign.npz/tccm/9cd18656995e806c6be7430e85305577.joblib
[*] Loading cached tccm model from /pfs/work9/workspace/scratch/ma_pkonz-thesis/ForestDiffusion/tests/saved_models/5_campaign.npz/tccm/761272a4613eddd93869c5cd4fa47ed6.joblib
[*] Loading cached tccm model from /pfs/work9/workspace/scratch/ma_pkonz-thesis/ForestDiffusion/tests/saved_models/5_campaign.npz/tccm/58d968812945dcc2ab2046a2c6919d50.joblib
[*] Loading cached tccm model from /pfs/work9/workspace/scratch/ma_pkonz-thesis/ForestDiffusion/tests/saved_models/5_campaign.npz/tccm/9d682486f670b03e8a0cf1ce2a912426.joblib
[*] Loading cached tccm model from /pfs/work9/workspace/scratch/ma_pkonz-thesis/ForestDiffusion/tests/saved_models/5_campaign.npz/tccm/7fe94e126adb4d81a1d3e5225827aae8.joblib
[*] Loading cached tccm model from /pfs/work9/workspace/scratch/ma_pkonz-thesis/ForestDiffusion/tests/saved_models/5_campaign.npz/tccm/3cde777b6bfc6ff705bb1517e9c9ef23.joblib
[*] Loading cached tccm model from /pfs/work9/workspace/scratch/ma_pkonz-thesis/ForestDiffusion/tests/saved_models/5_campaign.npz/tccm/f80e83ee90a02be23fcbfbe23d2b9b70.joblib
[*] Loading cached tccm model from /pfs/work9/workspace/scratch/ma_pkonz-thesis/ForestDiffusion/tests/saved_models/5_campaign.npz/tccm/303f8ceee8a1e76eb1f33e6c84f15cbb.joblib
[*] Loading cached tccm model from /pfs/work9/workspace/scratch/ma_pkonz-thesis/ForestDiffusion/tests/saved_models/5_campaign.npz/tccm/bfc788a74207342beec331fea384270a.joblib
[*] Loading cached tccm model from /pfs/work9/workspace/scratch/ma_pkonz-thesis/ForestDiffusion/tests/saved_models/5_campaign.npz/tccm/55a02641aac31b24de3f0bd068bcaf01.joblib
[*] Loading cached tccm model from /pfs/work9/workspace/scratch/ma_pkonz-thesis/ForestDiffusion/tests/saved_models/5_campaign.npz/tccm/8a174d778de8bbb3ffbe4ebfb511286b.joblib
[*] Loading cached tccm model from /pfs/work9/workspace/scratch/ma_pkonz-thesis/ForestDiffusion/tests/saved_models/5_campaign.npz/tccm/fb03377a22f392bf3ac291618c01c7d7.joblib
[*] Loading cached tccm model from /pfs/work9/workspace/scratch/ma_pkonz-thesis/ForestDiffusion/tests/saved_models/5_campaign.npz/tccm/667e21283cc41c39e3b7de642a3acbd4.joblib
[*] Loading cached tccm model from /pfs/work9/workspace/scratch/ma_pkonz-thesis/ForestDiffusion/tests/saved_models/5_campaign.npz/tccm/27a5e18c173eca1bdf2805a05584f8b9.joblib
[*] Loading cached tccm model from /pfs/work9/workspace/scratch/ma_pkonz-thesis/ForestDiffusion/tests/saved_models/5_campaign.npz/tccm/dec7155d523dffe06a832569ee710081.joblib
[*] Loading cached tccm model from /pfs/work9/workspace/scratch/ma_pkonz-thesis/ForestDiffusion/tests/saved_models/5_campaign.npz/tccm/8fef6399de3c0cc7e1f42fac6e5ecee7.joblib
[*] Loading cached tccm model from /pfs/work9/workspace/scratch/ma_pkonz-thesis/ForestDiffusion/tests/saved_models/5_campaign.npz/tccm/4af1723e12776e377aa984bb3a14b64b.joblib
[*] Loading cached tccm model from /pfs/work9/workspace/scratch/ma_pkonz-thesis/ForestDiffusion/tests/saved_models/5_campaign.npz/tccm/dfca52acf8ad348c77b812e663a1147d.joblib
[*] Loading cached tccm model from /pfs/work9/workspace/scratch/ma_pkonz-thesis/ForestDiffusion/tests/saved_models/5_campaign.npz/tccm/7eaa67118dc7d5c4e264da3b9a07cf2e.joblib
[*] Loading cached tccm model from /pfs/work9/workspace/scratch/ma_pkonz-thesis/ForestDiffusion/tests/saved_models/5_campaign.npz/tccm/42b9a6f13e0662055d733b8fcb8cf038.joblib
[*] Loading cached tccm model from /pfs/work9/workspace/scratch/ma_pkonz-thesis/ForestDiffusion/tests/saved_models/5_campaign.npz/tccm/6a3bbd531ae5dd4a8232f351f84c4c37.joblib
[*] Loading cached tccm model from /pfs/work9/workspace/scratch/ma_pkonz-thesis/ForestDiffusion/tests/saved_models/5_campaign.npz/tccm/8f787864259c723919248d4f173d327c.joblib
[*] Loading cached tccm model from /pfs/work9/workspace/scratch/ma_pkonz-thesis/ForestDiffusion/tests/saved_models/5_campaign.npz/tccm/e8ade6147ea5f757b495c4e889e4609b.joblib
[*] Loading cached tccm model from /pfs/work9/workspace/scratch/ma_pkonz-thesis/ForestDiffusion/tests/saved_models/5_campaign.npz/tccm/28167248ce546bfd92c0f87163d67df5.joblib
[*] Loading cached tccm model from /pfs/work9/workspace/scratch/ma_pkonz-thesis/ForestDiffusion/tests/saved_models/5_campaign.npz/tccm/a85c9620d31feddbbd2e1507e200a7bc.joblib
[*] Loading cached tccm model from /pfs/work9/workspace/scratch/ma_pkonz-thesis/ForestDiffusion/tests/saved_models/5_campaign.npz/tccm/5c0323c24739af1462ce139d723fad1a.joblib
[*] Loading cached tccm model from /pfs/work9/workspace/scratch/ma_pkonz-thesis/ForestDiffusion/tests/saved_models/5_campaign.npz/tccm/00c4015ee2600fbc8b471af4cb86e8bd.joblib
[*] Loading cached tccm model from /pfs/work9/workspace/scratch/ma_pkonz-thesis/ForestDiffusion/tests/saved_models/5_campaign.npz/tccm/84c3b0faf7aa97a6eab5ff221d98adea.joblib
[*] Loading cached tccm model from /pfs/work9/workspace/scratch/ma_pkonz-thesis/ForestDiffusion/tests/saved_models/5_campaign.npz/tccm/646b3fd9b244f3413b64df341133b7bd.joblib
[*] Loading cached tccm model from /pfs/work9/workspace/scratch/ma_pkonz-thesis/ForestDiffusion/tests/saved_models/5_campaign.npz/tccm/9ef54966b15fc05467bfdde4c5ba0d39.joblib
[*] Loading cached tccm model from /pfs/work9/workspace/scratch/ma_pkonz-thesis/ForestDiffusion/tests/saved_models/5_campaign.npz/tccm/c53cd13683d887737cba6088d128bdfc.joblib
[*] Loading cached tccm model from /pfs/work9/workspace/scratch/ma_pkonz-thesis/ForestDiffusion/tests/saved_models/5_campaign.npz/tccm/af1e70289735d33ec476a48d54898164.joblib
[*] Loading cached tccm model from /pfs/work9/workspace/scratch/ma_pkonz-thesis/ForestDiffusion/tests/saved_models/5_campaign.npz/tccm/0021447389864488950bcfef991e4d26.joblib
[*] Loading cached tccm model from /pfs/work9/workspace/scratch/ma_pkonz-thesis/ForestDiffusion/tests/saved_models/5_campaign.npz/tccm/2344dd89066f9a8d2334b65e116b0ced.joblib
[*] Loading cached tccm model from /pfs/work9/workspace/scratch/ma_pkonz-thesis/ForestDiffusion/tests/saved_models/5_campaign.npz/tccm/ce5645fc0d2c530ae3cc1a24787e2f87.joblib
[*] Loading cached tccm model from /pfs/work9/workspace/scratch/ma_pkonz-thesis/ForestDiffusion/tests/saved_models/5_campaign.npz/tccm/41f9eb20b73abdf6db51e7a15ef45cf2.joblib
[*] Loading cached tccm model from /pfs/work9/workspace/scratch/ma_pkonz-thesis/ForestDiffusion/tests/saved_models/5_campaign.npz/tccm/db88f8bf838759d153e0e8d7987e1e50.joblib
[*] Loading cached tccm model from /pfs/work9/workspace/scratch/ma_pkonz-thesis/ForestDiffusion/tests/saved_models/5_campaign.npz/tccm/9e6a9967860d53aad1a5d50198682fd1.joblib
[*] Loading cached tccm model from /pfs/work9/workspace/scratch/ma_pkonz-thesis/ForestDiffusion/tests/saved_models/5_campaign.npz/tccm/1bd9c387e36a5f0aceaf0bb3a974ddb6.joblib
[*] Loading cached tccm model from /pfs/work9/workspace/scratch/ma_pkonz-thesis/ForestDiffusion/tests/saved_models/5_campaign.npz/tccm/05c26d17d839653adcd64b315829e529.joblib
[*] Loading cached tccm model from /pfs/work9/workspace/scratch/ma_pkonz-thesis/ForestDiffusion/tests/saved_models/5_campaign.npz/tccm/928f201ec046864e548f94aa82520a50.joblib
[*] Loading cached tccm model from /pfs/work9/workspace/scratch/ma_pkonz-thesis/ForestDiffusion/tests/saved_models/5_campaign.npz/tccm/0566f952ce357b1f4f0b78ec0a3de010.joblib
[*] Loading cached tccm model from /pfs/work9/workspace/scratch/ma_pkonz-thesis/ForestDiffusion/tests/saved_models/5_campaign.npz/tccm/0bf0ff1003329466afba58448098df7f.joblib
[*] Loading cached tccm model from /pfs/work9/workspace/scratch/ma_pkonz-thesis/ForestDiffusion/tests/saved_models/5_campaign.npz/tccm/a912ba42ed12ca8e12e02f4d6f73f644.joblib

 Dataset: 5_campaign.npz with model: TCCM_nt20 and score: reconstruction
 
Dataset loaded successfully!
Training data: (18274, 62), Normal: 18274
Test data: (22914, 62), Normal: 18274, Anomalies: 4640
[*] Loading cached tccm model from /pfs/work9/workspace/scratch/ma_pkonz-thesis/ForestDiffusion/tests/saved_models/5_campaign.npz/tccm/677ca9f404d82e04084bbce635d40b37.joblib
[*] Loading cached tccm model from /pfs/work9/workspace/scratch/ma_pkonz-thesis/ForestDiffusion/tests/saved_models/5_campaign.npz/tccm/f9db39493dff676f16c80fa2cfba7fd9.joblib
[*] Loading cached tccm model from /pfs/work9/workspace/scratch/ma_pkonz-thesis/ForestDiffusion/tests/saved_models/5_campaign.npz/tccm/aee8bf82e21fa40fb0fa61228a9c641e.joblib
[*] Loading cached tccm model from /pfs/work9/workspace/scratch/ma_pkonz-thesis/ForestDiffusion/tests/saved_models/5_campaign.npz/tccm/b0805671db87a8306f33112771a627b5.joblib
[*] Loading cached tccm model from /pfs/work9/workspace/scratch/ma_pkonz-thesis/ForestDiffusion/tests/saved_models/5_campaign.npz/tccm/732986203268044b4377d05a8b42f5c4.joblib
[*] Loading cached tccm model from /pfs/work9/workspace/scratch/ma_pkonz-thesis/ForestDiffusion/tests/saved_models/5_campaign.npz/tccm/8090bcb16601ca52fd3f4f16a5720306.joblib
[*] Loading cached tccm model from /pfs/work9/workspace/scratch/ma_pkonz-thesis/ForestDiffusion/tests/saved_models/5_campaign.npz/tccm/9cd18656995e806c6be7430e85305577.joblib
[*] Loading cached tccm model from /pfs/work9/workspace/scratch/ma_pkonz-thesis/ForestDiffusion/tests/saved_models/5_campaign.npz/tccm/761272a4613eddd93869c5cd4fa47ed6.joblib
[*] Loading cached tccm model from /pfs/work9/workspace/scratch/ma_pkonz-thesis/ForestDiffusion/tests/saved_models/5_campaign.npz/tccm/58d968812945dcc2ab2046a2c6919d50.joblib
[*] Loading cached tccm model from /pfs/work9/workspace/scratch/ma_pkonz-thesis/ForestDiffusion/tests/saved_models/5_campaign.npz/tccm/9d682486f670b03e8a0cf1ce2a912426.joblib
[*] Loading cached tccm model from /pfs/work9/workspace/scratch/ma_pkonz-thesis/ForestDiffusion/tests/saved_models/5_campaign.npz/tccm/7fe94e126adb4d81a1d3e5225827aae8.joblib
[*] Loading cached tccm model from /pfs/work9/workspace/scratch/ma_pkonz-thesis/ForestDiffusion/tests/saved_models/5_campaign.npz/tccm/3cde777b6bfc6ff705bb1517e9c9ef23.joblib
[*] Loading cached tccm model from /pfs/work9/workspace/scratch/ma_pkonz-thesis/ForestDiffusion/tests/saved_models/5_campaign.npz/tccm/f80e83ee90a02be23fcbfbe23d2b9b70.joblib
[*] Loading cached tccm model from /pfs/work9/workspace/scratch/ma_pkonz-thesis/ForestDiffusion/tests/saved_models/5_campaign.npz/tccm/303f8ceee8a1e76eb1f33e6c84f15cbb.joblib
[*] Loading cached tccm model from /pfs/work9/workspace/scratch/ma_pkonz-thesis/ForestDiffusion/tests/saved_models/5_campaign.npz/tccm/bfc788a74207342beec331fea384270a.joblib
[*] Loading cached tccm model from /pfs/work9/workspace/scratch/ma_pkonz-thesis/ForestDiffusion/tests/saved_models/5_campaign.npz/tccm/55a02641aac31b24de3f0bd068bcaf01.joblib
[*] Loading cached tccm model from /pfs/work9/workspace/scratch/ma_pkonz-thesis/ForestDiffusion/tests/saved_models/5_campaign.npz/tccm/8a174d778de8bbb3ffbe4ebfb511286b.joblib
[*] Loading cached tccm model from /pfs/work9/workspace/scratch/ma_pkonz-thesis/ForestDiffusion/tests/saved_models/5_campaign.npz/tccm/fb03377a22f392bf3ac291618c01c7d7.joblib
[*] Loading cached tccm model from /pfs/work9/workspace/scratch/ma_pkonz-thesis/ForestDiffusion/tests/saved_models/5_campaign.npz/tccm/667e21283cc41c39e3b7de642a3acbd4.joblib
[*] Loading cached tccm model from /pfs/work9/workspace/scratch/ma_pkonz-thesis/ForestDiffusion/tests/saved_models/5_campaign.npz/tccm/27a5e18c173eca1bdf2805a05584f8b9.joblib
[*] Loading cached tccm model from /pfs/work9/workspace/scratch/ma_pkonz-thesis/ForestDiffusion/tests/saved_models/5_campaign.npz/tccm/dec7155d523dffe06a832569ee710081.joblib
[*] Loading cached tccm model from /pfs/work9/workspace/scratch/ma_pkonz-thesis/ForestDiffusion/tests/saved_models/5_campaign.npz/tccm/8fef6399de3c0cc7e1f42fac6e5ecee7.joblib
[*] Loading cached tccm model from /pfs/work9/workspace/scratch/ma_pkonz-thesis/ForestDiffusion/tests/saved_models/5_campaign.npz/tccm/4af1723e12776e377aa984bb3a14b64b.joblib
[*] Loading cached tccm model from /pfs/work9/workspace/scratch/ma_pkonz-thesis/ForestDiffusion/tests/saved_models/5_campaign.npz/tccm/dfca52acf8ad348c77b812e663a1147d.joblib
[*] Loading cached tccm model from /pfs/work9/workspace/scratch/ma_pkonz-thesis/ForestDiffusion/tests/saved_models/5_campaign.npz/tccm/7eaa67118dc7d5c4e264da3b9a07cf2e.joblib
[*] Loading cached tccm model from /pfs/work9/workspace/scratch/ma_pkonz-thesis/ForestDiffusion/tests/saved_models/5_campaign.npz/tccm/42b9a6f13e0662055d733b8fcb8cf038.joblib
[*] Loading cached tccm model from /pfs/work9/workspace/scratch/ma_pkonz-thesis/ForestDiffusion/tests/saved_models/5_campaign.npz/tccm/6a3bbd531ae5dd4a8232f351f84c4c37.joblib
[*] Loading cached tccm model from /pfs/work9/workspace/scratch/ma_pkonz-thesis/ForestDiffusion/tests/saved_models/5_campaign.npz/tccm/8f787864259c723919248d4f173d327c.joblib
[*] Loading cached tccm model from /pfs/work9/workspace/scratch/ma_pkonz-thesis/ForestDiffusion/tests/saved_models/5_campaign.npz/tccm/e8ade6147ea5f757b495c4e889e4609b.joblib
[*] Loading cached tccm model from /pfs/work9/workspace/scratch/ma_pkonz-thesis/ForestDiffusion/tests/saved_models/5_campaign.npz/tccm/28167248ce546bfd92c0f87163d67df5.joblib
[*] Loading cached tccm model from /pfs/work9/workspace/scratch/ma_pkonz-thesis/ForestDiffusion/tests/saved_models/5_campaign.npz/tccm/a85c9620d31feddbbd2e1507e200a7bc.joblib
[*] Loading cached tccm model from /pfs/work9/workspace/scratch/ma_pkonz-thesis/ForestDiffusion/tests/saved_models/5_campaign.npz/tccm/5c0323c24739af1462ce139d723fad1a.joblib
[*] Loading cached tccm model from /pfs/work9/workspace/scratch/ma_pkonz-thesis/ForestDiffusion/tests/saved_models/5_campaign.npz/tccm/00c4015ee2600fbc8b471af4cb86e8bd.joblib
[*] Loading cached tccm model from /pfs/work9/workspace/scratch/ma_pkonz-thesis/ForestDiffusion/tests/saved_models/5_campaign.npz/tccm/84c3b0faf7aa97a6eab5ff221d98adea.joblib
[*] Loading cached tccm model from /pfs/work9/workspace/scratch/ma_pkonz-thesis/ForestDiffusion/tests/saved_models/5_campaign.npz/tccm/646b3fd9b244f3413b64df341133b7bd.joblib
[*] Loading cached tccm model from /pfs/work9/workspace/scratch/ma_pkonz-thesis/ForestDiffusion/tests/saved_models/5_campaign.npz/tccm/9ef54966b15fc05467bfdde4c5ba0d39.joblib
[*] Loading cached tccm model from /pfs/work9/workspace/scratch/ma_pkonz-thesis/ForestDiffusion/tests/saved_models/5_campaign.npz/tccm/c53cd13683d887737cba6088d128bdfc.joblib
[*] Loading cached tccm model from /pfs/work9/workspace/scratch/ma_pkonz-thesis/ForestDiffusion/tests/saved_models/5_campaign.npz/tccm/af1e70289735d33ec476a48d54898164.joblib
[*] Loading cached tccm model from /pfs/work9/workspace/scratch/ma_pkonz-thesis/ForestDiffusion/tests/saved_models/5_campaign.npz/tccm/0021447389864488950bcfef991e4d26.joblib
[*] Loading cached tccm model from /pfs/work9/workspace/scratch/ma_pkonz-thesis/ForestDiffusion/tests/saved_models/5_campaign.npz/tccm/2344dd89066f9a8d2334b65e116b0ced.joblib
[*] Loading cached tccm model from /pfs/work9/workspace/scratch/ma_pkonz-thesis/ForestDiffusion/tests/saved_models/5_campaign.npz/tccm/ce5645fc0d2c530ae3cc1a24787e2f87.joblib
[*] Loading cached tccm model from /pfs/work9/workspace/scratch/ma_pkonz-thesis/ForestDiffusion/tests/saved_models/5_campaign.npz/tccm/41f9eb20b73abdf6db51e7a15ef45cf2.joblib
[*] Loading cached tccm model from /pfs/work9/workspace/scratch/ma_pkonz-thesis/ForestDiffusion/tests/saved_models/5_campaign.npz/tccm/db88f8bf838759d153e0e8d7987e1e50.joblib
[*] Loading cached tccm model from /pfs/work9/workspace/scratch/ma_pkonz-thesis/ForestDiffusion/tests/saved_models/5_campaign.npz/tccm/9e6a9967860d53aad1a5d50198682fd1.joblib
[*] Loading cached tccm model from /pfs/work9/workspace/scratch/ma_pkonz-thesis/ForestDiffusion/tests/saved_models/5_campaign.npz/tccm/1bd9c387e36a5f0aceaf0bb3a974ddb6.joblib
[*] Loading cached tccm model from /pfs/work9/workspace/scratch/ma_pkonz-thesis/ForestDiffusion/tests/saved_models/5_campaign.npz/tccm/05c26d17d839653adcd64b315829e529.joblib
[*] Loading cached tccm model from /pfs/work9/workspace/scratch/ma_pkonz-thesis/ForestDiffusion/tests/saved_models/5_campaign.npz/tccm/928f201ec046864e548f94aa82520a50.joblib
[*] Loading cached tccm model from /pfs/work9/workspace/scratch/ma_pkonz-thesis/ForestDiffusion/tests/saved_models/5_campaign.npz/tccm/0566f952ce357b1f4f0b78ec0a3de010.joblib
[*] Loading cached tccm model from /pfs/work9/workspace/scratch/ma_pkonz-thesis/ForestDiffusion/tests/saved_models/5_campaign.npz/tccm/0bf0ff1003329466afba58448098df7f.joblib
[*] Loading cached tccm model from /pfs/work9/workspace/scratch/ma_pkonz-thesis/ForestDiffusion/tests/saved_models/5_campaign.npz/tccm/a912ba42ed12ca8e12e02f4d6f73f644.joblib

 Dataset: 5_campaign.npz with model: TCCM_nt20 and score: decision
 
Dataset loaded successfully!
Training data: (18274, 62), Normal: 18274
Test data: (22914, 62), Normal: 18274, Anomalies: 4640
[*] Loading cached tccm model from /pfs/work9/workspace/scratch/ma_pkonz-thesis/ForestDiffusion/tests/saved_models/5_campaign.npz/tccm/677ca9f404d82e04084bbce635d40b37.joblib
[*] Loading cached tccm model from /pfs/work9/workspace/scratch/ma_pkonz-thesis/ForestDiffusion/tests/saved_models/5_campaign.npz/tccm/f9db39493dff676f16c80fa2cfba7fd9.joblib
[*] Loading cached tccm model from /pfs/work9/workspace/scratch/ma_pkonz-thesis/ForestDiffusion/tests/saved_models/5_campaign.npz/tccm/aee8bf82e21fa40fb0fa61228a9c641e.joblib
[*] Loading cached tccm model from /pfs/work9/workspace/scratch/ma_pkonz-thesis/ForestDiffusion/tests/saved_models/5_campaign.npz/tccm/b0805671db87a8306f33112771a627b5.joblib
[*] Loading cached tccm model from /pfs/work9/workspace/scratch/ma_pkonz-thesis/ForestDiffusion/tests/saved_models/5_campaign.npz/tccm/732986203268044b4377d05a8b42f5c4.joblib
[*] Loading cached tccm model from /pfs/work9/workspace/scratch/ma_pkonz-thesis/ForestDiffusion/tests/saved_models/5_campaign.npz/tccm/8090bcb16601ca52fd3f4f16a5720306.joblib
[*] Loading cached tccm model from /pfs/work9/workspace/scratch/ma_pkonz-thesis/ForestDiffusion/tests/saved_models/5_campaign.npz/tccm/9cd18656995e806c6be7430e85305577.joblib
[*] Loading cached tccm model from /pfs/work9/workspace/scratch/ma_pkonz-thesis/ForestDiffusion/tests/saved_models/5_campaign.npz/tccm/761272a4613eddd93869c5cd4fa47ed6.joblib
[*] Loading cached tccm model from /pfs/work9/workspace/scratch/ma_pkonz-thesis/ForestDiffusion/tests/saved_models/5_campaign.npz/tccm/58d968812945dcc2ab2046a2c6919d50.joblib
[*] Loading cached tccm model from /pfs/work9/workspace/scratch/ma_pkonz-thesis/ForestDiffusion/tests/saved_models/5_campaign.npz/tccm/9d682486f670b03e8a0cf1ce2a912426.joblib
[*] Loading cached tccm model from /pfs/work9/workspace/scratch/ma_pkonz-thesis/ForestDiffusion/tests/saved_models/5_campaign.npz/tccm/7fe94e126adb4d81a1d3e5225827aae8.joblib
[*] Loading cached tccm model from /pfs/work9/workspace/scratch/ma_pkonz-thesis/ForestDiffusion/tests/saved_models/5_campaign.npz/tccm/3cde777b6bfc6ff705bb1517e9c9ef23.joblib
[*] Loading cached tccm model from /pfs/work9/workspace/scratch/ma_pkonz-thesis/ForestDiffusion/tests/saved_models/5_campaign.npz/tccm/f80e83ee90a02be23fcbfbe23d2b9b70.joblib
[*] Loading cached tccm model from /pfs/work9/workspace/scratch/ma_pkonz-thesis/ForestDiffusion/tests/saved_models/5_campaign.npz/tccm/303f8ceee8a1e76eb1f33e6c84f15cbb.joblib
[*] Loading cached tccm model from /pfs/work9/workspace/scratch/ma_pkonz-thesis/ForestDiffusion/tests/saved_models/5_campaign.npz/tccm/bfc788a74207342beec331fea384270a.joblib
[*] Loading cached tccm model from /pfs/work9/workspace/scratch/ma_pkonz-thesis/ForestDiffusion/tests/saved_models/5_campaign.npz/tccm/55a02641aac31b24de3f0bd068bcaf01.joblib
[*] Loading cached tccm model from /pfs/work9/workspace/scratch/ma_pkonz-thesis/ForestDiffusion/tests/saved_models/5_campaign.npz/tccm/8a174d778de8bbb3ffbe4ebfb511286b.joblib
[*] Loading cached tccm model from /pfs/work9/workspace/scratch/ma_pkonz-thesis/ForestDiffusion/tests/saved_models/5_campaign.npz/tccm/fb03377a22f392bf3ac291618c01c7d7.joblib
[*] Loading cached tccm model from /pfs/work9/workspace/scratch/ma_pkonz-thesis/ForestDiffusion/tests/saved_models/5_campaign.npz/tccm/667e21283cc41c39e3b7de642a3acbd4.joblib
[*] Loading cached tccm model from /pfs/work9/workspace/scratch/ma_pkonz-thesis/ForestDiffusion/tests/saved_models/5_campaign.npz/tccm/27a5e18c173eca1bdf2805a05584f8b9.joblib
[*] Loading cached tccm model from /pfs/work9/workspace/scratch/ma_pkonz-thesis/ForestDiffusion/tests/saved_models/5_campaign.npz/tccm/dec7155d523dffe06a832569ee710081.joblib
[*] Loading cached tccm model from /pfs/work9/workspace/scratch/ma_pkonz-thesis/ForestDiffusion/tests/saved_models/5_campaign.npz/tccm/8fef6399de3c0cc7e1f42fac6e5ecee7.joblib
[*] Loading cached tccm model from /pfs/work9/workspace/scratch/ma_pkonz-thesis/ForestDiffusion/tests/saved_models/5_campaign.npz/tccm/4af1723e12776e377aa984bb3a14b64b.joblib
[*] Loading cached tccm model from /pfs/work9/workspace/scratch/ma_pkonz-thesis/ForestDiffusion/tests/saved_models/5_campaign.npz/tccm/dfca52acf8ad348c77b812e663a1147d.joblib
[*] Loading cached tccm model from /pfs/work9/workspace/scratch/ma_pkonz-thesis/ForestDiffusion/tests/saved_models/5_campaign.npz/tccm/7eaa67118dc7d5c4e264da3b9a07cf2e.joblib
[*] Loading cached tccm model from /pfs/work9/workspace/scratch/ma_pkonz-thesis/ForestDiffusion/tests/saved_models/5_campaign.npz/tccm/42b9a6f13e0662055d733b8fcb8cf038.joblib
[*] Loading cached tccm model from /pfs/work9/workspace/scratch/ma_pkonz-thesis/ForestDiffusion/tests/saved_models/5_campaign.npz/tccm/6a3bbd531ae5dd4a8232f351f84c4c37.joblib
[*] Loading cached tccm model from /pfs/work9/workspace/scratch/ma_pkonz-thesis/ForestDiffusion/tests/saved_models/5_campaign.npz/tccm/8f787864259c723919248d4f173d327c.joblib
[*] Loading cached tccm model from /pfs/work9/workspace/scratch/ma_pkonz-thesis/ForestDiffusion/tests/saved_models/5_campaign.npz/tccm/e8ade6147ea5f757b495c4e889e4609b.joblib
[*] Loading cached tccm model from /pfs/work9/workspace/scratch/ma_pkonz-thesis/ForestDiffusion/tests/saved_models/5_campaign.npz/tccm/28167248ce546bfd92c0f87163d67df5.joblib
[*] Loading cached tccm model from /pfs/work9/workspace/scratch/ma_pkonz-thesis/ForestDiffusion/tests/saved_models/5_campaign.npz/tccm/a85c9620d31feddbbd2e1507e200a7bc.joblib
[*] Loading cached tccm model from /pfs/work9/workspace/scratch/ma_pkonz-thesis/ForestDiffusion/tests/saved_models/5_campaign.npz/tccm/5c0323c24739af1462ce139d723fad1a.joblib
[*] Loading cached tccm model from /pfs/work9/workspace/scratch/ma_pkonz-thesis/ForestDiffusion/tests/saved_models/5_campaign.npz/tccm/00c4015ee2600fbc8b471af4cb86e8bd.joblib
[*] Loading cached tccm model from /pfs/work9/workspace/scratch/ma_pkonz-thesis/ForestDiffusion/tests/saved_models/5_campaign.npz/tccm/84c3b0faf7aa97a6eab5ff221d98adea.joblib
[*] Loading cached tccm model from /pfs/work9/workspace/scratch/ma_pkonz-thesis/ForestDiffusion/tests/saved_models/5_campaign.npz/tccm/646b3fd9b244f3413b64df341133b7bd.joblib
[*] Loading cached tccm model from /pfs/work9/workspace/scratch/ma_pkonz-thesis/ForestDiffusion/tests/saved_models/5_campaign.npz/tccm/9ef54966b15fc05467bfdde4c5ba0d39.joblib
[*] Loading cached tccm model from /pfs/work9/workspace/scratch/ma_pkonz-thesis/ForestDiffusion/tests/saved_models/5_campaign.npz/tccm/c53cd13683d887737cba6088d128bdfc.joblib
[*] Loading cached tccm model from /pfs/work9/workspace/scratch/ma_pkonz-thesis/ForestDiffusion/tests/saved_models/5_campaign.npz/tccm/af1e70289735d33ec476a48d54898164.joblib
[*] Loading cached tccm model from /pfs/work9/workspace/scratch/ma_pkonz-thesis/ForestDiffusion/tests/saved_models/5_campaign.npz/tccm/0021447389864488950bcfef991e4d26.joblib
[*] Loading cached tccm model from /pfs/work9/workspace/scratch/ma_pkonz-thesis/ForestDiffusion/tests/saved_models/5_campaign.npz/tccm/2344dd89066f9a8d2334b65e116b0ced.joblib
[*] Loading cached tccm model from /pfs/work9/workspace/scratch/ma_pkonz-thesis/ForestDiffusion/tests/saved_models/5_campaign.npz/tccm/ce5645fc0d2c530ae3cc1a24787e2f87.joblib
[*] Loading cached tccm model from /pfs/work9/workspace/scratch/ma_pkonz-thesis/ForestDiffusion/tests/saved_models/5_campaign.npz/tccm/41f9eb20b73abdf6db51e7a15ef45cf2.joblib
[*] Loading cached tccm model from /pfs/work9/workspace/scratch/ma_pkonz-thesis/ForestDiffusion/tests/saved_models/5_campaign.npz/tccm/db88f8bf838759d153e0e8d7987e1e50.joblib
[*] Loading cached tccm model from /pfs/work9/workspace/scratch/ma_pkonz-thesis/ForestDiffusion/tests/saved_models/5_campaign.npz/tccm/9e6a9967860d53aad1a5d50198682fd1.joblib
[*] Loading cached tccm model from /pfs/work9/workspace/scratch/ma_pkonz-thesis/ForestDiffusion/tests/saved_models/5_campaign.npz/tccm/1bd9c387e36a5f0aceaf0bb3a974ddb6.joblib
[*] Loading cached tccm model from /pfs/work9/workspace/scratch/ma_pkonz-thesis/ForestDiffusion/tests/saved_models/5_campaign.npz/tccm/05c26d17d839653adcd64b315829e529.joblib
[*] Loading cached tccm model from /pfs/work9/workspace/scratch/ma_pkonz-thesis/ForestDiffusion/tests/saved_models/5_campaign.npz/tccm/928f201ec046864e548f94aa82520a50.joblib
[*] Loading cached tccm model from /pfs/work9/workspace/scratch/ma_pkonz-thesis/ForestDiffusion/tests/saved_models/5_campaign.npz/tccm/0566f952ce357b1f4f0b78ec0a3de010.joblib
[*] Loading cached tccm model from /pfs/work9/workspace/scratch/ma_pkonz-thesis/ForestDiffusion/tests/saved_models/5_campaign.npz/tccm/0bf0ff1003329466afba58448098df7f.joblib
[*] Loading cached tccm model from /pfs/work9/workspace/scratch/ma_pkonz-thesis/ForestDiffusion/tests/saved_models/5_campaign.npz/tccm/a912ba42ed12ca8e12e02f4d6f73f644.joblib
Saved: 0_results_tccm/f1_comparison_TCCM_nt50_5_campaign_no_contamination.pdf
Saved: 0_results_tccm/f1_comparison_TCCM_nt50_5_campaign_full_contamination.pdf
Saved: 0_results_tccm/f1_comparison_TCCM_nt20_5_campaign_no_contamination.pdf
Saved: 0_results_tccm/f1_comparison_TCCM_nt20_5_campaign_full_contamination.pdf

================================================================================
EXTREME CASES SUMMARY
================================================================================

TCCM_nt50 - deviation:
  5_campaign.npz [no_contamination]:
    AUC: 0.7226  0.0306
    AUPRC: 0.3042  0.0168

    Threshold Percentile Metrics:
    Percentile   Precision            Recall               F1                  
    ------------------------------------------------------------------------
    20           0.1272  0.0030      0.9036  0.0211      0.2231  0.0052     
    25           0.1321  0.0041      0.8795  0.0276      0.2297  0.0072     
    30           0.1378  0.0052      0.8562  0.0323      0.2374  0.0090     
    35           0.1445  0.0063      0.8338  0.0363      0.2463  0.0107     
    40           0.1518  0.0077      0.8085  0.0411      0.2556  0.0130     
    45           0.1605  0.0090      0.7834  0.0437      0.2664  0.0149     
    50           0.1702  0.0105      0.7554  0.0467      0.2778  0.0172     
    60           0.1936  0.0138      0.6875  0.0491      0.3021  0.0216     
    70           0.2285  0.0165      0.6085  0.0440      0.3323  0.0240     
    80           0.2851  0.0208      0.5062  0.0370      0.3648  0.0267     
    90           0.4096  0.0207      0.3637  0.0184      0.3853  0.0195     
    95           0.4639  0.0510      0.2059  0.0226      0.2853  0.0313     
    97.5         0.4885  0.0570      0.1084  0.0126      0.1775  0.0207     
    99           0.4136  0.1418      0.0367  0.0126      0.0675  0.0231     
    99.5         0.4019  0.0966      0.0178  0.0043      0.0342  0.0082     
    99.9         0.3143  0.1333      0.0028  0.0012      0.0056  0.0024     
    99.95        0.4000  0.0727      0.0019  0.0003      0.0038  0.0007     
    99.99        0.5333  0.1633      0.0007  0.0002      0.0014  0.0004     

     Best F1: 0.3853 @ 90th percentile
  5_campaign.npz [full_contamination]:
    AUC: 0.6432  0.0897
    AUPRC: 0.2714  0.0532

    Threshold Percentile Metrics:
    Percentile   Precision            Recall               F1                  
    ------------------------------------------------------------------------
    20           0.1176  0.0129      0.8349  0.0913      0.2061  0.0225     
    25           0.1206  0.0151      0.8032  0.1003      0.2098  0.0262     
    30           0.1243  0.0175      0.7725  0.1090      0.2142  0.0302     
    35           0.1288  0.0202      0.7430  0.1167      0.2195  0.0345     
    40           0.1342  0.0226      0.7148  0.1204      0.2260  0.0381     
    45           0.1403  0.0251      0.6851  0.1227      0.2329  0.0417     
    50           0.1475  0.0273      0.6548  0.1213      0.2408  0.0446     
    60           0.1644  0.0300      0.5837  0.1064      0.2565  0.0468     
    70           0.1912  0.0332      0.5091  0.0883      0.2780  0.0482     
    80           0.2441  0.0375      0.4334  0.0666      0.3123  0.0480     
    90           0.3613  0.0466      0.3208  0.0414      0.3398  0.0438     
    95           0.4689  0.0606      0.2082  0.0269      0.2884  0.0373     
    97.5         0.5014  0.0915      0.1113  0.0203      0.1822  0.0332     
    99           0.4786  0.0654      0.0425  0.0058      0.0781  0.0107     
    99.5         0.4505  0.1123      0.0200  0.0050      0.0383  0.0095     
    99.9         0.4286  0.1756      0.0039  0.0016      0.0077  0.0032     
    99.95        0.3818  0.1206      0.0018  0.0006      0.0036  0.0011     
    99.99        0.5333  0.1633      0.0007  0.0002      0.0014  0.0004     

     Best F1: 0.3398 @ 90th percentile

TCCM_nt50 - reconstruction:
  5_campaign.npz [no_contamination]:
    AUC: 0.7664  0.0041
    AUPRC: 0.3373  0.0030

    Threshold Percentile Metrics:
    Percentile   Precision            Recall               F1                  
    ------------------------------------------------------------------------
    20           0.1357  0.0005      0.9634  0.0038      0.2379  0.0009     
    25           0.1429  0.0005      0.9516  0.0032      0.2485  0.0008     
    30           0.1506  0.0006      0.9356  0.0035      0.2594  0.0010     
    35           0.1586  0.0007      0.9148  0.0038      0.2703  0.0011     
    40           0.1662  0.0009      0.8853  0.0046      0.2799  0.0015     
    45           0.1757  0.0009      0.8578  0.0046      0.2916  0.0016     
    50           0.1835  0.0018      0.8143  0.0079      0.2995  0.0029     
    60           0.2012  0.0020      0.7143  0.0072      0.3139  0.0032     
    70           0.2350  0.0020      0.6257  0.0055      0.3416  0.0030     
    80           0.2947  0.0012      0.5233  0.0022      0.3771  0.0016     
    90           0.4150  0.0021      0.3684  0.0019      0.3903  0.0020     
    95           0.5373  0.0079      0.2385  0.0035      0.3304  0.0049     
    97.5         0.5728  0.0027      0.1272  0.0006      0.2081  0.0010     
    99           0.4961  0.0048      0.0441  0.0004      0.0809  0.0008     
    99.5         0.3553  0.0048      0.0158  0.0002      0.0302  0.0004     
    99.9         0.2857  0.0000      0.0026  0.0000      0.0051  0.0000     
    99.95        0.3636  0.0000      0.0017  0.0000      0.0034  0.0000     
    99.99        0.4667  0.1633      0.0006  0.0002      0.0012  0.0004     

     Best F1: 0.3903 @ 90th percentile
  5_campaign.npz [full_contamination]:
    AUC: 0.7647  0.0027
    AUPRC: 0.3378  0.0028

    Threshold Percentile Metrics:
    Percentile   Precision            Recall               F1                  
    ------------------------------------------------------------------------
    20           0.1354  0.0003      0.9616  0.0022      0.2374  0.0005     
    25           0.1427  0.0004      0.9502  0.0029      0.2482  0.0007     
    30           0.1504  0.0005      0.9343  0.0034      0.2590  0.0009     
    35           0.1582  0.0009      0.9128  0.0054      0.2697  0.0016     
    40           0.1659  0.0009      0.8834  0.0047      0.2793  0.0015     
    45           0.1746  0.0011      0.8525  0.0053      0.2899  0.0018     
    50           0.1822  0.0014      0.8089  0.0064      0.2975  0.0024     
    60           0.2000  0.0011      0.7101  0.0039      0.3121  0.0017     
    70           0.2344  0.0019      0.6241  0.0052      0.3408  0.0028     
    80           0.2931  0.0021      0.5203  0.0037      0.3750  0.0027     
    90           0.4145  0.0010      0.3680  0.0009      0.3899  0.0010     
    95           0.5445  0.0076      0.2417  0.0034      0.3348  0.0047     
    97.5         0.5771  0.0096      0.1281  0.0021      0.2097  0.0035     
    99           0.4951  0.0031      0.0440  0.0003      0.0808  0.0005     
    99.5         0.3612  0.0073      0.0160  0.0003      0.0307  0.0006     
    99.9         0.3143  0.0233      0.0028  0.0002      0.0056  0.0004     
    99.95        0.3636  0.0000      0.0017  0.0000      0.0034  0.0000     
    99.99        0.6000  0.1333      0.0008  0.0002      0.0015  0.0003     

     Best F1: 0.3899 @ 90th percentile

TCCM_nt50 - decision:
  5_campaign.npz [no_contamination]:
    AUC: 0.7744  0.0337
    AUPRC: 0.3269  0.0419

    Threshold Percentile Metrics:
    Percentile   Precision            Recall               F1                  
    ------------------------------------------------------------------------
    20           0.1347  0.0017      0.9565  0.0119      0.2361  0.0029     
    25           0.1413  0.0020      0.9409  0.0131      0.2458  0.0034     
    30           0.1484  0.0027      0.9222  0.0165      0.2557  0.0046     
    35           0.1564  0.0035      0.9022  0.0203      0.2665  0.0060     
    40           0.1650  0.0045      0.8788  0.0241      0.2778  0.0076     
    45           0.1743  0.0058      0.8508  0.0282      0.2893  0.0096     
    50           0.1846  0.0079      0.8195  0.0349      0.3014  0.0128     
    60           0.2122  0.0132      0.7534  0.0469      0.3311  0.0206     
    70           0.2518  0.0218      0.6706  0.0581      0.3662  0.0317     
    80           0.3135  0.0339      0.5566  0.0602      0.4011  0.0434     
    90           0.4057  0.0466      0.3603  0.0413      0.3816  0.0438     
    95           0.4579  0.0578      0.2033  0.0256      0.2816  0.0355     
    97.5         0.4816  0.0519      0.1069  0.0115      0.1750  0.0189     
    99           0.4398  0.0471      0.0391  0.0042      0.0717  0.0077     
    99.5         0.3981  0.0521      0.0177  0.0023      0.0338  0.0044     
    99.9         0.4000  0.0486      0.0036  0.0004      0.0072  0.0009     
    99.95        0.3636  0.0000      0.0017  0.0000      0.0034  0.0000     
    99.99        0.3333  0.0000      0.0004  0.0000      0.0009  0.0000     

     Best F1: 0.4011 @ 80th percentile
  5_campaign.npz [full_contamination]:
    AUC: 0.7602  0.0262
    AUPRC: 0.3047  0.0264

    Threshold Percentile Metrics:
    Percentile   Precision            Recall               F1                  
    ------------------------------------------------------------------------
    20           0.1338  0.0029      0.9498  0.0207      0.2345  0.0051     
    25           0.1399  0.0037      0.9314  0.0249      0.2433  0.0065     
    30           0.1468  0.0043      0.9119  0.0265      0.2528  0.0073     
    35           0.1540  0.0052      0.8885  0.0299      0.2625  0.0088     
    40           0.1623  0.0057      0.8645  0.0303      0.2733  0.0096     
    45           0.1713  0.0069      0.8362  0.0336      0.2843  0.0114     
    50           0.1813  0.0067      0.8047  0.0299      0.2959  0.0110     
    60           0.2072  0.0082      0.7356  0.0292      0.3233  0.0128     
    70           0.2442  0.0110      0.6502  0.0293      0.3550  0.0160     
    80           0.3025  0.0176      0.5370  0.0312      0.3870  0.0225     
    90           0.3860  0.0326      0.3428  0.0289      0.3631  0.0306     
    95           0.4299  0.0335      0.1909  0.0149      0.2644  0.0206     
    97.5         0.4419  0.0341      0.0981  0.0076      0.1606  0.0124     
    99           0.4301  0.0414      0.0382  0.0037      0.0702  0.0067     
    99.5         0.3650  0.0702      0.0162  0.0031      0.0310  0.0060     
    99.9         0.3524  0.0774      0.0032  0.0007      0.0063  0.0014     
    99.95        0.3818  0.0364      0.0018  0.0002      0.0036  0.0003     
    99.99        0.6000  0.1333      0.0008  0.0002      0.0015  0.0003     

     Best F1: 0.3870 @ 80th percentile

TCCM_nt20 - deviation:
  5_campaign.npz [no_contamination]:
    AUC: 0.7225  0.0308
    AUPRC: 0.3040  0.0169

    Threshold Percentile Metrics:
    Percentile   Precision            Recall               F1                  
    ------------------------------------------------------------------------
    20           0.1272  0.0030      0.9035  0.0212      0.2231  0.0052     
    25           0.1321  0.0041      0.8794  0.0273      0.2297  0.0071     
    30           0.1377  0.0052      0.8559  0.0325      0.2373  0.0090     
    35           0.1445  0.0063      0.8337  0.0365      0.2463  0.0108     
    40           0.1518  0.0078      0.8084  0.0413      0.2556  0.0131     
    45           0.1604  0.0090      0.7832  0.0438      0.2663  0.0149     
    50           0.1701  0.0107      0.7551  0.0474      0.2777  0.0174     
    60           0.1935  0.0139      0.6871  0.0494      0.3020  0.0217     
    70           0.2282  0.0164      0.6077  0.0438      0.3318  0.0239     
    80           0.2851  0.0210      0.5061  0.0372      0.3647  0.0268     
    90           0.4097  0.0207      0.3638  0.0183      0.3854  0.0194     
    95           0.4639  0.0510      0.2059  0.0226      0.2853  0.0313     
    97.5         0.4882  0.0575      0.1084  0.0128      0.1774  0.0209     
    99           0.4136  0.1418      0.0367  0.0126      0.0675  0.0231     
    99.5         0.4039  0.0932      0.0179  0.0041      0.0343  0.0079     
    99.9         0.3143  0.1333      0.0028  0.0012      0.0056  0.0024     
    99.95        0.3818  0.0891      0.0018  0.0004      0.0036  0.0008     
    99.99        0.5333  0.1633      0.0007  0.0002      0.0014  0.0004     

     Best F1: 0.3854 @ 90th percentile
  5_campaign.npz [full_contamination]:
    AUC: 0.6429  0.0899
    AUPRC: 0.2712  0.0535

    Threshold Percentile Metrics:
    Percentile   Precision            Recall               F1                  
    ------------------------------------------------------------------------
    20           0.1175  0.0129      0.8347  0.0913      0.2061  0.0225     
    25           0.1206  0.0151      0.8028  0.1005      0.2097  0.0263     
    30           0.1243  0.0176      0.7722  0.1091      0.2141  0.0303     
    35           0.1287  0.0202      0.7428  0.1168      0.2195  0.0345     
    40           0.1342  0.0226      0.7148  0.1205      0.2260  0.0381     
    45           0.1402  0.0252      0.6843  0.1231      0.2327  0.0419     
    50           0.1474  0.0274      0.6543  0.1217      0.2406  0.0448     
    60           0.1641  0.0303      0.5828  0.1074      0.2561  0.0472     
    70           0.1909  0.0334      0.5084  0.0890      0.2776  0.0486     
    80           0.2438  0.0378      0.4329  0.0671      0.3120  0.0483     
    90           0.3611  0.0474      0.3206  0.0421      0.3396  0.0445     
    95           0.4691  0.0616      0.2083  0.0274      0.2885  0.0379     
    97.5         0.5017  0.0905      0.1114  0.0201      0.1823  0.0329     
    99           0.4786  0.0650      0.0425  0.0058      0.0781  0.0106     
    99.5         0.4524  0.1125      0.0201  0.0050      0.0385  0.0096     
    99.9         0.4286  0.1756      0.0039  0.0016      0.0077  0.0032     
    99.95        0.3818  0.1206      0.0018  0.0006      0.0036  0.0011     
    99.99        0.6000  0.1333      0.0008  0.0002      0.0015  0.0003     

     Best F1: 0.3396 @ 90th percentile

TCCM_nt20 - reconstruction:
  5_campaign.npz [no_contamination]:
    AUC: 0.7664  0.0041
    AUPRC: 0.3374  0.0030

    Threshold Percentile Metrics:
    Percentile   Precision            Recall               F1                  
    ------------------------------------------------------------------------
    20           0.1357  0.0005      0.9634  0.0038      0.2379  0.0009     
    25           0.1429  0.0005      0.9513  0.0034      0.2485  0.0009     
    30           0.1506  0.0006      0.9356  0.0035      0.2594  0.0010     
    35           0.1586  0.0007      0.9152  0.0041      0.2704  0.0012     
    40           0.1662  0.0009      0.8853  0.0046      0.2799  0.0015     
    45           0.1757  0.0010      0.8578  0.0047      0.2916  0.0016     
    50           0.1835  0.0018      0.8144  0.0079      0.2995  0.0029     
    60           0.2011  0.0022      0.7141  0.0077      0.3138  0.0034     
    70           0.2350  0.0020      0.6257  0.0053      0.3416  0.0029     
    80           0.2946  0.0012      0.5230  0.0022      0.3769  0.0016     
    90           0.4150  0.0021      0.3684  0.0019      0.3903  0.0020     
    95           0.5373  0.0082      0.2385  0.0037      0.3304  0.0051     
    97.5         0.5728  0.0027      0.1272  0.0006      0.2081  0.0010     
    99           0.4961  0.0048      0.0441  0.0004      0.0809  0.0008     
    99.5         0.3553  0.0048      0.0158  0.0002      0.0302  0.0004     
    99.9         0.2857  0.0000      0.0026  0.0000      0.0051  0.0000     
    99.95        0.3636  0.0000      0.0017  0.0000      0.0034  0.0000     
    99.99        0.4667  0.1633      0.0006  0.0002      0.0012  0.0004     

     Best F1: 0.3903 @ 90th percentile
  5_campaign.npz [full_contamination]:
    AUC: 0.7646  0.0027
    AUPRC: 0.3377  0.0028

    Threshold Percentile Metrics:
    Percentile   Precision            Recall               F1                  
    ------------------------------------------------------------------------
    20           0.1354  0.0003      0.9616  0.0022      0.2374  0.0005     
    25           0.1427  0.0004      0.9501  0.0029      0.2482  0.0008     
    30           0.1503  0.0006      0.9341  0.0036      0.2590  0.0010     
    35           0.1582  0.0009      0.9128  0.0054      0.2697  0.0016     
    40           0.1659  0.0009      0.8834  0.0049      0.2793  0.0016     
    45           0.1746  0.0012      0.8525  0.0057      0.2899  0.0019     
    50           0.1823  0.0015      0.8090  0.0065      0.2975  0.0024     
    60           0.2000  0.0011      0.7103  0.0039      0.3122  0.0017     
    70           0.2343  0.0020      0.6240  0.0054      0.3407  0.0029     
    80           0.2930  0.0021      0.5202  0.0037      0.3748  0.0027     
    90           0.4147  0.0011      0.3682  0.0010      0.3900  0.0011     
    95           0.5443  0.0079      0.2416  0.0035      0.3347  0.0048     
    97.5         0.5771  0.0099      0.1281  0.0022      0.2097  0.0036     
    99           0.4951  0.0031      0.0440  0.0003      0.0808  0.0005     
    99.5         0.3631  0.0078      0.0161  0.0003      0.0309  0.0007     
    99.9         0.3143  0.0233      0.0028  0.0002      0.0056  0.0004     
    99.95        0.3636  0.0000      0.0017  0.0000      0.0034  0.0000     
    99.99        0.6000  0.1333      0.0008  0.0002      0.0015  0.0003     

     Best F1: 0.3900 @ 90th percentile

TCCM_nt20 - decision:
  5_campaign.npz [no_contamination]:
    AUC: 0.7744  0.0337
    AUPRC: 0.3269  0.0419

    Threshold Percentile Metrics:
    Percentile   Precision            Recall               F1                  
    ------------------------------------------------------------------------
    20           0.1347  0.0017      0.9565  0.0119      0.2361  0.0029     
    25           0.1413  0.0020      0.9409  0.0131      0.2458  0.0034     
    30           0.1484  0.0027      0.9222  0.0165      0.2557  0.0046     
    35           0.1564  0.0035      0.9022  0.0203      0.2665  0.0060     
    40           0.1650  0.0045      0.8788  0.0241      0.2778  0.0076     
    45           0.1743  0.0058      0.8508  0.0282      0.2893  0.0096     
    50           0.1846  0.0079      0.8195  0.0349      0.3014  0.0128     
    60           0.2122  0.0132      0.7534  0.0469      0.3311  0.0206     
    70           0.2518  0.0218      0.6706  0.0581      0.3662  0.0317     
    80           0.3135  0.0339      0.5566  0.0602      0.4011  0.0434     
    90           0.4057  0.0466      0.3603  0.0413      0.3816  0.0438     
    95           0.4579  0.0578      0.2033  0.0256      0.2816  0.0355     
    97.5         0.4816  0.0519      0.1069  0.0115      0.1750  0.0189     
    99           0.4398  0.0471      0.0391  0.0042      0.0717  0.0077     
    99.5         0.3981  0.0521      0.0177  0.0023      0.0338  0.0044     
    99.9         0.4000  0.0486      0.0036  0.0004      0.0072  0.0009     
    99.95        0.3636  0.0000      0.0017  0.0000      0.0034  0.0000     
    99.99        0.3333  0.0000      0.0004  0.0000      0.0009  0.0000     

     Best F1: 0.4011 @ 80th percentile
  5_campaign.npz [full_contamination]:
    AUC: 0.7602  0.0262
    AUPRC: 0.3047  0.0264

    Threshold Percentile Metrics:
    Percentile   Precision            Recall               F1                  
    ------------------------------------------------------------------------
    20           0.1338  0.0029      0.9498  0.0207      0.2345  0.0051     
    25           0.1399  0.0037      0.9314  0.0249      0.2433  0.0065     
    30           0.1468  0.0043      0.9119  0.0265      0.2528  0.0073     
    35           0.1540  0.0052      0.8885  0.0299      0.2625  0.0088     
    40           0.1623  0.0057      0.8645  0.0303      0.2733  0.0096     
    45           0.1713  0.0069      0.8362  0.0336      0.2843  0.0114     
    50           0.1813  0.0067      0.8047  0.0299      0.2959  0.0110     
    60           0.2072  0.0082      0.7356  0.0292      0.3233  0.0128     
    70           0.2442  0.0110      0.6502  0.0293      0.3550  0.0160     
    80           0.3025  0.0176      0.5370  0.0312      0.3870  0.0225     
    90           0.3860  0.0326      0.3428  0.0289      0.3631  0.0306     
    95           0.4299  0.0335      0.1909  0.0149      0.2644  0.0206     
    97.5         0.4419  0.0341      0.0981  0.0076      0.1606  0.0124     
    99           0.4301  0.0414      0.0382  0.0037      0.0702  0.0067     
    99.5         0.3650  0.0702      0.0162  0.0031      0.0310  0.0060     
    99.9         0.3524  0.0774      0.0032  0.0007      0.0063  0.0014     
    99.95        0.3818  0.0364      0.0018  0.0002      0.0036  0.0003     
    99.99        0.6000  0.1333      0.0008  0.0002      0.0015  0.0003     

     Best F1: 0.3870 @ 80th percentile

============================================================
Results saved at: 0_results_tccm/results_data/extreme_cases_5_campaign_20251220_143632.joblib
============================================================
== Job Ende: Sat Dec 20 02:36:36 PM CET 2025 ==

============================= JOB FEEDBACK =============================

NodeName=uc2n715
Job ID: 2646142
Cluster: uc3
User/Group: ma_pkonz/ma_ma
State: COMPLETED (exit code 0)
Nodes: 1
Cores per node: 50
CPU Utilized: 01:10:47
CPU Efficiency: 33.71% of 03:30:00 core-walltime
Job Wall-clock time: 00:04:12
Memory Utilized: 1.07 GB
Memory Efficiency: 1.67% of 64.00 GB (64.00 GB/node)
