== Job Start: Fri Dec 12 05:58:02 PM CET 2025 ==
Python: /pfs/work9/workspace/scratch/ma_pkonz-thesis/ForestDiffusion/.venv/bin/python
Imports dauern ~2-3 Minuten, bitte warten...

 Dataset: 5_campaign.npz with model: ForestFlow_nt20_dk10 and score: deviation
 
Dataset loaded successfully!
Training data: (18274, 62), Normal: 18274
Test data: (22914, 62), Normal: 18274, Anomalies: 4640
[*] Loading cached forest model from /pfs/work9/workspace/scratch/ma_pkonz-thesis/ForestDiffusion/tests/saved_models/5_campaign.npz/ForestFlow_nt20_dk10/6101921e7e01f933487dfd39d65116f1.joblib
[*] Loading cached forest model from /pfs/work9/workspace/scratch/ma_pkonz-thesis/ForestDiffusion/tests/saved_models/5_campaign.npz/ForestFlow_nt20_dk10/cff2422e330f2ab3a4ce7993720ab125.joblib
[*] Loading cached forest model from /pfs/work9/workspace/scratch/ma_pkonz-thesis/ForestDiffusion/tests/saved_models/5_campaign.npz/ForestFlow_nt20_dk10/3738ea87cb2aeec526bb2703b2a54165.joblib
[*] Loading cached forest model from /pfs/work9/workspace/scratch/ma_pkonz-thesis/ForestDiffusion/tests/saved_models/5_campaign.npz/ForestFlow_nt20_dk10/cbd3abf532514f7e3d9648ad83118292.joblib
[*] Loading cached forest model from /pfs/work9/workspace/scratch/ma_pkonz-thesis/ForestDiffusion/tests/saved_models/5_campaign.npz/ForestFlow_nt20_dk10/a82a9c2803f2f5128076520c98cdde7e.joblib
[*] Loading cached forest model from /pfs/work9/workspace/scratch/ma_pkonz-thesis/ForestDiffusion/tests/saved_models/5_campaign.npz/ForestFlow_nt20_dk10/2422ef228a0088de10a7aa78c0610fa5.joblib
[*] Loading cached forest model from /pfs/work9/workspace/scratch/ma_pkonz-thesis/ForestDiffusion/tests/saved_models/5_campaign.npz/ForestFlow_nt20_dk10/acf2831c42a34b92479f1fa182dea6c3.joblib
[*] Loading cached forest model from /pfs/work9/workspace/scratch/ma_pkonz-thesis/ForestDiffusion/tests/saved_models/5_campaign.npz/ForestFlow_nt20_dk10/3a3b003898ee8edde8caed0d53e58bd4.joblib
[*] Loading cached forest model from /pfs/work9/workspace/scratch/ma_pkonz-thesis/ForestDiffusion/tests/saved_models/5_campaign.npz/ForestFlow_nt20_dk10/6cf4c895028f255c22a00d48244914d0.joblib
[*] Loading cached forest model from /pfs/work9/workspace/scratch/ma_pkonz-thesis/ForestDiffusion/tests/saved_models/5_campaign.npz/ForestFlow_nt20_dk10/07b0a0581cda5f66e7cdb0d79eb12125.joblib
[*] Loading cached forest model from /pfs/work9/workspace/scratch/ma_pkonz-thesis/ForestDiffusion/tests/saved_models/5_campaign.npz/ForestFlow_nt20_dk10/9606a7fc15d4fd81276f5b3159b2b002.joblib
[*] Loading cached forest model from /pfs/work9/workspace/scratch/ma_pkonz-thesis/ForestDiffusion/tests/saved_models/5_campaign.npz/ForestFlow_nt20_dk10/6e033f6d0eba8817aa2eed671cd1e606.joblib
[*] Loading cached forest model from /pfs/work9/workspace/scratch/ma_pkonz-thesis/ForestDiffusion/tests/saved_models/5_campaign.npz/ForestFlow_nt20_dk10/7f223d2e1c609faa817031c52f6e7e99.joblib
[*] Loading cached forest model from /pfs/work9/workspace/scratch/ma_pkonz-thesis/ForestDiffusion/tests/saved_models/5_campaign.npz/ForestFlow_nt20_dk10/1fd3b24a87d74b168b5e9d352dd0e302.joblib
[*] Loading cached forest model from /pfs/work9/workspace/scratch/ma_pkonz-thesis/ForestDiffusion/tests/saved_models/5_campaign.npz/ForestFlow_nt20_dk10/91c47bd86489612f1d1c50cc11f4540b.joblib
[*] Loading cached forest model from /pfs/work9/workspace/scratch/ma_pkonz-thesis/ForestDiffusion/tests/saved_models/5_campaign.npz/ForestFlow_nt20_dk10/42973c90c5f60301e56e8b6b991cbe6f.joblib
[*] Loading cached forest model from /pfs/work9/workspace/scratch/ma_pkonz-thesis/ForestDiffusion/tests/saved_models/5_campaign.npz/ForestFlow_nt20_dk10/553a5d9f4b609224259a5fd4be2d84c1.joblib
[*] Loading cached forest model from /pfs/work9/workspace/scratch/ma_pkonz-thesis/ForestDiffusion/tests/saved_models/5_campaign.npz/ForestFlow_nt20_dk10/dadd2f52ed780a271c56aeb306f0c135.joblib
[*] Loading cached forest model from /pfs/work9/workspace/scratch/ma_pkonz-thesis/ForestDiffusion/tests/saved_models/5_campaign.npz/ForestFlow_nt20_dk10/a4385a6d31587697ac85adfc7ace8e6f.joblib
[*] Loading cached forest model from /pfs/work9/workspace/scratch/ma_pkonz-thesis/ForestDiffusion/tests/saved_models/5_campaign.npz/ForestFlow_nt20_dk10/7f082c5b7b8d698292c53817b76caa73.joblib
[*] Loading cached forest model from /pfs/work9/workspace/scratch/ma_pkonz-thesis/ForestDiffusion/tests/saved_models/5_campaign.npz/ForestFlow_nt20_dk10/816b60ad13e24578fba566dbf71cdd54.joblib
[*] Loading cached forest model from /pfs/work9/workspace/scratch/ma_pkonz-thesis/ForestDiffusion/tests/saved_models/5_campaign.npz/ForestFlow_nt20_dk10/6995a2306cf9f13111481c10026e551c.joblib
[*] Loading cached forest model from /pfs/work9/workspace/scratch/ma_pkonz-thesis/ForestDiffusion/tests/saved_models/5_campaign.npz/ForestFlow_nt20_dk10/acf3d56fedb9866c93d389fb1ff9c2af.joblib
[*] Loading cached forest model from /pfs/work9/workspace/scratch/ma_pkonz-thesis/ForestDiffusion/tests/saved_models/5_campaign.npz/ForestFlow_nt20_dk10/f05506e5a5c5763ae5e7f20862b0597f.joblib
[*] Loading cached forest model from /pfs/work9/workspace/scratch/ma_pkonz-thesis/ForestDiffusion/tests/saved_models/5_campaign.npz/ForestFlow_nt20_dk10/d663f37b0386df0b594ba81141688053.joblib
[*] Loading cached forest model from /pfs/work9/workspace/scratch/ma_pkonz-thesis/ForestDiffusion/tests/saved_models/5_campaign.npz/ForestFlow_nt20_dk10/43794659cecd1b9b0ede89aa37de1766.joblib
[*] Loading cached forest model from /pfs/work9/workspace/scratch/ma_pkonz-thesis/ForestDiffusion/tests/saved_models/5_campaign.npz/ForestFlow_nt20_dk10/93f5dcfa275b01bb6d83a023517f4a9b.joblib
[*] Loading cached forest model from /pfs/work9/workspace/scratch/ma_pkonz-thesis/ForestDiffusion/tests/saved_models/5_campaign.npz/ForestFlow_nt20_dk10/a0eaaa043f911d81a050d3ffbcbfb85a.joblib
[*] Loading cached forest model from /pfs/work9/workspace/scratch/ma_pkonz-thesis/ForestDiffusion/tests/saved_models/5_campaign.npz/ForestFlow_nt20_dk10/67f1daab9cd49ca12378bdbcf29bc5d8.joblib
[*] Loading cached forest model from /pfs/work9/workspace/scratch/ma_pkonz-thesis/ForestDiffusion/tests/saved_models/5_campaign.npz/ForestFlow_nt20_dk10/0312eef5909bf80b7c05d6d2f87103f5.joblib
[*] Loading cached forest model from /pfs/work9/workspace/scratch/ma_pkonz-thesis/ForestDiffusion/tests/saved_models/5_campaign.npz/ForestFlow_nt20_dk10/d0731ae8ade46425a88dd51800185f68.joblib
[*] Loading cached forest model from /pfs/work9/workspace/scratch/ma_pkonz-thesis/ForestDiffusion/tests/saved_models/5_campaign.npz/ForestFlow_nt20_dk10/e99070415837af213240e9da790e08f9.joblib
[*] Loading cached forest model from /pfs/work9/workspace/scratch/ma_pkonz-thesis/ForestDiffusion/tests/saved_models/5_campaign.npz/ForestFlow_nt20_dk10/0b9e34103b5a514259cda3a61724f444.joblib
[*] Loading cached forest model from /pfs/work9/workspace/scratch/ma_pkonz-thesis/ForestDiffusion/tests/saved_models/5_campaign.npz/ForestFlow_nt20_dk10/14a4216c208581587fcb755ddb15deae.joblib
[*] Loading cached forest model from /pfs/work9/workspace/scratch/ma_pkonz-thesis/ForestDiffusion/tests/saved_models/5_campaign.npz/ForestFlow_nt20_dk10/800738cec98d8ef730f216ef31551205.joblib
[*] Loading cached forest model from /pfs/work9/workspace/scratch/ma_pkonz-thesis/ForestDiffusion/tests/saved_models/5_campaign.npz/ForestFlow_nt20_dk10/781d4e2033d9cdf11303c2115ee1f07f.joblib
[*] Loading cached forest model from /pfs/work9/workspace/scratch/ma_pkonz-thesis/ForestDiffusion/tests/saved_models/5_campaign.npz/ForestFlow_nt20_dk10/edbd0c1c125ccf584a95a9eb00283fba.joblib
[*] Loading cached forest model from /pfs/work9/workspace/scratch/ma_pkonz-thesis/ForestDiffusion/tests/saved_models/5_campaign.npz/ForestFlow_nt20_dk10/1f6b354a0b70d61730c4282edbe12205.joblib
[*] Loading cached forest model from /pfs/work9/workspace/scratch/ma_pkonz-thesis/ForestDiffusion/tests/saved_models/5_campaign.npz/ForestFlow_nt20_dk10/30d1ff6c37135801f2fcb96f6f624d7d.joblib
[*] Loading cached forest model from /pfs/work9/workspace/scratch/ma_pkonz-thesis/ForestDiffusion/tests/saved_models/5_campaign.npz/ForestFlow_nt20_dk10/6a527b589a32a00e2a264c378ef45fb8.joblib
[*] Loading cached forest model from /pfs/work9/workspace/scratch/ma_pkonz-thesis/ForestDiffusion/tests/saved_models/5_campaign.npz/ForestFlow_nt20_dk10/4986da951ec6d4962e65d9c5c8367695.joblib
[*] Loading cached forest model from /pfs/work9/workspace/scratch/ma_pkonz-thesis/ForestDiffusion/tests/saved_models/5_campaign.npz/ForestFlow_nt20_dk10/f226ed8bf9ab33d08795a8fb66350565.joblib
[*] Loading cached forest model from /pfs/work9/workspace/scratch/ma_pkonz-thesis/ForestDiffusion/tests/saved_models/5_campaign.npz/ForestFlow_nt20_dk10/1a0844fa574dc90f78dec8443d7e8c50.joblib
[*] Loading cached forest model from /pfs/work9/workspace/scratch/ma_pkonz-thesis/ForestDiffusion/tests/saved_models/5_campaign.npz/ForestFlow_nt20_dk10/e9b5288ef5ea74935dc2ae2a8f3dddf9.joblib
[*] Loading cached forest model from /pfs/work9/workspace/scratch/ma_pkonz-thesis/ForestDiffusion/tests/saved_models/5_campaign.npz/ForestFlow_nt20_dk10/c9434f8f4fe7b0909a31d2f99c2f5a28.joblib
[*] Loading cached forest model from /pfs/work9/workspace/scratch/ma_pkonz-thesis/ForestDiffusion/tests/saved_models/5_campaign.npz/ForestFlow_nt20_dk10/205e0b5831687e585fa36c469a52fa2e.joblib
[*] Loading cached forest model from /pfs/work9/workspace/scratch/ma_pkonz-thesis/ForestDiffusion/tests/saved_models/5_campaign.npz/ForestFlow_nt20_dk10/25ca5a5ad9b557b7eb6e18405b433d8d.joblib
[*] Loading cached forest model from /pfs/work9/workspace/scratch/ma_pkonz-thesis/ForestDiffusion/tests/saved_models/5_campaign.npz/ForestFlow_nt20_dk10/ef32e4bdc47e1a21f410cfe44633a515.joblib
[*] Loading cached forest model from /pfs/work9/workspace/scratch/ma_pkonz-thesis/ForestDiffusion/tests/saved_models/5_campaign.npz/ForestFlow_nt20_dk10/6d982f020127570a092dcffdef70ea65.joblib
[*] Loading cached forest model from /pfs/work9/workspace/scratch/ma_pkonz-thesis/ForestDiffusion/tests/saved_models/5_campaign.npz/ForestFlow_nt20_dk10/7b323973df2f98d9ccf7cc2fe522a6ad.joblib

 Dataset: 5_campaign.npz with model: ForestFlow_nt20_dk10 and score: reconstruction
 
Dataset loaded successfully!
Training data: (18274, 62), Normal: 18274
Test data: (22914, 62), Normal: 18274, Anomalies: 4640
[*] Loading cached forest model from /pfs/work9/workspace/scratch/ma_pkonz-thesis/ForestDiffusion/tests/saved_models/5_campaign.npz/ForestFlow_nt20_dk10/6101921e7e01f933487dfd39d65116f1.joblib
[*] Loading cached forest model from /pfs/work9/workspace/scratch/ma_pkonz-thesis/ForestDiffusion/tests/saved_models/5_campaign.npz/ForestFlow_nt20_dk10/cff2422e330f2ab3a4ce7993720ab125.joblib
[*] Loading cached forest model from /pfs/work9/workspace/scratch/ma_pkonz-thesis/ForestDiffusion/tests/saved_models/5_campaign.npz/ForestFlow_nt20_dk10/3738ea87cb2aeec526bb2703b2a54165.joblib
[*] Loading cached forest model from /pfs/work9/workspace/scratch/ma_pkonz-thesis/ForestDiffusion/tests/saved_models/5_campaign.npz/ForestFlow_nt20_dk10/cbd3abf532514f7e3d9648ad83118292.joblib
[*] Loading cached forest model from /pfs/work9/workspace/scratch/ma_pkonz-thesis/ForestDiffusion/tests/saved_models/5_campaign.npz/ForestFlow_nt20_dk10/a82a9c2803f2f5128076520c98cdde7e.joblib
[*] Loading cached forest model from /pfs/work9/workspace/scratch/ma_pkonz-thesis/ForestDiffusion/tests/saved_models/5_campaign.npz/ForestFlow_nt20_dk10/2422ef228a0088de10a7aa78c0610fa5.joblib
[*] Loading cached forest model from /pfs/work9/workspace/scratch/ma_pkonz-thesis/ForestDiffusion/tests/saved_models/5_campaign.npz/ForestFlow_nt20_dk10/acf2831c42a34b92479f1fa182dea6c3.joblib
[*] Loading cached forest model from /pfs/work9/workspace/scratch/ma_pkonz-thesis/ForestDiffusion/tests/saved_models/5_campaign.npz/ForestFlow_nt20_dk10/3a3b003898ee8edde8caed0d53e58bd4.joblib
[*] Loading cached forest model from /pfs/work9/workspace/scratch/ma_pkonz-thesis/ForestDiffusion/tests/saved_models/5_campaign.npz/ForestFlow_nt20_dk10/6cf4c895028f255c22a00d48244914d0.joblib
[*] Loading cached forest model from /pfs/work9/workspace/scratch/ma_pkonz-thesis/ForestDiffusion/tests/saved_models/5_campaign.npz/ForestFlow_nt20_dk10/07b0a0581cda5f66e7cdb0d79eb12125.joblib
[*] Loading cached forest model from /pfs/work9/workspace/scratch/ma_pkonz-thesis/ForestDiffusion/tests/saved_models/5_campaign.npz/ForestFlow_nt20_dk10/9606a7fc15d4fd81276f5b3159b2b002.joblib
[*] Loading cached forest model from /pfs/work9/workspace/scratch/ma_pkonz-thesis/ForestDiffusion/tests/saved_models/5_campaign.npz/ForestFlow_nt20_dk10/6e033f6d0eba8817aa2eed671cd1e606.joblib
[*] Loading cached forest model from /pfs/work9/workspace/scratch/ma_pkonz-thesis/ForestDiffusion/tests/saved_models/5_campaign.npz/ForestFlow_nt20_dk10/7f223d2e1c609faa817031c52f6e7e99.joblib
[*] Loading cached forest model from /pfs/work9/workspace/scratch/ma_pkonz-thesis/ForestDiffusion/tests/saved_models/5_campaign.npz/ForestFlow_nt20_dk10/1fd3b24a87d74b168b5e9d352dd0e302.joblib
[*] Loading cached forest model from /pfs/work9/workspace/scratch/ma_pkonz-thesis/ForestDiffusion/tests/saved_models/5_campaign.npz/ForestFlow_nt20_dk10/91c47bd86489612f1d1c50cc11f4540b.joblib
[*] Loading cached forest model from /pfs/work9/workspace/scratch/ma_pkonz-thesis/ForestDiffusion/tests/saved_models/5_campaign.npz/ForestFlow_nt20_dk10/42973c90c5f60301e56e8b6b991cbe6f.joblib
[*] Loading cached forest model from /pfs/work9/workspace/scratch/ma_pkonz-thesis/ForestDiffusion/tests/saved_models/5_campaign.npz/ForestFlow_nt20_dk10/553a5d9f4b609224259a5fd4be2d84c1.joblib
[*] Loading cached forest model from /pfs/work9/workspace/scratch/ma_pkonz-thesis/ForestDiffusion/tests/saved_models/5_campaign.npz/ForestFlow_nt20_dk10/dadd2f52ed780a271c56aeb306f0c135.joblib
[*] Loading cached forest model from /pfs/work9/workspace/scratch/ma_pkonz-thesis/ForestDiffusion/tests/saved_models/5_campaign.npz/ForestFlow_nt20_dk10/a4385a6d31587697ac85adfc7ace8e6f.joblib
[*] Loading cached forest model from /pfs/work9/workspace/scratch/ma_pkonz-thesis/ForestDiffusion/tests/saved_models/5_campaign.npz/ForestFlow_nt20_dk10/7f082c5b7b8d698292c53817b76caa73.joblib
[*] Loading cached forest model from /pfs/work9/workspace/scratch/ma_pkonz-thesis/ForestDiffusion/tests/saved_models/5_campaign.npz/ForestFlow_nt20_dk10/816b60ad13e24578fba566dbf71cdd54.joblib
[*] Loading cached forest model from /pfs/work9/workspace/scratch/ma_pkonz-thesis/ForestDiffusion/tests/saved_models/5_campaign.npz/ForestFlow_nt20_dk10/6995a2306cf9f13111481c10026e551c.joblib
[*] Loading cached forest model from /pfs/work9/workspace/scratch/ma_pkonz-thesis/ForestDiffusion/tests/saved_models/5_campaign.npz/ForestFlow_nt20_dk10/acf3d56fedb9866c93d389fb1ff9c2af.joblib
[*] Loading cached forest model from /pfs/work9/workspace/scratch/ma_pkonz-thesis/ForestDiffusion/tests/saved_models/5_campaign.npz/ForestFlow_nt20_dk10/f05506e5a5c5763ae5e7f20862b0597f.joblib
[*] Loading cached forest model from /pfs/work9/workspace/scratch/ma_pkonz-thesis/ForestDiffusion/tests/saved_models/5_campaign.npz/ForestFlow_nt20_dk10/d663f37b0386df0b594ba81141688053.joblib
[*] Loading cached forest model from /pfs/work9/workspace/scratch/ma_pkonz-thesis/ForestDiffusion/tests/saved_models/5_campaign.npz/ForestFlow_nt20_dk10/43794659cecd1b9b0ede89aa37de1766.joblib
[*] Loading cached forest model from /pfs/work9/workspace/scratch/ma_pkonz-thesis/ForestDiffusion/tests/saved_models/5_campaign.npz/ForestFlow_nt20_dk10/93f5dcfa275b01bb6d83a023517f4a9b.joblib
[*] Loading cached forest model from /pfs/work9/workspace/scratch/ma_pkonz-thesis/ForestDiffusion/tests/saved_models/5_campaign.npz/ForestFlow_nt20_dk10/a0eaaa043f911d81a050d3ffbcbfb85a.joblib
[*] Loading cached forest model from /pfs/work9/workspace/scratch/ma_pkonz-thesis/ForestDiffusion/tests/saved_models/5_campaign.npz/ForestFlow_nt20_dk10/67f1daab9cd49ca12378bdbcf29bc5d8.joblib
[*] Loading cached forest model from /pfs/work9/workspace/scratch/ma_pkonz-thesis/ForestDiffusion/tests/saved_models/5_campaign.npz/ForestFlow_nt20_dk10/0312eef5909bf80b7c05d6d2f87103f5.joblib
[*] Loading cached forest model from /pfs/work9/workspace/scratch/ma_pkonz-thesis/ForestDiffusion/tests/saved_models/5_campaign.npz/ForestFlow_nt20_dk10/d0731ae8ade46425a88dd51800185f68.joblib
[*] Loading cached forest model from /pfs/work9/workspace/scratch/ma_pkonz-thesis/ForestDiffusion/tests/saved_models/5_campaign.npz/ForestFlow_nt20_dk10/e99070415837af213240e9da790e08f9.joblib
[*] Loading cached forest model from /pfs/work9/workspace/scratch/ma_pkonz-thesis/ForestDiffusion/tests/saved_models/5_campaign.npz/ForestFlow_nt20_dk10/0b9e34103b5a514259cda3a61724f444.joblib
[*] Loading cached forest model from /pfs/work9/workspace/scratch/ma_pkonz-thesis/ForestDiffusion/tests/saved_models/5_campaign.npz/ForestFlow_nt20_dk10/14a4216c208581587fcb755ddb15deae.joblib
[*] Loading cached forest model from /pfs/work9/workspace/scratch/ma_pkonz-thesis/ForestDiffusion/tests/saved_models/5_campaign.npz/ForestFlow_nt20_dk10/800738cec98d8ef730f216ef31551205.joblib
[*] Loading cached forest model from /pfs/work9/workspace/scratch/ma_pkonz-thesis/ForestDiffusion/tests/saved_models/5_campaign.npz/ForestFlow_nt20_dk10/781d4e2033d9cdf11303c2115ee1f07f.joblib
[*] Loading cached forest model from /pfs/work9/workspace/scratch/ma_pkonz-thesis/ForestDiffusion/tests/saved_models/5_campaign.npz/ForestFlow_nt20_dk10/edbd0c1c125ccf584a95a9eb00283fba.joblib
[*] Loading cached forest model from /pfs/work9/workspace/scratch/ma_pkonz-thesis/ForestDiffusion/tests/saved_models/5_campaign.npz/ForestFlow_nt20_dk10/1f6b354a0b70d61730c4282edbe12205.joblib
[*] Loading cached forest model from /pfs/work9/workspace/scratch/ma_pkonz-thesis/ForestDiffusion/tests/saved_models/5_campaign.npz/ForestFlow_nt20_dk10/30d1ff6c37135801f2fcb96f6f624d7d.joblib
[*] Loading cached forest model from /pfs/work9/workspace/scratch/ma_pkonz-thesis/ForestDiffusion/tests/saved_models/5_campaign.npz/ForestFlow_nt20_dk10/6a527b589a32a00e2a264c378ef45fb8.joblib
[*] Loading cached forest model from /pfs/work9/workspace/scratch/ma_pkonz-thesis/ForestDiffusion/tests/saved_models/5_campaign.npz/ForestFlow_nt20_dk10/4986da951ec6d4962e65d9c5c8367695.joblib
[*] Loading cached forest model from /pfs/work9/workspace/scratch/ma_pkonz-thesis/ForestDiffusion/tests/saved_models/5_campaign.npz/ForestFlow_nt20_dk10/f226ed8bf9ab33d08795a8fb66350565.joblib
[*] Loading cached forest model from /pfs/work9/workspace/scratch/ma_pkonz-thesis/ForestDiffusion/tests/saved_models/5_campaign.npz/ForestFlow_nt20_dk10/1a0844fa574dc90f78dec8443d7e8c50.joblib
[*] Loading cached forest model from /pfs/work9/workspace/scratch/ma_pkonz-thesis/ForestDiffusion/tests/saved_models/5_campaign.npz/ForestFlow_nt20_dk10/e9b5288ef5ea74935dc2ae2a8f3dddf9.joblib
[*] Loading cached forest model from /pfs/work9/workspace/scratch/ma_pkonz-thesis/ForestDiffusion/tests/saved_models/5_campaign.npz/ForestFlow_nt20_dk10/c9434f8f4fe7b0909a31d2f99c2f5a28.joblib
[*] Loading cached forest model from /pfs/work9/workspace/scratch/ma_pkonz-thesis/ForestDiffusion/tests/saved_models/5_campaign.npz/ForestFlow_nt20_dk10/205e0b5831687e585fa36c469a52fa2e.joblib
[*] Loading cached forest model from /pfs/work9/workspace/scratch/ma_pkonz-thesis/ForestDiffusion/tests/saved_models/5_campaign.npz/ForestFlow_nt20_dk10/25ca5a5ad9b557b7eb6e18405b433d8d.joblib
[*] Loading cached forest model from /pfs/work9/workspace/scratch/ma_pkonz-thesis/ForestDiffusion/tests/saved_models/5_campaign.npz/ForestFlow_nt20_dk10/ef32e4bdc47e1a21f410cfe44633a515.joblib
[*] Loading cached forest model from /pfs/work9/workspace/scratch/ma_pkonz-thesis/ForestDiffusion/tests/saved_models/5_campaign.npz/ForestFlow_nt20_dk10/6d982f020127570a092dcffdef70ea65.joblib
[*] Loading cached forest model from /pfs/work9/workspace/scratch/ma_pkonz-thesis/ForestDiffusion/tests/saved_models/5_campaign.npz/ForestFlow_nt20_dk10/7b323973df2f98d9ccf7cc2fe522a6ad.joblib

 Dataset: 5_campaign.npz with model: ForestFlow_nt20_dk10 and score: decision
 
Dataset loaded successfully!
Training data: (18274, 62), Normal: 18274
Test data: (22914, 62), Normal: 18274, Anomalies: 4640
[*] Loading cached forest model from /pfs/work9/workspace/scratch/ma_pkonz-thesis/ForestDiffusion/tests/saved_models/5_campaign.npz/ForestFlow_nt20_dk10/6101921e7e01f933487dfd39d65116f1.joblib
[*] Loading cached forest model from /pfs/work9/workspace/scratch/ma_pkonz-thesis/ForestDiffusion/tests/saved_models/5_campaign.npz/ForestFlow_nt20_dk10/cff2422e330f2ab3a4ce7993720ab125.joblib
[*] Loading cached forest model from /pfs/work9/workspace/scratch/ma_pkonz-thesis/ForestDiffusion/tests/saved_models/5_campaign.npz/ForestFlow_nt20_dk10/3738ea87cb2aeec526bb2703b2a54165.joblib
[*] Loading cached forest model from /pfs/work9/workspace/scratch/ma_pkonz-thesis/ForestDiffusion/tests/saved_models/5_campaign.npz/ForestFlow_nt20_dk10/cbd3abf532514f7e3d9648ad83118292.joblib
[*] Loading cached forest model from /pfs/work9/workspace/scratch/ma_pkonz-thesis/ForestDiffusion/tests/saved_models/5_campaign.npz/ForestFlow_nt20_dk10/a82a9c2803f2f5128076520c98cdde7e.joblib
[*] Loading cached forest model from /pfs/work9/workspace/scratch/ma_pkonz-thesis/ForestDiffusion/tests/saved_models/5_campaign.npz/ForestFlow_nt20_dk10/2422ef228a0088de10a7aa78c0610fa5.joblib
[*] Loading cached forest model from /pfs/work9/workspace/scratch/ma_pkonz-thesis/ForestDiffusion/tests/saved_models/5_campaign.npz/ForestFlow_nt20_dk10/acf2831c42a34b92479f1fa182dea6c3.joblib
[*] Loading cached forest model from /pfs/work9/workspace/scratch/ma_pkonz-thesis/ForestDiffusion/tests/saved_models/5_campaign.npz/ForestFlow_nt20_dk10/3a3b003898ee8edde8caed0d53e58bd4.joblib
[*] Loading cached forest model from /pfs/work9/workspace/scratch/ma_pkonz-thesis/ForestDiffusion/tests/saved_models/5_campaign.npz/ForestFlow_nt20_dk10/6cf4c895028f255c22a00d48244914d0.joblib
[*] Loading cached forest model from /pfs/work9/workspace/scratch/ma_pkonz-thesis/ForestDiffusion/tests/saved_models/5_campaign.npz/ForestFlow_nt20_dk10/07b0a0581cda5f66e7cdb0d79eb12125.joblib
[*] Loading cached forest model from /pfs/work9/workspace/scratch/ma_pkonz-thesis/ForestDiffusion/tests/saved_models/5_campaign.npz/ForestFlow_nt20_dk10/9606a7fc15d4fd81276f5b3159b2b002.joblib
[*] Loading cached forest model from /pfs/work9/workspace/scratch/ma_pkonz-thesis/ForestDiffusion/tests/saved_models/5_campaign.npz/ForestFlow_nt20_dk10/6e033f6d0eba8817aa2eed671cd1e606.joblib
[*] Loading cached forest model from /pfs/work9/workspace/scratch/ma_pkonz-thesis/ForestDiffusion/tests/saved_models/5_campaign.npz/ForestFlow_nt20_dk10/7f223d2e1c609faa817031c52f6e7e99.joblib
[*] Loading cached forest model from /pfs/work9/workspace/scratch/ma_pkonz-thesis/ForestDiffusion/tests/saved_models/5_campaign.npz/ForestFlow_nt20_dk10/1fd3b24a87d74b168b5e9d352dd0e302.joblib
[*] Loading cached forest model from /pfs/work9/workspace/scratch/ma_pkonz-thesis/ForestDiffusion/tests/saved_models/5_campaign.npz/ForestFlow_nt20_dk10/91c47bd86489612f1d1c50cc11f4540b.joblib
[*] Loading cached forest model from /pfs/work9/workspace/scratch/ma_pkonz-thesis/ForestDiffusion/tests/saved_models/5_campaign.npz/ForestFlow_nt20_dk10/42973c90c5f60301e56e8b6b991cbe6f.joblib
[*] Loading cached forest model from /pfs/work9/workspace/scratch/ma_pkonz-thesis/ForestDiffusion/tests/saved_models/5_campaign.npz/ForestFlow_nt20_dk10/553a5d9f4b609224259a5fd4be2d84c1.joblib
[*] Loading cached forest model from /pfs/work9/workspace/scratch/ma_pkonz-thesis/ForestDiffusion/tests/saved_models/5_campaign.npz/ForestFlow_nt20_dk10/dadd2f52ed780a271c56aeb306f0c135.joblib
[*] Loading cached forest model from /pfs/work9/workspace/scratch/ma_pkonz-thesis/ForestDiffusion/tests/saved_models/5_campaign.npz/ForestFlow_nt20_dk10/a4385a6d31587697ac85adfc7ace8e6f.joblib
[*] Loading cached forest model from /pfs/work9/workspace/scratch/ma_pkonz-thesis/ForestDiffusion/tests/saved_models/5_campaign.npz/ForestFlow_nt20_dk10/7f082c5b7b8d698292c53817b76caa73.joblib
[*] Loading cached forest model from /pfs/work9/workspace/scratch/ma_pkonz-thesis/ForestDiffusion/tests/saved_models/5_campaign.npz/ForestFlow_nt20_dk10/816b60ad13e24578fba566dbf71cdd54.joblib
[*] Loading cached forest model from /pfs/work9/workspace/scratch/ma_pkonz-thesis/ForestDiffusion/tests/saved_models/5_campaign.npz/ForestFlow_nt20_dk10/6995a2306cf9f13111481c10026e551c.joblib
[*] Loading cached forest model from /pfs/work9/workspace/scratch/ma_pkonz-thesis/ForestDiffusion/tests/saved_models/5_campaign.npz/ForestFlow_nt20_dk10/acf3d56fedb9866c93d389fb1ff9c2af.joblib
[*] Loading cached forest model from /pfs/work9/workspace/scratch/ma_pkonz-thesis/ForestDiffusion/tests/saved_models/5_campaign.npz/ForestFlow_nt20_dk10/f05506e5a5c5763ae5e7f20862b0597f.joblib
[*] Loading cached forest model from /pfs/work9/workspace/scratch/ma_pkonz-thesis/ForestDiffusion/tests/saved_models/5_campaign.npz/ForestFlow_nt20_dk10/d663f37b0386df0b594ba81141688053.joblib
[*] Loading cached forest model from /pfs/work9/workspace/scratch/ma_pkonz-thesis/ForestDiffusion/tests/saved_models/5_campaign.npz/ForestFlow_nt20_dk10/43794659cecd1b9b0ede89aa37de1766.joblib
[*] Loading cached forest model from /pfs/work9/workspace/scratch/ma_pkonz-thesis/ForestDiffusion/tests/saved_models/5_campaign.npz/ForestFlow_nt20_dk10/93f5dcfa275b01bb6d83a023517f4a9b.joblib
[*] Loading cached forest model from /pfs/work9/workspace/scratch/ma_pkonz-thesis/ForestDiffusion/tests/saved_models/5_campaign.npz/ForestFlow_nt20_dk10/a0eaaa043f911d81a050d3ffbcbfb85a.joblib
[*] Loading cached forest model from /pfs/work9/workspace/scratch/ma_pkonz-thesis/ForestDiffusion/tests/saved_models/5_campaign.npz/ForestFlow_nt20_dk10/67f1daab9cd49ca12378bdbcf29bc5d8.joblib
[*] Loading cached forest model from /pfs/work9/workspace/scratch/ma_pkonz-thesis/ForestDiffusion/tests/saved_models/5_campaign.npz/ForestFlow_nt20_dk10/0312eef5909bf80b7c05d6d2f87103f5.joblib
[*] Loading cached forest model from /pfs/work9/workspace/scratch/ma_pkonz-thesis/ForestDiffusion/tests/saved_models/5_campaign.npz/ForestFlow_nt20_dk10/d0731ae8ade46425a88dd51800185f68.joblib
[*] Loading cached forest model from /pfs/work9/workspace/scratch/ma_pkonz-thesis/ForestDiffusion/tests/saved_models/5_campaign.npz/ForestFlow_nt20_dk10/e99070415837af213240e9da790e08f9.joblib
[*] Loading cached forest model from /pfs/work9/workspace/scratch/ma_pkonz-thesis/ForestDiffusion/tests/saved_models/5_campaign.npz/ForestFlow_nt20_dk10/0b9e34103b5a514259cda3a61724f444.joblib
[*] Loading cached forest model from /pfs/work9/workspace/scratch/ma_pkonz-thesis/ForestDiffusion/tests/saved_models/5_campaign.npz/ForestFlow_nt20_dk10/14a4216c208581587fcb755ddb15deae.joblib
[*] Loading cached forest model from /pfs/work9/workspace/scratch/ma_pkonz-thesis/ForestDiffusion/tests/saved_models/5_campaign.npz/ForestFlow_nt20_dk10/800738cec98d8ef730f216ef31551205.joblib
[*] Loading cached forest model from /pfs/work9/workspace/scratch/ma_pkonz-thesis/ForestDiffusion/tests/saved_models/5_campaign.npz/ForestFlow_nt20_dk10/781d4e2033d9cdf11303c2115ee1f07f.joblib
[*] Loading cached forest model from /pfs/work9/workspace/scratch/ma_pkonz-thesis/ForestDiffusion/tests/saved_models/5_campaign.npz/ForestFlow_nt20_dk10/edbd0c1c125ccf584a95a9eb00283fba.joblib
[*] Loading cached forest model from /pfs/work9/workspace/scratch/ma_pkonz-thesis/ForestDiffusion/tests/saved_models/5_campaign.npz/ForestFlow_nt20_dk10/1f6b354a0b70d61730c4282edbe12205.joblib
[*] Loading cached forest model from /pfs/work9/workspace/scratch/ma_pkonz-thesis/ForestDiffusion/tests/saved_models/5_campaign.npz/ForestFlow_nt20_dk10/30d1ff6c37135801f2fcb96f6f624d7d.joblib
[*] Loading cached forest model from /pfs/work9/workspace/scratch/ma_pkonz-thesis/ForestDiffusion/tests/saved_models/5_campaign.npz/ForestFlow_nt20_dk10/6a527b589a32a00e2a264c378ef45fb8.joblib
[*] Loading cached forest model from /pfs/work9/workspace/scratch/ma_pkonz-thesis/ForestDiffusion/tests/saved_models/5_campaign.npz/ForestFlow_nt20_dk10/4986da951ec6d4962e65d9c5c8367695.joblib
[*] Loading cached forest model from /pfs/work9/workspace/scratch/ma_pkonz-thesis/ForestDiffusion/tests/saved_models/5_campaign.npz/ForestFlow_nt20_dk10/f226ed8bf9ab33d08795a8fb66350565.joblib
[*] Loading cached forest model from /pfs/work9/workspace/scratch/ma_pkonz-thesis/ForestDiffusion/tests/saved_models/5_campaign.npz/ForestFlow_nt20_dk10/1a0844fa574dc90f78dec8443d7e8c50.joblib
[*] Loading cached forest model from /pfs/work9/workspace/scratch/ma_pkonz-thesis/ForestDiffusion/tests/saved_models/5_campaign.npz/ForestFlow_nt20_dk10/e9b5288ef5ea74935dc2ae2a8f3dddf9.joblib
[*] Loading cached forest model from /pfs/work9/workspace/scratch/ma_pkonz-thesis/ForestDiffusion/tests/saved_models/5_campaign.npz/ForestFlow_nt20_dk10/c9434f8f4fe7b0909a31d2f99c2f5a28.joblib
[*] Loading cached forest model from /pfs/work9/workspace/scratch/ma_pkonz-thesis/ForestDiffusion/tests/saved_models/5_campaign.npz/ForestFlow_nt20_dk10/205e0b5831687e585fa36c469a52fa2e.joblib
[*] Loading cached forest model from /pfs/work9/workspace/scratch/ma_pkonz-thesis/ForestDiffusion/tests/saved_models/5_campaign.npz/ForestFlow_nt20_dk10/25ca5a5ad9b557b7eb6e18405b433d8d.joblib
[*] Loading cached forest model from /pfs/work9/workspace/scratch/ma_pkonz-thesis/ForestDiffusion/tests/saved_models/5_campaign.npz/ForestFlow_nt20_dk10/ef32e4bdc47e1a21f410cfe44633a515.joblib
[*] Loading cached forest model from /pfs/work9/workspace/scratch/ma_pkonz-thesis/ForestDiffusion/tests/saved_models/5_campaign.npz/ForestFlow_nt20_dk10/6d982f020127570a092dcffdef70ea65.joblib
[*] Loading cached forest model from /pfs/work9/workspace/scratch/ma_pkonz-thesis/ForestDiffusion/tests/saved_models/5_campaign.npz/ForestFlow_nt20_dk10/7b323973df2f98d9ccf7cc2fe522a6ad.joblib

================================================================================
EXTREME CASES SUMMARY
================================================================================

ForestFlow_nt20_dk10 - deviation:
  5_campaign.npz [no_contamination]:
    AUC: 0.7418 ± 0.0031
    AUPRC: 0.3015 ± 0.0042

    Threshold Percentile Metrics:
    Percentile   Precision            Recall               F1                  
    ------------------------------------------------------------------------
    20           0.1333 ± 0.0002      0.9466 ± 0.0013      0.2337 ± 0.0003     
    30           0.1452 ± 0.0006      0.9022 ± 0.0037      0.2501 ± 0.0010     
    40           0.1593 ± 0.0009      0.8486 ± 0.0050      0.2683 ± 0.0016     
    50           0.1771 ± 0.0011      0.7859 ± 0.0049      0.2890 ± 0.0018     
    70           0.2318 ± 0.0020      0.6173 ± 0.0055      0.3371 ± 0.0030     
    80           0.2781 ± 0.0013      0.4937 ± 0.0022      0.3558 ± 0.0016     
    90           0.3645 ± 0.0071      0.3236 ± 0.0063      0.3428 ± 0.0066     
    95           0.4421 ± 0.0120      0.1963 ± 0.0053      0.2719 ± 0.0074     
    97.5         0.4901 ± 0.0036      0.1088 ± 0.0008      0.1781 ± 0.0013     
    99           0.5311 ± 0.0249      0.0472 ± 0.0022      0.0866 ± 0.0041     

    ✓ Best F1: 0.3558 @ 80th percentile
  5_campaign.npz [full_contamination]:
    AUC: 0.7063 ± 0.0028
    AUPRC: 0.2438 ± 0.0022

    Threshold Percentile Metrics:
    Percentile   Precision            Recall               F1                  
    ------------------------------------------------------------------------
    20           0.1320 ± 0.0006      0.9377 ± 0.0040      0.2315 ± 0.0010     
    30           0.1427 ± 0.0009      0.8868 ± 0.0054      0.2459 ± 0.0015     
    40           0.1552 ± 0.0011      0.8266 ± 0.0056      0.2613 ± 0.0018     
    50           0.1695 ± 0.0008      0.7524 ± 0.0036      0.2767 ± 0.0013     
    70           0.2113 ± 0.0035      0.5627 ± 0.0094      0.3072 ± 0.0051     
    80           0.2444 ± 0.0022      0.4340 ± 0.0039      0.3127 ± 0.0028     
    90           0.3001 ± 0.0057      0.2665 ± 0.0050      0.2823 ± 0.0053     
    95           0.3503 ± 0.0061      0.1555 ± 0.0027      0.2154 ± 0.0037     
    97.5         0.3918 ± 0.0105      0.0870 ± 0.0023      0.1424 ± 0.0038     
    99           0.4252 ± 0.0161      0.0378 ± 0.0014      0.0694 ± 0.0026     

    ✓ Best F1: 0.3127 @ 80th percentile

ForestFlow_nt20_dk10 - reconstruction:
  5_campaign.npz [no_contamination]:
    AUC: 0.7826 ± 0.0027
    AUPRC: 0.3048 ± 0.0030

    Threshold Percentile Metrics:
    Percentile   Precision            Recall               F1                  
    ------------------------------------------------------------------------
    20           0.1358 ± 0.0003      0.9646 ± 0.0020      0.2381 ± 0.0005     
    30           0.1506 ± 0.0005      0.9357 ± 0.0033      0.2594 ± 0.0009     
    40           0.1687 ± 0.0008      0.8985 ± 0.0044      0.2841 ± 0.0014     
    50           0.1905 ± 0.0010      0.8453 ± 0.0046      0.3109 ± 0.0017     
    70           0.2569 ± 0.0027      0.6842 ± 0.0073      0.3736 ± 0.0040     
    80           0.3079 ± 0.0045      0.5467 ± 0.0079      0.3940 ± 0.0057     
    90           0.3850 ± 0.0033      0.3418 ± 0.0029      0.3621 ± 0.0031     
    95           0.4062 ± 0.0089      0.1803 ± 0.0039      0.2498 ± 0.0055     
    97.5         0.3911 ± 0.0106      0.0868 ± 0.0024      0.1421 ± 0.0039     
    99           0.3738 ± 0.0176      0.0332 ± 0.0016      0.0610 ± 0.0029     

    ✓ Best F1: 0.3940 @ 80th percentile
  5_campaign.npz [full_contamination]:
    AUC: 0.7593 ± 0.0033
    AUPRC: 0.2769 ± 0.0037

    Threshold Percentile Metrics:
    Percentile   Precision            Recall               F1                  
    ------------------------------------------------------------------------
    20           0.1347 ± 0.0005      0.9564 ± 0.0034      0.2361 ± 0.0008     
    30           0.1486 ± 0.0006      0.9235 ± 0.0040      0.2560 ± 0.0011     
    40           0.1652 ± 0.0005      0.8796 ± 0.0024      0.2781 ± 0.0008     
    50           0.1843 ± 0.0014      0.8182 ± 0.0062      0.3009 ± 0.0023     
    70           0.2423 ± 0.0029      0.6453 ± 0.0078      0.3524 ± 0.0042     
    80           0.2880 ± 0.0037      0.5114 ± 0.0065      0.3685 ± 0.0047     
    90           0.3501 ± 0.0037      0.3109 ± 0.0033      0.3293 ± 0.0035     
    95           0.3717 ± 0.0089      0.1650 ± 0.0040      0.2285 ± 0.0055     
    97.5         0.3550 ± 0.0139      0.0788 ± 0.0031      0.1290 ± 0.0050     
    99           0.3515 ± 0.0314      0.0312 ± 0.0028      0.0573 ± 0.0051     

    ✓ Best F1: 0.3685 @ 80th percentile

ForestFlow_nt20_dk10 - decision:
  5_campaign.npz [no_contamination]:
    AUC: 0.5810 ± 0.0199
    AUPRC: 0.1418 ± 0.0076

    Threshold Percentile Metrics:
    Percentile   Precision            Recall               F1                  
    ------------------------------------------------------------------------
    20           0.1227 ± 0.0021      0.8711 ± 0.0150      0.2151 ± 0.0037     
    30           0.1270 ± 0.0035      0.7891 ± 0.0220      0.2188 ± 0.0061     
    40           0.1319 ± 0.0044      0.7023 ± 0.0236      0.2220 ± 0.0075     
    50           0.1364 ± 0.0063      0.6053 ± 0.0279      0.2226 ± 0.0103     
    70           0.1461 ± 0.0090      0.3890 ± 0.0239      0.2124 ± 0.0131     
    80           0.1514 ± 0.0123      0.2689 ± 0.0218      0.1938 ± 0.0157     
    90           0.1575 ± 0.0120      0.1398 ± 0.0107      0.1481 ± 0.0113     
    95           0.1639 ± 0.0124      0.0728 ± 0.0055      0.1008 ± 0.0076     
    97.5         0.1713 ± 0.0147      0.0380 ± 0.0033      0.0622 ± 0.0053     
    99           0.1757 ± 0.0185      0.0156 ± 0.0016      0.0287 ± 0.0030     

    ✓ Best F1: 0.2226 @ 50th percentile
  5_campaign.npz [full_contamination]:
    AUC: 0.5816 ± 0.0208
    AUPRC: 0.1412 ± 0.0104

    Threshold Percentile Metrics:
    Percentile   Precision            Recall               F1                  
    ------------------------------------------------------------------------
    20           0.1234 ± 0.0016      0.8765 ± 0.0110      0.2164 ± 0.0027     
    30           0.1277 ± 0.0024      0.7934 ± 0.0147      0.2200 ± 0.0041     
    40           0.1318 ± 0.0042      0.7019 ± 0.0224      0.2219 ± 0.0071     
    50           0.1363 ± 0.0061      0.6049 ± 0.0269      0.2225 ± 0.0099     
    70           0.1462 ± 0.0105      0.3894 ± 0.0279      0.2126 ± 0.0152     
    80           0.1496 ± 0.0172      0.2657 ± 0.0306      0.1915 ± 0.0221     
    90           0.1555 ± 0.0199      0.1381 ± 0.0176      0.1463 ± 0.0187     
    95           0.1594 ± 0.0221      0.0708 ± 0.0098      0.0980 ± 0.0136     
    97.5         0.1647 ± 0.0237      0.0366 ± 0.0053      0.0598 ± 0.0086     
    99           0.1660 ± 0.0295      0.0147 ± 0.0026      0.0271 ± 0.0048     

    ✓ Best F1: 0.2225 @ 50th percentile

============================================================
Ergebnisse gespeichert unter: results_flow/results_data/extreme_cases_5_campaign_20251213_061401.joblib
============================================================
== Job Ende: Sat Dec 13 06:14:15 AM CET 2025 ==

============================= JOB FEEDBACK =============================

NodeName=uc2n740
Job ID: 2595226
Cluster: uc3
User/Group: ma_pkonz/ma_ma
State: COMPLETED (exit code 0)
Nodes: 1
Cores per node: 50
CPU Utilized: 12:13:41
CPU Efficiency: 1.99% of 25-13:42:30 core-walltime
Job Wall-clock time: 12:16:27
Memory Utilized: 9.56 GB
Memory Efficiency: 29.88% of 32.00 GB (32.00 GB/node)
