== Job Start: Sat Dec 13 10:23:09 AM CET 2025 ==
Python: /pfs/work9/workspace/scratch/ma_pkonz-thesis/ForestDiffusion/.venv/bin/python
Imports dauern ~2-3 Minuten, bitte warten...

 Dataset: 5_campaign.npz with model: ForestDiffusion_nt50_dk20 and score: deviation
 
Dataset loaded successfully!
Training data: (18274, 62), Normal: 18274
Test data: (22914, 62), Normal: 18274, Anomalies: 4640
[*] Loading cached forest model from /pfs/work9/workspace/scratch/ma_pkonz-thesis/ForestDiffusion/tests/saved_models/5_campaign.npz/ForestDiffusion_nt50_dk20/8c08fb0280d25d916bb121ef7bd7f8b8.joblib

============================= JOB FEEDBACK =============================

NodeName=uc2n729
Job ID: 2596584
Cluster: uc3
User/Group: ma_pkonz/ma_ma
State: CANCELLED (exit code 0)
Nodes: 1
Cores per node: 16
CPU Utilized: 00:00:03
CPU Efficiency: 0.08% of 01:00:00 core-walltime
Job Wall-clock time: 00:03:45
Memory Utilized: 5.76 GB
Memory Efficiency: 17.99% of 32.00 GB (32.00 GB/node)
