== Job Start: Thu Dec 11 01:56:32 PM CET 2025 ==
Python: /pfs/work9/workspace/scratch/ma_pkonz-thesis/ForestDiffusion/.venv/bin/python
Imports dauern ~2-3 Minuten, bitte warten...

 Dataset: 5_campaign.npz with model: ForestDiffusion_nt50_dk10 and score: deviation
 
Dataset loaded successfully!
Training data: (18274, 62), Normal: 18274
Test data: (22914, 62), Normal: 18274, Anomalies: 4640
[*] Loading cached forest model from /pfs/work9/workspace/scratch/ma_pkonz-thesis/ForestDiffusion/tests/saved_models/5_campaign.npz/ForestDiffusion_nt50_dk10/223068c8018a8b8127e32c4726ccc505.joblib
[*] Loading cached forest model from /pfs/work9/workspace/scratch/ma_pkonz-thesis/ForestDiffusion/tests/saved_models/5_campaign.npz/ForestDiffusion_nt50_dk10/ec87916c3f0bf82866174dbda90e250e.joblib

============================= JOB FEEDBACK =============================

NodeName=uc2n765
Job ID: 2573147
Cluster: uc3
User/Group: ma_pkonz/ma_ma
State: CANCELLED (exit code 0)
Nodes: 1
Cores per node: 16
CPU Utilized: 00:00:05
CPU Efficiency: 0.03% of 04:45:20 core-walltime
Job Wall-clock time: 00:17:50
Memory Utilized: 7.20 GB
Memory Efficiency: 22.48% of 32.00 GB (32.00 GB/node)
