== Job start ==
                     bank_account_uuid  ... time_since_last_tx
1088  152776ABDE2B452C84C6C6926300FD7C  ...               30.0
1597  152776ABDE2B452C84C6C6926300FD7C  ...               30.0
5278  152776ABDE2B452C84C6C6926300FD7C  ...               30.0
2622  152776ABDE2B452C84C6C6926300FD7C  ...               30.0
1567  152776ABDE2B452C84C6C6926300FD7C  ...               31.0

[5 rows x 21 columns]
                     bank_account_uuid  ... time_since_last_tx
6057  DF9C33AE956146CDB8E757F96BCB8C2C  ...               30.0
5396  D6142995B7764B5C8CF45A7B350BF2EF  ...               30.0
5872  8869B27127CE4894B9A936E7524A91BA  ...               30.0
214   8869B27127CE4894B9A936E7524A91BA  ...               30.0
1707  D5938FE5DB144CAC984BF6A711629DB6  ...               30.0

[5 rows x 20 columns]
                     bank_account_uuid  ... time_since_last_tx
6057  DF9C33AE956146CDB8E757F96BCB8C2C  ...               30.0
5396  D6142995B7764B5C8CF45A7B350BF2EF  ...               30.0
5872  8869B27127CE4894B9A936E7524A91BA  ...               30.0
214   8869B27127CE4894B9A936E7524A91BA  ...               30.0
1707  D5938FE5DB144CAC984BF6A711629DB6  ...               30.0

[5 rows x 20 columns]
Index(['bank_account_uuid', 'business_partner_name', 'amount', 'currency',
       'ref_name', 'ref_iban', 'ref_swift', 'ref_bank', 'paym_note',
       'trns_type', 'pay_method', 'channel', 'anomaly_description',
       'amount_mean_5', 'amount_std_5', 'amount_change', 'month', 'dayofweek',
       'year', 'time_since_last_tx'],
      dtype='object')
True
                  bank_account_uuid    amount  ...  time_since_last_tx  valid_ref
0  DF9C33AE956146CDB8E757F96BCB8C2C  38348.73  ...                30.0          1
1  D6142995B7764B5C8CF45A7B350BF2EF  62093.38  ...                30.0          1
2  8869B27127CE4894B9A936E7524A91BA  27877.95  ...                30.0          1
3  8869B27127CE4894B9A936E7524A91BA  13270.63  ...                30.0          1
4  D5938FE5DB144CAC984BF6A711629DB6  70662.49  ...                30.0          1

[5 rows x 10 columns]
Index(['bank_account_uuid', 'amount', 'amount_mean_5', 'amount_std_5',
       'amount_change', 'month', 'dayofweek', 'year', 'time_since_last_tx',
       'valid_ref'],
      dtype='object')
                  bank_account_uuid    amount  ...  time_since_last_tx  valid_ref
0  BB6C9182D6664F71AEE2AAA407976C1B   5315.55  ...                29.0          1
1  942EAB1C43984D769EC8428DBCFCE2FF   7094.47  ...                32.0          1
2  EF4CEDF499D94A19992F87F45BE7A1A9   2503.82  ...                32.0          1
3  D6142995B7764B5C8CF45A7B350BF2EF   1215.42  ...                23.0          1
4  3A7E41CD775F4F5FA9D2A7B399A31E48  83706.68  ...                58.0          1

[5 rows x 10 columns]
Index(['bank_account_uuid', 'amount', 'amount_mean_5', 'amount_std_5',
       'amount_change', 'month', 'dayofweek', 'year', 'time_since_last_tx',
       'valid_ref'],
      dtype='object')
generierte neue Samples...
         bank_account_uuid_original
0  BB6C9182D6664F71AEE2AAA407976C1B
1  D6142995B7764B5C8CF45A7B350BF2EF
2  469FF663648F42E7B1858A9B640F2748
3  BB6C9182D6664F71AEE2AAA407976C1B
4  469FF663648F42E7B1858A9B640F2748
           amount  ...        bank_account_uuid_original
0   115710.382144  ...  BB6C9182D6664F71AEE2AAA407976C1B
1    26835.702775  ...  D6142995B7764B5C8CF45A7B350BF2EF
2    42710.352171  ...  469FF663648F42E7B1858A9B640F2748
3    31315.874732  ...  BB6C9182D6664F71AEE2AAA407976C1B
4     5325.819096  ...  469FF663648F42E7B1858A9B640F2748
5      763.828911  ...  CC214B9F173340F286B4D0834C0ADB19
6     3863.242015  ...  D599802E475E4E669CA4DFBBD98FE031
7    68843.070764  ...  DF9C33AE956146CDB8E757F96BCB8C2C
8     5874.968367  ...  BB6C9182D6664F71AEE2AAA407976C1B
9      237.200000  ...  152776ABDE2B452C84C6C6926300FD7C
10  187958.470735  ...  EF4CEDF499D94A19992F87F45BE7A1A9
11    6828.297222  ...  469FF663648F42E7B1858A9B640F2748
12   22154.457787  ...  3A7E41CD775F4F5FA9D2A7B399A31E48
13    5470.247203  ...  D5938FE5DB144CAC984BF6A711629DB6
14   27183.397309  ...  942EAB1C43984D769EC8428DBCFCE2FF
15   32275.375369  ...  DF9C33AE956146CDB8E757F96BCB8C2C
16    1405.341505  ...  EF4CEDF499D94A19992F87F45BE7A1A9
17   28079.808624  ...  EF4CEDF499D94A19992F87F45BE7A1A9
18    7461.097960  ...  DF9C33AE956146CDB8E757F96BCB8C2C
19     237.200000  ...  152776ABDE2B452C84C6C6926300FD7C

[20 rows x 25 columns]
(50, 25)
== Job abgeschlossen ==

============================= JOB FEEDBACK =============================

NodeName=uc2n904
Job ID: 2144408
Cluster: uc3
User/Group: ma_pkonz/ma_ma
State: COMPLETED (exit code 0)
Nodes: 1
Cores per node: 2
CPU Utilized: 00:04:16
CPU Efficiency: 88.89% of 00:04:48 core-walltime
Job Wall-clock time: 00:02:24
Memory Utilized: 1.09 GB
Memory Efficiency: 3.41% of 32.00 GB (32.00 GB/node)
