== Job start ==
                     bank_account_uuid  ... time_since_last_tx
1088  152776ABDE2B452C84C6C6926300FD7C  ...               30.0
1597  152776ABDE2B452C84C6C6926300FD7C  ...               30.0
5278  152776ABDE2B452C84C6C6926300FD7C  ...               30.0
2622  152776ABDE2B452C84C6C6926300FD7C  ...               30.0
1567  152776ABDE2B452C84C6C6926300FD7C  ...               31.0

[5 rows x 21 columns]
                     bank_account_uuid  ... time_since_last_tx
6057  DF9C33AE956146CDB8E757F96BCB8C2C  ...               30.0
5396  D6142995B7764B5C8CF45A7B350BF2EF  ...               30.0
5872  8869B27127CE4894B9A936E7524A91BA  ...               30.0
214   8869B27127CE4894B9A936E7524A91BA  ...               30.0
1707  D5938FE5DB144CAC984BF6A711629DB6  ...               30.0

[5 rows x 20 columns]
                     bank_account_uuid  ... time_since_last_tx
6057  DF9C33AE956146CDB8E757F96BCB8C2C  ...               30.0
5396  D6142995B7764B5C8CF45A7B350BF2EF  ...               30.0
5872  8869B27127CE4894B9A936E7524A91BA  ...               30.0
214   8869B27127CE4894B9A936E7524A91BA  ...               30.0
1707  D5938FE5DB144CAC984BF6A711629DB6  ...               30.0

[5 rows x 20 columns]
Index(['bank_account_uuid', 'business_partner_name', 'amount', 'currency',
       'ref_name', 'ref_iban', 'ref_swift', 'ref_bank', 'paym_note',
       'trns_type', 'pay_method', 'channel', 'anomaly_description',
       'amount_mean_5', 'amount_std_5', 'amount_change', 'month', 'dayofweek',
       'year', 'time_since_last_tx'],
      dtype='object')
True
   bank_account_uuid    amount  ...  time_since_last_tx  valid_ref
0                  0  38348.73  ...                30.0          1
1                  1  62093.38  ...                30.0          1
2                  2  27877.95  ...                30.0          1
3                  2  13270.63  ...                30.0          1
4                  3  70662.49  ...                30.0          1

[5 rows x 10 columns]
Index(['bank_account_uuid', 'amount', 'amount_mean_5', 'amount_std_5',
       'amount_change', 'month', 'dayofweek', 'year', 'time_since_last_tx',
       'valid_ref'],
      dtype='object')
   bank_account_uuid    amount  ...  time_since_last_tx  valid_ref
0                  9   5315.55  ...                29.0          1
1                  8   7094.47  ...                32.0          1
2                 11   2503.82  ...                32.0          1
3                  1   1215.42  ...                23.0          1
4                 13  83706.68  ...                58.0          1

[5 rows x 10 columns]
Index(['bank_account_uuid', 'amount', 'amount_mean_5', 'amount_std_5',
       'amount_change', 'month', 'dayofweek', 'year', 'time_since_last_tx',
       'valid_ref'],
      dtype='object')
== Job abgeschlossen ==

============================= JOB FEEDBACK =============================

NodeName=uc2n912
Job ID: 2144293
Cluster: uc3
User/Group: ma_pkonz/ma_ma
State: COMPLETED (exit code 0)
Nodes: 1
Cores per node: 2
CPU Utilized: 00:00:03
CPU Efficiency: 10.00% of 00:00:30 core-walltime
Job Wall-clock time: 00:00:15
Memory Utilized: 10.04 MB
Memory Efficiency: 0.03% of 32.00 GB (32.00 GB/node)
