== Job start ==
                      bank_account_uuid  ... time_since_last_tx
9169   089A305886DA44178D1417BF0C26B67C  ...               30.0
4988   089A305886DA44178D1417BF0C26B67C  ...               30.0
12549  089A305886DA44178D1417BF0C26B67C  ...               30.0
12069  089A305886DA44178D1417BF0C26B67C  ...               30.0
11265  089A305886DA44178D1417BF0C26B67C  ...               30.0

[5 rows x 21 columns]
   paym_note0  paym_note1  paym_note2  ...  dayofweek  year  time_since_last_tx
0         0.0         0.0         0.0  ...          0  2021                28.0
1         0.0         1.0         0.0  ...          4  2020                31.0
2         0.0        -1.0         0.0  ...          2  2021                27.0
3         0.0         0.0         0.0  ...          0  2020                31.0
4         0.0         0.0         1.0  ...          1  2023                29.0

[5 rows x 42 columns]
False

Klassifikationsreport (0=normal, 1=Anomalie):
              precision    recall  f1-score   support

           0       1.00      0.99      0.99      2714
           1       0.03      0.25      0.06         4

    accuracy                           0.99      2718
   macro avg       0.52      0.62      0.53      2718
weighted avg       1.00      0.99      0.99      2718

Konfusionsmatrix:
[[2685   29]
 [   3    1]]

Anomalien im Trainings-Set: 27 von 10868

Wahre Anomalien im Test-Set: 4 von 2718
Vom Modell als Anomalie (1) vorhergesagt: 30 von 2718
Richtig erkannte Anomalien: 1 von 4

Wahrscheinlichkeiten (erste 10): [[9.99999998e-01 1.00000000e+00 9.99964651e-01 ... 1.00000000e+00
  9.99999823e-01 1.00000000e+00]
 [2.43818914e-09 3.48905863e-11 3.53494791e-05 ... 1.32951113e-12
  1.76523228e-07 2.98985038e-11]]
[[9.99999998e-01 1.00000000e+00 9.99964651e-01 ... 1.00000000e+00
  9.99999823e-01 1.00000000e+00]
 [2.43818914e-09 3.48905863e-11 3.53494791e-05 ... 1.32951113e-12
  1.76523228e-07 2.98985038e-11]]

Wahrscheinlichkeiten-Array Form: (2, 2718)
== Job abgeschlossen ==

============================= JOB FEEDBACK =============================

NodeName=uc2n902
Job ID: 2135174
Cluster: uc3
User/Group: ma_pkonz/ma_ma
State: COMPLETED (exit code 0)
Nodes: 1
Cores per node: 2
CPU Utilized: 00:45:09
CPU Efficiency: 97.87% of 00:46:08 core-walltime
Job Wall-clock time: 00:23:04
Memory Utilized: 4.92 GB
Memory Efficiency: 15.38% of 32.00 GB (32.00 GB/node)
