== Job start ==
================================================================================
LOADING & PREPARING BUSINESS TRANSACTION DATA
================================================================================
✓ Original data saved to data/original_data.csv
✓ Index mappings saved to data/train_mapping.csv and data/test_mapping.csv
✓ Feature columns saved to data/feature_columns.json
✓ preprocessed_full_dataset.csv saved to data/

Shapes nach Preprocessing:
  X_train: (24755, 9)
  X_test : (6189, 9)
  y_train: (24755,), Anomalien = 43 (0.17%)
  y_test : (6189,), Anomalien = 11 (0.18%)

Feature matrix shapes (nach Drop von bank_account_uuid):
  X_train: (24755, 8)
  X_test : (6189, 8)

Test-Label-Verteilung (0=normal, 1=anomaly):
  Normal : 6178 (99.82%)
  Anomaly: 11 (0.18%)

================================================================================
TRAIN of FORESTDIFFUSION MODEL ON FULL TRAINING DATA
================================================================================
