== Job start ==
Feature-Shape nach One-Hot-Encoding: (2202, 3091)
Anzahl Anomalien (y=1): 11 von 2202
Train-Shape: (1752, 3091), Test-Shape: (450, 3091)
✅ Modell gespeichert unter forest_diffusion_model.joblib

Klassifikationsreport (0=normal, 1=Anomalie):
              precision    recall  f1-score   support

           0       0.98      1.00      0.99       439
           1       0.00      0.00      0.00        11

    accuracy                           0.98       450
   macro avg       0.49      0.50      0.49       450
weighted avg       0.95      0.98      0.96       450

Konfusionsmatrix:
[[439   0]
 [ 11   0]]

Wahre Anomalien im Test-Set: 11 von 450
Vom Modell als Anomalie (1) vorhergesagt: 0 von 450

Wahrscheinlichkeiten-Array Form: (1, 450)
== Job abgeschlossen ==

============================= JOB FEEDBACK =============================

NodeName=uc2n903
Job ID: 2097354
Cluster: uc3
User/Group: ma_pkonz/ma_ma
State: COMPLETED (exit code 0)
Nodes: 1
Cores per node: 2
CPU Utilized: 01:30:57
CPU Efficiency: 97.69% of 01:33:06 core-walltime
Job Wall-clock time: 00:46:33
Memory Utilized: 4.18 GB
Memory Efficiency: 13.06% of 32.00 GB (32.00 GB/node)
