== Job start ==
                     bank_account_uuid  ... time_since_last_tx
1088  152776ABDE2B452C84C6C6926300FD7C  ...               30.0
1597  152776ABDE2B452C84C6C6926300FD7C  ...               30.0
5278  152776ABDE2B452C84C6C6926300FD7C  ...               30.0
2622  152776ABDE2B452C84C6C6926300FD7C  ...               30.0
1567  152776ABDE2B452C84C6C6926300FD7C  ...               31.0

[5 rows x 21 columns]
   paym_note0  paym_note1  paym_note2  ...  dayofweek  year  time_since_last_tx
0         0.0         0.0         0.0  ...          3  2022                30.0
1         1.0         0.0         0.0  ...          2  2021                30.0
2         0.0        -1.0         0.0  ...          2  2021                30.0
3         0.0         0.0         0.0  ...          2  2023                30.0
4         0.0         1.0         0.0  ...          0  2020                28.0

[5 rows x 42 columns]
False
== Job abgeschlossen ==

============================= JOB FEEDBACK =============================

NodeName=uc2n904
Job ID: 2136041
Cluster: uc3
User/Group: ma_pkonz/ma_ma
State: COMPLETED (exit code 0)
Nodes: 1
Cores per node: 2
CPU Utilized: 00:23:03
CPU Efficiency: 93.45% of 00:24:40 core-walltime
Job Wall-clock time: 00:12:20
Memory Utilized: 3.31 GB
Memory Efficiency: 10.33% of 32.00 GB (32.00 GB/node)
