== Job start ==
                     bank_account_uuid  ... time_since_last_tx
1088  152776ABDE2B452C84C6C6926300FD7C  ...               30.0
1597  152776ABDE2B452C84C6C6926300FD7C  ...               30.0
5278  152776ABDE2B452C84C6C6926300FD7C  ...               30.0
2622  152776ABDE2B452C84C6C6926300FD7C  ...               30.0
1567  152776ABDE2B452C84C6C6926300FD7C  ...               31.0

[5 rows x 21 columns]
                     bank_account_uuid  ... time_since_last_tx
6057  DF9C33AE956146CDB8E757F96BCB8C2C  ...               30.0
5396  D6142995B7764B5C8CF45A7B350BF2EF  ...               30.0
5872  8869B27127CE4894B9A936E7524A91BA  ...               30.0
214   8869B27127CE4894B9A936E7524A91BA  ...               30.0
1707  D5938FE5DB144CAC984BF6A711629DB6  ...               30.0

[5 rows x 20 columns]
                     bank_account_uuid  ... time_since_last_tx
6057  DF9C33AE956146CDB8E757F96BCB8C2C  ...               30.0
5396  D6142995B7764B5C8CF45A7B350BF2EF  ...               30.0
5872  8869B27127CE4894B9A936E7524A91BA  ...               30.0
214   8869B27127CE4894B9A936E7524A91BA  ...               30.0
1707  D5938FE5DB144CAC984BF6A711629DB6  ...               30.0

[5 rows x 20 columns]
Index(['bank_account_uuid', 'business_partner_name', 'amount', 'currency',
       'ref_name', 'ref_iban', 'ref_swift', 'ref_bank', 'paym_note',
       'trns_type', 'pay_method', 'channel', 'anomaly_description',
       'amount_mean_5', 'amount_std_5', 'amount_change', 'month', 'dayofweek',
       'year', 'time_since_last_tx'],
      dtype='object')
True
   bank_account_uuid    amount  ...  time_since_last_tx  valid_ref
0                  0  38348.73  ...                30.0          1
1                  1  62093.38  ...                30.0          1
2                  2  27877.95  ...                30.0          1
3                  2  13270.63  ...                30.0          1
4                  3  70662.49  ...                30.0          1

[5 rows x 10 columns]
Index(['bank_account_uuid', 'amount', 'amount_mean_5', 'amount_std_5',
       'amount_change', 'month', 'dayofweek', 'year', 'time_since_last_tx',
       'valid_ref'],
      dtype='object')
   bank_account_uuid    amount  ...  time_since_last_tx  valid_ref
0                  9   5315.55  ...                29.0          1
1                  8   7094.47  ...                32.0          1
2                 11   2503.82  ...                32.0          1
3                  1   1215.42  ...                23.0          1
4                 13  83706.68  ...                58.0          1

[5 rows x 10 columns]
Index(['bank_account_uuid', 'amount', 'amount_mean_5', 'amount_std_5',
       'amount_change', 'month', 'dayofweek', 'year', 'time_since_last_tx',
       'valid_ref'],
      dtype='object')
generierte neue Samples...
          amount  amount_mean_5  ...  bank_account_uuid_13  bank_account_uuid_14
0   65655.991969   38183.297755  ...              0.000289              0.000000
1   22985.953469   59162.488494  ...              0.000072              0.000020
2   55010.395224   53668.861968  ...              0.000000              0.000000
3    8451.202790   24681.677500  ...              0.000707              0.000000
4   23355.702971   31985.945409  ...              0.000000              0.000000
5     237.200000   17415.442314  ...              0.000000              0.000000
6    4449.743952   32641.841423  ...              0.000000              0.000000
7   19553.084035    8499.425764  ...              0.002233              0.000000
8   16545.648236   27670.635033  ...              0.000116              0.000015
9     237.200000   81109.558960  ...              0.000000              0.000116
10  99713.999217   84150.108339  ...              0.000000              0.000000
11   4479.857153   30284.061733  ...              0.000000              0.000000
12  21001.157213   34871.053972  ...              0.000136              0.000553
13   3363.896050   30186.330915  ...              0.000000              0.000000
14  11253.770732   35786.872299  ...              0.000156              0.000000
15  20090.428600   35315.706111  ...              0.998517              0.000042
16   2529.319426   47942.938537  ...              0.000337              0.000469
17  11577.747173    6331.822084  ...              0.000000              0.971061
18    237.200000   27152.870314  ...              1.000000              0.000000
19   5375.109640   26228.985200  ...              0.000000              0.000052

[20 rows x 24 columns]
(50, 24)
== Job abgeschlossen ==

============================= JOB FEEDBACK =============================

NodeName=uc2n904
Job ID: 2144398
Cluster: uc3
User/Group: ma_pkonz/ma_ma
State: COMPLETED (exit code 0)
Nodes: 1
Cores per node: 2
CPU Utilized: 00:04:18
CPU Efficiency: 88.36% of 00:04:52 core-walltime
Job Wall-clock time: 00:02:26
Memory Utilized: 1.08 GB
Memory Efficiency: 3.36% of 32.00 GB (32.00 GB/node)
