== Job start ==
                     bank_account_uuid  ... time_since_last_tx
1088  152776ABDE2B452C84C6C6926300FD7C  ...               30.0
1597  152776ABDE2B452C84C6C6926300FD7C  ...               30.0
5278  152776ABDE2B452C84C6C6926300FD7C  ...               30.0
2622  152776ABDE2B452C84C6C6926300FD7C  ...               30.0
1567  152776ABDE2B452C84C6C6926300FD7C  ...               31.0

[5 rows x 21 columns]
                     bank_account_uuid  ... time_since_last_tx
6057  DF9C33AE956146CDB8E757F96BCB8C2C  ...               30.0
5396  D6142995B7764B5C8CF45A7B350BF2EF  ...               30.0
5872  8869B27127CE4894B9A936E7524A91BA  ...               30.0
214   8869B27127CE4894B9A936E7524A91BA  ...               30.0
1707  D5938FE5DB144CAC984BF6A711629DB6  ...               30.0

[5 rows x 20 columns]
                     bank_account_uuid  ... time_since_last_tx
6057  DF9C33AE956146CDB8E757F96BCB8C2C  ...               30.0
5396  D6142995B7764B5C8CF45A7B350BF2EF  ...               30.0
5872  8869B27127CE4894B9A936E7524A91BA  ...               30.0
214   8869B27127CE4894B9A936E7524A91BA  ...               30.0
1707  D5938FE5DB144CAC984BF6A711629DB6  ...               30.0

[5 rows x 20 columns]
Index(['bank_account_uuid', 'business_partner_name', 'amount', 'currency',
       'ref_name', 'ref_iban', 'ref_swift', 'ref_bank', 'paym_note',
       'trns_type', 'pay_method', 'channel', 'anomaly_description',
       'amount_mean_5', 'amount_std_5', 'amount_change', 'month', 'dayofweek',
       'year', 'time_since_last_tx'],
      dtype='object')
True
     amount  ...  valid_ref
0  38348.73  ...          1
1  62093.38  ...          1
2  27877.95  ...          1
3  13270.63  ...          1
4  70662.49  ...          1

[5 rows x 10 columns]
Index(['amount', 'amount_mean_5', 'amount_std_5', 'amount_change', 'month',
       'dayofweek', 'year', 'time_since_last_tx', 'account_partner_id',
       'valid_ref'],
      dtype='object')
     amount  ...  valid_ref
0   5315.55  ...          1
1   7094.47  ...          1
2   2503.82  ...          1
3   1215.42  ...          1
4  83706.68  ...          1

[5 rows x 10 columns]
Index(['amount', 'amount_mean_5', 'amount_std_5', 'amount_change', 'month',
       'dayofweek', 'year', 'time_since_last_tx', 'account_partner_id',
       'valid_ref'],
      dtype='object')
Index(['amount', 'amount_mean_5', 'amount_std_5', 'amount_change', 'month',
       'dayofweek', 'year', 'time_since_last_tx', 'account_partner_id',
       'valid_ref'],
      dtype='object')
== Job abgeschlossen ==

============================= JOB FEEDBACK =============================

NodeName=uc2n903
Job ID: 2143968
Cluster: uc3
User/Group: ma_pkonz/ma_ma
State: COMPLETED (exit code 0)
Nodes: 1
Cores per node: 2
CPU Utilized: 00:25:14
CPU Efficiency: 97.30% of 00:25:56 core-walltime
Job Wall-clock time: 00:12:58
Memory Utilized: 1.51 GB
Memory Efficiency: 4.71% of 32.00 GB (32.00 GB/node)
