== Job start ==
                     bank_account_uuid  ... time_since_last_tx
1088  152776ABDE2B452C84C6C6926300FD7C  ...               30.0
1597  152776ABDE2B452C84C6C6926300FD7C  ...               30.0
5278  152776ABDE2B452C84C6C6926300FD7C  ...               30.0
2622  152776ABDE2B452C84C6C6926300FD7C  ...               30.0
1567  152776ABDE2B452C84C6C6926300FD7C  ...               31.0

[5 rows x 21 columns]
                     bank_account_uuid  ... time_since_last_tx
6057  DF9C33AE956146CDB8E757F96BCB8C2C  ...               30.0
5396  D6142995B7764B5C8CF45A7B350BF2EF  ...               30.0
5872  8869B27127CE4894B9A936E7524A91BA  ...               30.0
214   8869B27127CE4894B9A936E7524A91BA  ...               30.0
1707  D5938FE5DB144CAC984BF6A711629DB6  ...               30.0

[5 rows x 20 columns]
                     bank_account_uuid  ... time_since_last_tx
6057  DF9C33AE956146CDB8E757F96BCB8C2C  ...               30.0
5396  D6142995B7764B5C8CF45A7B350BF2EF  ...               30.0
5872  8869B27127CE4894B9A936E7524A91BA  ...               30.0
214   8869B27127CE4894B9A936E7524A91BA  ...               30.0
1707  D5938FE5DB144CAC984BF6A711629DB6  ...               30.0

[5 rows x 20 columns]
Index(['bank_account_uuid', 'business_partner_name', 'amount', 'currency',
       'ref_name', 'ref_iban', 'ref_swift', 'ref_bank', 'paym_note',
       'trns_type', 'pay_method', 'channel', 'anomaly_description',
       'amount_mean_5', 'amount_std_5', 'amount_change', 'month', 'dayofweek',
       'year', 'time_since_last_tx'],
      dtype='object')
True
                  bank_account_uuid    amount  ...  time_since_last_tx  valid_ref
0  DF9C33AE956146CDB8E757F96BCB8C2C  38348.73  ...                30.0          1
1  D6142995B7764B5C8CF45A7B350BF2EF  62093.38  ...                30.0          1
2  8869B27127CE4894B9A936E7524A91BA  27877.95  ...                30.0          1
3  8869B27127CE4894B9A936E7524A91BA  13270.63  ...                30.0          1
4  D5938FE5DB144CAC984BF6A711629DB6  70662.49  ...                30.0          1

[5 rows x 10 columns]
Index(['bank_account_uuid', 'amount', 'amount_mean_5', 'amount_std_5',
       'amount_change', 'month', 'dayofweek', 'year', 'time_since_last_tx',
       'valid_ref'],
      dtype='object')
                  bank_account_uuid    amount  ...  time_since_last_tx  valid_ref
0  BB6C9182D6664F71AEE2AAA407976C1B   5315.55  ...                29.0          1
1  942EAB1C43984D769EC8428DBCFCE2FF   7094.47  ...                32.0          1
2  EF4CEDF499D94A19992F87F45BE7A1A9   2503.82  ...                32.0          1
3  D6142995B7764B5C8CF45A7B350BF2EF   1215.42  ...                23.0          1
4  3A7E41CD775F4F5FA9D2A7B399A31E48  83706.68  ...                58.0          1

[5 rows x 10 columns]
Index(['bank_account_uuid', 'amount', 'amount_mean_5', 'amount_std_5',
       'amount_change', 'month', 'dayofweek', 'year', 'time_since_last_tx',
       'valid_ref'],
      dtype='object')
generierte neue Samples...
         bank_account_uuid_original
0  BB6C9182D6664F71AEE2AAA407976C1B
1  D6142995B7764B5C8CF45A7B350BF2EF
2  469FF663648F42E7B1858A9B640F2748
3  BB6C9182D6664F71AEE2AAA407976C1B
4  469FF663648F42E7B1858A9B640F2748
year
2020.000000    25
2020.001038     1
2020.000509     1
2020.000274     1
2020.009102     1
2020.001043     1
2020.000560     1
2020.000133     1
2020.000602     1
2020.000175     1
2020.000956     1
2020.001180     1
2020.000293     1
2020.000381     1
2020.000985     1
2020.000785     1
2020.000345     1
2020.000190     1
2020.000764     1
2020.000257     1
2020.001831     1
2020.000585     1
2020.000142     1
2020.001040     1
2020.006631     1
2020.003452     1
Name: count, dtype: int64
month
1.839263    1
2.859609    1
1.438038    1
1.977228    1
1.975543    1
1.979831    1
1.261810    1
1.985710    1
1.950993    1
1.975066    1
2.020056    1
2.764255    1
1.908754    1
1.903574    1
1.279492    1
1.660821    1
2.003905    1
2.024837    1
2.017772    1
1.720433    1
1.922871    1
1.962763    1
1.722121    1
2.557041    1
1.617506    1
1.182697    1
1.721949    1
1.019246    1
1.904616    1
1.979716    1
2.443372    1
1.977253    1
2.603534    1
1.878180    1
1.967584    1
1.281288    1
1.556413    1
2.043639    1
1.127591    1
2.004640    1
2.379270    1
1.974130    1
2.050326    1
2.059062    1
2.014170    1
1.469074    1
1.989530    1
1.899308    1
1.964690    1
2.005897    1
Name: count, dtype: int64
dayofweek
0.000000    5
0.026106    1
4.000247    1
4.284579    1
1.840202    1
5.105154    1
0.354775    1
0.630733    1
2.832090    1
4.883152    1
3.040540    1
1.219634    1
0.057974    1
2.135230    1
1.745247    1
1.009138    1
0.049109    1
3.267664    1
3.063687    1
2.049948    1
4.174604    1
2.001374    1
3.716195    1
2.787766    1
1.893353    1
1.983924    1
1.049006    1
2.119829    1
3.797013    1
0.941344    1
0.271888    1
0.035556    1
2.662068    1
0.175825    1
0.059474    1
1.096176    1
2.052241    1
0.015081    1
0.158389    1
0.022391    1
0.007287    1
0.009969    1
2.530449    1
2.608785    1
0.002397    1
0.603684    1
Name: count, dtype: int64
dayofweek  month     year       
0.000000   1.974130  2020.000142    1
2.662068   1.967584  2020.000000    1
1.840202   1.977228  2020.000000    1
1.893353   1.903574  2020.000000    1
1.983924   1.019246  2020.000345    1
2.001374   1.722121  2020.000000    1
2.049948   1.922871  2020.000000    1
2.052241   1.127591  2020.000000    1
2.119829   1.979716  2020.000000    1
2.135230   1.279492  2020.000560    1
2.530449   1.989530  2020.000000    1
2.608785   1.899308  2020.000764    1
2.787766   1.721949  2020.000000    1
0.000000   2.004640  2020.001040    1
2.832090   1.985710  2020.000956    1
3.040540   1.975066  2020.000175    1
3.063687   1.720433  2020.000509    1
3.267664   2.017772  2020.000000    1
3.716195   1.617506  2020.000985    1
3.797013   2.443372  2020.000000    1
4.000247   2.020056  2020.000000    1
4.174604   1.962763  2020.003452    1
4.284579   1.438038  2020.000381    1
4.883152   1.950993  2020.000000    1
1.745247   1.660821  2020.001043    1
1.219634   1.908754  2020.000133    1
1.096176   2.043639  2020.000000    1
1.049006   1.904616  2020.000000    1
0.000000   2.557041  2020.000000    1
           2.764255  2020.000000    1
           2.859609  2020.000602    1
0.002397   1.964690  2020.000190    1
0.007287   2.014170  2020.001831    1
0.009969   1.469074  2020.000257    1
0.015081   2.379270  2020.000000    1
0.022391   2.059062  2020.000585    1
0.026106   1.839263  2020.000000    1
0.035556   1.878180  2020.006631    1
0.049109   2.024837  2020.000274    1
0.057974   1.182697  2020.000785    1
0.059474   1.556413  2020.000000    1
0.158389   2.050326  2020.000000    1
0.175825   1.281288  2020.000000    1
0.271888   2.603534  2020.000000    1
0.354775   1.979831  2020.000293    1
0.603684   2.005897  2020.000000    1
0.630733   1.261810  2020.001180    1
0.941344   1.977253  2020.001038    1
1.009138   2.003905  2020.009102    1
5.105154   1.975543  2020.000000    1
Name: count, dtype: int64
    dayofweek     month         year
0    0.026106  1.839263  2020.000000
1    1.893353  1.903574  2020.000000
2    1.049006  1.904616  2020.000000
3    2.119829  1.979716  2020.000000
4    3.797013  2.443372  2020.000000
5    0.941344  1.977253  2020.001038
6    0.271888  2.603534  2020.000000
7    0.035556  1.878180  2020.006631
8    2.662068  1.967584  2020.000000
9    0.175825  1.281288  2020.000000
10   0.059474  1.556413  2020.000000
11   1.096176  2.043639  2020.000000
12   2.052241  1.127591  2020.000000
13   0.000000  2.004640  2020.001040
14   0.015081  2.379270  2020.000000
15   0.000000  1.974130  2020.000142
16   0.158389  2.050326  2020.000000
17   0.022391  2.059062  2020.000585
18   0.007287  2.014170  2020.001831
19   0.009969  1.469074  2020.000257
           amount  ...        bank_account_uuid_original
0   115710.382144  ...  BB6C9182D6664F71AEE2AAA407976C1B
1    26835.702775  ...  D6142995B7764B5C8CF45A7B350BF2EF
2    42710.352171  ...  469FF663648F42E7B1858A9B640F2748
3    31315.874732  ...  BB6C9182D6664F71AEE2AAA407976C1B
4     5325.819096  ...  469FF663648F42E7B1858A9B640F2748
5      763.828911  ...  CC214B9F173340F286B4D0834C0ADB19
6     3863.242015  ...  D599802E475E4E669CA4DFBBD98FE031
7    68843.070764  ...  DF9C33AE956146CDB8E757F96BCB8C2C
8     5874.968367  ...  BB6C9182D6664F71AEE2AAA407976C1B
9      237.200000  ...  152776ABDE2B452C84C6C6926300FD7C
10  187958.470735  ...  EF4CEDF499D94A19992F87F45BE7A1A9
11    6828.297222  ...  469FF663648F42E7B1858A9B640F2748
12   22154.457787  ...  3A7E41CD775F4F5FA9D2A7B399A31E48
13    5470.247203  ...  D5938FE5DB144CAC984BF6A711629DB6
14   27183.397309  ...  942EAB1C43984D769EC8428DBCFCE2FF
15   32275.375369  ...  DF9C33AE956146CDB8E757F96BCB8C2C
16    1405.341505  ...  EF4CEDF499D94A19992F87F45BE7A1A9
17   28079.808624  ...  EF4CEDF499D94A19992F87F45BE7A1A9
18    7461.097960  ...  DF9C33AE956146CDB8E757F96BCB8C2C
19     237.200000  ...  152776ABDE2B452C84C6C6926300FD7C

[20 rows x 25 columns]
(50, 25)
== Job abgeschlossen ==

============================= JOB FEEDBACK =============================

NodeName=uc2n913
Job ID: 2147152
Cluster: uc3
User/Group: ma_pkonz/ma_ma
State: COMPLETED (exit code 0)
Nodes: 1
Cores per node: 2
CPU Utilized: 00:04:19
CPU Efficiency: 65.08% of 00:06:38 core-walltime
Job Wall-clock time: 00:03:19
Memory Utilized: 1.06 GB
Memory Efficiency: 3.31% of 32.00 GB (32.00 GB/node)
