/pfs/work9/workspace/scratch/ma_pkonz-thesis/ForestDiffusion/.venv/lib64/python3.11/site-packages/sklearn/base.py:413: UserWarning: X has feature names, but MinMaxScaler was fitted without feature names
  warnings.warn(
Traceback (most recent call last):
  File "/pfs/work9/workspace/scratch/ma_pkonz-thesis/ForestDiffusion/tests/test_new.py", line 256, in <module>
    main()
  File "/pfs/work9/workspace/scratch/ma_pkonz-thesis/ForestDiffusion/tests/test_new.py", line 248, in main
    y_probs = model.predict_proba(X_test_np, n_t=10, n_z=5)
              ^^^^^^^^^^^^^^^^^^^^^^^^^^^^^^^^^^^^^^^^^^
  File "/pfs/work9/workspace/scratch/ma_pkonz-thesis/ForestDiffusion/.venv/lib64/python3.11/site-packages/ForestDiffusion/diffusion_with_trees_class.py", line 560, in predict_proba
    X = self.scaler.transform(X)
        ^^^^^^^^^^^^^^^^^^^^^^^^
  File "/pfs/work9/workspace/scratch/ma_pkonz-thesis/ForestDiffusion/.venv/lib64/python3.11/site-packages/sklearn/utils/_set_output.py", line 142, in wrapped
    data_to_wrap = f(self, X, *args, **kwargs)
                   ^^^^^^^^^^^^^^^^^^^^^^^^^^^
  File "/pfs/work9/workspace/scratch/ma_pkonz-thesis/ForestDiffusion/.venv/lib64/python3.11/site-packages/sklearn/preprocessing/_data.py", line 508, in transform
    X = self._validate_data(
        ^^^^^^^^^^^^^^^^^^^^
  File "/pfs/work9/workspace/scratch/ma_pkonz-thesis/ForestDiffusion/.venv/lib64/python3.11/site-packages/sklearn/base.py", line 569, in _validate_data
    self._check_n_features(X, reset=reset)
  File "/pfs/work9/workspace/scratch/ma_pkonz-thesis/ForestDiffusion/.venv/lib64/python3.11/site-packages/sklearn/base.py", line 370, in _check_n_features
    raise ValueError(
ValueError: X has 10 features, but MinMaxScaler is expecting 24 features as input.
