== Job start ==
                     bank_account_uuid  ... time_since_last_tx
1009  1C447D4F1599450AB2AB4DFC163B529F  ...               30.0
1077  1C447D4F1599450AB2AB4DFC163B529F  ...               30.0
269   1C447D4F1599450AB2AB4DFC163B529F  ...               30.0
1766  1C447D4F1599450AB2AB4DFC163B529F  ...               30.0
61    1C447D4F1599450AB2AB4DFC163B529F  ...               30.0

[5 rows x 21 columns]
   paym_note0  paym_note1  paym_note2  ...  dayofweek  year  time_since_last_tx
0         0.0         0.0         0.0  ...          4  2023                31.0
1         0.0         0.0         0.0  ...          3  2022                31.0
2         0.0         0.0         0.0  ...          1  2023                29.0
3         0.0         0.0         0.0  ...          0  2022                31.0
4         0.0         0.0         0.0  ...          4  2024                32.0

[5 rows x 42 columns]
False

Klassifikationsreport (0=normal, 1=Anomalie):
              precision    recall  f1-score   support

           0       1.00      0.91      0.95       360
           1       0.06      1.00      0.11         2

    accuracy                           0.91       362
   macro avg       0.53      0.96      0.53       362
weighted avg       0.99      0.91      0.95       362

Konfusionsmatrix:
[[328  32]
 [  0   2]]

Wahre Anomalien im Test-Set: 2 von 362
Vom Modell als Anomalie (1) vorhergesagt: 34 von 362
Richtig erkannte Anomalien: 2 von 2

Wahrscheinlichkeiten (erste 10): [[1.00000000e+00 1.00000000e+00 1.00000000e+00 1.00000000e+00
  1.00000000e+00 1.00000000e+00 1.00000000e+00 1.00000000e+00
  1.00000000e+00 1.00000000e+00 1.00000000e+00 1.00000000e+00
  1.00000000e+00 1.00000000e+00 1.00000000e+00 1.00000000e+00
  1.00000000e+00 1.00000000e+00 1.00000000e+00 1.00000000e+00
  8.15547936e-02 1.00000000e+00 1.00000000e+00 1.00000000e+00
  6.91789207e-04 1.00000000e+00 1.00000000e+00 1.00000000e+00
  1.00000000e+00 1.00000000e+00 1.00000000e+00 1.00000000e+00
  1.00000000e+00 3.23418374e-01 1.00000000e+00 1.00000000e+00
  1.00000000e+00 1.00000000e+00 1.00000000e+00 1.00000000e+00
  1.00000000e+00 1.00000000e+00 1.00000000e+00 1.00000000e+00
  1.00000000e+00 4.90521506e-01 1.00000000e+00 1.00000000e+00
  1.00000000e+00 7.03793355e-05 1.00000000e+00 1.00000000e+00
  1.00000000e+00 1.00000000e+00 1.00000000e+00 1.00000000e+00
  1.00000000e+00 1.00000000e+00 1.00000000e+00 1.00000000e+00
  3.39672016e-04 1.00000000e+00 1.00000000e+00 1.00000000e+00
  1.00000000e+00 1.00000000e+00 1.00000000e+00 1.00000000e+00
  1.43760583e-02 4.80942255e-03 1.00000000e+00 1.00000000e+00
  1.00000000e+00 1.00000000e+00 1.00000000e+00 1.00000000e+00
  1.00000000e+00 1.00000000e+00 1.00000000e+00 1.00000000e+00
  1.00000000e+00 3.51582867e-03 1.00000000e+00 1.00000000e+00
  1.00000000e+00 1.00000000e+00 3.25263590e-04 1.00000000e+00
  1.00000000e+00 1.00000000e+00 1.00000000e+00 1.00000000e+00
  1.00000000e+00 1.00000000e+00 1.00000000e+00 1.00000000e+00
  1.00000000e+00 1.22128351e-02 1.00000000e+00 1.00000000e+00
  1.00000000e+00 1.00000000e+00 1.00000000e+00 1.00000000e+00
  1.00000000e+00 1.00000000e+00 1.00000000e+00 1.00000000e+00
  1.00000000e+00 1.00000000e+00 1.00000000e+00 1.00000000e+00
  1.00000000e+00 1.00000000e+00 1.00000000e+00 1.00000000e+00
  1.00000000e+00 1.00000000e+00 1.00000000e+00 1.00000000e+00
  1.00000000e+00 1.00000000e+00 1.00000000e+00 5.70146116e-03
  1.00000000e+00 1.00000000e+00 1.00000000e+00 1.00000000e+00
  2.62537824e-01 1.00000000e+00 4.29142360e-01 1.00000000e+00
  1.00000000e+00 1.00000000e+00 1.00000000e+00 1.00000000e+00
  1.00000000e+00 1.00000000e+00 1.00000000e+00 3.06895182e-03
  1.00000000e+00 1.00000000e+00 1.00000000e+00 1.00000000e+00
  1.00000000e+00 1.00000000e+00 1.00000000e+00 1.00000000e+00
  1.00000000e+00 1.00000000e+00 6.74835936e-03 1.00000000e+00
  1.00000000e+00 1.00000000e+00 1.00000000e+00 1.00000000e+00
  1.00000000e+00 1.00000000e+00 1.00000000e+00 1.00000000e+00
  1.00000000e+00 1.00000000e+00 1.00000000e+00 1.00000000e+00
  1.00000000e+00 1.00000000e+00 1.00000000e+00 1.00000000e+00
  1.00000000e+00 1.00000000e+00 1.00000000e+00 1.00000000e+00
  1.00000000e+00 1.00000000e+00 1.00000000e+00 1.00000000e+00
  1.00000000e+00 7.87169404e-01 1.00000000e+00 1.00000000e+00
  1.17429467e-03 1.00000000e+00 1.00000000e+00 1.00000000e+00
  1.00000000e+00 1.00000000e+00 1.00000000e+00 1.00000000e+00
  1.00000000e+00 1.00000000e+00 1.00000000e+00 1.00000000e+00
  5.43121338e-03 2.91587673e-02 1.00000000e+00 1.00000000e+00
  1.00000000e+00 1.00000000e+00 1.00000000e+00 1.00000000e+00
  1.00000000e+00 9.99999995e-01 1.00000000e+00 4.90638553e-01
  1.00000000e+00 1.00000000e+00 1.00000000e+00 1.00000000e+00
  1.00000000e+00 1.00000000e+00 1.00000000e+00 1.00000000e+00
  6.69409923e-01 1.00000000e+00 1.00000000e+00 1.00000000e+00
  1.00000000e+00 1.00000000e+00 1.00000000e+00 1.00000000e+00
  1.00000000e+00 1.00000000e+00 1.00000000e+00 1.00000000e+00
  1.00000000e+00 1.00000000e+00 1.45500870e-03 1.00000000e+00
  6.46527707e-01 1.00000000e+00 1.00000000e+00 1.00000000e+00
  1.00000000e+00 1.00000000e+00 1.00000000e+00 1.00000000e+00
  1.00000000e+00 1.00000000e+00 1.00000000e+00 1.00000000e+00
  1.92944347e-05 1.00000000e+00 1.00000000e+00 3.55297059e-05
  1.00000000e+00 1.00000000e+00 1.00000000e+00 1.00000000e+00
  1.00000000e+00 1.00000000e+00 1.00000000e+00 1.00000000e+00
  9.88188904e-01 1.00000000e+00 1.00000000e+00 1.00000000e+00
  1.00000000e+00 1.41449953e-02 1.00000000e+00 1.00000000e+00
  1.00000000e+00 1.00000000e+00 1.00000000e+00 1.00000000e+00
  1.00000000e+00 1.00000000e+00 1.06680997e-02 2.22302557e-03
  1.00000000e+00 1.00000000e+00 1.00000000e+00 1.00000000e+00
  1.00000000e+00 1.00000000e+00 1.00000000e+00 1.00000000e+00
  1.00000000e+00 1.00000000e+00 1.00000000e+00 1.00000000e+00
  1.00000000e+00 1.00000000e+00 1.00000000e+00 1.00000000e+00
  1.00000000e+00 1.00000000e+00 1.00000000e+00 1.00000000e+00
  1.78669541e-04 1.00000000e+00 1.00000000e+00 1.00000000e+00
  1.00000000e+00 2.38915705e-03 1.00000000e+00 1.00000000e+00
  1.00000000e+00 8.14080369e-03 1.00000000e+00 1.00000000e+00
  2.69982985e-03 1.00000000e+00 1.00000000e+00 1.00000000e+00
  1.00000000e+00 1.34499301e-02 1.00000000e+00 1.00000000e+00
  4.19318133e-01 1.00000000e+00 1.00000000e+00 1.00000000e+00
  1.00000000e+00 1.00000000e+00 1.00000000e+00 1.00000000e+00
  1.00000000e+00 1.00000000e+00 1.00000000e+00 1.00000000e+00
  1.00000000e+00 1.00000000e+00 1.00000000e+00 1.00000000e+00
  1.00000000e+00 1.00000000e+00 1.00000000e+00 1.00000000e+00
  1.00000000e+00 1.00000000e+00 1.00000000e+00 1.00000000e+00
  1.00000000e+00 1.00000000e+00 1.00000000e+00 4.86695253e-04
  1.00000000e+00 1.00000000e+00 4.79591283e-02 1.00000000e+00
  1.00000000e+00 1.00000000e+00 1.00000000e+00 1.00000000e+00
  1.00000000e+00 1.00000000e+00 1.00000000e+00 1.00000000e+00
  1.00000000e+00 1.00000000e+00 1.00000000e+00 1.00000000e+00
  1.00000000e+00 1.00000000e+00 1.00000000e+00 1.00000000e+00
  1.00000000e+00 1.00000000e+00 1.00000000e+00 1.00000000e+00
  1.00000000e+00 1.00000000e+00]
 [9.40015095e-16 1.05311252e-15 7.20117131e-16 1.27955426e-13
  9.50010031e-15 1.87066330e-12 1.30488454e-14 4.42579315e-14
  6.54904428e-15 2.96650942e-15 6.28309929e-17 2.97067161e-15
  1.00926537e-15 8.37778157e-14 6.40634525e-18 1.15875836e-16
  2.37107947e-15 2.43665849e-16 3.41558950e-15 6.07906717e-14
  9.18445206e-01 2.26837134e-15 4.06907438e-13 9.82448797e-14
  9.99308211e-01 9.72530863e-16 2.33157235e-13 3.78491043e-14
  2.25960825e-16 5.94893559e-14 1.96180312e-15 1.20419421e-14
  1.38790559e-13 6.76581626e-01 5.37831842e-17 7.14738618e-15
  3.07313426e-11 1.64941529e-14 4.07063332e-16 4.75346319e-16
  6.22840611e-15 4.22764677e-14 3.63865517e-15 1.12955155e-14
  4.47965461e-15 5.09478494e-01 1.29086902e-12 8.44422349e-12
  2.19944627e-16 9.99929621e-01 2.85320073e-12 5.49799625e-15
  2.43968237e-13 9.35310688e-17 1.39617044e-13 1.06675505e-15
  7.81075437e-14 4.20662574e-16 2.67069556e-13 1.67292108e-11
  9.99660328e-01 2.42123800e-15 5.75590817e-14 1.59829952e-14
  1.22060281e-14 5.45811439e-18 8.52836503e-13 3.00468384e-13
  9.85623942e-01 9.95190577e-01 3.96379542e-15 1.76999222e-14
  1.85628132e-15 6.25229277e-12 2.59865430e-16 1.40959281e-19
  1.05931731e-13 2.72774042e-14 1.02653584e-11 3.02552407e-16
  1.89778495e-11 9.96484171e-01 6.75248088e-17 2.44071488e-17
  3.36944204e-16 1.54680434e-17 9.99674736e-01 1.45932920e-14
  2.37034677e-15 2.04335959e-18 6.11913011e-13 9.06740848e-15
  3.86471572e-17 1.42939258e-14 1.78237392e-18 9.69438229e-16
  1.18291968e-15 9.87787165e-01 6.81990677e-16 1.21183668e-16
  2.72395551e-16 1.85553782e-16 4.29753705e-15 1.55222284e-14
  2.04080842e-14 2.83259201e-14 9.34168060e-13 1.53688573e-11
  7.71746346e-15 2.78077252e-14 9.76540573e-16 1.65711835e-14
  4.94562213e-16 2.21031239e-16 7.93810780e-12 4.12886152e-16
  7.39407211e-14 1.27812698e-12 1.55348321e-15 8.37531173e-11
  5.97511787e-13 1.91397195e-14 5.46174532e-15 9.94298539e-01
  5.71618660e-12 5.86041321e-14 8.05210449e-14 3.55072924e-16
  7.37462176e-01 7.75537806e-15 5.70857640e-01 3.25933054e-14
  8.85519978e-15 1.74752042e-13 9.78036130e-17 1.02352314e-14
  1.58224025e-16 6.12726634e-12 1.80472862e-14 9.96931048e-01
  1.68079441e-14 9.34739344e-13 2.57162306e-13 4.89690093e-15
  1.14583769e-13 2.10546534e-13 1.60987877e-14 3.86027521e-16
  7.79047442e-16 7.61855450e-14 9.93251641e-01 1.72438765e-16
  1.30970248e-15 6.71711677e-17 9.96757651e-19 1.26465602e-15
  1.20477689e-16 5.72605847e-16 7.04499337e-15 2.28224485e-15
  8.14584404e-14 1.69673743e-15 1.93417820e-13 2.66962429e-17
  3.91045758e-16 6.03953958e-18 1.23345461e-12 9.37939440e-13
  9.46484382e-11 1.39988710e-15 2.15563865e-16 1.04724462e-15
  9.66360904e-17 3.68905534e-13 5.32469783e-17 8.14613500e-13
  1.18638562e-14 2.12830596e-01 4.92978044e-18 1.52316363e-15
  9.98825705e-01 3.17778654e-16 2.36098983e-12 6.96563982e-18
  6.15405742e-16 1.60251958e-15 7.22557984e-12 6.40880290e-16
  6.22039847e-16 3.99299995e-13 9.48924403e-17 2.81942357e-15
  9.94568787e-01 9.70841233e-01 2.59197661e-13 1.00339562e-13
  2.03633128e-16 2.56274773e-16 8.48224581e-14 1.41670469e-13
  7.90867386e-15 5.17685903e-09 5.44658150e-14 5.09361447e-01
  1.24285826e-11 1.86842099e-18 9.50653236e-14 3.65688138e-18
  1.80197942e-12 1.27578121e-15 1.38265302e-12 6.35401519e-16
  3.30590077e-01 2.66542214e-18 1.63336349e-17 3.04435328e-12
  6.59283994e-13 2.31019328e-16 1.09906505e-15 4.84988244e-16
  9.93969075e-18 3.58097071e-15 1.37216612e-13 2.39835034e-15
  1.07859886e-14 7.37075849e-17 9.98544991e-01 3.72143785e-12
  3.53472293e-01 5.55995112e-15 1.71980219e-12 2.75867587e-16
  1.29303780e-14 2.40543566e-13 6.45200240e-19 3.04041566e-12
  5.63368964e-17 4.00241607e-15 2.17312329e-14 1.54522638e-13
  9.99980706e-01 7.10639516e-15 3.16744476e-18 9.99964470e-01
  1.77340726e-16 3.44799059e-17 1.98785708e-15 1.76775240e-15
  6.36590737e-11 3.98797519e-14 8.77550481e-13 3.14490148e-13
  1.18110958e-02 2.27156963e-19 5.23613629e-13 1.79831384e-14
  9.25351639e-17 9.85855005e-01 4.52422462e-16 1.25216199e-15
  8.09028099e-14 1.78618388e-14 1.87060123e-17 2.91910363e-11
  6.66605050e-12 2.86441578e-14 9.89331900e-01 9.97776974e-01
  1.01244401e-14 2.62719742e-13 3.14744831e-15 1.09952521e-17
  8.20581362e-12 5.65880873e-15 8.96085499e-14 9.79712496e-16
  7.48300676e-15 8.65875312e-14 1.00045051e-13 4.59677821e-16
  7.04022794e-15 2.93707043e-14 1.98716184e-13 7.77300783e-13
  1.87161437e-14 7.20420275e-14 4.47003523e-13 1.79960432e-11
  9.99821330e-01 3.10799241e-17 5.34874476e-17 3.36542699e-11
  1.61445488e-14 9.97610843e-01 3.19185396e-17 6.62662186e-14
  2.40950338e-16 9.91859196e-01 9.87455447e-16 4.45496656e-13
  9.97300170e-01 9.56449540e-15 8.37457132e-15 3.81985837e-14
  7.29548822e-16 9.86550070e-01 2.17100490e-12 6.21100431e-18
  5.80681867e-01 3.81195927e-16 1.45875846e-15 6.15432631e-13
  3.17773486e-14 2.19592153e-17 8.02942130e-17 3.85263154e-16
  1.16611176e-15 4.82749585e-15 3.59088124e-16 1.59229999e-12
  1.53352762e-14 6.55012928e-19 1.31008770e-15 1.77947648e-11
  7.60158925e-16 8.16084756e-18 9.90623085e-14 1.19503239e-15
  1.16947347e-17 7.05692589e-16 2.90569666e-20 9.62454860e-16
  6.40405423e-14 4.65535104e-15 5.54156783e-13 9.99513305e-01
  3.34896592e-17 2.51086452e-13 9.52040872e-01 1.15261243e-14
  1.35866140e-17 6.47913739e-12 2.45890526e-14 1.32586353e-13
  2.75831088e-12 3.60252199e-16 4.69638240e-12 1.92189749e-14
  9.56966999e-12 1.31206884e-13 2.26509148e-14 1.46801538e-14
  1.06644220e-13 1.62242671e-16 6.26658493e-20 1.99348847e-15
  8.14761341e-18 1.19668222e-11 2.95622254e-15 1.42065228e-13
  6.63840639e-16 1.40968299e-15]]
[[1.00000000e+00 1.00000000e+00 1.00000000e+00 1.00000000e+00
  1.00000000e+00 1.00000000e+00 1.00000000e+00 1.00000000e+00
  1.00000000e+00 1.00000000e+00 1.00000000e+00 1.00000000e+00
  1.00000000e+00 1.00000000e+00 1.00000000e+00 1.00000000e+00
  1.00000000e+00 1.00000000e+00 1.00000000e+00 1.00000000e+00
  8.15547936e-02 1.00000000e+00 1.00000000e+00 1.00000000e+00
  6.91789207e-04 1.00000000e+00 1.00000000e+00 1.00000000e+00
  1.00000000e+00 1.00000000e+00 1.00000000e+00 1.00000000e+00
  1.00000000e+00 3.23418374e-01 1.00000000e+00 1.00000000e+00
  1.00000000e+00 1.00000000e+00 1.00000000e+00 1.00000000e+00
  1.00000000e+00 1.00000000e+00 1.00000000e+00 1.00000000e+00
  1.00000000e+00 4.90521506e-01 1.00000000e+00 1.00000000e+00
  1.00000000e+00 7.03793355e-05 1.00000000e+00 1.00000000e+00
  1.00000000e+00 1.00000000e+00 1.00000000e+00 1.00000000e+00
  1.00000000e+00 1.00000000e+00 1.00000000e+00 1.00000000e+00
  3.39672016e-04 1.00000000e+00 1.00000000e+00 1.00000000e+00
  1.00000000e+00 1.00000000e+00 1.00000000e+00 1.00000000e+00
  1.43760583e-02 4.80942255e-03 1.00000000e+00 1.00000000e+00
  1.00000000e+00 1.00000000e+00 1.00000000e+00 1.00000000e+00
  1.00000000e+00 1.00000000e+00 1.00000000e+00 1.00000000e+00
  1.00000000e+00 3.51582867e-03 1.00000000e+00 1.00000000e+00
  1.00000000e+00 1.00000000e+00 3.25263590e-04 1.00000000e+00
  1.00000000e+00 1.00000000e+00 1.00000000e+00 1.00000000e+00
  1.00000000e+00 1.00000000e+00 1.00000000e+00 1.00000000e+00
  1.00000000e+00 1.22128351e-02 1.00000000e+00 1.00000000e+00
  1.00000000e+00 1.00000000e+00 1.00000000e+00 1.00000000e+00
  1.00000000e+00 1.00000000e+00 1.00000000e+00 1.00000000e+00
  1.00000000e+00 1.00000000e+00 1.00000000e+00 1.00000000e+00
  1.00000000e+00 1.00000000e+00 1.00000000e+00 1.00000000e+00
  1.00000000e+00 1.00000000e+00 1.00000000e+00 1.00000000e+00
  1.00000000e+00 1.00000000e+00 1.00000000e+00 5.70146116e-03
  1.00000000e+00 1.00000000e+00 1.00000000e+00 1.00000000e+00
  2.62537824e-01 1.00000000e+00 4.29142360e-01 1.00000000e+00
  1.00000000e+00 1.00000000e+00 1.00000000e+00 1.00000000e+00
  1.00000000e+00 1.00000000e+00 1.00000000e+00 3.06895182e-03
  1.00000000e+00 1.00000000e+00 1.00000000e+00 1.00000000e+00
  1.00000000e+00 1.00000000e+00 1.00000000e+00 1.00000000e+00
  1.00000000e+00 1.00000000e+00 6.74835936e-03 1.00000000e+00
  1.00000000e+00 1.00000000e+00 1.00000000e+00 1.00000000e+00
  1.00000000e+00 1.00000000e+00 1.00000000e+00 1.00000000e+00
  1.00000000e+00 1.00000000e+00 1.00000000e+00 1.00000000e+00
  1.00000000e+00 1.00000000e+00 1.00000000e+00 1.00000000e+00
  1.00000000e+00 1.00000000e+00 1.00000000e+00 1.00000000e+00
  1.00000000e+00 1.00000000e+00 1.00000000e+00 1.00000000e+00
  1.00000000e+00 7.87169404e-01 1.00000000e+00 1.00000000e+00
  1.17429467e-03 1.00000000e+00 1.00000000e+00 1.00000000e+00
  1.00000000e+00 1.00000000e+00 1.00000000e+00 1.00000000e+00
  1.00000000e+00 1.00000000e+00 1.00000000e+00 1.00000000e+00
  5.43121338e-03 2.91587673e-02 1.00000000e+00 1.00000000e+00
  1.00000000e+00 1.00000000e+00 1.00000000e+00 1.00000000e+00
  1.00000000e+00 9.99999995e-01 1.00000000e+00 4.90638553e-01
  1.00000000e+00 1.00000000e+00 1.00000000e+00 1.00000000e+00
  1.00000000e+00 1.00000000e+00 1.00000000e+00 1.00000000e+00
  6.69409923e-01 1.00000000e+00 1.00000000e+00 1.00000000e+00
  1.00000000e+00 1.00000000e+00 1.00000000e+00 1.00000000e+00
  1.00000000e+00 1.00000000e+00 1.00000000e+00 1.00000000e+00
  1.00000000e+00 1.00000000e+00 1.45500870e-03 1.00000000e+00
  6.46527707e-01 1.00000000e+00 1.00000000e+00 1.00000000e+00
  1.00000000e+00 1.00000000e+00 1.00000000e+00 1.00000000e+00
  1.00000000e+00 1.00000000e+00 1.00000000e+00 1.00000000e+00
  1.92944347e-05 1.00000000e+00 1.00000000e+00 3.55297059e-05
  1.00000000e+00 1.00000000e+00 1.00000000e+00 1.00000000e+00
  1.00000000e+00 1.00000000e+00 1.00000000e+00 1.00000000e+00
  9.88188904e-01 1.00000000e+00 1.00000000e+00 1.00000000e+00
  1.00000000e+00 1.41449953e-02 1.00000000e+00 1.00000000e+00
  1.00000000e+00 1.00000000e+00 1.00000000e+00 1.00000000e+00
  1.00000000e+00 1.00000000e+00 1.06680997e-02 2.22302557e-03
  1.00000000e+00 1.00000000e+00 1.00000000e+00 1.00000000e+00
  1.00000000e+00 1.00000000e+00 1.00000000e+00 1.00000000e+00
  1.00000000e+00 1.00000000e+00 1.00000000e+00 1.00000000e+00
  1.00000000e+00 1.00000000e+00 1.00000000e+00 1.00000000e+00
  1.00000000e+00 1.00000000e+00 1.00000000e+00 1.00000000e+00
  1.78669541e-04 1.00000000e+00 1.00000000e+00 1.00000000e+00
  1.00000000e+00 2.38915705e-03 1.00000000e+00 1.00000000e+00
  1.00000000e+00 8.14080369e-03 1.00000000e+00 1.00000000e+00
  2.69982985e-03 1.00000000e+00 1.00000000e+00 1.00000000e+00
  1.00000000e+00 1.34499301e-02 1.00000000e+00 1.00000000e+00
  4.19318133e-01 1.00000000e+00 1.00000000e+00 1.00000000e+00
  1.00000000e+00 1.00000000e+00 1.00000000e+00 1.00000000e+00
  1.00000000e+00 1.00000000e+00 1.00000000e+00 1.00000000e+00
  1.00000000e+00 1.00000000e+00 1.00000000e+00 1.00000000e+00
  1.00000000e+00 1.00000000e+00 1.00000000e+00 1.00000000e+00
  1.00000000e+00 1.00000000e+00 1.00000000e+00 1.00000000e+00
  1.00000000e+00 1.00000000e+00 1.00000000e+00 4.86695253e-04
  1.00000000e+00 1.00000000e+00 4.79591283e-02 1.00000000e+00
  1.00000000e+00 1.00000000e+00 1.00000000e+00 1.00000000e+00
  1.00000000e+00 1.00000000e+00 1.00000000e+00 1.00000000e+00
  1.00000000e+00 1.00000000e+00 1.00000000e+00 1.00000000e+00
  1.00000000e+00 1.00000000e+00 1.00000000e+00 1.00000000e+00
  1.00000000e+00 1.00000000e+00 1.00000000e+00 1.00000000e+00
  1.00000000e+00 1.00000000e+00]
 [9.40015095e-16 1.05311252e-15 7.20117131e-16 1.27955426e-13
  9.50010031e-15 1.87066330e-12 1.30488454e-14 4.42579315e-14
  6.54904428e-15 2.96650942e-15 6.28309929e-17 2.97067161e-15
  1.00926537e-15 8.37778157e-14 6.40634525e-18 1.15875836e-16
  2.37107947e-15 2.43665849e-16 3.41558950e-15 6.07906717e-14
  9.18445206e-01 2.26837134e-15 4.06907438e-13 9.82448797e-14
  9.99308211e-01 9.72530863e-16 2.33157235e-13 3.78491043e-14
  2.25960825e-16 5.94893559e-14 1.96180312e-15 1.20419421e-14
  1.38790559e-13 6.76581626e-01 5.37831842e-17 7.14738618e-15
  3.07313426e-11 1.64941529e-14 4.07063332e-16 4.75346319e-16
  6.22840611e-15 4.22764677e-14 3.63865517e-15 1.12955155e-14
  4.47965461e-15 5.09478494e-01 1.29086902e-12 8.44422349e-12
  2.19944627e-16 9.99929621e-01 2.85320073e-12 5.49799625e-15
  2.43968237e-13 9.35310688e-17 1.39617044e-13 1.06675505e-15
  7.81075437e-14 4.20662574e-16 2.67069556e-13 1.67292108e-11
  9.99660328e-01 2.42123800e-15 5.75590817e-14 1.59829952e-14
  1.22060281e-14 5.45811439e-18 8.52836503e-13 3.00468384e-13
  9.85623942e-01 9.95190577e-01 3.96379542e-15 1.76999222e-14
  1.85628132e-15 6.25229277e-12 2.59865430e-16 1.40959281e-19
  1.05931731e-13 2.72774042e-14 1.02653584e-11 3.02552407e-16
  1.89778495e-11 9.96484171e-01 6.75248088e-17 2.44071488e-17
  3.36944204e-16 1.54680434e-17 9.99674736e-01 1.45932920e-14
  2.37034677e-15 2.04335959e-18 6.11913011e-13 9.06740848e-15
  3.86471572e-17 1.42939258e-14 1.78237392e-18 9.69438229e-16
  1.18291968e-15 9.87787165e-01 6.81990677e-16 1.21183668e-16
  2.72395551e-16 1.85553782e-16 4.29753705e-15 1.55222284e-14
  2.04080842e-14 2.83259201e-14 9.34168060e-13 1.53688573e-11
  7.71746346e-15 2.78077252e-14 9.76540573e-16 1.65711835e-14
  4.94562213e-16 2.21031239e-16 7.93810780e-12 4.12886152e-16
  7.39407211e-14 1.27812698e-12 1.55348321e-15 8.37531173e-11
  5.97511787e-13 1.91397195e-14 5.46174532e-15 9.94298539e-01
  5.71618660e-12 5.86041321e-14 8.05210449e-14 3.55072924e-16
  7.37462176e-01 7.75537806e-15 5.70857640e-01 3.25933054e-14
  8.85519978e-15 1.74752042e-13 9.78036130e-17 1.02352314e-14
  1.58224025e-16 6.12726634e-12 1.80472862e-14 9.96931048e-01
  1.68079441e-14 9.34739344e-13 2.57162306e-13 4.89690093e-15
  1.14583769e-13 2.10546534e-13 1.60987877e-14 3.86027521e-16
  7.79047442e-16 7.61855450e-14 9.93251641e-01 1.72438765e-16
  1.30970248e-15 6.71711677e-17 9.96757651e-19 1.26465602e-15
  1.20477689e-16 5.72605847e-16 7.04499337e-15 2.28224485e-15
  8.14584404e-14 1.69673743e-15 1.93417820e-13 2.66962429e-17
  3.91045758e-16 6.03953958e-18 1.23345461e-12 9.37939440e-13
  9.46484382e-11 1.39988710e-15 2.15563865e-16 1.04724462e-15
  9.66360904e-17 3.68905534e-13 5.32469783e-17 8.14613500e-13
  1.18638562e-14 2.12830596e-01 4.92978044e-18 1.52316363e-15
  9.98825705e-01 3.17778654e-16 2.36098983e-12 6.96563982e-18
  6.15405742e-16 1.60251958e-15 7.22557984e-12 6.40880290e-16
  6.22039847e-16 3.99299995e-13 9.48924403e-17 2.81942357e-15
  9.94568787e-01 9.70841233e-01 2.59197661e-13 1.00339562e-13
  2.03633128e-16 2.56274773e-16 8.48224581e-14 1.41670469e-13
  7.90867386e-15 5.17685903e-09 5.44658150e-14 5.09361447e-01
  1.24285826e-11 1.86842099e-18 9.50653236e-14 3.65688138e-18
  1.80197942e-12 1.27578121e-15 1.38265302e-12 6.35401519e-16
  3.30590077e-01 2.66542214e-18 1.63336349e-17 3.04435328e-12
  6.59283994e-13 2.31019328e-16 1.09906505e-15 4.84988244e-16
  9.93969075e-18 3.58097071e-15 1.37216612e-13 2.39835034e-15
  1.07859886e-14 7.37075849e-17 9.98544991e-01 3.72143785e-12
  3.53472293e-01 5.55995112e-15 1.71980219e-12 2.75867587e-16
  1.29303780e-14 2.40543566e-13 6.45200240e-19 3.04041566e-12
  5.63368964e-17 4.00241607e-15 2.17312329e-14 1.54522638e-13
  9.99980706e-01 7.10639516e-15 3.16744476e-18 9.99964470e-01
  1.77340726e-16 3.44799059e-17 1.98785708e-15 1.76775240e-15
  6.36590737e-11 3.98797519e-14 8.77550481e-13 3.14490148e-13
  1.18110958e-02 2.27156963e-19 5.23613629e-13 1.79831384e-14
  9.25351639e-17 9.85855005e-01 4.52422462e-16 1.25216199e-15
  8.09028099e-14 1.78618388e-14 1.87060123e-17 2.91910363e-11
  6.66605050e-12 2.86441578e-14 9.89331900e-01 9.97776974e-01
  1.01244401e-14 2.62719742e-13 3.14744831e-15 1.09952521e-17
  8.20581362e-12 5.65880873e-15 8.96085499e-14 9.79712496e-16
  7.48300676e-15 8.65875312e-14 1.00045051e-13 4.59677821e-16
  7.04022794e-15 2.93707043e-14 1.98716184e-13 7.77300783e-13
  1.87161437e-14 7.20420275e-14 4.47003523e-13 1.79960432e-11
  9.99821330e-01 3.10799241e-17 5.34874476e-17 3.36542699e-11
  1.61445488e-14 9.97610843e-01 3.19185396e-17 6.62662186e-14
  2.40950338e-16 9.91859196e-01 9.87455447e-16 4.45496656e-13
  9.97300170e-01 9.56449540e-15 8.37457132e-15 3.81985837e-14
  7.29548822e-16 9.86550070e-01 2.17100490e-12 6.21100431e-18
  5.80681867e-01 3.81195927e-16 1.45875846e-15 6.15432631e-13
  3.17773486e-14 2.19592153e-17 8.02942130e-17 3.85263154e-16
  1.16611176e-15 4.82749585e-15 3.59088124e-16 1.59229999e-12
  1.53352762e-14 6.55012928e-19 1.31008770e-15 1.77947648e-11
  7.60158925e-16 8.16084756e-18 9.90623085e-14 1.19503239e-15
  1.16947347e-17 7.05692589e-16 2.90569666e-20 9.62454860e-16
  6.40405423e-14 4.65535104e-15 5.54156783e-13 9.99513305e-01
  3.34896592e-17 2.51086452e-13 9.52040872e-01 1.15261243e-14
  1.35866140e-17 6.47913739e-12 2.45890526e-14 1.32586353e-13
  2.75831088e-12 3.60252199e-16 4.69638240e-12 1.92189749e-14
  9.56966999e-12 1.31206884e-13 2.26509148e-14 1.46801538e-14
  1.06644220e-13 1.62242671e-16 6.26658493e-20 1.99348847e-15
  8.14761341e-18 1.19668222e-11 2.95622254e-15 1.42065228e-13
  6.63840639e-16 1.40968299e-15]]

Wahrscheinlichkeiten-Array Form: (2, 362)
== Job abgeschlossen ==

============================= JOB FEEDBACK =============================

NodeName=uc2n911
Job ID: 2134889
Cluster: uc3
User/Group: ma_pkonz/ma_ma
State: COMPLETED (exit code 0)
Nodes: 1
Cores per node: 2
CPU Utilized: 00:01:41
CPU Efficiency: 75.37% of 00:02:14 core-walltime
Job Wall-clock time: 00:01:07
Memory Utilized: 1.35 GB
Memory Efficiency: 4.23% of 32.00 GB (32.00 GB/node)
