== Job start (CPU-Partition: cpu_il) ==
Python Script wird mit 1 Kernen gestartet...
✓ preprocessed_full_dataset.csv saved to data/
  Train: 428 normal, 0 anomalies (0.0%)
  Test:  428 normal, 43 anomalies (9.129511677282377%)

################################################################################
Running model: TCCM on dataset: business_dataset_semi
################################################################################
== Job abgeschlossen ==

============================= JOB FEEDBACK =============================

NodeName=uc2n871
Job ID: 2598323
Cluster: uc3
User/Group: ma_pkonz/ma_ma
State: COMPLETED (exit code 0)
Nodes: 1
Cores per node: 16
CPU Utilized: 00:00:08
CPU Efficiency: 0.43% of 00:31:12 core-walltime
Job Wall-clock time: 00:01:57
Memory Utilized: 344.97 MB
Memory Efficiency: 1.05% of 32.00 GB (32.00 GB/node)
