== Job start ==
✓ preprocessed_full_dataset.csv saved to data/
  Train: 1752 normal, 0 anomalies (0.0%)
  Test:  439 normal, 11 anomalies (2.4444444444444446%)

################################################################################
Running model: ForestFlow on dataset: business_dataset
################################################################################

################################################################################
THRESHOLD ANALYSIS FOR ForestFlow
################################################################################

==========================================================================================
THRESHOLD ANALYSIS: ForestFlow - Decision
==========================================================================================
Percentile      Threshold    Precision       Recall           F1
------------------------------------------------------------------------------------------
60                 1.2039       0.0222       0.3636       0.0419
70                 1.2500       0.0222       0.2727       0.0411
75                 1.2749       0.0177       0.1818       0.0323
80                 1.3017       0.0222       0.1818       0.0396
85                 1.3407       0.0294       0.1818       0.0506
90                 1.3849       0.0222       0.0909       0.0357
95                 1.4509       0.0435       0.0909       0.0588
97.5               1.5266       0.0000       0.0000       0.0000
99                 1.6188       0.0000       0.0000       0.0000
99.5               1.6372       0.0000       0.0000       0.0000
99.9               1.7046       0.0000       0.0000       0.0000
------------------------------------------------------------------------------------------
✓ Best F1: 0.0588 @ 95th percentile
==========================================================================================

==========================================================================================
THRESHOLD ANALYSIS: ForestFlow - Deviation
==========================================================================================
Percentile      Threshold    Precision       Recall           F1
------------------------------------------------------------------------------------------
60                 6.7167       0.0611       1.0000       0.1152
70                 7.2346       0.0815       1.0000       0.1507
75                 7.6376       0.0973       1.0000       0.1774
80                 8.0122       0.1000       0.8182       0.1782
85                 8.4508       0.1324       0.8182       0.2278
90                 9.9154       0.2000       0.8182       0.3214
95                12.2497       0.3043       0.6364       0.4118
97.5              15.5899       0.4167       0.4545       0.4348
99                18.5410       0.4000       0.1818       0.2500
99.5              21.1306       0.6667       0.1818       0.2857
99.9              27.3564       1.0000       0.0909       0.1667
------------------------------------------------------------------------------------------
✓ Best F1: 0.4348 @ 97.5th percentile
==========================================================================================

==========================================================================================
THRESHOLD ANALYSIS: ForestFlow - Reconstruction
==========================================================================================
Percentile      Threshold    Precision       Recall           F1
------------------------------------------------------------------------------------------
60           1749534669.7172       0.0611       1.0000       0.1152
70           2903484052.3149       0.0815       1.0000       0.1507
75           3628645040.9030       0.0885       0.9091       0.1613
80           4421914991.3246       0.1111       0.9091       0.1980
85           6294587644.5768       0.1471       0.9091       0.2532
90           9142408969.3517       0.2000       0.8182       0.3214
95           19897420837.0039       0.2174       0.4545       0.2941
97.5         25129162283.1002       0.4167       0.4545       0.4348
99           40374310885.9985       0.4000       0.1818       0.2500
99.5         45336782820.0309       0.6667       0.1818       0.2857
99.9         49633534135.7207       1.0000       0.0909       0.1667
------------------------------------------------------------------------------------------
✓ Best F1: 0.4348 @ 97.5th percentile
==========================================================================================

################################################################################
Running model: ForestDiffusion on dataset: business_dataset
################################################################################

################################################################################
THRESHOLD ANALYSIS FOR ForestDiffusion
################################################################################

==========================================================================================
THRESHOLD ANALYSIS: ForestDiffusion - Decision
==========================================================================================
Percentile      Threshold    Precision       Recall           F1
------------------------------------------------------------------------------------------
60                 0.0644       0.0611       1.0000       0.1152
70                 0.0715       0.0815       1.0000       0.1507
75                 0.0762       0.0973       1.0000       0.1774
80                 0.0873       0.1222       1.0000       0.2178
85                 0.1003       0.1618       1.0000       0.2785
90                 0.1204       0.1778       0.7273       0.2857
95                 0.1646       0.2609       0.5455       0.3529
97.5               0.2252       0.1667       0.1818       0.1739
99                 0.2576       0.4000       0.1818       0.2500
99.5               0.2918       0.3333       0.0909       0.1429
99.9               0.3688       1.0000       0.0909       0.1667
------------------------------------------------------------------------------------------
✓ Best F1: 0.3529 @ 95th percentile
==========================================================================================

==========================================================================================
THRESHOLD ANALYSIS: ForestDiffusion - Deviation
==========================================================================================
Percentile      Threshold    Precision       Recall           F1
------------------------------------------------------------------------------------------
60              3400.2781       0.0444       0.7273       0.0838
70              3817.5001       0.0593       0.7273       0.1096
75              4079.3908       0.0708       0.7273       0.1290
80              4347.3567       0.0778       0.6364       0.1386
85              4691.8584       0.0735       0.4545       0.1266
90              5098.5808       0.0889       0.3636       0.1429
95              5872.8306       0.1304       0.2727       0.1765
97.5            6794.1744       0.2500       0.2727       0.2609
99              7736.4584       0.4000       0.1818       0.2500
99.5            8839.9588       0.6667       0.1818       0.2857
99.9            9084.5370       1.0000       0.0909       0.1667
------------------------------------------------------------------------------------------
✓ Best F1: 0.2857 @ 99.5th percentile
==========================================================================================

################################################################################
Running model: TCCM on dataset: business_dataset
################################################################################

################################################################################
THRESHOLD ANALYSIS FOR TCCM
################################################################################

==========================================================================================
THRESHOLD ANALYSIS: TCCM - Decision
==========================================================================================
Percentile      Threshold    Precision       Recall           F1
------------------------------------------------------------------------------------------
60               588.0973       0.0611       1.0000       0.1152
70               719.6989       0.0815       1.0000       0.1507
75               821.2931       0.0973       1.0000       0.1774
80               991.0342       0.1222       1.0000       0.2178
85              1264.0669       0.1618       1.0000       0.2785
90             10949.7996       0.2000       0.8182       0.3214
95             27069.3518       0.0870       0.1818       0.1176
97.5           43746.3299       0.0833       0.0909       0.0870
99             62341.2616       0.2000       0.0909       0.1250
99.5           84077.2519       0.3333       0.0909       0.1429
99.9           96763.5573       1.0000       0.0909       0.1667
------------------------------------------------------------------------------------------
✓ Best F1: 0.3214 @ 90th percentile
==========================================================================================

==========================================================================================
THRESHOLD ANALYSIS: TCCM - Deviation
==========================================================================================
Percentile      Threshold    Precision       Recall           F1
------------------------------------------------------------------------------------------
60            345962.0500       0.0611       1.0000       0.1152
70            517958.3781       0.0815       1.0000       0.1507
75            674592.1094       0.0973       1.0000       0.1774
80            982130.2625       0.1222       1.0000       0.2178
85           1597759.2125       0.1618       1.0000       0.2785
90           119937136.0000       0.2000       0.8182       0.3214
95           732766934.4000       0.0870       0.1818       0.1176
97.5         1914269641.6000       0.0833       0.0909       0.0870
99           3889070912.0000       0.2000       0.0909       0.1250
99.5         7076278054.4000       0.3333       0.0909       0.1429
99.9         9431904208.8961       1.0000       0.0909       0.1667
------------------------------------------------------------------------------------------
✓ Best F1: 0.3214 @ 90th percentile
==========================================================================================

==========================================================================================
THRESHOLD ANALYSIS: TCCM - Reconstruction
==========================================================================================
Percentile      Threshold    Precision       Recall           F1
------------------------------------------------------------------------------------------
60              1959.5964       0.0611       1.0000       0.1152
70              2231.7855       0.0815       1.0000       0.1507
75              2487.4623       0.0973       1.0000       0.1774
80              2746.1530       0.1222       1.0000       0.2178
85              3137.5476       0.1618       1.0000       0.2785
90             44650.1176       0.2222       0.9091       0.3571
95             80594.0012       0.2609       0.5455       0.3529
97.5          108146.5984       0.4167       0.4545       0.4348
99            125984.2258       0.8000       0.3636       0.5000
99.5          131335.1410       1.0000       0.2727       0.4286
99.9          160060.7349       1.0000       0.0909       0.1667
------------------------------------------------------------------------------------------
✓ Best F1: 0.5000 @ 99th percentile
==========================================================================================

============================================================================================================================================
COMPARISON FOR DATASET: business_dataset
============================================================================================================================================
Model              | DecAUROC        | DecAUPRC        | DevAUROC        | DevAUPRC        | RecAUROC        | RecAUPRC       
------------------------------------------------------------------------------------------------------------------------------
ForestFlow         | 0.5866±0.0596 | 0.0770±0.0463 | 0.9505±0.0075 | 0.4749±0.0469 | 0.9432±0.0072 | 0.4148±0.0515
ForestDiffusion    | 0.9421±0.0054 | 0.2928±0.0461 | 0.6979±0.0205 | 0.2776±0.0755 | 0.0000±0.0000 | 0.0000±0.0000
TCCM               | 0.9383±0.0039 | 0.2464±0.0086 | 0.9383±0.0039 | 0.2464±0.0086 | 0.9607±0.0002 | 0.5229±0.0007

----------------------------------------------------------------------------------------------------
TIMING (seconds):
----------------------------------------------------------------------------------------------------
Model              | TrainT          | DecT            | DevT            | RecT            |     TotalT
-------------------------------------------------------------------------------------------------------
ForestFlow         | 48.94  | 0.0976| 1.0285 | 4.4136|      54.48
ForestDiffusion    | 104.87  | 0.0989| 1.9841 | 0.0000|     106.96
TCCM               | 0.44  | 0.0081| 0.0919 | 0.0859|       0.62
== Job abgeschlossen ==

============================= JOB FEEDBACK =============================

NodeName=uc2n905
Job ID: 2417716
Cluster: uc3
User/Group: ma_pkonz/ma_ma
State: COMPLETED (exit code 0)
Nodes: 1
Cores per node: 2
CPU Utilized: 00:25:55
CPU Efficiency: 89.16% of 00:29:04 core-walltime
Job Wall-clock time: 00:14:32
Memory Utilized: 1.46 GB
Memory Efficiency: 4.57% of 32.00 GB (32.00 GB/node)
