== Job Start: Sun Jan  4 12:07:20 AM CET 2026 ==

 Dataset: business_dataset.csv with model: ForestFlow_nt5_dk1 and score: deviation
Loading data from: /pfs/work9/workspace/scratch/ma_pkonz-thesis/ForestDiffusion/data_contamination/business_dataset.csv

Total transactions: 6088
Date range: 2018-01-01 00:00:00 to 2024-02-26 00:00:00

Chronological split at: 2021-02-05 00:00:00
Train: 3048 transactions (until 2021-02-05 00:00:00)
Test: 3040 transactions (after 2021-02-05 00:00:00)
Test DataFrame saved to: /pfs/work9/workspace/scratch/ma_pkonz-thesis/ForestDiffusion/scripts/df_test_raw.csv

Computing features on training data...
Computing features on test data...

Train split:
  Normal: 3032
  Abnormal: 16
Test: 3040 (Normal: 3029, Abnormal: 11)

Scaling data...
  Scaler fitted on NORMAL training data only

============================================================
FINAL SHAPES
============================================================
X_train_normal:  (3032, 21)
X_train_abnormal: (16, 21)
X_test:          (3040, 21)
y_test:          (3040,) (Anomaly rate: 0.36%)

============================================================
ANOMALY TYPES IN DATASET
============================================================

Total:
anomaly_description
TIMING_ANOMALY           10
CHANNEL_ANOMALY           6
IBAN_MISMATCH_ANOMALY     6
FREQUENCY_ANOMALY         5
Name: count, dtype: int64

In Train: 16
In Test: 11

============================================================
ANOMALIES IN TEST SET
============================================================

Date: 2021-07-16 00:00:00
Amount: 133213.54
Ref Name: Smith and Sons Solutions
Anomaly: IBAN_MISMATCH_ANOMALY: IBAN changed from GB96CNSS68... to GB54CSOK24...
----------------------------------------
[*] No cached model found. Training model for business_dataset.csv, ForestFlow_nt5_dk1, contam_idx=0, seed=1

Training ForestDiffusionModel (flow) on dataset: business_dataset.csv_ForestFlow_nt5_dk1 with n_t=5, duplicate_K=2, seed=1
[*] Model saved to /pfs/work9/workspace/scratch/ma_pkonz-thesis/ForestDiffusion/scripts/saved_models/business_dataset.csv/ForestFlow_nt5_dk1/d45c242d278c514829040eb375edde86.joblib
[*] No cached model found. Training model for business_dataset.csv, ForestFlow_nt5_dk1, contam_idx=1, seed=1

Training ForestDiffusionModel (flow) on dataset: business_dataset.csv_ForestFlow_nt5_dk1 with n_t=5, duplicate_K=2, seed=1
[*] Model saved to /pfs/work9/workspace/scratch/ma_pkonz-thesis/ForestDiffusion/scripts/saved_models/business_dataset.csv/ForestFlow_nt5_dk1/804560f7a4ae3cc8728634e01580c450.joblib
[*] No cached model found. Training model for business_dataset.csv, ForestFlow_nt5_dk1, contam_idx=2, seed=1

Training ForestDiffusionModel (flow) on dataset: business_dataset.csv_ForestFlow_nt5_dk1 with n_t=5, duplicate_K=2, seed=1
[*] Model saved to /pfs/work9/workspace/scratch/ma_pkonz-thesis/ForestDiffusion/scripts/saved_models/business_dataset.csv/ForestFlow_nt5_dk1/2cdc8b21f2c6c8ea6f20df758bb93ef3.joblib
[*] No cached model found. Training model for business_dataset.csv, ForestFlow_nt5_dk1, contam_idx=3, seed=1

Training ForestDiffusionModel (flow) on dataset: business_dataset.csv_ForestFlow_nt5_dk1 with n_t=5, duplicate_K=2, seed=1
[*] Model saved to /pfs/work9/workspace/scratch/ma_pkonz-thesis/ForestDiffusion/scripts/saved_models/business_dataset.csv/ForestFlow_nt5_dk1/af8ef09d6dc6ba8e8b53214f804bb52f.joblib
[*] No cached model found. Training model for business_dataset.csv, ForestFlow_nt5_dk1, contam_idx=4, seed=1

Training ForestDiffusionModel (flow) on dataset: business_dataset.csv_ForestFlow_nt5_dk1 with n_t=5, duplicate_K=2, seed=1
[*] Model saved to /pfs/work9/workspace/scratch/ma_pkonz-thesis/ForestDiffusion/scripts/saved_models/business_dataset.csv/ForestFlow_nt5_dk1/4023b4acac1c64069106f6e2c231ce36.joblib
[*] No cached model found. Training model for business_dataset.csv, ForestFlow_nt5_dk1, contam_idx=5, seed=1

Training ForestDiffusionModel (flow) on dataset: business_dataset.csv_ForestFlow_nt5_dk1 with n_t=5, duplicate_K=2, seed=1
[*] Model saved to /pfs/work9/workspace/scratch/ma_pkonz-thesis/ForestDiffusion/scripts/saved_models/business_dataset.csv/ForestFlow_nt5_dk1/c3844e581b6935dcee4e26708864b0cc.joblib
[*] No cached model found. Training model for business_dataset.csv, ForestFlow_nt5_dk1, contam_idx=6, seed=1

Training ForestDiffusionModel (flow) on dataset: business_dataset.csv_ForestFlow_nt5_dk1 with n_t=5, duplicate_K=2, seed=1
[*] Model saved to /pfs/work9/workspace/scratch/ma_pkonz-thesis/ForestDiffusion/scripts/saved_models/business_dataset.csv/ForestFlow_nt5_dk1/0d94ffba204708c812d46127a6e55e31.joblib
[*] No cached model found. Training model for business_dataset.csv, ForestFlow_nt5_dk1, contam_idx=7, seed=1

Training ForestDiffusionModel (flow) on dataset: business_dataset.csv_ForestFlow_nt5_dk1 with n_t=5, duplicate_K=2, seed=1
[*] Model saved to /pfs/work9/workspace/scratch/ma_pkonz-thesis/ForestDiffusion/scripts/saved_models/business_dataset.csv/ForestFlow_nt5_dk1/8a6c7f556bba2bc1432d6080b4d24904.joblib
[*] No cached model found. Training model for business_dataset.csv, ForestFlow_nt5_dk1, contam_idx=8, seed=1

Training ForestDiffusionModel (flow) on dataset: business_dataset.csv_ForestFlow_nt5_dk1 with n_t=5, duplicate_K=2, seed=1
[*] Model saved to /pfs/work9/workspace/scratch/ma_pkonz-thesis/ForestDiffusion/scripts/saved_models/business_dataset.csv/ForestFlow_nt5_dk1/e62692e557e2299a7d489ca7b8aff902.joblib
[*] No cached model found. Training model for business_dataset.csv, ForestFlow_nt5_dk1, contam_idx=9, seed=1

Training ForestDiffusionModel (flow) on dataset: business_dataset.csv_ForestFlow_nt5_dk1 with n_t=5, duplicate_K=2, seed=1
[*] Model saved to /pfs/work9/workspace/scratch/ma_pkonz-thesis/ForestDiffusion/scripts/saved_models/business_dataset.csv/ForestFlow_nt5_dk1/c760f0551a1c7297d2cdb81a79480169.joblib

 Dataset: business_dataset.csv with model: ForestFlow_nt5_dk1 and score: reconstruction
Loading data from: /pfs/work9/workspace/scratch/ma_pkonz-thesis/ForestDiffusion/data_contamination/business_dataset.csv

Total transactions: 6088
Date range: 2018-01-01 00:00:00 to 2024-02-26 00:00:00

Chronological split at: 2021-02-05 00:00:00
Train: 3048 transactions (until 2021-02-05 00:00:00)
Test: 3040 transactions (after 2021-02-05 00:00:00)
Test DataFrame saved to: /pfs/work9/workspace/scratch/ma_pkonz-thesis/ForestDiffusion/scripts/df_test_raw.csv

Computing features on training data...
Computing features on test data...

Train split:
  Normal: 3032
  Abnormal: 16
Test: 3040 (Normal: 3029, Abnormal: 11)

Scaling data...
  Scaler fitted on NORMAL training data only

============================================================
FINAL SHAPES
============================================================
X_train_normal:  (3032, 21)
X_train_abnormal: (16, 21)
X_test:          (3040, 21)
y_test:          (3040,) (Anomaly rate: 0.36%)

============================================================
ANOMALY TYPES IN DATASET
============================================================

Total:
anomaly_description
TIMING_ANOMALY           10
CHANNEL_ANOMALY           6
IBAN_MISMATCH_ANOMALY     6
FREQUENCY_ANOMALY         5
Name: count, dtype: int64

In Train: 16
In Test: 11

============================================================
ANOMALIES IN TEST SET
============================================================

Date: 2021-07-16 00:00:00
Amount: 133213.54
Ref Name: Smith and Sons Solutions
Anomaly: IBAN_MISMATCH_ANOMALY: IBAN changed from GB96CNSS68... to GB54CSOK24...
----------------------------------------
[*] Loading cached forest model from /pfs/work9/workspace/scratch/ma_pkonz-thesis/ForestDiffusion/scripts/saved_models/business_dataset.csv/ForestFlow_nt5_dk1/d45c242d278c514829040eb375edde86.joblib
[*] Loading cached forest model from /pfs/work9/workspace/scratch/ma_pkonz-thesis/ForestDiffusion/scripts/saved_models/business_dataset.csv/ForestFlow_nt5_dk1/804560f7a4ae3cc8728634e01580c450.joblib
[*] Loading cached forest model from /pfs/work9/workspace/scratch/ma_pkonz-thesis/ForestDiffusion/scripts/saved_models/business_dataset.csv/ForestFlow_nt5_dk1/2cdc8b21f2c6c8ea6f20df758bb93ef3.joblib
[*] Loading cached forest model from /pfs/work9/workspace/scratch/ma_pkonz-thesis/ForestDiffusion/scripts/saved_models/business_dataset.csv/ForestFlow_nt5_dk1/af8ef09d6dc6ba8e8b53214f804bb52f.joblib
[*] Loading cached forest model from /pfs/work9/workspace/scratch/ma_pkonz-thesis/ForestDiffusion/scripts/saved_models/business_dataset.csv/ForestFlow_nt5_dk1/4023b4acac1c64069106f6e2c231ce36.joblib
[*] Loading cached forest model from /pfs/work9/workspace/scratch/ma_pkonz-thesis/ForestDiffusion/scripts/saved_models/business_dataset.csv/ForestFlow_nt5_dk1/c3844e581b6935dcee4e26708864b0cc.joblib
[*] Loading cached forest model from /pfs/work9/workspace/scratch/ma_pkonz-thesis/ForestDiffusion/scripts/saved_models/business_dataset.csv/ForestFlow_nt5_dk1/0d94ffba204708c812d46127a6e55e31.joblib
[*] Loading cached forest model from /pfs/work9/workspace/scratch/ma_pkonz-thesis/ForestDiffusion/scripts/saved_models/business_dataset.csv/ForestFlow_nt5_dk1/8a6c7f556bba2bc1432d6080b4d24904.joblib
[*] Loading cached forest model from /pfs/work9/workspace/scratch/ma_pkonz-thesis/ForestDiffusion/scripts/saved_models/business_dataset.csv/ForestFlow_nt5_dk1/e62692e557e2299a7d489ca7b8aff902.joblib
[*] Loading cached forest model from /pfs/work9/workspace/scratch/ma_pkonz-thesis/ForestDiffusion/scripts/saved_models/business_dataset.csv/ForestFlow_nt5_dk1/c760f0551a1c7297d2cdb81a79480169.joblib

 Dataset: business_dataset.csv with model: ForestFlow_nt5_dk1 and score: decision
Loading data from: /pfs/work9/workspace/scratch/ma_pkonz-thesis/ForestDiffusion/data_contamination/business_dataset.csv

Total transactions: 6088
Date range: 2018-01-01 00:00:00 to 2024-02-26 00:00:00

Chronological split at: 2021-02-05 00:00:00
Train: 3048 transactions (until 2021-02-05 00:00:00)
Test: 3040 transactions (after 2021-02-05 00:00:00)
Test DataFrame saved to: /pfs/work9/workspace/scratch/ma_pkonz-thesis/ForestDiffusion/scripts/df_test_raw.csv

Computing features on training data...
Computing features on test data...

Train split:
  Normal: 3032
  Abnormal: 16
Test: 3040 (Normal: 3029, Abnormal: 11)

Scaling data...
  Scaler fitted on NORMAL training data only

============================================================
FINAL SHAPES
============================================================
X_train_normal:  (3032, 21)
X_train_abnormal: (16, 21)
X_test:          (3040, 21)
y_test:          (3040,) (Anomaly rate: 0.36%)

============================================================
ANOMALY TYPES IN DATASET
============================================================

Total:
anomaly_description
TIMING_ANOMALY           10
CHANNEL_ANOMALY           6
IBAN_MISMATCH_ANOMALY     6
FREQUENCY_ANOMALY         5
Name: count, dtype: int64

In Train: 16
In Test: 11

============================================================
ANOMALIES IN TEST SET
============================================================

Date: 2021-07-16 00:00:00
Amount: 133213.54
Ref Name: Smith and Sons Solutions
Anomaly: IBAN_MISMATCH_ANOMALY: IBAN changed from GB96CNSS68... to GB54CSOK24...
----------------------------------------
[*] Loading cached forest model from /pfs/work9/workspace/scratch/ma_pkonz-thesis/ForestDiffusion/scripts/saved_models/business_dataset.csv/ForestFlow_nt5_dk1/d45c242d278c514829040eb375edde86.joblib
[*] Loading cached forest model from /pfs/work9/workspace/scratch/ma_pkonz-thesis/ForestDiffusion/scripts/saved_models/business_dataset.csv/ForestFlow_nt5_dk1/804560f7a4ae3cc8728634e01580c450.joblib
[*] Loading cached forest model from /pfs/work9/workspace/scratch/ma_pkonz-thesis/ForestDiffusion/scripts/saved_models/business_dataset.csv/ForestFlow_nt5_dk1/2cdc8b21f2c6c8ea6f20df758bb93ef3.joblib
[*] Loading cached forest model from /pfs/work9/workspace/scratch/ma_pkonz-thesis/ForestDiffusion/scripts/saved_models/business_dataset.csv/ForestFlow_nt5_dk1/af8ef09d6dc6ba8e8b53214f804bb52f.joblib
[*] Loading cached forest model from /pfs/work9/workspace/scratch/ma_pkonz-thesis/ForestDiffusion/scripts/saved_models/business_dataset.csv/ForestFlow_nt5_dk1/4023b4acac1c64069106f6e2c231ce36.joblib
[*] Loading cached forest model from /pfs/work9/workspace/scratch/ma_pkonz-thesis/ForestDiffusion/scripts/saved_models/business_dataset.csv/ForestFlow_nt5_dk1/c3844e581b6935dcee4e26708864b0cc.joblib
[*] Loading cached forest model from /pfs/work9/workspace/scratch/ma_pkonz-thesis/ForestDiffusion/scripts/saved_models/business_dataset.csv/ForestFlow_nt5_dk1/0d94ffba204708c812d46127a6e55e31.joblib
[*] Loading cached forest model from /pfs/work9/workspace/scratch/ma_pkonz-thesis/ForestDiffusion/scripts/saved_models/business_dataset.csv/ForestFlow_nt5_dk1/8a6c7f556bba2bc1432d6080b4d24904.joblib
[*] Loading cached forest model from /pfs/work9/workspace/scratch/ma_pkonz-thesis/ForestDiffusion/scripts/saved_models/business_dataset.csv/ForestFlow_nt5_dk1/e62692e557e2299a7d489ca7b8aff902.joblib
[*] Loading cached forest model from /pfs/work9/workspace/scratch/ma_pkonz-thesis/ForestDiffusion/scripts/saved_models/business_dataset.csv/ForestFlow_nt5_dk1/c760f0551a1c7297d2cdb81a79480169.joblib

 Dataset: business_dataset.csv with model: ForestDiffusion_nt5_dk1 and score: deviation
Loading data from: /pfs/work9/workspace/scratch/ma_pkonz-thesis/ForestDiffusion/data_contamination/business_dataset.csv

Total transactions: 6088
Date range: 2018-01-01 00:00:00 to 2024-02-26 00:00:00

Chronological split at: 2021-02-05 00:00:00
Train: 3048 transactions (until 2021-02-05 00:00:00)
Test: 3040 transactions (after 2021-02-05 00:00:00)
Test DataFrame saved to: /pfs/work9/workspace/scratch/ma_pkonz-thesis/ForestDiffusion/scripts/df_test_raw.csv

Computing features on training data...
Computing features on test data...

Train split:
  Normal: 3032
  Abnormal: 16
Test: 3040 (Normal: 3029, Abnormal: 11)

Scaling data...
  Scaler fitted on NORMAL training data only

============================================================
FINAL SHAPES
============================================================
X_train_normal:  (3032, 21)
X_train_abnormal: (16, 21)
X_test:          (3040, 21)
y_test:          (3040,) (Anomaly rate: 0.36%)

============================================================
ANOMALY TYPES IN DATASET
============================================================

Total:
anomaly_description
TIMING_ANOMALY           10
CHANNEL_ANOMALY           6
IBAN_MISMATCH_ANOMALY     6
FREQUENCY_ANOMALY         5
Name: count, dtype: int64

In Train: 16
In Test: 11

============================================================
ANOMALIES IN TEST SET
============================================================

Date: 2021-07-16 00:00:00
Amount: 133213.54
Ref Name: Smith and Sons Solutions
Anomaly: IBAN_MISMATCH_ANOMALY: IBAN changed from GB96CNSS68... to GB54CSOK24...
----------------------------------------
[*] No cached model found. Training model for business_dataset.csv, ForestDiffusion_nt5_dk1, contam_idx=0, seed=1

Training ForestDiffusionModel (vp) on dataset: business_dataset.csv_ForestDiffusion_nt5_dk1 with n_t=5, duplicate_K=2, seed=1
[*] Model saved to /pfs/work9/workspace/scratch/ma_pkonz-thesis/ForestDiffusion/scripts/saved_models/business_dataset.csv/ForestDiffusion_nt5_dk1/bfae1cedd899da72d731ed8e21296566.joblib
[*] No cached model found. Training model for business_dataset.csv, ForestDiffusion_nt5_dk1, contam_idx=1, seed=1

Training ForestDiffusionModel (vp) on dataset: business_dataset.csv_ForestDiffusion_nt5_dk1 with n_t=5, duplicate_K=2, seed=1
[*] Model saved to /pfs/work9/workspace/scratch/ma_pkonz-thesis/ForestDiffusion/scripts/saved_models/business_dataset.csv/ForestDiffusion_nt5_dk1/3fdeb75b1d387df67c17f84af640f3b1.joblib
[*] No cached model found. Training model for business_dataset.csv, ForestDiffusion_nt5_dk1, contam_idx=2, seed=1

Training ForestDiffusionModel (vp) on dataset: business_dataset.csv_ForestDiffusion_nt5_dk1 with n_t=5, duplicate_K=2, seed=1
[*] Model saved to /pfs/work9/workspace/scratch/ma_pkonz-thesis/ForestDiffusion/scripts/saved_models/business_dataset.csv/ForestDiffusion_nt5_dk1/5a379e67628382294e5be17851e18786.joblib
[*] No cached model found. Training model for business_dataset.csv, ForestDiffusion_nt5_dk1, contam_idx=3, seed=1

Training ForestDiffusionModel (vp) on dataset: business_dataset.csv_ForestDiffusion_nt5_dk1 with n_t=5, duplicate_K=2, seed=1
[*] Model saved to /pfs/work9/workspace/scratch/ma_pkonz-thesis/ForestDiffusion/scripts/saved_models/business_dataset.csv/ForestDiffusion_nt5_dk1/6b20b99aacd1a584926d8244ade25c79.joblib
[*] No cached model found. Training model for business_dataset.csv, ForestDiffusion_nt5_dk1, contam_idx=4, seed=1

Training ForestDiffusionModel (vp) on dataset: business_dataset.csv_ForestDiffusion_nt5_dk1 with n_t=5, duplicate_K=2, seed=1
[*] Model saved to /pfs/work9/workspace/scratch/ma_pkonz-thesis/ForestDiffusion/scripts/saved_models/business_dataset.csv/ForestDiffusion_nt5_dk1/102a4a325cae813731a629aeea61f640.joblib
[*] No cached model found. Training model for business_dataset.csv, ForestDiffusion_nt5_dk1, contam_idx=5, seed=1

Training ForestDiffusionModel (vp) on dataset: business_dataset.csv_ForestDiffusion_nt5_dk1 with n_t=5, duplicate_K=2, seed=1
[*] Model saved to /pfs/work9/workspace/scratch/ma_pkonz-thesis/ForestDiffusion/scripts/saved_models/business_dataset.csv/ForestDiffusion_nt5_dk1/ccc1a84adb45cc762aa16907a3f84bbe.joblib
[*] No cached model found. Training model for business_dataset.csv, ForestDiffusion_nt5_dk1, contam_idx=6, seed=1

Training ForestDiffusionModel (vp) on dataset: business_dataset.csv_ForestDiffusion_nt5_dk1 with n_t=5, duplicate_K=2, seed=1
[*] Model saved to /pfs/work9/workspace/scratch/ma_pkonz-thesis/ForestDiffusion/scripts/saved_models/business_dataset.csv/ForestDiffusion_nt5_dk1/bed81c5b3151597e300c174efe407da3.joblib
[*] No cached model found. Training model for business_dataset.csv, ForestDiffusion_nt5_dk1, contam_idx=7, seed=1

Training ForestDiffusionModel (vp) on dataset: business_dataset.csv_ForestDiffusion_nt5_dk1 with n_t=5, duplicate_K=2, seed=1
[*] Model saved to /pfs/work9/workspace/scratch/ma_pkonz-thesis/ForestDiffusion/scripts/saved_models/business_dataset.csv/ForestDiffusion_nt5_dk1/be9cbaf12f46aed8fd245d471c05d2c5.joblib
[*] No cached model found. Training model for business_dataset.csv, ForestDiffusion_nt5_dk1, contam_idx=8, seed=1

Training ForestDiffusionModel (vp) on dataset: business_dataset.csv_ForestDiffusion_nt5_dk1 with n_t=5, duplicate_K=2, seed=1
[*] Model saved to /pfs/work9/workspace/scratch/ma_pkonz-thesis/ForestDiffusion/scripts/saved_models/business_dataset.csv/ForestDiffusion_nt5_dk1/dc8d65e6c6bd9ff51336ca0c343105b4.joblib
[*] No cached model found. Training model for business_dataset.csv, ForestDiffusion_nt5_dk1, contam_idx=9, seed=1

Training ForestDiffusionModel (vp) on dataset: business_dataset.csv_ForestDiffusion_nt5_dk1 with n_t=5, duplicate_K=2, seed=1
[*] Model saved to /pfs/work9/workspace/scratch/ma_pkonz-thesis/ForestDiffusion/scripts/saved_models/business_dataset.csv/ForestDiffusion_nt5_dk1/0db146e7f41073ecacf89747dbfae21c.joblib

 Dataset: business_dataset.csv with model: ForestDiffusion_nt5_dk1 and score: reconstruction
Loading data from: /pfs/work9/workspace/scratch/ma_pkonz-thesis/ForestDiffusion/data_contamination/business_dataset.csv

Total transactions: 6088
Date range: 2018-01-01 00:00:00 to 2024-02-26 00:00:00

Chronological split at: 2021-02-05 00:00:00
Train: 3048 transactions (until 2021-02-05 00:00:00)
Test: 3040 transactions (after 2021-02-05 00:00:00)
Test DataFrame saved to: /pfs/work9/workspace/scratch/ma_pkonz-thesis/ForestDiffusion/scripts/df_test_raw.csv

Computing features on training data...
Computing features on test data...

Train split:
  Normal: 3032
  Abnormal: 16
Test: 3040 (Normal: 3029, Abnormal: 11)

Scaling data...
  Scaler fitted on NORMAL training data only

============================================================
FINAL SHAPES
============================================================
X_train_normal:  (3032, 21)
X_train_abnormal: (16, 21)
X_test:          (3040, 21)
y_test:          (3040,) (Anomaly rate: 0.36%)

============================================================
ANOMALY TYPES IN DATASET
============================================================

Total:
anomaly_description
TIMING_ANOMALY           10
CHANNEL_ANOMALY           6
IBAN_MISMATCH_ANOMALY     6
FREQUENCY_ANOMALY         5
Name: count, dtype: int64

In Train: 16
In Test: 11

============================================================
ANOMALIES IN TEST SET
============================================================

Date: 2021-07-16 00:00:00
Amount: 133213.54
Ref Name: Smith and Sons Solutions
Anomaly: IBAN_MISMATCH_ANOMALY: IBAN changed from GB96CNSS68... to GB54CSOK24...
----------------------------------------
[*] Loading cached forest model from /pfs/work9/workspace/scratch/ma_pkonz-thesis/ForestDiffusion/scripts/saved_models/business_dataset.csv/ForestDiffusion_nt5_dk1/bfae1cedd899da72d731ed8e21296566.joblib
[*] Loading cached forest model from /pfs/work9/workspace/scratch/ma_pkonz-thesis/ForestDiffusion/scripts/saved_models/business_dataset.csv/ForestDiffusion_nt5_dk1/3fdeb75b1d387df67c17f84af640f3b1.joblib
[*] Loading cached forest model from /pfs/work9/workspace/scratch/ma_pkonz-thesis/ForestDiffusion/scripts/saved_models/business_dataset.csv/ForestDiffusion_nt5_dk1/5a379e67628382294e5be17851e18786.joblib
[*] Loading cached forest model from /pfs/work9/workspace/scratch/ma_pkonz-thesis/ForestDiffusion/scripts/saved_models/business_dataset.csv/ForestDiffusion_nt5_dk1/6b20b99aacd1a584926d8244ade25c79.joblib
[*] Loading cached forest model from /pfs/work9/workspace/scratch/ma_pkonz-thesis/ForestDiffusion/scripts/saved_models/business_dataset.csv/ForestDiffusion_nt5_dk1/102a4a325cae813731a629aeea61f640.joblib
[*] Loading cached forest model from /pfs/work9/workspace/scratch/ma_pkonz-thesis/ForestDiffusion/scripts/saved_models/business_dataset.csv/ForestDiffusion_nt5_dk1/ccc1a84adb45cc762aa16907a3f84bbe.joblib
[*] Loading cached forest model from /pfs/work9/workspace/scratch/ma_pkonz-thesis/ForestDiffusion/scripts/saved_models/business_dataset.csv/ForestDiffusion_nt5_dk1/bed81c5b3151597e300c174efe407da3.joblib
[*] Loading cached forest model from /pfs/work9/workspace/scratch/ma_pkonz-thesis/ForestDiffusion/scripts/saved_models/business_dataset.csv/ForestDiffusion_nt5_dk1/be9cbaf12f46aed8fd245d471c05d2c5.joblib
[*] Loading cached forest model from /pfs/work9/workspace/scratch/ma_pkonz-thesis/ForestDiffusion/scripts/saved_models/business_dataset.csv/ForestDiffusion_nt5_dk1/dc8d65e6c6bd9ff51336ca0c343105b4.joblib
[*] Loading cached forest model from /pfs/work9/workspace/scratch/ma_pkonz-thesis/ForestDiffusion/scripts/saved_models/business_dataset.csv/ForestDiffusion_nt5_dk1/0db146e7f41073ecacf89747dbfae21c.joblib

 Dataset: business_dataset.csv with model: ForestDiffusion_nt5_dk1 and score: decision
Loading data from: /pfs/work9/workspace/scratch/ma_pkonz-thesis/ForestDiffusion/data_contamination/business_dataset.csv

Total transactions: 6088
Date range: 2018-01-01 00:00:00 to 2024-02-26 00:00:00

Chronological split at: 2021-02-05 00:00:00
Train: 3048 transactions (until 2021-02-05 00:00:00)
Test: 3040 transactions (after 2021-02-05 00:00:00)
Test DataFrame saved to: /pfs/work9/workspace/scratch/ma_pkonz-thesis/ForestDiffusion/scripts/df_test_raw.csv

Computing features on training data...
Computing features on test data...

Train split:
  Normal: 3032
  Abnormal: 16
Test: 3040 (Normal: 3029, Abnormal: 11)

Scaling data...
  Scaler fitted on NORMAL training data only

============================================================
FINAL SHAPES
============================================================
X_train_normal:  (3032, 21)
X_train_abnormal: (16, 21)
X_test:          (3040, 21)
y_test:          (3040,) (Anomaly rate: 0.36%)

============================================================
ANOMALY TYPES IN DATASET
============================================================

Total:
anomaly_description
TIMING_ANOMALY           10
CHANNEL_ANOMALY           6
IBAN_MISMATCH_ANOMALY     6
FREQUENCY_ANOMALY         5
Name: count, dtype: int64

In Train: 16
In Test: 11

============================================================
ANOMALIES IN TEST SET
============================================================

Date: 2021-07-16 00:00:00
Amount: 133213.54
Ref Name: Smith and Sons Solutions
Anomaly: IBAN_MISMATCH_ANOMALY: IBAN changed from GB96CNSS68... to GB54CSOK24...
----------------------------------------
[*] Loading cached forest model from /pfs/work9/workspace/scratch/ma_pkonz-thesis/ForestDiffusion/scripts/saved_models/business_dataset.csv/ForestDiffusion_nt5_dk1/bfae1cedd899da72d731ed8e21296566.joblib
[*] Loading cached forest model from /pfs/work9/workspace/scratch/ma_pkonz-thesis/ForestDiffusion/scripts/saved_models/business_dataset.csv/ForestDiffusion_nt5_dk1/3fdeb75b1d387df67c17f84af640f3b1.joblib
[*] Loading cached forest model from /pfs/work9/workspace/scratch/ma_pkonz-thesis/ForestDiffusion/scripts/saved_models/business_dataset.csv/ForestDiffusion_nt5_dk1/5a379e67628382294e5be17851e18786.joblib
[*] Loading cached forest model from /pfs/work9/workspace/scratch/ma_pkonz-thesis/ForestDiffusion/scripts/saved_models/business_dataset.csv/ForestDiffusion_nt5_dk1/6b20b99aacd1a584926d8244ade25c79.joblib
[*] Loading cached forest model from /pfs/work9/workspace/scratch/ma_pkonz-thesis/ForestDiffusion/scripts/saved_models/business_dataset.csv/ForestDiffusion_nt5_dk1/102a4a325cae813731a629aeea61f640.joblib
[*] Loading cached forest model from /pfs/work9/workspace/scratch/ma_pkonz-thesis/ForestDiffusion/scripts/saved_models/business_dataset.csv/ForestDiffusion_nt5_dk1/ccc1a84adb45cc762aa16907a3f84bbe.joblib
[*] Loading cached forest model from /pfs/work9/workspace/scratch/ma_pkonz-thesis/ForestDiffusion/scripts/saved_models/business_dataset.csv/ForestDiffusion_nt5_dk1/bed81c5b3151597e300c174efe407da3.joblib
[*] Loading cached forest model from /pfs/work9/workspace/scratch/ma_pkonz-thesis/ForestDiffusion/scripts/saved_models/business_dataset.csv/ForestDiffusion_nt5_dk1/be9cbaf12f46aed8fd245d471c05d2c5.joblib
[*] Loading cached forest model from /pfs/work9/workspace/scratch/ma_pkonz-thesis/ForestDiffusion/scripts/saved_models/business_dataset.csv/ForestDiffusion_nt5_dk1/dc8d65e6c6bd9ff51336ca0c343105b4.joblib
[*] Loading cached forest model from /pfs/work9/workspace/scratch/ma_pkonz-thesis/ForestDiffusion/scripts/saved_models/business_dataset.csv/ForestDiffusion_nt5_dk1/0db146e7f41073ecacf89747dbfae21c.joblib

 Dataset: business_dataset.csv with model: TCCM_nt5 and score: deviation
Loading data from: /pfs/work9/workspace/scratch/ma_pkonz-thesis/ForestDiffusion/data_contamination/business_dataset.csv

Total transactions: 6088
Date range: 2018-01-01 00:00:00 to 2024-02-26 00:00:00

Chronological split at: 2021-02-05 00:00:00
Train: 3048 transactions (until 2021-02-05 00:00:00)
Test: 3040 transactions (after 2021-02-05 00:00:00)
Test DataFrame saved to: /pfs/work9/workspace/scratch/ma_pkonz-thesis/ForestDiffusion/scripts/df_test_raw.csv

Computing features on training data...
Computing features on test data...

Train split:
  Normal: 3032
  Abnormal: 16
Test: 3040 (Normal: 3029, Abnormal: 11)

Scaling data...
  Scaler fitted on NORMAL training data only

============================================================
FINAL SHAPES
============================================================
X_train_normal:  (3032, 21)
X_train_abnormal: (16, 21)
X_test:          (3040, 21)
y_test:          (3040,) (Anomaly rate: 0.36%)

============================================================
ANOMALY TYPES IN DATASET
============================================================

Total:
anomaly_description
TIMING_ANOMALY           10
CHANNEL_ANOMALY           6
IBAN_MISMATCH_ANOMALY     6
FREQUENCY_ANOMALY         5
Name: count, dtype: int64

In Train: 16
In Test: 11

============================================================
ANOMALIES IN TEST SET
============================================================

Date: 2021-07-16 00:00:00
Amount: 133213.54
Ref Name: Smith and Sons Solutions
Anomaly: IBAN_MISMATCH_ANOMALY: IBAN changed from GB96CNSS68... to GB54CSOK24...
----------------------------------------
[*] No cached model found. Training model for business_dataset.csv, TCCM_nt5, contam_idx=0, seed=1

Training TCCM with hyperparameters:
  Epochs: 100
  Learning Rate: 0.001
  Batch Size: 64
TCCM model trained on dataset: business_dataset.csv with seed: 1
[*] Model saved to /pfs/work9/workspace/scratch/ma_pkonz-thesis/ForestDiffusion/scripts/saved_models/business_dataset.csv/tccm/7a35513e620f722f56a2c18d5277d610.joblib
[*] No cached model found. Training model for business_dataset.csv, TCCM_nt5, contam_idx=1, seed=1

Training TCCM with hyperparameters:
  Epochs: 100
  Learning Rate: 0.001
  Batch Size: 64
TCCM model trained on dataset: business_dataset.csv with seed: 1
[*] Model saved to /pfs/work9/workspace/scratch/ma_pkonz-thesis/ForestDiffusion/scripts/saved_models/business_dataset.csv/tccm/f2cb7c3688f9654a8cc0600ce3cb1a1b.joblib
[*] No cached model found. Training model for business_dataset.csv, TCCM_nt5, contam_idx=2, seed=1

Training TCCM with hyperparameters:
  Epochs: 100
  Learning Rate: 0.001
  Batch Size: 64
TCCM model trained on dataset: business_dataset.csv with seed: 1
[*] Model saved to /pfs/work9/workspace/scratch/ma_pkonz-thesis/ForestDiffusion/scripts/saved_models/business_dataset.csv/tccm/6743929cd0b637b55ea00c3531d70590.joblib
[*] No cached model found. Training model for business_dataset.csv, TCCM_nt5, contam_idx=3, seed=1

Training TCCM with hyperparameters:
  Epochs: 100
  Learning Rate: 0.001
  Batch Size: 64
TCCM model trained on dataset: business_dataset.csv with seed: 1
[*] Model saved to /pfs/work9/workspace/scratch/ma_pkonz-thesis/ForestDiffusion/scripts/saved_models/business_dataset.csv/tccm/70a3727795d3f60d836ddbb6de405290.joblib
[*] No cached model found. Training model for business_dataset.csv, TCCM_nt5, contam_idx=4, seed=1

Training TCCM with hyperparameters:
  Epochs: 100
  Learning Rate: 0.001
  Batch Size: 64
TCCM model trained on dataset: business_dataset.csv with seed: 1
[*] Model saved to /pfs/work9/workspace/scratch/ma_pkonz-thesis/ForestDiffusion/scripts/saved_models/business_dataset.csv/tccm/2157c9cb34764adfc0251516920faa1b.joblib
[*] No cached model found. Training model for business_dataset.csv, TCCM_nt5, contam_idx=5, seed=1

Training TCCM with hyperparameters:
  Epochs: 100
  Learning Rate: 0.001
  Batch Size: 64
TCCM model trained on dataset: business_dataset.csv with seed: 1
[*] Model saved to /pfs/work9/workspace/scratch/ma_pkonz-thesis/ForestDiffusion/scripts/saved_models/business_dataset.csv/tccm/cef8a209182921b8ca4adf7d26278b75.joblib
[*] No cached model found. Training model for business_dataset.csv, TCCM_nt5, contam_idx=6, seed=1

Training TCCM with hyperparameters:
  Epochs: 100
  Learning Rate: 0.001
  Batch Size: 64
TCCM model trained on dataset: business_dataset.csv with seed: 1
[*] Model saved to /pfs/work9/workspace/scratch/ma_pkonz-thesis/ForestDiffusion/scripts/saved_models/business_dataset.csv/tccm/f26c6816b101028e0222217efd1e707a.joblib
[*] No cached model found. Training model for business_dataset.csv, TCCM_nt5, contam_idx=7, seed=1

Training TCCM with hyperparameters:
  Epochs: 100
  Learning Rate: 0.001
  Batch Size: 64
TCCM model trained on dataset: business_dataset.csv with seed: 1
[*] Model saved to /pfs/work9/workspace/scratch/ma_pkonz-thesis/ForestDiffusion/scripts/saved_models/business_dataset.csv/tccm/3514a4e23e060af88c646e441adc17ba.joblib
[*] No cached model found. Training model for business_dataset.csv, TCCM_nt5, contam_idx=8, seed=1

Training TCCM with hyperparameters:
  Epochs: 100
  Learning Rate: 0.001
  Batch Size: 64
TCCM model trained on dataset: business_dataset.csv with seed: 1
[*] Model saved to /pfs/work9/workspace/scratch/ma_pkonz-thesis/ForestDiffusion/scripts/saved_models/business_dataset.csv/tccm/ae99d16053789f24e36ae15d915262ac.joblib
[*] No cached model found. Training model for business_dataset.csv, TCCM_nt5, contam_idx=9, seed=1

Training TCCM with hyperparameters:
  Epochs: 100
  Learning Rate: 0.001
  Batch Size: 64
TCCM model trained on dataset: business_dataset.csv with seed: 1
[*] Model saved to /pfs/work9/workspace/scratch/ma_pkonz-thesis/ForestDiffusion/scripts/saved_models/business_dataset.csv/tccm/7cfc7f5d4edb69680783fa758cb46a84.joblib

 Dataset: business_dataset.csv with model: TCCM_nt5 and score: reconstruction
Loading data from: /pfs/work9/workspace/scratch/ma_pkonz-thesis/ForestDiffusion/data_contamination/business_dataset.csv

Total transactions: 6088
Date range: 2018-01-01 00:00:00 to 2024-02-26 00:00:00

Chronological split at: 2021-02-05 00:00:00
Train: 3048 transactions (until 2021-02-05 00:00:00)
Test: 3040 transactions (after 2021-02-05 00:00:00)
Test DataFrame saved to: /pfs/work9/workspace/scratch/ma_pkonz-thesis/ForestDiffusion/scripts/df_test_raw.csv

Computing features on training data...
Computing features on test data...

Train split:
  Normal: 3032
  Abnormal: 16
Test: 3040 (Normal: 3029, Abnormal: 11)

Scaling data...
  Scaler fitted on NORMAL training data only

============================================================
FINAL SHAPES
============================================================
X_train_normal:  (3032, 21)
X_train_abnormal: (16, 21)
X_test:          (3040, 21)
y_test:          (3040,) (Anomaly rate: 0.36%)

============================================================
ANOMALY TYPES IN DATASET
============================================================

Total:
anomaly_description
TIMING_ANOMALY           10
CHANNEL_ANOMALY           6
IBAN_MISMATCH_ANOMALY     6
FREQUENCY_ANOMALY         5
Name: count, dtype: int64

In Train: 16
In Test: 11

============================================================
ANOMALIES IN TEST SET
============================================================

Date: 2021-07-16 00:00:00
Amount: 133213.54
Ref Name: Smith and Sons Solutions
Anomaly: IBAN_MISMATCH_ANOMALY: IBAN changed from GB96CNSS68... to GB54CSOK24...
----------------------------------------
[*] Loading cached tccm model from /pfs/work9/workspace/scratch/ma_pkonz-thesis/ForestDiffusion/scripts/saved_models/business_dataset.csv/tccm/7a35513e620f722f56a2c18d5277d610.joblib
[*] Loading cached tccm model from /pfs/work9/workspace/scratch/ma_pkonz-thesis/ForestDiffusion/scripts/saved_models/business_dataset.csv/tccm/f2cb7c3688f9654a8cc0600ce3cb1a1b.joblib
[*] Loading cached tccm model from /pfs/work9/workspace/scratch/ma_pkonz-thesis/ForestDiffusion/scripts/saved_models/business_dataset.csv/tccm/6743929cd0b637b55ea00c3531d70590.joblib
[*] Loading cached tccm model from /pfs/work9/workspace/scratch/ma_pkonz-thesis/ForestDiffusion/scripts/saved_models/business_dataset.csv/tccm/70a3727795d3f60d836ddbb6de405290.joblib
[*] Loading cached tccm model from /pfs/work9/workspace/scratch/ma_pkonz-thesis/ForestDiffusion/scripts/saved_models/business_dataset.csv/tccm/2157c9cb34764adfc0251516920faa1b.joblib
[*] Loading cached tccm model from /pfs/work9/workspace/scratch/ma_pkonz-thesis/ForestDiffusion/scripts/saved_models/business_dataset.csv/tccm/cef8a209182921b8ca4adf7d26278b75.joblib
[*] Loading cached tccm model from /pfs/work9/workspace/scratch/ma_pkonz-thesis/ForestDiffusion/scripts/saved_models/business_dataset.csv/tccm/f26c6816b101028e0222217efd1e707a.joblib
[*] Loading cached tccm model from /pfs/work9/workspace/scratch/ma_pkonz-thesis/ForestDiffusion/scripts/saved_models/business_dataset.csv/tccm/3514a4e23e060af88c646e441adc17ba.joblib
[*] Loading cached tccm model from /pfs/work9/workspace/scratch/ma_pkonz-thesis/ForestDiffusion/scripts/saved_models/business_dataset.csv/tccm/ae99d16053789f24e36ae15d915262ac.joblib
[*] Loading cached tccm model from /pfs/work9/workspace/scratch/ma_pkonz-thesis/ForestDiffusion/scripts/saved_models/business_dataset.csv/tccm/7cfc7f5d4edb69680783fa758cb46a84.joblib

 Dataset: business_dataset.csv with model: TCCM_nt5 and score: decision
Loading data from: /pfs/work9/workspace/scratch/ma_pkonz-thesis/ForestDiffusion/data_contamination/business_dataset.csv

Total transactions: 6088
Date range: 2018-01-01 00:00:00 to 2024-02-26 00:00:00

Chronological split at: 2021-02-05 00:00:00
Train: 3048 transactions (until 2021-02-05 00:00:00)
Test: 3040 transactions (after 2021-02-05 00:00:00)
Test DataFrame saved to: /pfs/work9/workspace/scratch/ma_pkonz-thesis/ForestDiffusion/scripts/df_test_raw.csv

Computing features on training data...
Computing features on test data...

Train split:
  Normal: 3032
  Abnormal: 16
Test: 3040 (Normal: 3029, Abnormal: 11)

Scaling data...
  Scaler fitted on NORMAL training data only

============================================================
FINAL SHAPES
============================================================
X_train_normal:  (3032, 21)
X_train_abnormal: (16, 21)
X_test:          (3040, 21)
y_test:          (3040,) (Anomaly rate: 0.36%)

============================================================
ANOMALY TYPES IN DATASET
============================================================

Total:
anomaly_description
TIMING_ANOMALY           10
CHANNEL_ANOMALY           6
IBAN_MISMATCH_ANOMALY     6
FREQUENCY_ANOMALY         5
Name: count, dtype: int64

In Train: 16
In Test: 11

============================================================
ANOMALIES IN TEST SET
============================================================

Date: 2021-07-16 00:00:00
Amount: 133213.54
Ref Name: Smith and Sons Solutions
Anomaly: IBAN_MISMATCH_ANOMALY: IBAN changed from GB96CNSS68... to GB54CSOK24...
----------------------------------------
[*] Loading cached tccm model from /pfs/work9/workspace/scratch/ma_pkonz-thesis/ForestDiffusion/scripts/saved_models/business_dataset.csv/tccm/7a35513e620f722f56a2c18d5277d610.joblib
[*] Loading cached tccm model from /pfs/work9/workspace/scratch/ma_pkonz-thesis/ForestDiffusion/scripts/saved_models/business_dataset.csv/tccm/f2cb7c3688f9654a8cc0600ce3cb1a1b.joblib
[*] Loading cached tccm model from /pfs/work9/workspace/scratch/ma_pkonz-thesis/ForestDiffusion/scripts/saved_models/business_dataset.csv/tccm/6743929cd0b637b55ea00c3531d70590.joblib
[*] Loading cached tccm model from /pfs/work9/workspace/scratch/ma_pkonz-thesis/ForestDiffusion/scripts/saved_models/business_dataset.csv/tccm/70a3727795d3f60d836ddbb6de405290.joblib
[*] Loading cached tccm model from /pfs/work9/workspace/scratch/ma_pkonz-thesis/ForestDiffusion/scripts/saved_models/business_dataset.csv/tccm/2157c9cb34764adfc0251516920faa1b.joblib
[*] Loading cached tccm model from /pfs/work9/workspace/scratch/ma_pkonz-thesis/ForestDiffusion/scripts/saved_models/business_dataset.csv/tccm/cef8a209182921b8ca4adf7d26278b75.joblib
[*] Loading cached tccm model from /pfs/work9/workspace/scratch/ma_pkonz-thesis/ForestDiffusion/scripts/saved_models/business_dataset.csv/tccm/f26c6816b101028e0222217efd1e707a.joblib
[*] Loading cached tccm model from /pfs/work9/workspace/scratch/ma_pkonz-thesis/ForestDiffusion/scripts/saved_models/business_dataset.csv/tccm/3514a4e23e060af88c646e441adc17ba.joblib
[*] Loading cached tccm model from /pfs/work9/workspace/scratch/ma_pkonz-thesis/ForestDiffusion/scripts/saved_models/business_dataset.csv/tccm/ae99d16053789f24e36ae15d915262ac.joblib
[*] Loading cached tccm model from /pfs/work9/workspace/scratch/ma_pkonz-thesis/ForestDiffusion/scripts/saved_models/business_dataset.csv/tccm/7cfc7f5d4edb69680783fa758cb46a84.joblib

================================================================================
EXTREME CASES SUMMARY
================================================================================

ForestFlow_nt5_dk1 - deviation:
  business_dataset.csv [no_contamination]:
    AUC: 0.9526 ± 0.0000
    AUPRC: 0.3226 ± 0.0000

    Threshold Percentile Metrics:
    Percentile   Precision            Recall               F1                  
    ------------------------------------------------------------------------
    20           0.0045 ± 0.0000      1.0000 ± 0.0000      0.0090 ± 0.0000     
    25           0.0048 ± 0.0000      1.0000 ± 0.0000      0.0096 ± 0.0000     
    30           0.0052 ± 0.0000      1.0000 ± 0.0000      0.0103 ± 0.0000     
    35           0.0056 ± 0.0000      1.0000 ± 0.0000      0.0111 ± 0.0000     
    40           0.0060 ± 0.0000      1.0000 ± 0.0000      0.0120 ± 0.0000     
    45           0.0066 ± 0.0000      1.0000 ± 0.0000      0.0131 ± 0.0000     
    50           0.0072 ± 0.0000      1.0000 ± 0.0000      0.0144 ± 0.0000     
    60           0.0090 ± 0.0000      1.0000 ± 0.0000      0.0179 ± 0.0000     
    70           0.0121 ± 0.0000      1.0000 ± 0.0000      0.0238 ± 0.0000     
    80           0.0164 ± 0.0000      0.9091 ± 0.0000      0.0323 ± 0.0000     
    90           0.0296 ± 0.0000      0.8182 ± 0.0000      0.0571 ± 0.0000     
    95           0.0526 ± 0.0000      0.7273 ± 0.0000      0.0982 ± 0.0000     
    97.5         0.0921 ± 0.0000      0.6364 ± 0.0000      0.1609 ± 0.0000     
    99           0.1935 ± 0.0000      0.5455 ± 0.0000      0.2857 ± 0.0000     
    99.5         0.3125 ± 0.0000      0.4545 ± 0.0000      0.3704 ± 0.0000     
    99.9         0.7500 ± 0.0000      0.2727 ± 0.0000      0.4000 ± 0.0000     
    99.95        0.5000 ± 0.0000      0.0909 ± 0.0000      0.1538 ± 0.0000     
    99.99        0.0000 ± 0.0000      0.0000 ± 0.0000      0.0000 ± 0.0000     

    ✓ Best F1: 0.4000 @ 99.9th percentile
  business_dataset.csv [full_contamination]:
    AUC: 0.9337 ± 0.0000
    AUPRC: 0.3645 ± 0.0000

    Threshold Percentile Metrics:
    Percentile   Precision            Recall               F1                  
    ------------------------------------------------------------------------
    20           0.0045 ± 0.0000      1.0000 ± 0.0000      0.0090 ± 0.0000     
    25           0.0048 ± 0.0000      1.0000 ± 0.0000      0.0096 ± 0.0000     
    30           0.0052 ± 0.0000      1.0000 ± 0.0000      0.0103 ± 0.0000     
    35           0.0056 ± 0.0000      1.0000 ± 0.0000      0.0111 ± 0.0000     
    40           0.0060 ± 0.0000      1.0000 ± 0.0000      0.0120 ± 0.0000     
    45           0.0066 ± 0.0000      1.0000 ± 0.0000      0.0131 ± 0.0000     
    50           0.0072 ± 0.0000      1.0000 ± 0.0000      0.0144 ± 0.0000     
    60           0.0090 ± 0.0000      1.0000 ± 0.0000      0.0179 ± 0.0000     
    70           0.0121 ± 0.0000      1.0000 ± 0.0000      0.0238 ± 0.0000     
    80           0.0148 ± 0.0000      0.8182 ± 0.0000      0.0291 ± 0.0000     
    90           0.0263 ± 0.0000      0.7273 ± 0.0000      0.0508 ± 0.0000     
    95           0.0461 ± 0.0000      0.6364 ± 0.0000      0.0859 ± 0.0000     
    97.5         0.0921 ± 0.0000      0.6364 ± 0.0000      0.1609 ± 0.0000     
    99           0.2258 ± 0.0000      0.6364 ± 0.0000      0.3333 ± 0.0000     
    99.5         0.3750 ± 0.0000      0.5455 ± 0.0000      0.4444 ± 0.0000     
    99.9         0.7500 ± 0.0000      0.2727 ± 0.0000      0.4000 ± 0.0000     
    99.95        0.5000 ± 0.0000      0.0909 ± 0.0000      0.1538 ± 0.0000     
    99.99        0.0000 ± 0.0000      0.0000 ± 0.0000      0.0000 ± 0.0000     

    ✓ Best F1: 0.4444 @ 99.5th percentile

ForestFlow_nt5_dk1 - reconstruction:
  business_dataset.csv [no_contamination]:
    AUC: 0.9325 ± 0.0000
    AUPRC: 0.3711 ± 0.0000

    Threshold Percentile Metrics:
    Percentile   Precision            Recall               F1                  
    ------------------------------------------------------------------------
    20           0.0045 ± 0.0000      1.0000 ± 0.0000      0.0090 ± 0.0000     
    25           0.0048 ± 0.0000      1.0000 ± 0.0000      0.0096 ± 0.0000     
    30           0.0052 ± 0.0000      1.0000 ± 0.0000      0.0103 ± 0.0000     
    35           0.0056 ± 0.0000      1.0000 ± 0.0000      0.0111 ± 0.0000     
    40           0.0060 ± 0.0000      1.0000 ± 0.0000      0.0120 ± 0.0000     
    45           0.0066 ± 0.0000      1.0000 ± 0.0000      0.0131 ± 0.0000     
    50           0.0072 ± 0.0000      1.0000 ± 0.0000      0.0144 ± 0.0000     
    60           0.0082 ± 0.0000      0.9091 ± 0.0000      0.0163 ± 0.0000     
    70           0.0110 ± 0.0000      0.9091 ± 0.0000      0.0217 ± 0.0000     
    80           0.0148 ± 0.0000      0.8182 ± 0.0000      0.0291 ± 0.0000     
    90           0.0296 ± 0.0000      0.8182 ± 0.0000      0.0571 ± 0.0000     
    95           0.0592 ± 0.0000      0.8182 ± 0.0000      0.1104 ± 0.0000     
    97.5         0.1184 ± 0.0000      0.8182 ± 0.0000      0.2069 ± 0.0000     
    99           0.2903 ± 0.0000      0.8182 ± 0.0000      0.4286 ± 0.0000     
    99.5         0.5000 ± 0.0000      0.7273 ± 0.0000      0.5926 ± 0.0000     
    99.9         0.2500 ± 0.0000      0.0909 ± 0.0000      0.1333 ± 0.0000     
    99.95        0.0000 ± 0.0000      0.0000 ± 0.0000      0.0000 ± 0.0000     
    99.99        0.0000 ± 0.0000      0.0000 ± 0.0000      0.0000 ± 0.0000     

    ✓ Best F1: 0.5926 @ 99.5th percentile
  business_dataset.csv [full_contamination]:
    AUC: 0.9559 ± 0.0000
    AUPRC: 0.3029 ± 0.0000

    Threshold Percentile Metrics:
    Percentile   Precision            Recall               F1                  
    ------------------------------------------------------------------------
    20           0.0045 ± 0.0000      1.0000 ± 0.0000      0.0090 ± 0.0000     
    25           0.0048 ± 0.0000      1.0000 ± 0.0000      0.0096 ± 0.0000     
    30           0.0052 ± 0.0000      1.0000 ± 0.0000      0.0103 ± 0.0000     
    35           0.0056 ± 0.0000      1.0000 ± 0.0000      0.0111 ± 0.0000     
    40           0.0060 ± 0.0000      1.0000 ± 0.0000      0.0120 ± 0.0000     
    45           0.0066 ± 0.0000      1.0000 ± 0.0000      0.0131 ± 0.0000     
    50           0.0072 ± 0.0000      1.0000 ± 0.0000      0.0144 ± 0.0000     
    60           0.0090 ± 0.0000      1.0000 ± 0.0000      0.0179 ± 0.0000     
    70           0.0121 ± 0.0000      1.0000 ± 0.0000      0.0238 ± 0.0000     
    80           0.0164 ± 0.0000      0.9091 ± 0.0000      0.0323 ± 0.0000     
    90           0.0296 ± 0.0000      0.8182 ± 0.0000      0.0571 ± 0.0000     
    95           0.0592 ± 0.0000      0.8182 ± 0.0000      0.1104 ± 0.0000     
    97.5         0.1184 ± 0.0000      0.8182 ± 0.0000      0.2069 ± 0.0000     
    99           0.2581 ± 0.0000      0.7273 ± 0.0000      0.3810 ± 0.0000     
    99.5         0.3125 ± 0.0000      0.4545 ± 0.0000      0.3704 ± 0.0000     
    99.9         0.5000 ± 0.0000      0.1818 ± 0.0000      0.2667 ± 0.0000     
    99.95        0.0000 ± 0.0000      0.0000 ± 0.0000      0.0000 ± 0.0000     
    99.99        0.0000 ± 0.0000      0.0000 ± 0.0000      0.0000 ± 0.0000     

    ✓ Best F1: 0.3810 @ 99th percentile

ForestFlow_nt5_dk1 - decision:
  business_dataset.csv [no_contamination]:
    AUC: 0.8966 ± 0.0000
    AUPRC: 0.2987 ± 0.0000

    Threshold Percentile Metrics:
    Percentile   Precision            Recall               F1                  
    ------------------------------------------------------------------------
    20           0.0045 ± 0.0000      1.0000 ± 0.0000      0.0090 ± 0.0000     
    25           0.0048 ± 0.0000      1.0000 ± 0.0000      0.0096 ± 0.0000     
    30           0.0052 ± 0.0000      1.0000 ± 0.0000      0.0103 ± 0.0000     
    35           0.0056 ± 0.0000      1.0000 ± 0.0000      0.0111 ± 0.0000     
    40           0.0060 ± 0.0000      1.0000 ± 0.0000      0.0120 ± 0.0000     
    45           0.0060 ± 0.0000      0.9091 ± 0.0000      0.0119 ± 0.0000     
    50           0.0066 ± 0.0000      0.9091 ± 0.0000      0.0131 ± 0.0000     
    60           0.0082 ± 0.0000      0.9091 ± 0.0000      0.0163 ± 0.0000     
    70           0.0110 ± 0.0000      0.9091 ± 0.0000      0.0217 ± 0.0000     
    80           0.0148 ± 0.0000      0.8182 ± 0.0000      0.0291 ± 0.0000     
    90           0.0263 ± 0.0000      0.7273 ± 0.0000      0.0508 ± 0.0000     
    95           0.0461 ± 0.0000      0.6364 ± 0.0000      0.0859 ± 0.0000     
    97.5         0.0658 ± 0.0000      0.4545 ± 0.0000      0.1149 ± 0.0000     
    99           0.1613 ± 0.0000      0.4545 ± 0.0000      0.2381 ± 0.0000     
    99.5         0.3125 ± 0.0000      0.4545 ± 0.0000      0.3704 ± 0.0000     
    99.9         0.7500 ± 0.0000      0.2727 ± 0.0000      0.4000 ± 0.0000     
    99.95        0.5000 ± 0.0000      0.0909 ± 0.0000      0.1538 ± 0.0000     
    99.99        0.0000 ± 0.0000      0.0000 ± 0.0000      0.0000 ± 0.0000     

    ✓ Best F1: 0.4000 @ 99.9th percentile
  business_dataset.csv [full_contamination]:
    AUC: 0.8521 ± 0.0000
    AUPRC: 0.0364 ± 0.0000

    Threshold Percentile Metrics:
    Percentile   Precision            Recall               F1                  
    ------------------------------------------------------------------------
    20           0.0045 ± 0.0000      1.0000 ± 0.0000      0.0090 ± 0.0000     
    25           0.0048 ± 0.0000      1.0000 ± 0.0000      0.0096 ± 0.0000     
    30           0.0052 ± 0.0000      1.0000 ± 0.0000      0.0103 ± 0.0000     
    35           0.0056 ± 0.0000      1.0000 ± 0.0000      0.0111 ± 0.0000     
    40           0.0060 ± 0.0000      1.0000 ± 0.0000      0.0120 ± 0.0000     
    45           0.0066 ± 0.0000      1.0000 ± 0.0000      0.0131 ± 0.0000     
    50           0.0072 ± 0.0000      1.0000 ± 0.0000      0.0144 ± 0.0000     
    60           0.0090 ± 0.0000      1.0000 ± 0.0000      0.0179 ± 0.0000     
    70           0.0121 ± 0.0000      1.0000 ± 0.0000      0.0238 ± 0.0000     
    80           0.0132 ± 0.0000      0.7273 ± 0.0000      0.0258 ± 0.0000     
    90           0.0132 ± 0.0000      0.3636 ± 0.0000      0.0254 ± 0.0000     
    95           0.0197 ± 0.0000      0.2727 ± 0.0000      0.0368 ± 0.0000     
    97.5         0.0263 ± 0.0000      0.1818 ± 0.0000      0.0460 ± 0.0000     
    99           0.0323 ± 0.0000      0.0909 ± 0.0000      0.0476 ± 0.0000     
    99.5         0.0625 ± 0.0000      0.0909 ± 0.0000      0.0741 ± 0.0000     
    99.9         0.2500 ± 0.0000      0.0909 ± 0.0000      0.1333 ± 0.0000     
    99.95        0.0000 ± 0.0000      0.0000 ± 0.0000      0.0000 ± 0.0000     
    99.99        0.0000 ± 0.0000      0.0000 ± 0.0000      0.0000 ± 0.0000     

    ✓ Best F1: 0.1333 @ 99.9th percentile

ForestDiffusion_nt5_dk1 - deviation:
  business_dataset.csv [no_contamination]:
    AUC: 0.8987 ± 0.0000
    AUPRC: 0.3917 ± 0.0000

    Threshold Percentile Metrics:
    Percentile   Precision            Recall               F1                  
    ------------------------------------------------------------------------
    20           0.0045 ± 0.0000      1.0000 ± 0.0000      0.0090 ± 0.0000     
    25           0.0048 ± 0.0000      1.0000 ± 0.0000      0.0096 ± 0.0000     
    30           0.0052 ± 0.0000      1.0000 ± 0.0000      0.0103 ± 0.0000     
    35           0.0056 ± 0.0000      1.0000 ± 0.0000      0.0111 ± 0.0000     
    40           0.0060 ± 0.0000      1.0000 ± 0.0000      0.0120 ± 0.0000     
    45           0.0066 ± 0.0000      1.0000 ± 0.0000      0.0131 ± 0.0000     
    50           0.0072 ± 0.0000      1.0000 ± 0.0000      0.0144 ± 0.0000     
    60           0.0082 ± 0.0000      0.9091 ± 0.0000      0.0163 ± 0.0000     
    70           0.0110 ± 0.0000      0.9091 ± 0.0000      0.0217 ± 0.0000     
    80           0.0148 ± 0.0000      0.8182 ± 0.0000      0.0291 ± 0.0000     
    90           0.0230 ± 0.0000      0.6364 ± 0.0000      0.0444 ± 0.0000     
    95           0.0395 ± 0.0000      0.5455 ± 0.0000      0.0736 ± 0.0000     
    97.5         0.0658 ± 0.0000      0.4545 ± 0.0000      0.1149 ± 0.0000     
    99           0.1613 ± 0.0000      0.4545 ± 0.0000      0.2381 ± 0.0000     
    99.5         0.3125 ± 0.0000      0.4545 ± 0.0000      0.3704 ± 0.0000     
    99.9         0.7500 ± 0.0000      0.2727 ± 0.0000      0.4000 ± 0.0000     
    99.95        1.0000 ± 0.0000      0.1818 ± 0.0000      0.3077 ± 0.0000     
    99.99        1.0000 ± 0.0000      0.0909 ± 0.0000      0.1667 ± 0.0000     

    ✓ Best F1: 0.4000 @ 99.9th percentile
  business_dataset.csv [full_contamination]:
    AUC: 0.9111 ± 0.0000
    AUPRC: 0.4221 ± 0.0000

    Threshold Percentile Metrics:
    Percentile   Precision            Recall               F1                  
    ------------------------------------------------------------------------
    20           0.0045 ± 0.0000      1.0000 ± 0.0000      0.0090 ± 0.0000     
    25           0.0048 ± 0.0000      1.0000 ± 0.0000      0.0096 ± 0.0000     
    30           0.0052 ± 0.0000      1.0000 ± 0.0000      0.0103 ± 0.0000     
    35           0.0056 ± 0.0000      1.0000 ± 0.0000      0.0111 ± 0.0000     
    40           0.0060 ± 0.0000      1.0000 ± 0.0000      0.0120 ± 0.0000     
    45           0.0066 ± 0.0000      1.0000 ± 0.0000      0.0131 ± 0.0000     
    50           0.0072 ± 0.0000      1.0000 ± 0.0000      0.0144 ± 0.0000     
    60           0.0082 ± 0.0000      0.9091 ± 0.0000      0.0163 ± 0.0000     
    70           0.0110 ± 0.0000      0.9091 ± 0.0000      0.0217 ± 0.0000     
    80           0.0132 ± 0.0000      0.7273 ± 0.0000      0.0258 ± 0.0000     
    90           0.0263 ± 0.0000      0.7273 ± 0.0000      0.0508 ± 0.0000     
    95           0.0526 ± 0.0000      0.7273 ± 0.0000      0.0982 ± 0.0000     
    97.5         0.0921 ± 0.0000      0.6364 ± 0.0000      0.1609 ± 0.0000     
    99           0.2258 ± 0.0000      0.6364 ± 0.0000      0.3333 ± 0.0000     
    99.5         0.3125 ± 0.0000      0.4545 ± 0.0000      0.3704 ± 0.0000     
    99.9         0.7500 ± 0.0000      0.2727 ± 0.0000      0.4000 ± 0.0000     
    99.95        1.0000 ± 0.0000      0.1818 ± 0.0000      0.3077 ± 0.0000     
    99.99        1.0000 ± 0.0000      0.0909 ± 0.0000      0.1667 ± 0.0000     

    ✓ Best F1: 0.4000 @ 99.9th percentile

ForestDiffusion_nt5_dk1 - reconstruction:
  business_dataset.csv [no_contamination]:
    AUC: 0.9241 ± 0.0000
    AUPRC: 0.2995 ± 0.0000

    Threshold Percentile Metrics:
    Percentile   Precision            Recall               F1                  
    ------------------------------------------------------------------------
    20           0.0045 ± 0.0000      1.0000 ± 0.0000      0.0090 ± 0.0000     
    25           0.0048 ± 0.0000      1.0000 ± 0.0000      0.0096 ± 0.0000     
    30           0.0052 ± 0.0000      1.0000 ± 0.0000      0.0103 ± 0.0000     
    35           0.0056 ± 0.0000      1.0000 ± 0.0000      0.0111 ± 0.0000     
    40           0.0060 ± 0.0000      1.0000 ± 0.0000      0.0120 ± 0.0000     
    45           0.0060 ± 0.0000      0.9091 ± 0.0000      0.0119 ± 0.0000     
    50           0.0066 ± 0.0000      0.9091 ± 0.0000      0.0131 ± 0.0000     
    60           0.0082 ± 0.0000      0.9091 ± 0.0000      0.0163 ± 0.0000     
    70           0.0110 ± 0.0000      0.9091 ± 0.0000      0.0217 ± 0.0000     
    80           0.0164 ± 0.0000      0.9091 ± 0.0000      0.0323 ± 0.0000     
    90           0.0296 ± 0.0000      0.8182 ± 0.0000      0.0571 ± 0.0000     
    95           0.0592 ± 0.0000      0.8182 ± 0.0000      0.1104 ± 0.0000     
    97.5         0.1053 ± 0.0000      0.7273 ± 0.0000      0.1839 ± 0.0000     
    99           0.2581 ± 0.0000      0.7273 ± 0.0000      0.3810 ± 0.0000     
    99.5         0.3750 ± 0.0000      0.5455 ± 0.0000      0.4444 ± 0.0000     
    99.9         0.2500 ± 0.0000      0.0909 ± 0.0000      0.1333 ± 0.0000     
    99.95        0.0000 ± 0.0000      0.0000 ± 0.0000      0.0000 ± 0.0000     
    99.99        0.0000 ± 0.0000      0.0000 ± 0.0000      0.0000 ± 0.0000     

    ✓ Best F1: 0.4444 @ 99.5th percentile
  business_dataset.csv [full_contamination]:
    AUC: 0.9408 ± 0.0000
    AUPRC: 0.2404 ± 0.0000

    Threshold Percentile Metrics:
    Percentile   Precision            Recall               F1                  
    ------------------------------------------------------------------------
    20           0.0045 ± 0.0000      1.0000 ± 0.0000      0.0090 ± 0.0000     
    25           0.0048 ± 0.0000      1.0000 ± 0.0000      0.0096 ± 0.0000     
    30           0.0052 ± 0.0000      1.0000 ± 0.0000      0.0103 ± 0.0000     
    35           0.0056 ± 0.0000      1.0000 ± 0.0000      0.0111 ± 0.0000     
    40           0.0060 ± 0.0000      1.0000 ± 0.0000      0.0120 ± 0.0000     
    45           0.0066 ± 0.0000      1.0000 ± 0.0000      0.0131 ± 0.0000     
    50           0.0072 ± 0.0000      1.0000 ± 0.0000      0.0144 ± 0.0000     
    60           0.0082 ± 0.0000      0.9091 ± 0.0000      0.0163 ± 0.0000     
    70           0.0110 ± 0.0000      0.9091 ± 0.0000      0.0217 ± 0.0000     
    80           0.0164 ± 0.0000      0.9091 ± 0.0000      0.0323 ± 0.0000     
    90           0.0296 ± 0.0000      0.8182 ± 0.0000      0.0571 ± 0.0000     
    95           0.0592 ± 0.0000      0.8182 ± 0.0000      0.1104 ± 0.0000     
    97.5         0.1053 ± 0.0000      0.7273 ± 0.0000      0.1839 ± 0.0000     
    99           0.1935 ± 0.0000      0.5455 ± 0.0000      0.2857 ± 0.0000     
    99.5         0.2500 ± 0.0000      0.3636 ± 0.0000      0.2963 ± 0.0000     
    99.9         0.2500 ± 0.0000      0.0909 ± 0.0000      0.1333 ± 0.0000     
    99.95        0.0000 ± 0.0000      0.0000 ± 0.0000      0.0000 ± 0.0000     
    99.99        0.0000 ± 0.0000      0.0000 ± 0.0000      0.0000 ± 0.0000     

    ✓ Best F1: 0.2963 @ 99.5th percentile

ForestDiffusion_nt5_dk1 - decision:
  business_dataset.csv [no_contamination]:
    AUC: 0.8774 ± 0.0000
    AUPRC: 0.3036 ± 0.0000

    Threshold Percentile Metrics:
    Percentile   Precision            Recall               F1                  
    ------------------------------------------------------------------------
    20           0.0045 ± 0.0000      1.0000 ± 0.0000      0.0090 ± 0.0000     
    25           0.0048 ± 0.0000      1.0000 ± 0.0000      0.0096 ± 0.0000     
    30           0.0052 ± 0.0000      1.0000 ± 0.0000      0.0103 ± 0.0000     
    35           0.0056 ± 0.0000      1.0000 ± 0.0000      0.0111 ± 0.0000     
    40           0.0060 ± 0.0000      1.0000 ± 0.0000      0.0120 ± 0.0000     
    45           0.0066 ± 0.0000      1.0000 ± 0.0000      0.0131 ± 0.0000     
    50           0.0066 ± 0.0000      0.9091 ± 0.0000      0.0131 ± 0.0000     
    60           0.0074 ± 0.0000      0.8182 ± 0.0000      0.0147 ± 0.0000     
    70           0.0099 ± 0.0000      0.8182 ± 0.0000      0.0195 ± 0.0000     
    80           0.0132 ± 0.0000      0.7273 ± 0.0000      0.0258 ± 0.0000     
    90           0.0263 ± 0.0000      0.7273 ± 0.0000      0.0508 ± 0.0000     
    95           0.0461 ± 0.0000      0.6364 ± 0.0000      0.0859 ± 0.0000     
    97.5         0.0921 ± 0.0000      0.6364 ± 0.0000      0.1609 ± 0.0000     
    99           0.1935 ± 0.0000      0.5455 ± 0.0000      0.2857 ± 0.0000     
    99.5         0.2500 ± 0.0000      0.3636 ± 0.0000      0.2963 ± 0.0000     
    99.9         0.7500 ± 0.0000      0.2727 ± 0.0000      0.4000 ± 0.0000     
    99.95        0.5000 ± 0.0000      0.0909 ± 0.0000      0.1538 ± 0.0000     
    99.99        0.0000 ± 0.0000      0.0000 ± 0.0000      0.0000 ± 0.0000     

    ✓ Best F1: 0.4000 @ 99.9th percentile
  business_dataset.csv [full_contamination]:
    AUC: 0.8450 ± 0.0000
    AUPRC: 0.0449 ± 0.0000

    Threshold Percentile Metrics:
    Percentile   Precision            Recall               F1                  
    ------------------------------------------------------------------------
    20           0.0041 ± 0.0000      0.9091 ± 0.0000      0.0082 ± 0.0000     
    25           0.0044 ± 0.0000      0.9091 ± 0.0000      0.0087 ± 0.0000     
    30           0.0047 ± 0.0000      0.9091 ± 0.0000      0.0094 ± 0.0000     
    35           0.0051 ± 0.0000      0.9091 ± 0.0000      0.0101 ± 0.0000     
    40           0.0055 ± 0.0000      0.9091 ± 0.0000      0.0109 ± 0.0000     
    45           0.0060 ± 0.0000      0.9091 ± 0.0000      0.0119 ± 0.0000     
    50           0.0066 ± 0.0000      0.9091 ± 0.0000      0.0131 ± 0.0000     
    60           0.0082 ± 0.0000      0.9091 ± 0.0000      0.0163 ± 0.0000     
    70           0.0088 ± 0.0000      0.7273 ± 0.0000      0.0173 ± 0.0000     
    80           0.0132 ± 0.0000      0.7273 ± 0.0000      0.0258 ± 0.0000     
    90           0.0230 ± 0.0000      0.6364 ± 0.0000      0.0444 ± 0.0000     
    95           0.0395 ± 0.0000      0.5455 ± 0.0000      0.0736 ± 0.0000     
    97.5         0.0526 ± 0.0000      0.3636 ± 0.0000      0.0920 ± 0.0000     
    99           0.0645 ± 0.0000      0.1818 ± 0.0000      0.0952 ± 0.0000     
    99.5         0.0625 ± 0.0000      0.0909 ± 0.0000      0.0741 ± 0.0000     
    99.9         0.0000 ± 0.0000      0.0000 ± 0.0000      0.0000 ± 0.0000     
    99.95        0.0000 ± 0.0000      0.0000 ± 0.0000      0.0000 ± 0.0000     
    99.99        0.0000 ± 0.0000      0.0000 ± 0.0000      0.0000 ± 0.0000     

    ✓ Best F1: 0.0952 @ 99th percentile

TCCM_nt5 - deviation:
  business_dataset.csv [no_contamination]:
    AUC: 0.7623 ± 0.0000
    AUPRC: 0.3291 ± 0.0000

    Threshold Percentile Metrics:
    Percentile   Precision            Recall               F1                  
    ------------------------------------------------------------------------
    20           0.0045 ± 0.0000      1.0000 ± 0.0000      0.0090 ± 0.0000     
    25           0.0048 ± 0.0000      1.0000 ± 0.0000      0.0096 ± 0.0000     
    30           0.0047 ± 0.0000      0.9091 ± 0.0000      0.0094 ± 0.0000     
    35           0.0051 ± 0.0000      0.9091 ± 0.0000      0.0101 ± 0.0000     
    40           0.0049 ± 0.0000      0.8182 ± 0.0000      0.0098 ± 0.0000     
    45           0.0048 ± 0.0000      0.7273 ± 0.0000      0.0095 ± 0.0000     
    50           0.0053 ± 0.0000      0.7273 ± 0.0000      0.0105 ± 0.0000     
    60           0.0066 ± 0.0000      0.7273 ± 0.0000      0.0130 ± 0.0000     
    70           0.0088 ± 0.0000      0.7273 ± 0.0000      0.0173 ± 0.0000     
    80           0.0115 ± 0.0000      0.6364 ± 0.0000      0.0226 ± 0.0000     
    90           0.0132 ± 0.0000      0.3636 ± 0.0000      0.0254 ± 0.0000     
    95           0.0263 ± 0.0000      0.3636 ± 0.0000      0.0491 ± 0.0000     
    97.5         0.0526 ± 0.0000      0.3636 ± 0.0000      0.0920 ± 0.0000     
    99           0.1290 ± 0.0000      0.3636 ± 0.0000      0.1905 ± 0.0000     
    99.5         0.2500 ± 0.0000      0.3636 ± 0.0000      0.2963 ± 0.0000     
    99.9         0.7500 ± 0.0000      0.2727 ± 0.0000      0.4000 ± 0.0000     
    99.95        1.0000 ± 0.0000      0.1818 ± 0.0000      0.3077 ± 0.0000     
    99.99        1.0000 ± 0.0000      0.0909 ± 0.0000      0.1667 ± 0.0000     

    ✓ Best F1: 0.4000 @ 99.9th percentile
  business_dataset.csv [full_contamination]:
    AUC: 0.7480 ± 0.0000
    AUPRC: 0.1802 ± 0.0000

    Threshold Percentile Metrics:
    Percentile   Precision            Recall               F1                  
    ------------------------------------------------------------------------
    20           0.0045 ± 0.0000      1.0000 ± 0.0000      0.0090 ± 0.0000     
    25           0.0048 ± 0.0000      1.0000 ± 0.0000      0.0096 ± 0.0000     
    30           0.0047 ± 0.0000      0.9091 ± 0.0000      0.0094 ± 0.0000     
    35           0.0051 ± 0.0000      0.9091 ± 0.0000      0.0101 ± 0.0000     
    40           0.0055 ± 0.0000      0.9091 ± 0.0000      0.0109 ± 0.0000     
    45           0.0048 ± 0.0000      0.7273 ± 0.0000      0.0095 ± 0.0000     
    50           0.0053 ± 0.0000      0.7273 ± 0.0000      0.0105 ± 0.0000     
    60           0.0066 ± 0.0000      0.7273 ± 0.0000      0.0130 ± 0.0000     
    70           0.0077 ± 0.0000      0.6364 ± 0.0000      0.0152 ± 0.0000     
    80           0.0082 ± 0.0000      0.4545 ± 0.0000      0.0162 ± 0.0000     
    90           0.0132 ± 0.0000      0.3636 ± 0.0000      0.0254 ± 0.0000     
    95           0.0263 ± 0.0000      0.3636 ± 0.0000      0.0491 ± 0.0000     
    97.5         0.0526 ± 0.0000      0.3636 ± 0.0000      0.0920 ± 0.0000     
    99           0.1290 ± 0.0000      0.3636 ± 0.0000      0.1905 ± 0.0000     
    99.5         0.2500 ± 0.0000      0.3636 ± 0.0000      0.2963 ± 0.0000     
    99.9         0.5000 ± 0.0000      0.1818 ± 0.0000      0.2667 ± 0.0000     
    99.95        0.5000 ± 0.0000      0.0909 ± 0.0000      0.1538 ± 0.0000     
    99.99        0.0000 ± 0.0000      0.0000 ± 0.0000      0.0000 ± 0.0000     

    ✓ Best F1: 0.2963 @ 99.5th percentile

TCCM_nt5 - reconstruction:
  business_dataset.csv [no_contamination]:
    AUC: 0.9017 ± 0.0000
    AUPRC: 0.3823 ± 0.0000

    Threshold Percentile Metrics:
    Percentile   Precision            Recall               F1                  
    ------------------------------------------------------------------------
    20           0.0045 ± 0.0000      1.0000 ± 0.0000      0.0090 ± 0.0000     
    25           0.0048 ± 0.0000      1.0000 ± 0.0000      0.0096 ± 0.0000     
    30           0.0052 ± 0.0000      1.0000 ± 0.0000      0.0103 ± 0.0000     
    35           0.0056 ± 0.0000      1.0000 ± 0.0000      0.0111 ± 0.0000     
    40           0.0060 ± 0.0000      1.0000 ± 0.0000      0.0120 ± 0.0000     
    45           0.0066 ± 0.0000      1.0000 ± 0.0000      0.0131 ± 0.0000     
    50           0.0072 ± 0.0000      1.0000 ± 0.0000      0.0144 ± 0.0000     
    60           0.0082 ± 0.0000      0.9091 ± 0.0000      0.0163 ± 0.0000     
    70           0.0099 ± 0.0000      0.8182 ± 0.0000      0.0195 ± 0.0000     
    80           0.0132 ± 0.0000      0.7273 ± 0.0000      0.0258 ± 0.0000     
    90           0.0263 ± 0.0000      0.7273 ± 0.0000      0.0508 ± 0.0000     
    95           0.0461 ± 0.0000      0.6364 ± 0.0000      0.0859 ± 0.0000     
    97.5         0.0789 ± 0.0000      0.5455 ± 0.0000      0.1379 ± 0.0000     
    99           0.1613 ± 0.0000      0.4545 ± 0.0000      0.2381 ± 0.0000     
    99.5         0.3125 ± 0.0000      0.4545 ± 0.0000      0.3704 ± 0.0000     
    99.9         0.7500 ± 0.0000      0.2727 ± 0.0000      0.4000 ± 0.0000     
    99.95        1.0000 ± 0.0000      0.1818 ± 0.0000      0.3077 ± 0.0000     
    99.99        1.0000 ± 0.0000      0.0909 ± 0.0000      0.1667 ± 0.0000     

    ✓ Best F1: 0.4000 @ 99.9th percentile
  business_dataset.csv [full_contamination]:
    AUC: 0.8910 ± 0.0000
    AUPRC: 0.3992 ± 0.0000

    Threshold Percentile Metrics:
    Percentile   Precision            Recall               F1                  
    ------------------------------------------------------------------------
    20           0.0045 ± 0.0000      1.0000 ± 0.0000      0.0090 ± 0.0000     
    25           0.0048 ± 0.0000      1.0000 ± 0.0000      0.0096 ± 0.0000     
    30           0.0052 ± 0.0000      1.0000 ± 0.0000      0.0103 ± 0.0000     
    35           0.0056 ± 0.0000      1.0000 ± 0.0000      0.0111 ± 0.0000     
    40           0.0060 ± 0.0000      1.0000 ± 0.0000      0.0120 ± 0.0000     
    45           0.0066 ± 0.0000      1.0000 ± 0.0000      0.0131 ± 0.0000     
    50           0.0072 ± 0.0000      1.0000 ± 0.0000      0.0144 ± 0.0000     
    60           0.0082 ± 0.0000      0.9091 ± 0.0000      0.0163 ± 0.0000     
    70           0.0099 ± 0.0000      0.8182 ± 0.0000      0.0195 ± 0.0000     
    80           0.0132 ± 0.0000      0.7273 ± 0.0000      0.0258 ± 0.0000     
    90           0.0263 ± 0.0000      0.7273 ± 0.0000      0.0508 ± 0.0000     
    95           0.0461 ± 0.0000      0.6364 ± 0.0000      0.0859 ± 0.0000     
    97.5         0.0789 ± 0.0000      0.5455 ± 0.0000      0.1379 ± 0.0000     
    99           0.1613 ± 0.0000      0.4545 ± 0.0000      0.2381 ± 0.0000     
    99.5         0.3125 ± 0.0000      0.4545 ± 0.0000      0.3704 ± 0.0000     
    99.9         0.7500 ± 0.0000      0.2727 ± 0.0000      0.4000 ± 0.0000     
    99.95        1.0000 ± 0.0000      0.1818 ± 0.0000      0.3077 ± 0.0000     
    99.99        1.0000 ± 0.0000      0.0909 ± 0.0000      0.1667 ± 0.0000     

    ✓ Best F1: 0.4000 @ 99.9th percentile

TCCM_nt5 - decision:
  business_dataset.csv [no_contamination]:
    AUC: 0.7729 ± 0.0000
    AUPRC: 0.3297 ± 0.0000

    Threshold Percentile Metrics:
    Percentile   Precision            Recall               F1                  
    ------------------------------------------------------------------------
    20           0.0045 ± 0.0000      1.0000 ± 0.0000      0.0090 ± 0.0000     
    25           0.0048 ± 0.0000      1.0000 ± 0.0000      0.0096 ± 0.0000     
    30           0.0047 ± 0.0000      0.9091 ± 0.0000      0.0094 ± 0.0000     
    35           0.0051 ± 0.0000      0.9091 ± 0.0000      0.0101 ± 0.0000     
    40           0.0049 ± 0.0000      0.8182 ± 0.0000      0.0098 ± 0.0000     
    45           0.0054 ± 0.0000      0.8182 ± 0.0000      0.0107 ± 0.0000     
    50           0.0053 ± 0.0000      0.7273 ± 0.0000      0.0105 ± 0.0000     
    60           0.0066 ± 0.0000      0.7273 ± 0.0000      0.0130 ± 0.0000     
    70           0.0088 ± 0.0000      0.7273 ± 0.0000      0.0173 ± 0.0000     
    80           0.0115 ± 0.0000      0.6364 ± 0.0000      0.0226 ± 0.0000     
    90           0.0164 ± 0.0000      0.4545 ± 0.0000      0.0317 ± 0.0000     
    95           0.0263 ± 0.0000      0.3636 ± 0.0000      0.0491 ± 0.0000     
    97.5         0.0526 ± 0.0000      0.3636 ± 0.0000      0.0920 ± 0.0000     
    99           0.1290 ± 0.0000      0.3636 ± 0.0000      0.1905 ± 0.0000     
    99.5         0.2500 ± 0.0000      0.3636 ± 0.0000      0.2963 ± 0.0000     
    99.9         0.7500 ± 0.0000      0.2727 ± 0.0000      0.4000 ± 0.0000     
    99.95        1.0000 ± 0.0000      0.1818 ± 0.0000      0.3077 ± 0.0000     
    99.99        1.0000 ± 0.0000      0.0909 ± 0.0000      0.1667 ± 0.0000     

    ✓ Best F1: 0.4000 @ 99.9th percentile
  business_dataset.csv [full_contamination]:
    AUC: 0.7597 ± 0.0000
    AUPRC: 0.1956 ± 0.0000

    Threshold Percentile Metrics:
    Percentile   Precision            Recall               F1                  
    ------------------------------------------------------------------------
    20           0.0045 ± 0.0000      1.0000 ± 0.0000      0.0090 ± 0.0000     
    25           0.0048 ± 0.0000      1.0000 ± 0.0000      0.0096 ± 0.0000     
    30           0.0047 ± 0.0000      0.9091 ± 0.0000      0.0094 ± 0.0000     
    35           0.0051 ± 0.0000      0.9091 ± 0.0000      0.0101 ± 0.0000     
    40           0.0055 ± 0.0000      0.9091 ± 0.0000      0.0109 ± 0.0000     
    45           0.0060 ± 0.0000      0.9091 ± 0.0000      0.0119 ± 0.0000     
    50           0.0053 ± 0.0000      0.7273 ± 0.0000      0.0105 ± 0.0000     
    60           0.0066 ± 0.0000      0.7273 ± 0.0000      0.0130 ± 0.0000     
    70           0.0077 ± 0.0000      0.6364 ± 0.0000      0.0152 ± 0.0000     
    80           0.0082 ± 0.0000      0.4545 ± 0.0000      0.0162 ± 0.0000     
    90           0.0132 ± 0.0000      0.3636 ± 0.0000      0.0254 ± 0.0000     
    95           0.0263 ± 0.0000      0.3636 ± 0.0000      0.0491 ± 0.0000     
    97.5         0.0526 ± 0.0000      0.3636 ± 0.0000      0.0920 ± 0.0000     
    99           0.1290 ± 0.0000      0.3636 ± 0.0000      0.1905 ± 0.0000     
    99.5         0.2500 ± 0.0000      0.3636 ± 0.0000      0.2963 ± 0.0000     
    99.9         0.5000 ± 0.0000      0.1818 ± 0.0000      0.2667 ± 0.0000     
    99.95        0.5000 ± 0.0000      0.0909 ± 0.0000      0.1538 ± 0.0000     
    99.99        0.0000 ± 0.0000      0.0000 ± 0.0000      0.0000 ± 0.0000     

    ✓ Best F1: 0.2963 @ 99.5th percentile

============================================================
Results saved at: test/results.joblib
============================================================
== Job Ende: Sun Jan  4 12:31:58 AM CET 2026 ==

============================= JOB FEEDBACK =============================

NodeName=uc2n829
Job ID: 2764112
Cluster: uc3
User/Group: ma_pkonz/ma_ma
State: COMPLETED (exit code 0)
Nodes: 1
Cores per node: 50
CPU Utilized: 00:24:31
CPU Efficiency: 1.97% of 20:44:10 core-walltime
Job Wall-clock time: 00:24:53
Memory Utilized: 868.74 MB
Memory Efficiency: 1.33% of 64.00 GB (64.00 GB/node)
