== Job Start: Sun Jan  4 12:19:26 AM CET 2026 ==

 Dataset: 5_campaign.npz with model: ForestDiffusion_nt20_dk20 and score: deviation
 
Dataset loaded successfully!
Training data: (18274, 62), Normal: 18274
Test data: (22914, 62), Normal: 18274, Anomalies: 4640
[*] Loading cached forest model from /pfs/work9/workspace/scratch/ma_pkonz-thesis/ForestDiffusion/scripts/saved_models/5_campaign.npz/ForestDiffusion_nt20_dk20/ec8b08df7620b23fbaaf2497e3edb5e7.joblib
[*] Loading cached forest model from /pfs/work9/workspace/scratch/ma_pkonz-thesis/ForestDiffusion/scripts/saved_models/5_campaign.npz/ForestDiffusion_nt20_dk20/a1547befeac7e86232d521b07011cad2.joblib
[*] Loading cached forest model from /pfs/work9/workspace/scratch/ma_pkonz-thesis/ForestDiffusion/scripts/saved_models/5_campaign.npz/ForestDiffusion_nt20_dk20/5cdbbc1f4a912fbeaa5432ad94200397.joblib
[*] Loading cached forest model from /pfs/work9/workspace/scratch/ma_pkonz-thesis/ForestDiffusion/scripts/saved_models/5_campaign.npz/ForestDiffusion_nt20_dk20/3b6fb68019d919a8d789dfee34a6a649.joblib
[*] Loading cached forest model from /pfs/work9/workspace/scratch/ma_pkonz-thesis/ForestDiffusion/scripts/saved_models/5_campaign.npz/ForestDiffusion_nt20_dk20/88884922a217b032a3c680e5303bb5f7.joblib
[*] Loading cached forest model from /pfs/work9/workspace/scratch/ma_pkonz-thesis/ForestDiffusion/scripts/saved_models/5_campaign.npz/ForestDiffusion_nt20_dk20/4f1ffbfea3ddae3d443e7fe3592fc561.joblib
[*] Loading cached forest model from /pfs/work9/workspace/scratch/ma_pkonz-thesis/ForestDiffusion/scripts/saved_models/5_campaign.npz/ForestDiffusion_nt20_dk20/fb3f1e9a0be30085d24b00ce0f2841e2.joblib
[*] Loading cached forest model from /pfs/work9/workspace/scratch/ma_pkonz-thesis/ForestDiffusion/scripts/saved_models/5_campaign.npz/ForestDiffusion_nt20_dk20/f05959543e6921a6033adfef326855da.joblib
[*] Loading cached forest model from /pfs/work9/workspace/scratch/ma_pkonz-thesis/ForestDiffusion/scripts/saved_models/5_campaign.npz/ForestDiffusion_nt20_dk20/520f73de93a74ae9adb2359d8d82f22b.joblib
[*] Loading cached forest model from /pfs/work9/workspace/scratch/ma_pkonz-thesis/ForestDiffusion/scripts/saved_models/5_campaign.npz/ForestDiffusion_nt20_dk20/7c312da5257577e12727e9877739582e.joblib
[*] Loading cached forest model from /pfs/work9/workspace/scratch/ma_pkonz-thesis/ForestDiffusion/scripts/saved_models/5_campaign.npz/ForestDiffusion_nt20_dk20/ad396d66da0f1c8e2ac7eefb9850514f.joblib
[*] Loading cached forest model from /pfs/work9/workspace/scratch/ma_pkonz-thesis/ForestDiffusion/scripts/saved_models/5_campaign.npz/ForestDiffusion_nt20_dk20/f795f3615552cccefb07a4488da3e621.joblib
[*] Loading cached forest model from /pfs/work9/workspace/scratch/ma_pkonz-thesis/ForestDiffusion/scripts/saved_models/5_campaign.npz/ForestDiffusion_nt20_dk20/7cf272ab02648803adeb84e9528b40ef.joblib
[*] No cached model found. Training model for 5_campaign.npz, ForestDiffusion_nt20_dk20, contam_idx=2, seed=3

Training ForestDiffusionModel (vp) on dataset: 5_campaign.npz_ForestDiffusion_nt20_dk20 with n_t=20, duplicate_K=20, seed=3
[*] Model saved to /pfs/work9/workspace/scratch/ma_pkonz-thesis/ForestDiffusion/scripts/saved_models/5_campaign.npz/ForestDiffusion_nt20_dk20/ed5d663aa3c728cab1e4bcecab300cdc.joblib
[*] No cached model found. Training model for 5_campaign.npz, ForestDiffusion_nt20_dk20, contam_idx=2, seed=4

Training ForestDiffusionModel (vp) on dataset: 5_campaign.npz_ForestDiffusion_nt20_dk20 with n_t=20, duplicate_K=20, seed=4
[*] Model saved to /pfs/work9/workspace/scratch/ma_pkonz-thesis/ForestDiffusion/scripts/saved_models/5_campaign.npz/ForestDiffusion_nt20_dk20/2550ee7e08a929bca3e7b4abca27e031.joblib
[*] No cached model found. Training model for 5_campaign.npz, ForestDiffusion_nt20_dk20, contam_idx=3, seed=0
